2023-07-15 01:13:45,658 [INFO] ApplicationProperties:184 - Using Application install path: C:\ST\STM32CubeIDE_1.11.0\STM32CubeIDE\plugins\com.st.stm32cube.common.mx_6.8.0.202302231600
2023-07-15 01:13:45,683 [INFO] DbMcusXml:78 - Set database path to: C:\ST\STM32CubeIDE_1.11.0\STM32CubeIDE\plugins\com.st.stm32cube.common.mx_6.8.0.202302231600\\db\/mcu/
2023-07-15 01:13:45,684 [INFO] ApiDb:274 - Set plugin database path to: C:\ST\STM32CubeIDE_1.11.0\STM32CubeIDE\plugins\com.st.stm32cube.common.mx_6.8.0.202302231600\\db\/plugins/boardmanager/
2023-07-15 01:13:45,687 [WARN] ApiDb:259 - Overriding images path with different value:  => C:\ST\STM32CubeIDE_1.11.0\STM32CubeIDE\plugins\com.st.stm32cube.common.mx_6.8.0.202302231600\\db\/plugins/mcufinder/images/
2023-07-15 01:13:45,704 [INFO] ApiDb:250 - Set database path to: C:\Users\Natsuki\.stmcufinder\plugins\mcufinder//mcu/
2023-07-15 01:13:45,705 [INFO] DbMcusAds:125 - Set database path to: C:\Users\Natsuki\.stmcufinder\plugins\mcufinder//mcu/
2023-07-15 01:13:45,832 [INFO] CrossReferenceDbSqlite:203 - Set database path to: C:\Users\Natsuki\.stmcufinder\plugins\mcufinder//mcu/cs/
2023-07-15 01:13:45,922 [INFO] RulesReader:64 - Compatibility file has been processed (293 Rules)
2023-07-15 01:13:45,997 [INFO] DbMcusXml:78 - Set database path to: C:\ST\STM32CubeIDE_1.11.0\STM32CubeIDE\plugins\com.st.stm32cube.common.mx_6.8.0.202302231600\\db\/mcu/
2023-07-15 01:13:45,997 [INFO] ApiDb:274 - Set plugin database path to: C:\ST\STM32CubeIDE_1.11.0\STM32CubeIDE\plugins\com.st.stm32cube.common.mx_6.8.0.202302231600\\db\/plugins/boardmanager/
2023-07-15 01:13:45,997 [INFO] ApiDb:261 - Set plugin images path to: C:\ST\STM32CubeIDE_1.11.0\STM32CubeIDE\plugins\com.st.stm32cube.common.mx_6.8.0.202302231600\\db\/plugins/mcufinder/images/
2023-07-15 01:13:45,998 [WARN] DbFile:41 - Overriding database path with different value: C:\Users\Natsuki\.stmcufinder\plugins\mcufinder/ => C:\Users\Natsuki\.stmcufinder\plugins\mcufinder
2023-07-15 01:13:45,998 [INFO] ApiDb:250 - Set database path to: C:\Users\Natsuki\.stmcufinder\plugins\mcufinder//mcu/
2023-07-15 01:13:45,998 [WARN] DbFile:41 - Overriding database path with different value: C:\Users\Natsuki\.stmcufinder\plugins\mcufinder/ => C:\Users\Natsuki\.stmcufinder\plugins\mcufinder
2023-07-15 01:13:45,998 [INFO] DbMcusAds:125 - Set database path to: C:\Users\Natsuki\.stmcufinder\plugins\mcufinder//mcu/
2023-07-15 01:13:45,998 [WARN] DbFile:41 - Overriding database path with different value: C:\Users\Natsuki\.stmcufinder\plugins\mcufinder/ => C:\Users\Natsuki\.stmcufinder\plugins\mcufinder
2023-07-15 01:13:45,998 [WARN] DbFile:41 - Overriding database path with different value: C:\Users\Natsuki\.stmcufinder\plugins\mcufinder/ => C:\Users\Natsuki\.stmcufinder\plugins\mcufinder
2023-07-15 01:13:45,998 [INFO] CrossReferenceDbSqlite:203 - Set database path to: C:\Users\Natsuki\.stmcufinder\plugins\mcufinder//mcu/cs/
2023-07-15 01:13:46,064 [INFO] MainPanel:253 - HeapMemory: 660602880
2023-07-15 01:13:46,154 [INFO] DbMcusXml:78 - Set database path to: C:\ST\STM32CubeIDE_1.11.0\STM32CubeIDE\plugins\com.st.stm32cube.common.mx_6.8.0.202302231600\\db\/mcu/
2023-07-15 01:13:46,154 [INFO] ApiDb:274 - Set plugin database path to: C:\ST\STM32CubeIDE_1.11.0\STM32CubeIDE\plugins\com.st.stm32cube.common.mx_6.8.0.202302231600\\db\/plugins/boardmanager/
2023-07-15 01:13:46,154 [INFO] ApiDb:261 - Set plugin images path to: C:\ST\STM32CubeIDE_1.11.0\STM32CubeIDE\plugins\com.st.stm32cube.common.mx_6.8.0.202302231600\\db\/plugins/mcufinder/images/
2023-07-15 01:13:46,154 [WARN] DbFile:41 - Overriding database path with different value: C:\Users\Natsuki\.stmcufinder\plugins\mcufinder/ => C:\Users\Natsuki\.stmcufinder\plugins\mcufinder
2023-07-15 01:13:46,154 [INFO] ApiDb:250 - Set database path to: C:\Users\Natsuki\.stmcufinder\plugins\mcufinder//mcu/
2023-07-15 01:13:46,154 [WARN] DbFile:41 - Overriding database path with different value: C:\Users\Natsuki\.stmcufinder\plugins\mcufinder/ => C:\Users\Natsuki\.stmcufinder\plugins\mcufinder
2023-07-15 01:13:46,154 [INFO] DbMcusAds:125 - Set database path to: C:\Users\Natsuki\.stmcufinder\plugins\mcufinder//mcu/
2023-07-15 01:13:46,154 [WARN] DbFile:41 - Overriding database path with different value: C:\Users\Natsuki\.stmcufinder\plugins\mcufinder/ => C:\Users\Natsuki\.stmcufinder\plugins\mcufinder
2023-07-15 01:13:46,154 [WARN] DbFile:41 - Overriding database path with different value: C:\Users\Natsuki\.stmcufinder\plugins\mcufinder/ => C:\Users\Natsuki\.stmcufinder\plugins\mcufinder
2023-07-15 01:13:46,154 [INFO] CrossReferenceDbSqlite:203 - Set database path to: C:\Users\Natsuki\.stmcufinder\plugins\mcufinder//mcu/cs/
2023-07-15 01:13:46,174 [INFO] ApplicationProperties:184 - Using Application install path: C:\ST\STM32CubeIDE_1.11.0\STM32CubeIDE\plugins\com.st.stm32cube.common.mx_6.8.0.202302231600
2023-07-15 01:13:46,175 [INFO] PluginManage:196 - Search for loadable plugins [exclusion list=, ]
2023-07-15 01:13:46,177 [INFO] PluginManage:310 - Check plugin analytics
2023-07-15 01:13:46,330 [INFO] AnalyticsPlugin:253 - Accepted Software Licenses: 
2023-07-15 01:13:46,331 [INFO] AnalyticsPlugin:255 - Accepted CMSIS Pack Licenses: 
2023-07-15 01:13:46,331 [INFO] AnalyticsPlugin:257 - Accepted Firmware Licenses: FW.F4.1.27.0
2023-07-15 01:13:46,337 [INFO] PluginManage:359 - Loaded plugin analytics (category:tool,tabindex:-1)
2023-07-15 01:13:46,337 [INFO] PluginManage:310 - Check plugin cadmodel
2023-07-15 01:13:46,349 [INFO] CADModel:105 - Init CAD model plugin
2023-07-15 01:13:46,349 [INFO] PluginManage:359 - Loaded plugin cadmodel (category:power,tabindex:5)
2023-07-15 01:13:46,349 [INFO] PluginManage:310 - Check plugin clock
2023-07-15 01:13:46,370 [INFO] PluginManage:359 - Loaded plugin clock (category:base,tabindex:2)
2023-07-15 01:13:46,370 [INFO] PluginManage:310 - Check plugin ddr
2023-07-15 01:13:46,372 [INFO] PluginManage:359 - Loaded plugin ddr (category:tool,tabindex:6)
2023-07-15 01:13:46,372 [INFO] PluginManage:310 - Check plugin filemanager
2023-07-15 01:13:46,502 [INFO] PluginManage:359 - Loaded plugin filemanager (category:base,tabindex:10)
2023-07-15 01:13:46,502 [INFO] PluginManage:310 - Check plugin ipmanager
2023-07-15 01:13:46,509 [INFO] PluginManage:359 - Loaded plugin ipmanager (category:base,tabindex:5)
2023-07-15 01:13:46,509 [INFO] PluginManage:310 - Check plugin lpbam
2023-07-15 01:13:46,525 [INFO] PluginManage:359 - Loaded plugin lpbam (category:base,tabindex:0)
2023-07-15 01:13:46,525 [INFO] PluginManage:310 - Check plugin pinoutandconfiguration
2023-07-15 01:13:46,540 [INFO] PluginManage:359 - Loaded plugin pinoutandconfiguration (category:base,tabindex:1)
2023-07-15 01:13:46,540 [INFO] PluginManage:310 - Check plugin pinoutconfig
2023-07-15 01:13:46,650 [WARN] SupportedApi:132 - Cannot load RTOS API schema: s4s-elt-must-match.1: The content of 'definitions' must match (annotation?, (simpleType | complexType)?, (unique | key | keyref)*)). A problem was found starting at: attribute.
2023-07-15 01:13:46,786 [INFO] PluginManage:359 - Loaded plugin pinoutconfig (category:base,tabindex:0)
2023-07-15 01:13:46,786 [INFO] PluginManage:310 - Check plugin power
2023-07-15 01:13:46,803 [INFO] PluginManage:359 - Loaded plugin power (category:power,tabindex:4)
2023-07-15 01:13:46,803 [INFO] PluginManage:310 - Check plugin projectmanager
2023-07-15 01:13:46,821 [INFO] PluginManage:359 - Loaded plugin projectmanager (category:projectmanager,tabindex:3)
2023-07-15 01:13:46,821 [INFO] PluginManage:310 - Check plugin thirdparty
2023-07-15 01:13:47,047 [INFO] PluginManage:359 - Loaded plugin thirdparty (category:base,tabindex:-1)
2023-07-15 01:13:47,047 [INFO] PluginManage:310 - Check plugin tools
2023-07-15 01:13:47,047 [WARN] IntegrityCheckThread:84 - waiting for thirdparty lock release [integrity check]
2023-07-15 01:13:47,047 [INFO] IntegrityCheckThread:86 - entering critical section [integrity check]
2023-07-15 01:13:47,050 [INFO] ThirdPartyUpdaterWithRetryManager:70 - Updater plugin not ready yet. [1/15]
2023-07-15 01:13:47,066 [INFO] PluginManage:359 - Loaded plugin tools (category:base,tabindex:7)
2023-07-15 01:13:47,066 [INFO] PluginManage:310 - Check plugin tutovideos
2023-07-15 01:13:47,281 [INFO] PluginManage:359 - Loaded plugin tutovideos (category:base,tabindex:-1)
2023-07-15 01:13:47,281 [INFO] PluginManage:310 - Check plugin updater
2023-07-15 01:13:47,295 [INFO] PluginManage:359 - Loaded plugin updater (category:base,tabindex:12)
2023-07-15 01:13:47,295 [INFO] PluginManage:283 - PluginManage : Loaded plugins [15]
2023-07-15 01:13:47,560 [INFO] PinOutPanel:1499 - setPackage(No Configuration,No Configuration)
2023-07-15 01:13:47,620 [INFO] CADModel:165 - CPN selected for project level
2023-07-15 01:13:47,620 [INFO] CADModel:114 - Register for checkConnection events
2023-07-15 01:13:47,644 [INFO] IPUIPlugin:80 - create IPUIPlugin
2023-07-15 01:13:47,644 [INFO] PluginManager:220 - loadIPPluginJar : add adc
2023-07-15 01:13:47,667 [INFO] IPUIPlugin:80 - create IPUIPlugin
2023-07-15 01:13:47,667 [INFO] PluginManager:220 - loadIPPluginJar : add aes
2023-07-15 01:13:47,694 [INFO] IPUIPlugin:80 - create IPUIPlugin
2023-07-15 01:13:47,694 [INFO] PluginManager:220 - loadIPPluginJar : add can
2023-07-15 01:13:47,710 [INFO] IPUIPlugin:80 - create IPUIPlugin
2023-07-15 01:13:47,710 [INFO] PluginManager:220 - loadIPPluginJar : add comp
2023-07-15 01:13:47,731 [INFO] IPUIPlugin:80 - create IPUIPlugin
2023-07-15 01:13:47,731 [INFO] PluginManager:220 - loadIPPluginJar : add cryp
2023-07-15 01:13:47,751 [INFO] IPUIPlugin:80 - create IPUIPlugin
2023-07-15 01:13:47,751 [INFO] PluginManager:220 - loadIPPluginJar : add dfsdm
2023-07-15 01:13:47,764 [INFO] IPUIPlugin:80 - create IPUIPlugin
2023-07-15 01:13:47,765 [INFO] PluginManager:220 - loadIPPluginJar : add dma
2023-07-15 01:13:47,794 [INFO] IPUIPlugin:80 - create IPUIPlugin
2023-07-15 01:13:47,794 [INFO] PluginManager:220 - loadIPPluginJar : add dma3
2023-07-15 01:13:47,808 [INFO] IPUIPlugin:80 - create IPUIPlugin
2023-07-15 01:13:47,808 [INFO] PluginManager:220 - loadIPPluginJar : add fatfs
2023-07-15 01:13:47,841 [INFO] IPUIPlugin:80 - create IPUIPlugin
2023-07-15 01:13:47,841 [INFO] PluginManager:220 - loadIPPluginJar : add fmc
2023-07-15 01:13:47,855 [INFO] IPUIPlugin:80 - create IPUIPlugin
2023-07-15 01:13:47,855 [INFO] PluginManager:220 - loadIPPluginJar : add freertos
2023-07-15 01:13:47,868 [INFO] IPUIPlugin:80 - create IPUIPlugin
2023-07-15 01:13:47,868 [INFO] PluginManager:220 - loadIPPluginJar : add genericplugin
2023-07-15 01:13:47,924 [INFO] IPUIPlugin:80 - create IPUIPlugin
2023-07-15 01:13:47,924 [INFO] PluginManager:220 - loadIPPluginJar : add gfxmmu
2023-07-15 01:13:48,029 [INFO] IPUIPlugin:80 - create IPUIPlugin
2023-07-15 01:13:48,029 [INFO] PluginManager:220 - loadIPPluginJar : add gic
2023-07-15 01:13:48,039 [INFO] IPUIPlugin:80 - create IPUIPlugin
2023-07-15 01:13:48,039 [INFO] PluginManager:220 - loadIPPluginJar : add gpio
2023-07-15 01:13:48,104 [INFO] IPUIPlugin:80 - create IPUIPlugin
2023-07-15 01:13:48,104 [INFO] PluginManager:220 - loadIPPluginJar : add gtzc
2023-07-15 01:13:48,126 [INFO] IPUIPlugin:80 - create IPUIPlugin
2023-07-15 01:13:48,126 [INFO] PluginManager:220 - loadIPPluginJar : add hash
2023-07-15 01:13:48,159 [INFO] IPUIPlugin:80 - create IPUIPlugin
2023-07-15 01:13:48,159 [INFO] PluginManager:220 - loadIPPluginJar : add i2c
2023-07-15 01:13:48,184 [INFO] IPUIPlugin:80 - create IPUIPlugin
2023-07-15 01:13:48,185 [INFO] PluginManager:220 - loadIPPluginJar : add i2s
2023-07-15 01:13:48,212 [INFO] IPUIPlugin:80 - create IPUIPlugin
2023-07-15 01:13:48,212 [INFO] PluginManager:220 - loadIPPluginJar : add i3c
2023-07-15 01:13:48,284 [INFO] IPUIPlugin:80 - create IPUIPlugin
2023-07-15 01:13:48,284 [INFO] PluginManager:220 - loadIPPluginJar : add ipddr
2023-07-15 01:13:48,350 [INFO] IPUIPlugin:80 - create IPUIPlugin
2023-07-15 01:13:48,350 [INFO] PluginManager:220 - loadIPPluginJar : add linkedlist
2023-07-15 01:13:48,392 [INFO] IPUIPlugin:80 - create IPUIPlugin
2023-07-15 01:13:48,392 [INFO] PluginManager:220 - loadIPPluginJar : add lorawan
2023-07-15 01:13:48,421 [INFO] IPUIPlugin:80 - create IPUIPlugin
2023-07-15 01:13:48,422 [INFO] PluginManager:220 - loadIPPluginJar : add ltdc
2023-07-15 01:13:48,432 [INFO] IPUIPlugin:80 - create IPUIPlugin
2023-07-15 01:13:48,432 [INFO] PluginManager:220 - loadIPPluginJar : add mdma
2023-07-15 01:13:48,441 [INFO] IPUIPlugin:80 - create IPUIPlugin
2023-07-15 01:13:48,442 [INFO] PluginManager:220 - loadIPPluginJar : add nvic
2023-07-15 01:13:48,464 [INFO] IPUIPlugin:80 - create IPUIPlugin
2023-07-15 01:13:48,464 [INFO] PluginManager:220 - loadIPPluginJar : add opamp
2023-07-15 01:13:48,501 [INFO] IPUIPlugin:80 - create IPUIPlugin
2023-07-15 01:13:48,501 [INFO] PluginManager:220 - loadIPPluginJar : add openamp
2023-07-15 01:13:48,529 [INFO] IPUIPlugin:80 - create IPUIPlugin
2023-07-15 01:13:48,529 [INFO] PluginManager:220 - loadIPPluginJar : add pdm2pcm
2023-07-15 01:13:48,540 [INFO] IPUIPlugin:80 - create IPUIPlugin
2023-07-15 01:13:48,543 [INFO] PluginManager:220 - loadIPPluginJar : add plateformsettings
2023-07-15 01:13:48,558 [INFO] IPUIPlugin:80 - create IPUIPlugin
2023-07-15 01:13:48,558 [INFO] PluginManager:220 - loadIPPluginJar : add quadspi
2023-07-15 01:13:48,569 [INFO] IPUIPlugin:80 - create IPUIPlugin
2023-07-15 01:13:48,569 [INFO] PluginManager:220 - loadIPPluginJar : add resmgrutility
2023-07-15 01:13:48,601 [INFO] IPUIPlugin:80 - create IPUIPlugin
2023-07-15 01:13:48,601 [INFO] PluginManager:220 - loadIPPluginJar : add sai
2023-07-15 01:13:48,624 [INFO] IPUIPlugin:80 - create IPUIPlugin
2023-07-15 01:13:48,624 [INFO] PluginManager:220 - loadIPPluginJar : add spi
2023-07-15 01:13:48,663 [INFO] IPUIPlugin:80 - create IPUIPlugin
2023-07-15 01:13:48,663 [INFO] PluginManager:220 - loadIPPluginJar : add stm32_wpan
2023-07-15 01:13:48,679 [INFO] IPUIPlugin:80 - create IPUIPlugin
2023-07-15 01:13:48,679 [INFO] PluginManager:220 - loadIPPluginJar : add tim
2023-07-15 01:13:48,714 [INFO] IPUIPlugin:80 - create IPUIPlugin
2023-07-15 01:13:48,714 [INFO] PluginManager:220 - loadIPPluginJar : add touchsensing
2023-07-15 01:13:48,730 [INFO] IPUIPlugin:80 - create IPUIPlugin
2023-07-15 01:13:48,730 [INFO] PluginManager:220 - loadIPPluginJar : add tracer_emb
2023-07-15 01:13:48,746 [INFO] IPUIPlugin:80 - create IPUIPlugin
2023-07-15 01:13:48,746 [INFO] PluginManager:220 - loadIPPluginJar : add ts
2023-07-15 01:13:48,760 [INFO] IPUIPlugin:80 - create IPUIPlugin
2023-07-15 01:13:48,760 [INFO] PluginManager:220 - loadIPPluginJar : add tsc
2023-07-15 01:13:48,775 [INFO] IPUIPlugin:80 - create IPUIPlugin
2023-07-15 01:13:48,775 [INFO] PluginManager:220 - loadIPPluginJar : add ucpd
2023-07-15 01:13:48,805 [INFO] IPUIPlugin:80 - create IPUIPlugin
2023-07-15 01:13:48,805 [INFO] PluginManager:220 - loadIPPluginJar : add usart
2023-07-15 01:13:48,836 [INFO] IPUIPlugin:80 - create IPUIPlugin
2023-07-15 01:13:48,836 [INFO] PluginManager:220 - loadIPPluginJar : add usbx
2023-07-15 01:13:48,959 [INFO] CADModel:165 - CPN selected for project level
2023-07-15 01:13:48,959 [INFO] CADModel:114 - Register for checkConnection events
2023-07-15 01:13:48,959 [FATAL] Updater:308 - Updater called before beeing initialized
2023-07-15 01:13:48,959 [ERROR] CADModel:125 - Updater not yet initialized, retry later 
2023-07-15 01:13:49,132 [INFO] CADModel:165 - CPN selected for project level
2023-07-15 01:13:49,132 [INFO] CADModel:114 - Register for checkConnection events
2023-07-15 01:13:49,132 [FATAL] Updater:308 - Updater called before beeing initialized
2023-07-15 01:13:49,132 [ERROR] CADModel:125 - Updater not yet initialized, retry later 
2023-07-15 01:13:49,136 [FATAL] Updater:308 - Updater called before beeing initialized
2023-07-15 01:13:49,260 [FATAL] Updater:308 - Updater called before beeing initialized
2023-07-15 01:13:49,271 [INFO] DbMcusAds:53 - JSON generation date=Tue Mar 07 17:50:55 JST 2023 (1678179055335)
2023-07-15 01:13:49,271 [FATAL] Updater:308 - Updater called before beeing initialized
2023-07-15 01:13:49,344 [WARN] DetailPanel:346 - Failed to get advertising image, set to default
2023-07-15 01:13:49,429 [FATAL] Updater:308 - Updater called before beeing initialized
2023-07-15 01:13:49,431 [FATAL] Updater:308 - Updater called before beeing initialized
2023-07-15 01:13:49,431 [FATAL] Updater:308 - Updater called before beeing initialized
2023-07-15 01:13:49,431 [WARN] DetailPanel:346 - Failed to get advertising image, set to default
2023-07-15 01:13:49,432 [FATAL] Updater:308 - Updater called before beeing initialized
2023-07-15 01:13:49,481 [ERROR] Updater:1120 - MainUpdater not yet initialized. External WinMGr cannot be set.
2023-07-15 01:13:49,489 [INFO] Updater:1056 - Updater Version found : 6.8.0
2023-07-15 01:13:49,507 [INFO] ApplicationProperties:184 - Using Application install path: C:\ST\STM32CubeIDE_1.11.0\STM32CubeIDE\plugins\com.st.stm32cube.common.mx_6.8.0.202302231600
2023-07-15 01:13:50,050 [INFO] MainUpdater:2854 - connection check result : 10
2023-07-15 01:13:50,051 [INFO] MainUpdater:283 - Updater Check For Update Now.
2023-07-15 01:13:50,051 [INFO] MicroXplorer:498 - Change Database Version : DB.6.0.80
2023-07-15 01:13:50,057 [INFO] ThirdPartyUpdaterWithRetryManager:70 - Updater plugin not ready yet. [2/15]
2023-07-15 01:13:50,217 [INFO] CheckServerUpdateThread:120 - End of CheckServer Thread
2023-07-15 01:13:50,274 [INFO] MainUpdater:2854 - connection check result : 10
2023-07-15 01:13:50,279 [INFO] MainUpdater:2854 - connection check result : 10
2023-07-15 01:13:50,405 [INFO] MicroXplorer:468 - Change Database Path : 
2023-07-15 01:13:50,405 [INFO] MicroXplorer:498 - Change Database Version : DB.6.0.80
2023-07-15 01:13:50,406 [WARN] ThirdParty:871 - waiting for thirdparty lock release [close project]
2023-07-15 01:13:53,213 [WARN] PackLoader:240 - Cannot read IP mode file for STMicroelectronics.X-CUBE-GNSS1.6.0.0
2023-07-15 01:13:53,241 [WARN] PackLoader:240 - Cannot read IP mode file for STMicroelectronics.X-CUBE-AZRTOS-F4.1.1.0
2023-07-15 01:13:53,254 [WARN] PackLoader:240 - Cannot read IP mode file for STMicroelectronics.X-CUBE-SMBUS.2.1.0
2023-07-15 01:13:53,293 [WARN] PackLoader:240 - Cannot read IP mode file for STMicroelectronics.X-CUBE-MEMS1.9.2.0
2023-07-15 01:13:53,434 [WARN] PackLoader:240 - Cannot read IP mode file for STMicroelectronics.X-CUBE-BLEMGR.1.2.0
2023-07-15 01:13:53,454 [WARN] PackLoader:240 - Cannot read IP mode file for STMicroelectronics.X-CUBE-AZRTOS-F7.1.1.0
2023-07-15 01:13:53,490 [WARN] PackLoader:240 - Cannot read IP mode file for STMicroelectronics.X-CUBE-MEMS1.9.6.0
2023-07-15 01:13:53,609 [WARN] PackLoader:240 - Cannot read IP mode file for STMicroelectronics.X-CUBE-AI.7.1.0
2023-07-15 01:13:53,622 [WARN] PackLoader:240 - Cannot read IP mode file for STMicroelectronics.X-CUBE-TOUCHGFX.4.19.1
2023-07-15 01:13:53,630 [ERROR] RealEvaluatedCondition:428 - Found unsupported composite condition: GROUP='STM32_MetaDataManager' CLASS='Data Exchange'
2023-07-15 01:13:53,631 [ERROR] RealEvaluatedCondition:428 - Found unsupported composite condition: GROUP='STM32_MetaDataManager' CLASS='Data Exchange'
2023-07-15 01:13:53,631 [WARN] PackLoader:240 - Cannot read IP mode file for STMicroelectronics.FP-SNS-MOTENV1.4.3.0
2023-07-15 01:13:53,642 [WARN] PackLoader:240 - Cannot read IP mode file for STMicroelectronics.FP-SNS-MOTENV1.4.3.2
2023-07-15 01:13:53,652 [WARN] PackLoader:240 - Cannot read IP mode file for STMicroelectronics.FP-SNS-FLIGHT1.5.0.0
2023-07-15 01:13:53,662 [ERROR] RealEvaluatedCondition:428 - Found unsupported composite condition: GROUP='STM32_MetaDataManager' CLASS='Data Exchange'
2023-07-15 01:13:53,662 [ERROR] RealEvaluatedCondition:428 - Found unsupported composite condition: GROUP='STM32_MetaDataManager' CLASS='Data Exchange'
2023-07-15 01:13:53,662 [WARN] PackLoader:240 - Cannot read IP mode file for STMicroelectronics.FP-SNS-MOTENV1.4.3.1
2023-07-15 01:13:53,673 [WARN] PackLoader:240 - Cannot read IP mode file for STMicroelectronics.FP-SNS-FLIGHT1.5.0.1
2023-07-15 01:13:53,682 [WARN] PackLoader:240 - Cannot read IP mode file for STMicroelectronics.X-CUBE-BLE1.6.2.3
2023-07-15 01:13:53,691 [WARN] PackLoader:240 - Cannot read IP mode file for STMicroelectronics.X-CUBE-BLE1.6.2.4
2023-07-15 01:13:53,704 [WARN] PackLoader:240 - Cannot read IP mode file for STMicroelectronics.X-CUBE-BLEMGR.2.0.0
2023-07-15 01:13:53,716 [WARN] PackLoader:240 - Cannot read IP mode file for STMicroelectronics.X-CUBE-NFC4.2.0.5
2023-07-15 01:13:53,728 [WARN] PackLoader:240 - Cannot read IP mode file for STMicroelectronics.X-CUBE-NFC4.2.0.4
2023-07-15 01:13:53,738 [WARN] PackLoader:240 - Cannot read IP mode file for STMicroelectronics.X-CUBE-BLE2.3.2.2
2023-07-15 01:13:53,763 [WARN] ConditionMgr:438 - getConditionDescription Invalid condition id : UX DEVICE CLASS RTOS Condition cause : null
2023-07-15 01:13:53,763 [WARN] ConditionMgr:438 - getConditionDescription Invalid condition id : UX DEVICE CLASS RTOS Condition cause : null
2023-07-15 01:13:53,767 [WARN] PackLoader:240 - Cannot read IP mode file for STMicroelectronics.X-CUBE-AZRTOS-H7.3.1.0
2023-07-15 01:13:53,768 [WARN] ConditionMgr:1039 - genDependencies : Invalid condition id : UX DEVICE CLASS RTOS Condition cause : null
2023-07-15 01:13:53,768 [WARN] ConditionMgr:1039 - genDependencies : Invalid condition id : UX DEVICE CLASS RTOS Condition cause : null
2023-07-15 01:13:53,768 [WARN] ConditionMgr:1039 - genDependencies : Invalid condition id : UX DEVICE CLASS RTOS Condition cause : null
2023-07-15 01:13:53,768 [WARN] ConditionMgr:1039 - genDependencies : Invalid condition id : UX DEVICE CLASS RTOS Condition cause : null
2023-07-15 01:13:53,768 [WARN] ConditionMgr:1039 - genDependencies : Invalid condition id : UX DEVICE CLASS RTOS Condition cause : null
2023-07-15 01:13:53,783 [WARN] PackLoader:240 - Cannot read IP mode file for STMicroelectronics.X-CUBE-TOF1.3.1.0
2023-07-15 01:13:53,798 [WARN] PackLoader:240 - Cannot read IP mode file for STMicroelectronics.X-CUBE-SFXS2LP1.3.1.0
2023-07-15 01:13:53,813 [WARN] PackLoader:240 - Cannot read IP mode file for STMicroelectronics.X-CUBE-DISPLAY.3.0.0
2023-07-15 01:13:53,858 [WARN] PackLoader:240 - Cannot read IP mode file for STMicroelectronics.X-CUBE-AZRTOS-F4.1.0.0
2023-07-15 01:13:53,869 [WARN] PackLoader:240 - Cannot read IP mode file for STMicroelectronics.X-CUBE-TOUCHGFX.4.22.0
2023-07-15 01:13:53,879 [WARN] PackLoader:240 - Cannot read IP mode file for STMicroelectronics.X-CUBE-NFC7.1.0.1
2023-07-15 01:13:53,890 [WARN] PackLoader:240 - Cannot read IP mode file for STMicroelectronics.X-CUBE-NFC7.1.0.0
2023-07-15 01:13:53,932 [WARN] PackLoader:240 - Cannot read IP mode file for STMicroelectronics.X-CUBE-MEMS1.9.3.0
2023-07-15 01:13:54,058 [WARN] PackLoader:240 - Cannot read IP mode file for STMicroelectronics.X-CUBE-EEPRMA1.4.1.0
2023-07-15 01:13:54,066 [WARN] PackLoader:240 - Cannot read IP mode file for STMicroelectronics.X-CUBE-AI.7.2.0
