2023-05-31 20:28:31,759 [INFO] MainUpdater:2854 - connection check result : 10
2023-05-31 20:28:31,763 [INFO] MainUpdater:2854 - connection check result : 10
2023-05-31 20:28:31,788 [INFO] MicroXplorer:468 - Change Database Path : 
2023-05-31 20:28:31,788 [INFO] MicroXplorer:498 - Change Database Version : DB.6.0.80
2023-05-31 20:28:31,824 [WARN] ThirdParty:871 - waiting for thirdparty lock release [close project]
2023-05-31 20:28:31,824 [INFO] ThirdParty:873 - entering critical section [close project]
2023-05-31 20:28:31,824 [INFO] ThirdParty:883 - exiting critical section [close project]
2023-05-31 20:28:31,825 [INFO] PinOutPanel:1499 - setPackage(No Configuration,No Configuration)
2023-05-31 20:28:31,828 [WARN] IpParametersView:150 - Warning: This peripheral hasn't parameters
2023-05-31 20:28:31,829 [WARN] MainPanel:257 - <html><b><center>Warning: This peripheral has no parameters to be configured<br></b></html>
2023-05-31 20:28:31,831 [INFO] UtilMem:75 - Begin LoadConfig() Used Memory: 572514024 Bytes (926941184)
2023-05-31 20:28:31,831 [INFO] MicroXplorer:468 - Change Database Path : 
2023-05-31 20:28:31,831 [INFO] MicroXplorer:498 - Change Database Version : DB.6.0.80
2023-05-31 20:28:31,831 [INFO] OpenFileManager:308 - Change cursor
2023-05-31 20:28:31,843 [INFO] Mcu:1937 - Initializing MCU STM32F446R(C-E)Tx STM32F446RETx STM32F446RET6
2023-05-31 20:28:32,936 [INFO] Context:659 - Trying to add GPIOservice into a context  which must be forbidden
2023-05-31 20:28:33,346 [INFO] RtosManager:555 - Registered RTOS mode: class=CMSIS, group=RTOS, mode=CMSIS_V1, owner=FREERTOS
2023-05-31 20:28:33,346 [INFO] RtosManager:555 - Registered RTOS mode: class=CMSIS, group=RTOS2, mode=CMSIS_V2, owner=FREERTOS
2023-05-31 20:28:33,346 [INFO] RtosManager:555 - Registered RTOS mode: class=RTOS, group=Core, mode=CMSIS_V1, owner=FREERTOS
2023-05-31 20:28:33,346 [INFO] RtosManager:555 - Registered RTOS mode: class=RTOS, group=Core, mode=CMSIS_V2, owner=FREERTOS
2023-05-31 20:28:33,346 [WARN] ModelIntegratedComponent:184 - Missing modes for component STMicroelectronics:FreeRTOS:0.0.1:STMicroelectronics:RTOS:FreeRTOS:Core:::10.2.0:
2023-05-31 20:28:33,349 [WARN] ModelIntegratedComponent:63 - No mode defined for component null
2023-05-31 20:28:33,349 [WARN] ModelIntegratedComponent:63 - No mode defined for component null
2023-05-31 20:28:33,349 [WARN] ModelIntegratedComponent:63 - No mode defined for component null
2023-05-31 20:28:33,349 [WARN] ModelIntegratedComponent:63 - No mode defined for component null
2023-05-31 20:28:33,349 [WARN] ModelIntegratedComponent:63 - No mode defined for component null
2023-05-31 20:28:33,349 [WARN] ModelIntegratedComponent:63 - No mode defined for component null
2023-05-31 20:28:33,349 [WARN] ModelIntegratedComponent:63 - No mode defined for component null
2023-05-31 20:28:33,349 [WARN] ModelIntegratedComponent:63 - No mode defined for component null
2023-05-31 20:28:33,349 [WARN] ModelIntegratedComponent:63 - No mode defined for component null
2023-05-31 20:28:33,349 [WARN] ModelIntegratedComponent:63 - No mode defined for component null
2023-05-31 20:28:33,349 [WARN] ModelIntegratedComponent:63 - No mode defined for component null
2023-05-31 20:28:33,349 [WARN] ModelIntegratedComponent:63 - No mode defined for component null
2023-05-31 20:28:33,349 [WARN] ModelIntegratedComponent:63 - No mode defined for component null
2023-05-31 20:28:33,349 [WARN] ModelIntegratedComponent:63 - No mode defined for component null
2023-05-31 20:28:33,349 [WARN] ModelIntegratedComponent:63 - No mode defined for component null
2023-05-31 20:28:33,349 [WARN] ModelIntegratedComponent:63 - No mode defined for component null
2023-05-31 20:28:33,349 [WARN] ModelIntegratedComponent:63 - No mode defined for component null
2023-05-31 20:28:33,349 [WARN] ModelIntegratedComponent:63 - No mode defined for component null
2023-05-31 20:28:33,349 [WARN] ModelIntegratedComponent:63 - No mode defined for component null
2023-05-31 20:28:33,350 [WARN] ModelIntegratedComponent:63 - No mode defined for component null
2023-05-31 20:28:33,350 [WARN] ModelIntegratedComponent:63 - No mode defined for component null
2023-05-31 20:28:33,350 [WARN] ModelIntegratedComponent:63 - No mode defined for component null
2023-05-31 20:28:33,350 [WARN] ModelIntegratedComponent:63 - No mode defined for component null
2023-05-31 20:28:33,350 [WARN] ModelIntegratedComponent:63 - No mode defined for component null
2023-05-31 20:28:33,350 [WARN] ModelIntegratedComponent:63 - No mode defined for component null
2023-05-31 20:28:33,350 [WARN] ModelIntegratedComponent:63 - No mode defined for component null
2023-05-31 20:28:33,350 [WARN] ModelIntegratedComponent:63 - No mode defined for component null
2023-05-31 20:28:33,350 [WARN] ModelIntegratedComponent:63 - No mode defined for component null
2023-05-31 20:28:33,350 [WARN] ModelIntegratedComponent:63 - No mode defined for component null
2023-05-31 20:28:33,350 [WARN] ModelIntegratedComponent:63 - No mode defined for component null
2023-05-31 20:28:33,350 [WARN] ModelIntegratedComponent:63 - No mode defined for component null
2023-05-31 20:28:33,350 [WARN] ModelIntegratedComponent:63 - No mode defined for component null
2023-05-31 20:28:33,350 [WARN] ModelIntegratedComponent:63 - No mode defined for component null
2023-05-31 20:28:33,595 [INFO] ThirdPartyModel:298 - Start build external matchings
2023-05-31 20:28:35,419 [INFO] ThirdPartyModel:316 - End build external matchings
2023-05-31 20:28:35,454 [INFO] ImportTextPane:194 - (OptionalMessage_ERROR) IP (DMA) : Parameter (Instance) has Id (ADC1) currently not set
2023-05-31 20:28:35,454 [INFO] ImportTextPane:194 - (OptionalMessage_ERROR) IP (DMA) : Parameter (Channel) has Id (ADC1) currently not set
2023-05-31 20:28:35,455 [INFO] ImportTextPane:194 - (OptionalMessage_ERROR) IP (DMA) : Parameter (Direction) has Id (ADC1) currently not set
2023-05-31 20:28:35,455 [INFO] ImportTextPane:194 - (OptionalMessage_ERROR) IP (DMA) : Parameter (PeriphInc) has Id (ADC1) currently not set
2023-05-31 20:28:35,455 [INFO] ImportTextPane:194 - (OptionalMessage_ERROR) IP (DMA) : Parameter (MemInc) has Id (ADC1) currently not set
2023-05-31 20:28:35,455 [INFO] ImportTextPane:194 - (OptionalMessage_ERROR) IP (DMA) : Parameter (PeriphDataAlignment) has Id (ADC1) currently not set
2023-05-31 20:28:35,455 [INFO] ImportTextPane:194 - (OptionalMessage_ERROR) IP (DMA) : Parameter (MemDataAlignment) has Id (ADC1) currently not set
2023-05-31 20:28:35,455 [INFO] ImportTextPane:194 - (OptionalMessage_ERROR) IP (DMA) : Parameter (Mode) has Id (ADC1) currently not set
2023-05-31 20:28:35,455 [INFO] ImportTextPane:194 - (OptionalMessage_ERROR) IP (DMA) : Parameter (Priority) has Id (ADC1) currently not set
2023-05-31 20:28:35,455 [INFO] ImportTextPane:194 - (OptionalMessage_ERROR) IP (DMA) : Parameter (FIFOMode) has Id (ADC1) currently not set
2023-05-31 20:28:35,455 [INFO] ImportTextPane:194 - (OptionalMessage_ERROR) IP (RCC) : Invalid parameter (FamilyName)
2023-05-31 20:28:35,455 [INFO] ImportTextPane:194 - (OptionalMessage_ERROR) IP (RCC) : Parameter (MCO2PinFreq_Value) has invalid value (180000000)
2023-05-31 20:28:35,456 [INFO] ImportTextPane:194 - (OptionalMessage_ERROR) IP (RCC) : Parameter (SDIOFreq_Value) has invalid value (180000000)
2023-05-31 20:28:35,456 [INFO] ImportTextPane:194 - (OptionalMessage_ERROR) IP (RCC) : Parameter (USBFreq_Value) has invalid value (180000000)
2023-05-31 20:28:35,674 [INFO] UtilMem:75 - End LoadConfig() Used Memory: 634325872 Bytes (926941184)
2023-05-31 20:28:35,705 [WARN] ThirdParty:833 - waiting for thirdparty lock release [change project]
2023-05-31 20:28:35,705 [INFO] ThirdParty:835 - entering critical section [change project]
2023-05-31 20:28:35,706 [INFO] ThirdParty:1030 - CMSIS Pack Vendor :STMicroelectronics X-CUBE-GNSS1 6.0.0
2023-05-31 20:28:35,706 [INFO] ThirdParty:1030 - CMSIS Pack Vendor :STMicroelectronics USB_HOST 2.0.0
2023-05-31 20:28:35,706 [INFO] ThirdParty:1030 - CMSIS Pack Vendor :STMicroelectronics X-CUBE-AZRTOS-F4 1.1.0
2023-05-31 20:28:35,706 [INFO] ThirdParty:1030 - CMSIS Pack Vendor :STMicroelectronics LIBJPEG 8.0.0
2023-05-31 20:28:35,706 [INFO] ThirdParty:1030 - CMSIS Pack Vendor :STMicroelectronics X-CUBE-SMBUS 2.1.0
2023-05-31 20:28:35,706 [INFO] ThirdParty:1030 - CMSIS Pack Vendor :STMicroelectronics X-CUBE-MEMS1 9.2.0
2023-05-31 20:28:35,706 [INFO] ThirdParty:1030 - CMSIS Pack Vendor :STMicroelectronics X-CUBE-BLEMGR 1.2.0
2023-05-31 20:28:35,706 [INFO] ThirdParty:1030 - CMSIS Pack Vendor :STMicroelectronics X-CUBE-AZRTOS-F7 1.1.0
2023-05-31 20:28:35,706 [INFO] ThirdParty:1030 - CMSIS Pack Vendor :STMicroelectronics USB_DEVICE 2.0.0
2023-05-31 20:28:35,706 [INFO] ThirdParty:1030 - CMSIS Pack Vendor :STMicroelectronics X-CUBE-MEMS1 9.6.0
2023-05-31 20:28:35,706 [INFO] ThirdParty:1030 - CMSIS Pack Vendor :STMicroelectronics X-CUBE-AI 7.1.0
2023-05-31 20:28:35,706 [INFO] ThirdParty:1030 - CMSIS Pack Vendor :STMicroelectronics X-CUBE-TOUCHGFX 4.19.1
2023-05-31 20:28:35,706 [INFO] ThirdParty:1030 - CMSIS Pack Vendor :STMicroelectronics FP-SNS-MOTENV1 4.3.0
2023-05-31 20:28:35,706 [INFO] ThirdParty:1030 - CMSIS Pack Vendor :STMicroelectronics FP-SNS-FLIGHT1 5.0.0
2023-05-31 20:28:35,706 [INFO] ThirdParty:1030 - CMSIS Pack Vendor :STMicroelectronics FP-SNS-MOTENV1 4.3.1
2023-05-31 20:28:35,706 [INFO] ThirdParty:1030 - CMSIS Pack Vendor :STMicroelectronics FP-SNS-FLIGHT1 5.0.1
2023-05-31 20:28:35,706 [INFO] ThirdParty:1030 - CMSIS Pack Vendor :STMicroelectronics X-CUBE-BLE1 6.2.3
2023-05-31 20:28:35,706 [INFO] ThirdParty:1030 - CMSIS Pack Vendor :STMicroelectronics X-CUBE-BLE1 6.2.4
2023-05-31 20:28:35,706 [INFO] ThirdParty:1030 - CMSIS Pack Vendor :STMicroelectronics FreeRTOS 0.0.1
2023-05-31 20:28:35,706 [INFO] ThirdParty:1030 - CMSIS Pack Vendor :STMicroelectronics X-CUBE-BLEMGR 2.0.0
2023-05-31 20:28:35,706 [INFO] ThirdParty:1030 - CMSIS Pack Vendor :STMicroelectronics X-CUBE-NFC4 2.0.5
2023-05-31 20:28:35,706 [INFO] ThirdParty:1030 - CMSIS Pack Vendor :STMicroelectronics X-CUBE-NFC4 2.0.4
2023-05-31 20:28:35,706 [INFO] ThirdParty:1030 - CMSIS Pack Vendor :STMicroelectronics X-CUBE-BLE2 3.2.2
2023-05-31 20:28:35,706 [INFO] ThirdParty:1030 - CMSIS Pack Vendor :STMicroelectronics X-CUBE-AZRTOS-H7 3.1.0
2023-05-31 20:28:35,706 [INFO] ThirdParty:1030 - CMSIS Pack Vendor :STMicroelectronics PDM2PCM 3.3.0
2023-05-31 20:28:35,706 [INFO] ThirdParty:1030 - CMSIS Pack Vendor :STMicroelectronics X-CUBE-TOF1 3.1.0
2023-05-31 20:28:35,706 [INFO] ThirdParty:1030 - CMSIS Pack Vendor :STMicroelectronics X-CUBE-SFXS2LP1 3.1.0
2023-05-31 20:28:35,706 [INFO] ThirdParty:1030 - CMSIS Pack Vendor :STMicroelectronics X-CUBE-DISPLAY 3.0.0
2023-05-31 20:28:35,706 [INFO] ThirdParty:1030 - CMSIS Pack Vendor :STMicroelectronics X-CUBE-AZRTOS-F4 1.0.0
2023-05-31 20:28:35,706 [INFO] ThirdParty:1030 - CMSIS Pack Vendor :STMicroelectronics HAL Drivers 0.0.0
2023-05-31 20:28:35,706 [INFO] ThirdParty:1030 - CMSIS Pack Vendor :STMicroelectronics MBEDTLS 2.14.1
2023-05-31 20:28:35,706 [INFO] ThirdParty:1030 - CMSIS Pack Vendor :STMicroelectronics X-CUBE-NFC7 1.0.0
2023-05-31 20:28:35,706 [INFO] ThirdParty:1030 - CMSIS Pack Vendor :STMicroelectronics X-CUBE-MEMS1 9.3.0
2023-05-31 20:28:35,706 [INFO] ThirdParty:1030 - CMSIS Pack Vendor :STMicroelectronics X-CUBE-EEPRMA1 4.1.0
2023-05-31 20:28:35,706 [INFO] ThirdParty:1030 - CMSIS Pack Vendor :STMicroelectronics X-CUBE-AI 7.2.0
2023-05-31 20:28:35,706 [INFO] ThirdParty:1030 - CMSIS Pack Vendor :STMicroelectronics USB_DEVICE 1.0.0
2023-05-31 20:28:35,706 [INFO] ThirdParty:1030 - CMSIS Pack Vendor :STMicroelectronics X-CUBE-AZRTOS-G0 1.0.0
2023-05-31 20:28:35,706 [INFO] ThirdParty:1030 - CMSIS Pack Vendor :STMicroelectronics X-CUBE-AZRTOS-L4 2.0.0
2023-05-31 20:28:35,706 [INFO] ThirdParty:1030 - CMSIS Pack Vendor :STMicroelectronics ThreadX 0.0.2
2023-05-31 20:28:35,706 [INFO] ThirdParty:1030 - CMSIS Pack Vendor :WES I-CUBE-Cesium 1.3.0
2023-05-31 20:28:35,706 [INFO] ThirdParty:1030 - CMSIS Pack Vendor :STMicroelectronics lwIP 2.1.2
2023-05-31 20:28:35,706 [INFO] ThirdParty:1030 - CMSIS Pack Vendor :STMicroelectronics X-CUBE-SFXS2LP1 4.0.0
2023-05-31 20:28:35,706 [INFO] ThirdParty:1030 - CMSIS Pack Vendor :STMicroelectronics X-CUBE-BLE2 3.3.0
2023-05-31 20:28:35,706 [INFO] ThirdParty:1030 - CMSIS Pack Vendor :STMicroelectronics X-CUBE-DISPLAY 2.2.0
2023-05-31 20:28:35,706 [INFO] ThirdParty:1030 - CMSIS Pack Vendor :STMicroelectronics X-CUBE-TOF1 3.2.0
2023-05-31 20:28:35,706 [INFO] ThirdParty:1030 - CMSIS Pack Vendor :STMicroelectronics PDM2PCM 3.2.0
2023-05-31 20:28:35,706 [INFO] ThirdParty:1030 - CMSIS Pack Vendor :STMicroelectronics X-CUBE-AZRTOS-H7 3.0.0
2023-05-31 20:28:35,706 [INFO] ThirdParty:1030 - CMSIS Pack Vendor :STMicroelectronics X-CUBE-ISPU 1.0.0
2023-05-31 20:28:35,706 [INFO] ThirdParty:1030 - CMSIS Pack Vendor :STMicroelectronics X-CUBE-ISPU 1.1.0
2023-05-31 20:28:35,706 [INFO] ThirdParty:1030 - CMSIS Pack Vendor :RoweBots I-CUBE-UNISONRTOS 5.5.0-4
2023-05-31 20:28:35,706 [INFO] ThirdParty:1030 - CMSIS Pack Vendor :STMicroelectronics X-CUBE-AZRTOS-H7 2.1.0
2023-05-31 20:28:35,707 [INFO] ThirdParty:1030 - CMSIS Pack Vendor :STMicroelectronics USB_DEVICE 3.0.0
2023-05-31 20:28:35,707 [INFO] ThirdParty:1030 - CMSIS Pack Vendor :STMicroelectronics X-CUBE-AI 8.0.0
2023-05-31 20:28:35,707 [INFO] ThirdParty:1030 - CMSIS Pack Vendor :STMicroelectronics X-CUBE-FREERTOS 1.0.0
2023-05-31 20:28:35,707 [INFO] ThirdParty:1030 - CMSIS Pack Vendor :STMicroelectronics X-CUBE-FREERTOS 1.0.1
2023-05-31 20:28:35,707 [INFO] ThirdParty:1030 - CMSIS Pack Vendor :STMicroelectronics X-CUBE-TOUCHGFX 4.21.1
2023-05-31 20:28:35,707 [INFO] ThirdParty:1030 - CMSIS Pack Vendor :STMicroelectronics X-CUBE-TOUCHGFX 4.21.0
2023-05-31 20:28:35,707 [INFO] ThirdParty:1030 - CMSIS Pack Vendor :STMicroelectronics X-CUBE-TOUCHGFX 4.21.3
2023-05-31 20:28:35,707 [INFO] ThirdParty:1030 - CMSIS Pack Vendor :STMicroelectronics X-CUBE-BLEMGR 1.0.0
2023-05-31 20:28:35,707 [INFO] ThirdParty:1030 - CMSIS Pack Vendor :STMicroelectronics X-CUBE-TOUCHGFX 4.21.4
2023-05-31 20:28:35,707 [INFO] ThirdParty:1030 - CMSIS Pack Vendor :STMicroelectronics X-CUBE-MEMS1 9.4.0
2023-05-31 20:28:35,707 [INFO] ThirdParty:1030 - CMSIS Pack Vendor :STMicroelectronics X-CUBE-AI 7.3.0
2023-05-31 20:28:35,707 [INFO] ThirdParty:1030 - CMSIS Pack Vendor :STMicroelectronics X-CUBE-ALGOBUILD 1.3.0
2023-05-31 20:28:35,707 [INFO] ThirdParty:1030 - CMSIS Pack Vendor :STMicroelectronics X-CUBE-AZRTOS-L5 1.1.0
2023-05-31 20:28:35,707 [INFO] ThirdParty:1030 - CMSIS Pack Vendor :STMicroelectronics X-CUBE-AZRTOS-G0 1.1.0
2023-05-31 20:28:35,707 [INFO] ThirdParty:1030 - CMSIS Pack Vendor :STMicroelectronics X-CUBE-AI 8.0.1
2023-05-31 20:28:35,707 [INFO] ThirdParty:1030 - CMSIS Pack Vendor :STMicroelectronics X-CUBE-SUBG2 5.0.0
2023-05-31 20:28:35,707 [INFO] ThirdParty:1030 - CMSIS Pack Vendor :STMicroelectronics X-CUBE-NFC4 3.0.0
2023-05-31 20:28:35,707 [INFO] ThirdParty:1030 - CMSIS Pack Vendor :SEGGER I-CUBE-embOS 1.2.0
2023-05-31 20:28:35,707 [INFO] ThirdParty:1030 - CMSIS Pack Vendor :STMicroelectronics STM32_WPAN 1.0.0
2023-05-31 20:28:35,707 [INFO] ThirdParty:1030 - CMSIS Pack Vendor :STMicroelectronics lwIP 2.0.3
2023-05-31 20:28:35,707 [INFO] ThirdParty:1030 - CMSIS Pack Vendor :STMicroelectronics USB_HOST 1.0.0
2023-05-31 20:28:35,707 [INFO] ThirdParty:1030 - CMSIS Pack Vendor :STMicroelectronics X-CUBE-AZRTOS-G4 2.0.0
2023-05-31 20:28:35,707 [INFO] ThirdParty:1030 - CMSIS Pack Vendor :STMicroelectronics PDM2PCM 3.1.0
2023-05-31 20:28:35,707 [INFO] ThirdParty:1030 - CMSIS Pack Vendor :STMicroelectronics X-CUBE-TOF1 3.3.0
2023-05-31 20:28:35,707 [INFO] ThirdParty:1030 - CMSIS Pack Vendor :STMicroelectronics FP-ATR-ASTRA1 1.1.1
2023-05-31 20:28:35,707 [INFO] ThirdParty:1030 - CMSIS Pack Vendor :STMicroelectronics FP-ATR-ASTRA1 1.1.0
2023-05-31 20:28:35,707 [INFO] ThirdParty:1030 - CMSIS Pack Vendor :STMicroelectronics X-CUBE-BLEMGR 1.3.0
2023-05-31 20:28:35,707 [INFO] ThirdParty:1030 - CMSIS Pack Vendor :STMicroelectronics X-CUBE-AZRTOS-G4 1.0.0
2023-05-31 20:28:35,707 [INFO] ThirdParty:1030 - CMSIS Pack Vendor :STMicroelectronics FP-ATR-SIGFOX1 3.2.0
2023-05-31 20:28:35,707 [INFO] ThirdParty:1030 - CMSIS Pack Vendor :wolfSSL I-CUBE-wolfSSL 5.3.0
2023-05-31 20:28:35,707 [INFO] ThirdParty:1030 - CMSIS Pack Vendor :STMicroelectronics X-CUBE-AZRTOS-L4 1.0.0
2023-05-31 20:28:35,707 [INFO] ThirdParty:1030 - CMSIS Pack Vendor :STMicroelectronics MBEDTLS 2.16.2
2023-05-31 20:28:35,707 [INFO] ThirdParty:1030 - CMSIS Pack Vendor :emotas I-CUBE-CANOPEN 1.1.2
2023-05-31 20:28:35,707 [INFO] ThirdParty:1030 - CMSIS Pack Vendor :STMicroelectronics X-CUBE-TOUCHGFX 4.20.0
2023-05-31 20:28:35,707 [INFO] ThirdParty:1030 - CMSIS Pack Vendor :STMicroelectronics X-CUBE-AZRTOS-F7 1.0.0
2023-05-31 20:28:35,707 [INFO] ThirdParty:1030 - CMSIS Pack Vendor :STMicroelectronics X-CUBE-AZRTOS-WL 1.0.0
2023-05-31 20:28:35,707 [INFO] ThirdParty:1030 - CMSIS Pack Vendor :portGmbH I-Cube-SoM-uGOAL 1.1.0
2023-05-31 20:28:35,707 [INFO] ThirdParty:1030 - CMSIS Pack Vendor :STMicroelectronics X-CUBE-ALS 1.0.1
2023-05-31 20:28:35,707 [INFO] ThirdParty:1030 - CMSIS Pack Vendor :STMicroelectronics X-CUBE-MEMS1 9.5.0
2023-05-31 20:28:35,707 [INFO] ThirdParty:1030 - CMSIS Pack Vendor :STMicroelectronics ThreadX 1.0.0
2023-05-31 20:28:35,707 [INFO] ThirdParty:1030 - CMSIS Pack Vendor :STMicroelectronics X-CUBE-AZRTOS-WB 1.1.0
2023-05-31 20:28:35,707 [INFO] ThirdParty:1030 - CMSIS Pack Vendor :SEGGER I-CUBE-embOS 1.3.1
2023-05-31 20:28:35,707 [INFO] ThirdParty:1030 - CMSIS Pack Vendor :STMicroelectronics X-CUBE-AZRTOS-L5 1.0.0
2023-05-31 20:28:35,707 [INFO] ThirdParty:1030 - CMSIS Pack Vendor :STMicroelectronics X-CUBE-EEPRMA1 3.1.1
2023-05-31 20:28:35,707 [INFO] ThirdParty:1030 - CMSIS Pack Vendor :STMicroelectronics X-CUBE-GNSS1 5.2.0
2023-05-31 20:28:35,707 [INFO] ThirdParty:1030 - CMSIS Pack Vendor :STMicroelectronics FP-ATR-ASTRA1 2.0.0
2023-05-31 20:28:35,707 [INFO] ThirdParty:1030 - CMSIS Pack Vendor :STMicroelectronics X-CUBE-TOF1 3.0.0
2023-05-31 20:28:35,708 [INFO] ThirdParty:841 - exiting critical section [change project]
2023-05-31 20:28:35,823 [INFO] PinOutPanel:1499 - setPackage(No Configuration,No Configuration)
2023-05-31 20:28:35,823 [INFO] PinOutPanel:1499 - setPackage(STM32F446RETx,LQFP64)
2023-05-31 20:28:36,062 [INFO] UtilMem:75 - Before build in PCC Used Memory: 624607496 Bytes (926941184)
2023-05-31 20:28:36,259 [INFO] UtilMem:75 - After build in PCC Used Memory: 672841992 Bytes (926941184)
2023-05-31 20:28:36,273 [INFO] IPUIPlugin:80 - create IPUIPlugin
2023-05-31 20:28:36,273 [INFO] IPUIPlugin:80 - create IPUIPlugin
2023-05-31 20:28:36,273 [INFO] IPUIPlugin:80 - create IPUIPlugin
2023-05-31 20:28:36,273 [INFO] IPUIPlugin:80 - create IPUIPlugin
2023-05-31 20:28:36,273 [INFO] IPUIPlugin:80 - create IPUIPlugin
2023-05-31 20:28:36,273 [INFO] IPUIPlugin:80 - create IPUIPlugin
2023-05-31 20:28:36,273 [INFO] IPUIPlugin:80 - create IPUIPlugin
2023-05-31 20:28:36,273 [INFO] IPUIPlugin:80 - create IPUIPlugin
2023-05-31 20:28:36,273 [INFO] IPUIPlugin:80 - create IPUIPlugin
2023-05-31 20:28:36,274 [INFO] IPUIPlugin:80 - create IPUIPlugin
2023-05-31 20:28:36,274 [INFO] IPUIPlugin:80 - create IPUIPlugin
2023-05-31 20:28:36,274 [INFO] IPUIPlugin:80 - create IPUIPlugin
2023-05-31 20:28:36,274 [INFO] IPUIPlugin:80 - create IPUIPlugin
2023-05-31 20:28:36,274 [INFO] IPUIPlugin:80 - create IPUIPlugin
2023-05-31 20:28:36,274 [INFO] IPUIPlugin:80 - create IPUIPlugin
2023-05-31 20:28:36,274 [INFO] IPUIPlugin:80 - create IPUIPlugin
2023-05-31 20:28:36,274 [INFO] IPUIPlugin:80 - create IPUIPlugin
2023-05-31 20:28:36,274 [INFO] IPUIPlugin:80 - create IPUIPlugin
2023-05-31 20:28:36,274 [INFO] IPUIPlugin:80 - create IPUIPlugin
2023-05-31 20:28:36,274 [INFO] IPUIPlugin:80 - create IPUIPlugin
2023-05-31 20:28:36,274 [INFO] IPUIPlugin:80 - create IPUIPlugin
2023-05-31 20:28:36,275 [INFO] IPUIPlugin:80 - create IPUIPlugin
2023-05-31 20:28:36,275 [INFO] IPUIPlugin:80 - create IPUIPlugin
2023-05-31 20:28:36,275 [INFO] IPUIPlugin:80 - create IPUIPlugin
2023-05-31 20:28:36,275 [INFO] IPUIPlugin:80 - create IPUIPlugin
2023-05-31 20:28:36,275 [INFO] IPUIPlugin:80 - create IPUIPlugin
2023-05-31 20:28:36,275 [INFO] IPUIPlugin:80 - create IPUIPlugin
2023-05-31 20:28:36,275 [INFO] IPUIPlugin:80 - create IPUIPlugin
2023-05-31 20:28:36,276 [INFO] IPUIPlugin:80 - create IPUIPlugin
2023-05-31 20:28:36,276 [INFO] IPUIPlugin:80 - create IPUIPlugin
2023-05-31 20:28:36,276 [INFO] IPUIPlugin:80 - create IPUIPlugin
2023-05-31 20:28:36,276 [INFO] IPUIPlugin:80 - create IPUIPlugin
2023-05-31 20:28:36,276 [INFO] IPUIPlugin:80 - create IPUIPlugin
2023-05-31 20:28:36,276 [INFO] IPUIPlugin:80 - create IPUIPlugin
2023-05-31 20:28:36,276 [INFO] IPUIPlugin:80 - create IPUIPlugin
2023-05-31 20:28:36,277 [INFO] IPUIPlugin:80 - create IPUIPlugin
2023-05-31 20:28:36,277 [INFO] IPUIPlugin:80 - create IPUIPlugin
2023-05-31 20:28:36,277 [INFO] IPUIPlugin:80 - create IPUIPlugin
2023-05-31 20:28:36,277 [INFO] IPUIPlugin:80 - create IPUIPlugin
2023-05-31 20:28:36,277 [INFO] IPUIPlugin:80 - create IPUIPlugin
2023-05-31 20:28:36,277 [INFO] IPUIPlugin:80 - create IPUIPlugin
2023-05-31 20:28:36,277 [INFO] IPUIPlugin:80 - create IPUIPlugin
2023-05-31 20:28:36,278 [INFO] IPUIPlugin:80 - create IPUIPlugin
2023-05-31 20:28:36,278 [INFO] IPUIPlugin:80 - create IPUIPlugin
2023-05-31 20:28:36,278 [INFO] IPUIPlugin:80 - create IPUIPlugin
2023-05-31 20:28:36,278 [INFO] IPUIPlugin:80 - create IPUIPlugin
2023-05-31 20:28:36,278 [INFO] IPUIPlugin:80 - create IPUIPlugin
2023-05-31 20:28:36,278 [INFO] IPUIPlugin:80 - create IPUIPlugin
2023-05-31 20:28:36,279 [INFO] IPUIPlugin:80 - create IPUIPlugin
2023-05-31 20:28:36,279 [INFO] IPUIPlugin:80 - create IPUIPlugin
2023-05-31 20:28:36,279 [INFO] IPUIPlugin:80 - create IPUIPlugin
2023-05-31 20:28:36,279 [INFO] IPUIPlugin:80 - create IPUIPlugin
2023-05-31 20:28:36,279 [INFO] IPUIPlugin:80 - create IPUIPlugin
2023-05-31 20:28:36,279 [INFO] IPUIPlugin:80 - create IPUIPlugin
2023-05-31 20:28:36,279 [INFO] IPUIPlugin:80 - create IPUIPlugin
2023-05-31 20:28:36,281 [INFO] IPUIPlugin:80 - create IPUIPlugin
2023-05-31 20:28:36,281 [INFO] IPUIPlugin:80 - create IPUIPlugin
2023-05-31 20:28:36,281 [INFO] IPUIPlugin:80 - create IPUIPlugin
2023-05-31 20:28:36,282 [INFO] IPUIPlugin:80 - create IPUIPlugin
2023-05-31 20:28:36,282 [INFO] IPUIPlugin:80 - create IPUIPlugin
2023-05-31 20:28:36,292 [INFO] ApiDbMcu:507 - Load IP Config File for PDM2PCM
2023-05-31 20:28:36,331 [INFO] CADModel:165 - CPN selected for project levelSTM32F446RET6
2023-05-31 20:28:36,332 [INFO] CADModel:114 - Register for checkConnection events
2023-05-31 20:28:36,381 [INFO] OpenFileManager:328 - Restore cursor
