2023-07-19 06:35:37,040 [INFO] ApiDbMcu:507 - Load IP Config File for FATFS
2023-07-19 06:35:53,419 [INFO] UtilMem:75 - End SaveConfig() Used Memory: 909169608 Bytes (1073741824)
2023-07-19 06:35:55,556 [INFO] UtilMem:75 - End SaveConfig() Used Memory: 674376864 Bytes (1073741824)
2023-07-19 06:35:57,548 [INFO] UtilMem:75 - End SaveConfig() Used Memory: 697246920 Bytes (1073741824)
2023-07-19 06:35:57,738 [INFO] BlockDiagram:2759 - set Specific Code input for plugin: SPI
2023-07-19 06:35:57,738 [INFO] BlockDiagram:2759 - set Specific Code input for plugin: TIM6_7
2023-07-19 06:35:57,738 [INFO] BlockDiagram:2759 - set Specific Code input for plugin: TIM6_7
2023-07-19 06:35:57,738 [INFO] BlockDiagram:2759 - set Specific Code input for plugin: TIM1_8
2023-07-19 06:35:57,738 [INFO] BlockDiagram:2759 - set Specific Code input for plugin: TIM1_8
2023-07-19 06:35:57,739 [INFO] BlockDiagram:2759 - set Specific Code input for plugin: ADC
2023-07-19 06:35:57,739 [INFO] BlockDiagram:2759 - set Specific Code input for plugin: SYS
2023-07-19 06:35:57,739 [INFO] BlockDiagram:2759 - set Specific Code input for plugin: ADC
2023-07-19 06:35:57,739 [INFO] BlockDiagram:2759 - set Specific Code input for plugin: RCC
2023-07-19 06:35:57,739 [INFO] BlockDiagram:2759 - set Specific Code input for plugin: I2C
2023-07-19 06:35:57,739 [INFO] BlockDiagram:2759 - set Specific Code input for plugin: NVIC
2023-07-19 06:35:57,739 [INFO] BlockDiagram:2759 - set Specific Code input for plugin: TIM1_8
2023-07-19 06:35:57,739 [INFO] BlockDiagram:2759 - set Specific Code input for plugin: TIM1_8
2023-07-19 06:35:57,739 [INFO] BlockDiagram:2759 - set Specific Code input for plugin: DMA
2023-07-19 06:35:57,739 [INFO] BlockDiagram:2759 - set Specific Code input for plugin: TIM1_8
2023-07-19 06:35:57,739 [INFO] BlockDiagram:2759 - set Specific Code input for plugin: GPIO
2023-07-19 06:35:57,739 [INFO] CodeGenerator:793 - code generatio: config db path: C:\ST\STM32CubeIDE_1.11.0\STM32CubeIDE\plugins\com.st.stm32cube.common.mx_6.8.0.202302231600\\db\
2023-07-19 06:35:57,754 [INFO] Argument:319 - Argument : hdmavalue: null
2023-07-19 06:35:57,754 [INFO] Argument:321 - 	 sub Args: 
2023-07-19 06:35:57,754 [INFO] Argument:319 - Argument : Instancevalue: DMA2_Stream0
2023-07-19 06:35:57,754 [INFO] Argument:329 - Argument : Instancevalue: DMA2_Stream0
2023-07-19 06:35:57,754 [INFO] Argument:319 - Argument : Initvalue: null
2023-07-19 06:35:57,754 [INFO] Argument:321 - 	 sub Args: 
2023-07-19 06:35:57,754 [INFO] Argument:319 - Argument : Channelvalue: DMA_CHANNEL_0
2023-07-19 06:35:57,754 [INFO] Argument:329 - Argument : Channelvalue: DMA_CHANNEL_0
2023-07-19 06:35:57,754 [INFO] Argument:319 - Argument : Directionvalue: DMA_PERIPH_TO_MEMORY
2023-07-19 06:35:57,754 [INFO] Argument:329 - Argument : Directionvalue: DMA_PERIPH_TO_MEMORY
2023-07-19 06:35:57,754 [INFO] Argument:319 - Argument : PeriphIncvalue: DMA_PINC_DISABLE
2023-07-19 06:35:57,754 [INFO] Argument:329 - Argument : PeriphIncvalue: DMA_PINC_DISABLE
2023-07-19 06:35:57,754 [INFO] Argument:319 - Argument : MemIncvalue: DMA_MINC_ENABLE
2023-07-19 06:35:57,754 [INFO] Argument:329 - Argument : MemIncvalue: DMA_MINC_ENABLE
2023-07-19 06:35:57,754 [INFO] Argument:319 - Argument : PeriphDataAlignmentvalue: DMA_PDATAALIGN_HALFWORD
2023-07-19 06:35:57,754 [INFO] Argument:329 - Argument : PeriphDataAlignmentvalue: DMA_PDATAALIGN_HALFWORD
2023-07-19 06:35:57,754 [INFO] Argument:319 - Argument : MemDataAlignmentvalue: DMA_MDATAALIGN_HALFWORD
2023-07-19 06:35:57,754 [INFO] Argument:329 - Argument : MemDataAlignmentvalue: DMA_MDATAALIGN_HALFWORD
2023-07-19 06:35:57,754 [INFO] Argument:319 - Argument : Modevalue: DMA_CIRCULAR
2023-07-19 06:35:57,754 [INFO] Argument:329 - Argument : Modevalue: DMA_CIRCULAR
2023-07-19 06:35:57,754 [INFO] Argument:319 - Argument : Priorityvalue: DMA_PRIORITY_LOW
2023-07-19 06:35:57,754 [INFO] Argument:329 - Argument : Priorityvalue: DMA_PRIORITY_LOW
2023-07-19 06:35:57,754 [INFO] Argument:319 - Argument : FIFOModevalue: DMA_FIFOMODE_DISABLE
2023-07-19 06:35:57,754 [INFO] Argument:329 - Argument : FIFOModevalue: DMA_FIFOMODE_DISABLE
2023-07-19 06:35:57,754 [INFO] Argument:319 - Argument : FIFOThresholdvalue: null
2023-07-19 06:35:57,754 [INFO] Argument:329 - Argument : FIFOThresholdvalue: null
2023-07-19 06:35:57,754 [INFO] Argument:319 - Argument : MemBurstvalue: null
2023-07-19 06:35:57,754 [INFO] Argument:329 - Argument : MemBurstvalue: null
2023-07-19 06:35:57,754 [INFO] Argument:319 - Argument : PeriphBurstvalue: null
2023-07-19 06:35:57,754 [INFO] Argument:329 - Argument : PeriphBurstvalue: null
2023-07-19 06:35:57,754 [INFO] Argument:319 - Argument : Lockvalue: null
2023-07-19 06:35:57,754 [INFO] Argument:329 - Argument : Lockvalue: null
2023-07-19 06:35:57,754 [INFO] Argument:319 - Argument : Statevalue: null
2023-07-19 06:35:57,754 [INFO] Argument:329 - Argument : Statevalue: null
2023-07-19 06:35:57,754 [INFO] Argument:319 - Argument : Parentvalue: null
2023-07-19 06:35:57,754 [INFO] Argument:329 - Argument : Parentvalue: null
2023-07-19 06:35:57,754 [INFO] Argument:319 - Argument : XferCpltCallbackvalue: null
2023-07-19 06:35:57,754 [INFO] Argument:329 - Argument : XferCpltCallbackvalue: null
2023-07-19 06:35:57,754 [INFO] Argument:319 - Argument : XferHalfCpltCallbackvalue: null
2023-07-19 06:35:57,754 [INFO] Argument:329 - Argument : XferHalfCpltCallbackvalue: null
2023-07-19 06:35:57,754 [INFO] Argument:319 - Argument : XferM1CpltCallbackvalue: null
2023-07-19 06:35:57,754 [INFO] Argument:329 - Argument : XferM1CpltCallbackvalue: null
2023-07-19 06:35:57,754 [INFO] Argument:319 - Argument : XferErrorCallbackvalue: null
2023-07-19 06:35:57,754 [INFO] Argument:329 - Argument : XferErrorCallbackvalue: null
2023-07-19 06:35:57,754 [INFO] Argument:319 - Argument : ErrorCodevalue: null
2023-07-19 06:35:57,754 [INFO] Argument:329 - Argument : ErrorCodevalue: null
2023-07-19 06:35:57,763 [WARN] IP:2113 - I2C_Coeff_DF not found: check if there is a RefParameter without a condition.
2023-07-19 06:35:57,763 [WARN] IP:2113 - Analog_Filter not found: check if there is a RefParameter without a condition.
2023-07-19 06:35:57,994 [INFO] CodeEngine:255 - oldGeneratedFile, D:\robotrace_v2\robotrace_v2\MXTmpFiles\license.tmp_save
2023-07-19 06:35:58,096 [INFO] CodeEngine:279 - Generated code: D:\robotrace_v2\robotrace_v2\MXTmpFiles\license.tmp
2023-07-19 06:35:58,143 [INFO] CodeEngine:255 - oldGeneratedFile, D:\robotrace_v2\robotrace_v2\MXTmpFiles\gpio.tmp_save
2023-07-19 06:35:58,226 [INFO] CodeEngine:279 - Generated code: D:\robotrace_v2\robotrace_v2\MXTmpFiles\gpio.tmp
2023-07-19 06:35:58,698 [INFO] CodeEngine:255 - oldGeneratedFile, D:\robotrace_v2\robotrace_v2\MXTmpFiles\dma.tmp_save
2023-07-19 06:35:58,765 [INFO] CodeEngine:279 - Generated code: D:\robotrace_v2\robotrace_v2\MXTmpFiles\dma.tmp
2023-07-19 06:35:58,770 [INFO] CodeEngine:255 - oldGeneratedFile, D:\robotrace_v2\robotrace_v2\MXTmpFiles\dma_GV.tmp_save
2023-07-19 06:35:58,806 [INFO] CodeEngine:279 - Generated code: D:\robotrace_v2\robotrace_v2\MXTmpFiles\dma_GV.tmp
2023-07-19 06:35:58,832 [INFO] CodeEngine:255 - oldGeneratedFile, D:\robotrace_v2\robotrace_v2\Core\Src\stm32f4xx_it.c_save
2023-07-19 06:35:58,956 [INFO] CodeEngine:279 - Generated code: D:\robotrace_v2\robotrace_v2\Core\Src\stm32f4xx_it.c
2023-07-19 06:35:58,964 [INFO] CodeEngine:255 - oldGeneratedFile, D:\robotrace_v2\robotrace_v2\Core\Inc\stm32f4xx_it.h_save
2023-07-19 06:35:59,070 [INFO] CodeEngine:279 - Generated code: D:\robotrace_v2\robotrace_v2\Core\Inc\stm32f4xx_it.h
2023-07-19 06:35:59,093 [INFO] CodeEngine:255 - oldGeneratedFile, D:\robotrace_v2\robotrace_v2\Core\Src\stm32f4xx_hal_msp.c_save
2023-07-19 06:35:59,199 [INFO] CodeEngine:279 - Generated code: D:\robotrace_v2\robotrace_v2\Core\Src\stm32f4xx_hal_msp.c
2023-07-19 06:35:59,206 [INFO] CodeEngine:255 - oldGeneratedFile, D:\robotrace_v2\robotrace_v2\MXTmpFiles\system.tmp_save
2023-07-19 06:35:59,250 [INFO] CodeEngine:279 - Generated code: D:\robotrace_v2\robotrace_v2\MXTmpFiles\system.tmp
2023-07-19 06:35:59,271 [INFO] CodeEngine:311 - oldGeneratedFile, D:\robotrace_v2\robotrace_v2\Core\Inc\stm32f4xx_hal_conf.h_save
2023-07-19 06:35:59,335 [INFO] CodeEngine:335 - Generated code: D:\robotrace_v2\robotrace_v2\Core\Inc\stm32f4xx_hal_conf.h
2023-07-19 06:35:59,353 [WARN] IPConfigManager:2937 - Warning: the RefConfig PLL2P_FOR_MCO is not available in your config.xml file
2023-07-19 06:35:59,356 [WARN] IPConfigManager:3431 - IP not found : TIM
2023-07-19 06:35:59,356 [WARN] CodeGenerator:3754 - IP not found : null
2023-07-19 06:35:59,374 [INFO] CodeEngine:255 - oldGeneratedFile, D:\robotrace_v2\robotrace_v2\Core\Inc\main.h_save
2023-07-19 06:35:59,454 [INFO] CodeEngine:279 - Generated code: D:\robotrace_v2\robotrace_v2\Core\Inc\main.h
2023-07-19 06:35:59,470 [INFO] CodeEngine:255 - oldGeneratedFile, D:\robotrace_v2\robotrace_v2\Core\Src\main.c_save
2023-07-19 06:35:59,591 [INFO] CodeEngine:279 - Generated code: D:\robotrace_v2\robotrace_v2\Core\Src\main.c
2023-07-19 06:36:00,127 [INFO] ProjectBuilder:2996 - Time for Copy HAL[1] : 201mS.
2023-07-19 06:36:00,129 [INFO] ProjectBuilder:4304 - Project Generator version: 3.19.2
2023-07-19 06:36:00,352 [INFO] ConfigFileManager:1483 - The Die is : DIE421
2023-07-19 06:36:00,363 [INFO] ApiDbMcu:507 - Load IP Config File for FREERTOS
2023-07-19 06:36:00,370 [INFO] ApiDbMcu:507 - Load IP Config File for LIBJPEG
2023-07-19 06:36:00,379 [INFO] ApiDbMcu:507 - Load IP Config File for MBEDTLS
2023-07-19 06:36:00,389 [INFO] ApiDbMcu:507 - Load IP Config File for USB_DEVICE
2023-07-19 06:36:00,396 [INFO] ApiDbMcu:507 - Load IP Config File for USB_HOST
2023-07-19 06:36:01,332 [INFO] ProjectBuilder:4505 - Time for Generating toolchain IDE Files: 1203mS.
2023-07-19 06:36:01,332 [INFO] ProjectBuilder:2867 - Time for Copy CMSIS : 0mS.
2023-07-19 06:36:01,334 [INFO] ProjectBuilder:2867 - Time for Copy CMSIS : 0mS.
