2023-07-24 22:09:09,927 [INFO] Gpio:273 - dependency for GPIO [ADC1, ADC2, I2C1, RCC, SPI3, SYS, TIM2, TIM3, TIM8, TIM13]
2023-07-24 22:13:35,860 [INFO] UtilMem:75 - End SaveConfig() Used Memory: 544261288 Bytes (1073741824)
2023-07-24 22:13:36,877 [INFO] UtilMem:75 - End SaveConfig() Used Memory: 567856296 Bytes (1073741824)
2023-07-24 22:13:37,863 [INFO] UtilMem:75 - End SaveConfig() Used Memory: 644924584 Bytes (1073741824)
2023-07-24 22:13:38,017 [INFO] BlockDiagram:2759 - set Specific Code input for plugin: SPI
2023-07-24 22:13:38,017 [INFO] BlockDiagram:2759 - set Specific Code input for plugin: TIM6_7
2023-07-24 22:13:38,017 [INFO] BlockDiagram:2759 - set Specific Code input for plugin: TIM6_7
2023-07-24 22:13:38,017 [INFO] BlockDiagram:2759 - set Specific Code input for plugin: TIM1_8
2023-07-24 22:13:38,017 [INFO] BlockDiagram:2759 - set Specific Code input for plugin: TIM1_8
2023-07-24 22:13:38,017 [INFO] BlockDiagram:2759 - set Specific Code input for plugin: ADC
2023-07-24 22:13:38,017 [INFO] BlockDiagram:2759 - set Specific Code input for plugin: SYS
2023-07-24 22:13:38,017 [INFO] BlockDiagram:2759 - set Specific Code input for plugin: ADC
2023-07-24 22:13:38,017 [INFO] BlockDiagram:2759 - set Specific Code input for plugin: RCC
2023-07-24 22:13:38,017 [INFO] BlockDiagram:2759 - set Specific Code input for plugin: I2C
2023-07-24 22:13:38,017 [INFO] BlockDiagram:2759 - set Specific Code input for plugin: NVIC
2023-07-24 22:13:38,017 [INFO] BlockDiagram:2759 - set Specific Code input for plugin: TIM1_8
2023-07-24 22:13:38,017 [INFO] BlockDiagram:2759 - set Specific Code input for plugin: TIM1_8
2023-07-24 22:13:38,017 [INFO] BlockDiagram:2759 - set Specific Code input for plugin: DMA
2023-07-24 22:13:38,017 [INFO] BlockDiagram:2759 - set Specific Code input for plugin: TIM1_8
2023-07-24 22:13:38,017 [INFO] BlockDiagram:2759 - set Specific Code input for plugin: GPIO
2023-07-24 22:13:38,017 [INFO] BlockDiagram:2759 - set Specific Code input for plugin: FATFS
2023-07-24 22:13:38,017 [INFO] CodeGenerator:799 - code generatio: config db path: C:\ST\STM32CubeIDE_1.11.0\STM32CubeIDE\plugins\com.st.stm32cube.common.mx_6.9.0.202307051724\\db\
2023-07-24 22:13:38,030 [INFO] Argument:319 - Argument : hdmavalue: null
2023-07-24 22:13:38,030 [INFO] Argument:321 - 	 sub Args: 
2023-07-24 22:13:38,030 [INFO] Argument:319 - Argument : Instancevalue: DMA2_Stream0
2023-07-24 22:13:38,030 [INFO] Argument:329 - Argument : Instancevalue: DMA2_Stream0
2023-07-24 22:13:38,030 [INFO] Argument:319 - Argument : Initvalue: null
2023-07-24 22:13:38,030 [INFO] Argument:321 - 	 sub Args: 
2023-07-24 22:13:38,030 [INFO] Argument:319 - Argument : Channelvalue: DMA_CHANNEL_0
2023-07-24 22:13:38,030 [INFO] Argument:329 - Argument : Channelvalue: DMA_CHANNEL_0
2023-07-24 22:13:38,030 [INFO] Argument:319 - Argument : Directionvalue: DMA_PERIPH_TO_MEMORY
2023-07-24 22:13:38,030 [INFO] Argument:329 - Argument : Directionvalue: DMA_PERIPH_TO_MEMORY
2023-07-24 22:13:38,030 [INFO] Argument:319 - Argument : PeriphIncvalue: DMA_PINC_DISABLE
2023-07-24 22:13:38,030 [INFO] Argument:329 - Argument : PeriphIncvalue: DMA_PINC_DISABLE
2023-07-24 22:13:38,030 [INFO] Argument:319 - Argument : MemIncvalue: DMA_MINC_ENABLE
2023-07-24 22:13:38,030 [INFO] Argument:329 - Argument : MemIncvalue: DMA_MINC_ENABLE
2023-07-24 22:13:38,030 [INFO] Argument:319 - Argument : PeriphDataAlignmentvalue: DMA_PDATAALIGN_HALFWORD
2023-07-24 22:13:38,030 [INFO] Argument:329 - Argument : PeriphDataAlignmentvalue: DMA_PDATAALIGN_HALFWORD
2023-07-24 22:13:38,030 [INFO] Argument:319 - Argument : MemDataAlignmentvalue: DMA_MDATAALIGN_HALFWORD
2023-07-24 22:13:38,030 [INFO] Argument:329 - Argument : MemDataAlignmentvalue: DMA_MDATAALIGN_HALFWORD
2023-07-24 22:13:38,030 [INFO] Argument:319 - Argument : Modevalue: DMA_CIRCULAR
2023-07-24 22:13:38,030 [INFO] Argument:329 - Argument : Modevalue: DMA_CIRCULAR
2023-07-24 22:13:38,030 [INFO] Argument:319 - Argument : Priorityvalue: DMA_PRIORITY_LOW
2023-07-24 22:13:38,030 [INFO] Argument:329 - Argument : Priorityvalue: DMA_PRIORITY_LOW
2023-07-24 22:13:38,030 [INFO] Argument:319 - Argument : FIFOModevalue: DMA_FIFOMODE_DISABLE
2023-07-24 22:13:38,030 [INFO] Argument:329 - Argument : FIFOModevalue: DMA_FIFOMODE_DISABLE
2023-07-24 22:13:38,030 [INFO] Argument:319 - Argument : FIFOThresholdvalue: null
2023-07-24 22:13:38,030 [INFO] Argument:329 - Argument : FIFOThresholdvalue: null
2023-07-24 22:13:38,030 [INFO] Argument:319 - Argument : MemBurstvalue: null
2023-07-24 22:13:38,030 [INFO] Argument:329 - Argument : MemBurstvalue: null
2023-07-24 22:13:38,030 [INFO] Argument:319 - Argument : PeriphBurstvalue: null
2023-07-24 22:13:38,030 [INFO] Argument:329 - Argument : PeriphBurstvalue: null
2023-07-24 22:13:38,030 [INFO] Argument:319 - Argument : Lockvalue: null
2023-07-24 22:13:38,030 [INFO] Argument:329 - Argument : Lockvalue: null
2023-07-24 22:13:38,030 [INFO] Argument:319 - Argument : Statevalue: null
2023-07-24 22:13:38,030 [INFO] Argument:329 - Argument : Statevalue: null
2023-07-24 22:13:38,030 [INFO] Argument:319 - Argument : Parentvalue: null
2023-07-24 22:13:38,030 [INFO] Argument:329 - Argument : Parentvalue: null
2023-07-24 22:13:38,030 [INFO] Argument:319 - Argument : XferCpltCallbackvalue: null
2023-07-24 22:13:38,030 [INFO] Argument:329 - Argument : XferCpltCallbackvalue: null
2023-07-24 22:13:38,030 [INFO] Argument:319 - Argument : XferHalfCpltCallbackvalue: null
2023-07-24 22:13:38,030 [INFO] Argument:329 - Argument : XferHalfCpltCallbackvalue: null
2023-07-24 22:13:38,030 [INFO] Argument:319 - Argument : XferM1CpltCallbackvalue: null
2023-07-24 22:13:38,030 [INFO] Argument:329 - Argument : XferM1CpltCallbackvalue: null
2023-07-24 22:13:38,030 [INFO] Argument:319 - Argument : XferErrorCallbackvalue: null
2023-07-24 22:13:38,030 [INFO] Argument:329 - Argument : XferErrorCallbackvalue: null
2023-07-24 22:13:38,030 [INFO] Argument:319 - Argument : ErrorCodevalue: null
2023-07-24 22:13:38,030 [INFO] Argument:329 - Argument : ErrorCodevalue: null
2023-07-24 22:13:38,040 [WARN] IP:2114 - I2C_Coeff_DF not found: check if there is a RefParameter without a condition.
2023-07-24 22:13:38,040 [WARN] IP:2114 - Analog_Filter not found: check if there is a RefParameter without a condition.
2023-07-24 22:13:38,204 [INFO] CodeEngine:255 - oldGeneratedFile, D:\robotrace_v2\robotrace_v2\MXTmpFiles\license.tmp_save
2023-07-24 22:13:38,262 [INFO] CodeEngine:279 - Generated code: D:\robotrace_v2\robotrace_v2\MXTmpFiles\license.tmp
2023-07-24 22:13:38,294 [INFO] CodeEngine:255 - oldGeneratedFile, D:\robotrace_v2\robotrace_v2\MXTmpFiles\gpio.tmp_save
2023-07-24 22:13:38,357 [INFO] CodeEngine:279 - Generated code: D:\robotrace_v2\robotrace_v2\MXTmpFiles\gpio.tmp
2023-07-24 22:13:38,759 [INFO] Middleware:1439 - No code input for Bsp Dependency
2023-07-24 22:13:38,767 [INFO] CodeEngine:255 - oldGeneratedFile, D:\robotrace_v2\robotrace_v2\MXTmpFiles\fatfs_HalInit.tmp_save
2023-07-24 22:13:38,827 [INFO] CodeEngine:279 - Generated code: D:\robotrace_v2\robotrace_v2\MXTmpFiles\fatfs_HalInit.tmp
2023-07-24 22:13:38,834 [INFO] CodeEngine:255 - oldGeneratedFile, D:\robotrace_v2\robotrace_v2\MXTmpFiles\fatfs_vars.tmp_save
2023-07-24 22:13:38,874 [INFO] CodeEngine:279 - Generated code: D:\robotrace_v2\robotrace_v2\MXTmpFiles\fatfs_vars.tmp
2023-07-24 22:13:38,880 [INFO] CodeEngine:255 - oldGeneratedFile, D:\robotrace_v2\robotrace_v2\MXTmpFiles\fatfs_ext_vars.tmp_save
2023-07-24 22:13:38,920 [INFO] CodeEngine:279 - Generated code: D:\robotrace_v2\robotrace_v2\MXTmpFiles\fatfs_ext_vars.tmp
2023-07-24 22:13:38,927 [INFO] CodeEngine:255 - oldGeneratedFile, D:\robotrace_v2\robotrace_v2\MXTmpFiles\fatfs_inc.tmp_save
2023-07-24 22:13:38,969 [INFO] CodeEngine:279 - Generated code: D:\robotrace_v2\robotrace_v2\MXTmpFiles\fatfs_inc.tmp
2023-07-24 22:13:38,987 [INFO] CodeEngine:255 - oldGeneratedFile, D:\robotrace_v2\robotrace_v2\MXTmpFiles\dma.tmp_save
2023-07-24 22:13:39,047 [INFO] CodeEngine:279 - Generated code: D:\robotrace_v2\robotrace_v2\MXTmpFiles\dma.tmp
2023-07-24 22:13:39,054 [INFO] CodeEngine:255 - oldGeneratedFile, D:\robotrace_v2\robotrace_v2\MXTmpFiles\dma_GV.tmp_save
2023-07-24 22:13:39,087 [INFO] CodeEngine:279 - Generated code: D:\robotrace_v2\robotrace_v2\MXTmpFiles\dma_GV.tmp
2023-07-24 22:13:39,090 [INFO] Middleware:1439 - No code input for Bsp Dependency
2023-07-24 22:13:39,093 [INFO] CodeEngine:255 - oldGeneratedFile, D:\robotrace_v2\robotrace_v2\MXTmpFiles\fatfs_HalInit.tmp_save
2023-07-24 22:13:39,148 [INFO] CodeEngine:279 - Generated code: D:\robotrace_v2\robotrace_v2\MXTmpFiles\fatfs_HalInit.tmp
2023-07-24 22:13:39,151 [INFO] CodeEngine:255 - oldGeneratedFile, D:\robotrace_v2\robotrace_v2\MXTmpFiles\fatfs_vars.tmp_save
2023-07-24 22:13:39,186 [INFO] CodeEngine:279 - Generated code: D:\robotrace_v2\robotrace_v2\MXTmpFiles\fatfs_vars.tmp
2023-07-24 22:13:39,189 [INFO] CodeEngine:255 - oldGeneratedFile, D:\robotrace_v2\robotrace_v2\MXTmpFiles\fatfs_ext_vars.tmp_save
2023-07-24 22:13:39,224 [INFO] CodeEngine:279 - Generated code: D:\robotrace_v2\robotrace_v2\MXTmpFiles\fatfs_ext_vars.tmp
2023-07-24 22:13:39,226 [INFO] CodeEngine:255 - oldGeneratedFile, D:\robotrace_v2\robotrace_v2\MXTmpFiles\fatfs_inc.tmp_save
2023-07-24 22:13:39,260 [INFO] CodeEngine:279 - Generated code: D:\robotrace_v2\robotrace_v2\MXTmpFiles\fatfs_inc.tmp
2023-07-24 22:13:39,277 [INFO] CodeEngine:255 - oldGeneratedFile, D:\robotrace_v2\robotrace_v2\FATFS\Target\ffconf.h_save
2023-07-24 22:13:39,360 [INFO] CodeEngine:279 - Generated code: D:\robotrace_v2\robotrace_v2\FATFS\Target\ffconf.h
2023-07-24 22:13:39,373 [INFO] CodeEngine:255 - oldGeneratedFile, D:\robotrace_v2\robotrace_v2\FATFS\Target\user_diskio.c_save
2023-07-24 22:13:39,423 [INFO] CodeEngine:279 - Generated code: D:\robotrace_v2\robotrace_v2\FATFS\Target\user_diskio.c
2023-07-24 22:13:39,431 [INFO] CodeEngine:255 - oldGeneratedFile, D:\robotrace_v2\robotrace_v2\FATFS\Target\user_diskio.h_save
2023-07-24 22:13:39,480 [INFO] CodeEngine:279 - Generated code: D:\robotrace_v2\robotrace_v2\FATFS\Target\user_diskio.h
2023-07-24 22:13:39,487 [INFO] CodeEngine:255 - oldGeneratedFile, D:\robotrace_v2\robotrace_v2\FATFS\App\fatfs.c_save
2023-07-24 22:13:39,543 [INFO] CodeEngine:279 - Generated code: D:\robotrace_v2\robotrace_v2\FATFS\App\fatfs.c
2023-07-24 22:13:39,553 [INFO] CodeEngine:255 - oldGeneratedFile, D:\robotrace_v2\robotrace_v2\FATFS\App\fatfs.h_save
2023-07-24 22:13:39,611 [INFO] CodeEngine:279 - Generated code: D:\robotrace_v2\robotrace_v2\FATFS\App\fatfs.h
2023-07-24 22:13:39,648 [INFO] CodeEngine:255 - oldGeneratedFile, D:\robotrace_v2\robotrace_v2\Core\Src\stm32f4xx_it.c_save
2023-07-24 22:13:39,766 [INFO] CodeEngine:279 - Generated code: D:\robotrace_v2\robotrace_v2\Core\Src\stm32f4xx_it.c
2023-07-24 22:13:39,774 [INFO] CodeEngine:255 - oldGeneratedFile, D:\robotrace_v2\robotrace_v2\Core\Inc\stm32f4xx_it.h_save
2023-07-24 22:13:39,841 [INFO] CodeEngine:279 - Generated code: D:\robotrace_v2\robotrace_v2\Core\Inc\stm32f4xx_it.h
2023-07-24 22:13:39,864 [INFO] CodeEngine:255 - oldGeneratedFile, D:\robotrace_v2\robotrace_v2\Core\Src\stm32f4xx_hal_msp.c_save
2023-07-24 22:13:39,945 [INFO] CodeEngine:279 - Generated code: D:\robotrace_v2\robotrace_v2\Core\Src\stm32f4xx_hal_msp.c
2023-07-24 22:13:39,953 [INFO] CodeEngine:255 - oldGeneratedFile, D:\robotrace_v2\robotrace_v2\MXTmpFiles\system.tmp_save
2023-07-24 22:13:39,998 [INFO] CodeEngine:279 - Generated code: D:\robotrace_v2\robotrace_v2\MXTmpFiles\system.tmp
2023-07-24 22:13:40,017 [INFO] CodeEngine:311 - oldGeneratedFile, D:\robotrace_v2\robotrace_v2\Core\Inc\stm32f4xx_hal_conf.h_save
2023-07-24 22:13:40,087 [INFO] CodeEngine:335 - Generated code: D:\robotrace_v2\robotrace_v2\Core\Inc\stm32f4xx_hal_conf.h
2023-07-24 22:13:40,113 [WARN] IPConfigManager:2937 - Warning: the RefConfig PLL2P_FOR_MCO is not available in your config.xml file
2023-07-24 22:13:40,117 [WARN] IPConfigManager:3431 - IP not found : TIM
2023-07-24 22:13:40,119 [WARN] CodeGenerator:3760 - IP not found : null
2023-07-24 22:13:40,138 [INFO] CodeEngine:255 - oldGeneratedFile, D:\robotrace_v2\robotrace_v2\Core\Inc\main.h_save
2023-07-24 22:13:40,221 [INFO] CodeEngine:279 - Generated code: D:\robotrace_v2\robotrace_v2\Core\Inc\main.h
2023-07-24 22:13:40,246 [INFO] CodeEngine:255 - oldGeneratedFile, D:\robotrace_v2\robotrace_v2\Core\Src\main.c_save
2023-07-24 22:13:40,358 [INFO] CodeEngine:279 - Generated code: D:\robotrace_v2\robotrace_v2\Core\Src\main.c
2023-07-24 22:13:40,770 [INFO] ProjectBuilder:3064 - Time for Copy HAL[1] : 179mS.
2023-07-24 22:13:40,773 [INFO] ProjectBuilder:4404 - Project Generator version: 4.1.0
2023-07-24 22:13:41,042 [INFO] ConfigFileManager:1457 - The Die is : DIE421
2023-07-24 22:13:41,910 [INFO] ProjectBuilder:4626 - Time for Generating toolchain IDE Files: 1137mS.
2023-07-24 22:13:41,910 [INFO] ProjectBuilder:2935 - Time for Copy CMSIS : 0mS.
2023-07-24 22:13:41,913 [INFO] ProjectBuilder:2935 - Time for Copy CMSIS : 0mS.
