2023-05-28 16:31:11,256 [INFO] UtilMem:75 - End SaveConfig() Used Memory: 487737784 Bytes (911212544)
2023-05-28 16:31:13,026 [INFO] UtilMem:75 - End SaveConfig() Used Memory: 510284216 Bytes (911212544)
2023-05-28 16:31:14,557 [INFO] UtilMem:75 - End SaveConfig() Used Memory: 549085232 Bytes (911212544)
2023-05-28 16:31:14,807 [INFO] BlockDiagram:2759 - set Specific Code input for plugin: SPI
2023-05-28 16:31:14,807 [INFO] BlockDiagram:2759 - set Specific Code input for plugin: SPI
2023-05-28 16:31:14,807 [INFO] BlockDiagram:2759 - set Specific Code input for plugin: TIM6_7
2023-05-28 16:31:14,807 [INFO] BlockDiagram:2759 - set Specific Code input for plugin: TIM1_8
2023-05-28 16:31:14,807 [INFO] BlockDiagram:2759 - set Specific Code input for plugin: TIM1_8
2023-05-28 16:31:14,807 [INFO] BlockDiagram:2759 - set Specific Code input for plugin: SYS
2023-05-28 16:31:14,807 [INFO] BlockDiagram:2759 - set Specific Code input for plugin: ADC
2023-05-28 16:31:14,807 [INFO] BlockDiagram:2759 - set Specific Code input for plugin: RCC
2023-05-28 16:31:14,807 [INFO] BlockDiagram:2759 - set Specific Code input for plugin: NVIC
2023-05-28 16:31:14,807 [INFO] BlockDiagram:2759 - set Specific Code input for plugin: TIM1_8
2023-05-28 16:31:14,807 [INFO] BlockDiagram:2759 - set Specific Code input for plugin: DMA
2023-05-28 16:31:14,807 [INFO] BlockDiagram:2759 - set Specific Code input for plugin: TIM1_8
2023-05-28 16:31:14,808 [INFO] BlockDiagram:2759 - set Specific Code input for plugin: GPIO
2023-05-28 16:31:14,808 [INFO] CodeGenerator:793 - code generatio: config db path: C:\ST\STM32CubeIDE_1.11.0\STM32CubeIDE\plugins\com.st.stm32cube.common.mx_6.8.0.202302231600\\db\
2023-05-28 16:31:14,823 [INFO] Argument:319 - Argument : hdmavalue: null
2023-05-28 16:31:14,823 [INFO] Argument:321 - 	 sub Args: 
2023-05-28 16:31:14,823 [INFO] Argument:319 - Argument : Instancevalue: DMA2_Stream0
2023-05-28 16:31:14,823 [INFO] Argument:329 - Argument : Instancevalue: DMA2_Stream0
2023-05-28 16:31:14,824 [INFO] Argument:319 - Argument : Initvalue: null
2023-05-28 16:31:14,824 [INFO] Argument:321 - 	 sub Args: 
2023-05-28 16:31:14,824 [INFO] Argument:319 - Argument : Channelvalue: DMA_CHANNEL_0
2023-05-28 16:31:14,824 [INFO] Argument:329 - Argument : Channelvalue: DMA_CHANNEL_0
2023-05-28 16:31:14,824 [INFO] Argument:319 - Argument : Directionvalue: DMA_PERIPH_TO_MEMORY
2023-05-28 16:31:14,824 [INFO] Argument:329 - Argument : Directionvalue: DMA_PERIPH_TO_MEMORY
2023-05-28 16:31:14,824 [INFO] Argument:319 - Argument : PeriphIncvalue: DMA_PINC_DISABLE
2023-05-28 16:31:14,824 [INFO] Argument:329 - Argument : PeriphIncvalue: DMA_PINC_DISABLE
2023-05-28 16:31:14,824 [INFO] Argument:319 - Argument : MemIncvalue: DMA_MINC_ENABLE
2023-05-28 16:31:14,824 [INFO] Argument:329 - Argument : MemIncvalue: DMA_MINC_ENABLE
2023-05-28 16:31:14,824 [INFO] Argument:319 - Argument : PeriphDataAlignmentvalue: DMA_PDATAALIGN_HALFWORD
2023-05-28 16:31:14,824 [INFO] Argument:329 - Argument : PeriphDataAlignmentvalue: DMA_PDATAALIGN_HALFWORD
2023-05-28 16:31:14,824 [INFO] Argument:319 - Argument : MemDataAlignmentvalue: DMA_MDATAALIGN_HALFWORD
2023-05-28 16:31:14,824 [INFO] Argument:329 - Argument : MemDataAlignmentvalue: DMA_MDATAALIGN_HALFWORD
2023-05-28 16:31:14,824 [INFO] Argument:319 - Argument : Modevalue: DMA_NORMAL
2023-05-28 16:31:14,824 [INFO] Argument:329 - Argument : Modevalue: DMA_NORMAL
2023-05-28 16:31:14,824 [INFO] Argument:319 - Argument : Priorityvalue: DMA_PRIORITY_LOW
2023-05-28 16:31:14,824 [INFO] Argument:329 - Argument : Priorityvalue: DMA_PRIORITY_LOW
2023-05-28 16:31:14,824 [INFO] Argument:319 - Argument : FIFOModevalue: DMA_FIFOMODE_DISABLE
2023-05-28 16:31:14,824 [INFO] Argument:329 - Argument : FIFOModevalue: DMA_FIFOMODE_DISABLE
2023-05-28 16:31:14,824 [INFO] Argument:319 - Argument : FIFOThresholdvalue: null
2023-05-28 16:31:14,824 [INFO] Argument:329 - Argument : FIFOThresholdvalue: null
2023-05-28 16:31:14,824 [INFO] Argument:319 - Argument : MemBurstvalue: null
2023-05-28 16:31:14,824 [INFO] Argument:329 - Argument : MemBurstvalue: null
2023-05-28 16:31:14,824 [INFO] Argument:319 - Argument : PeriphBurstvalue: null
2023-05-28 16:31:14,824 [INFO] Argument:329 - Argument : PeriphBurstvalue: null
2023-05-28 16:31:14,824 [INFO] Argument:319 - Argument : Lockvalue: null
2023-05-28 16:31:14,825 [INFO] Argument:329 - Argument : Lockvalue: null
2023-05-28 16:31:14,825 [INFO] Argument:319 - Argument : Statevalue: null
2023-05-28 16:31:14,825 [INFO] Argument:329 - Argument : Statevalue: null
2023-05-28 16:31:14,825 [INFO] Argument:319 - Argument : Parentvalue: null
2023-05-28 16:31:14,825 [INFO] Argument:329 - Argument : Parentvalue: null
2023-05-28 16:31:14,825 [INFO] Argument:319 - Argument : XferCpltCallbackvalue: null
2023-05-28 16:31:14,825 [INFO] Argument:329 - Argument : XferCpltCallbackvalue: null
2023-05-28 16:31:14,825 [INFO] Argument:319 - Argument : XferHalfCpltCallbackvalue: null
2023-05-28 16:31:14,825 [INFO] Argument:329 - Argument : XferHalfCpltCallbackvalue: null
2023-05-28 16:31:14,825 [INFO] Argument:319 - Argument : XferM1CpltCallbackvalue: null
2023-05-28 16:31:14,825 [INFO] Argument:329 - Argument : XferM1CpltCallbackvalue: null
2023-05-28 16:31:14,825 [INFO] Argument:319 - Argument : XferErrorCallbackvalue: null
2023-05-28 16:31:14,825 [INFO] Argument:329 - Argument : XferErrorCallbackvalue: null
2023-05-28 16:31:14,825 [INFO] Argument:319 - Argument : ErrorCodevalue: null
2023-05-28 16:31:14,825 [INFO] Argument:329 - Argument : ErrorCodevalue: null
2023-05-28 16:31:15,010 [INFO] CodeEngine:255 - oldGeneratedFile, D:\robotrace_v2\robotrace_v2\MXTmpFiles\license.tmp_save
2023-05-28 16:31:15,091 [INFO] CodeEngine:279 - Generated code: D:\robotrace_v2\robotrace_v2\MXTmpFiles\license.tmp
2023-05-28 16:31:15,154 [INFO] CodeEngine:255 - oldGeneratedFile, D:\robotrace_v2\robotrace_v2\MXTmpFiles\gpio.tmp_save
2023-05-28 16:31:15,221 [INFO] CodeEngine:279 - Generated code: D:\robotrace_v2\robotrace_v2\MXTmpFiles\gpio.tmp
2023-05-28 16:31:15,593 [INFO] CodeEngine:255 - oldGeneratedFile, D:\robotrace_v2\robotrace_v2\MXTmpFiles\dma.tmp_save
2023-05-28 16:31:15,681 [INFO] CodeEngine:279 - Generated code: D:\robotrace_v2\robotrace_v2\MXTmpFiles\dma.tmp
2023-05-28 16:31:15,687 [INFO] CodeEngine:255 - oldGeneratedFile, D:\robotrace_v2\robotrace_v2\MXTmpFiles\dma_GV.tmp_save
2023-05-28 16:31:15,729 [INFO] CodeEngine:279 - Generated code: D:\robotrace_v2\robotrace_v2\MXTmpFiles\dma_GV.tmp
2023-05-28 16:31:15,748 [INFO] CodeEngine:255 - oldGeneratedFile, D:\robotrace_v2\robotrace_v2\Core\Src\stm32f4xx_it.c_save
2023-05-28 16:31:15,897 [INFO] CodeEngine:279 - Generated code: D:\robotrace_v2\robotrace_v2\Core\Src\stm32f4xx_it.c
2023-05-28 16:31:15,904 [INFO] CodeEngine:255 - oldGeneratedFile, D:\robotrace_v2\robotrace_v2\Core\Inc\stm32f4xx_it.h_save
2023-05-28 16:31:15,954 [INFO] CodeEngine:279 - Generated code: D:\robotrace_v2\robotrace_v2\Core\Inc\stm32f4xx_it.h
2023-05-28 16:31:15,971 [INFO] CodeEngine:255 - oldGeneratedFile, D:\robotrace_v2\robotrace_v2\Core\Src\stm32f4xx_hal_msp.c_save
2023-05-28 16:31:16,086 [INFO] CodeEngine:279 - Generated code: D:\robotrace_v2\robotrace_v2\Core\Src\stm32f4xx_hal_msp.c
2023-05-28 16:31:16,097 [INFO] CodeEngine:255 - oldGeneratedFile, D:\robotrace_v2\robotrace_v2\MXTmpFiles\system.tmp_save
2023-05-28 16:31:16,142 [INFO] CodeEngine:279 - Generated code: D:\robotrace_v2\robotrace_v2\MXTmpFiles\system.tmp
2023-05-28 16:31:16,156 [INFO] CodeEngine:311 - oldGeneratedFile, D:\robotrace_v2\robotrace_v2\Core\Inc\stm32f4xx_hal_conf.h_save
2023-05-28 16:31:16,216 [INFO] CodeEngine:335 - Generated code: D:\robotrace_v2\robotrace_v2\Core\Inc\stm32f4xx_hal_conf.h
2023-05-28 16:31:16,232 [WARN] IPConfigManager:2937 - Warning: the RefConfig PLL2P_FOR_MCO is not available in your config.xml file
2023-05-28 16:31:16,234 [WARN] IPConfigManager:3431 - IP not found : TIM
2023-05-28 16:31:16,235 [WARN] CodeGenerator:3754 - IP not found : null
2023-05-28 16:31:16,248 [INFO] CodeEngine:255 - oldGeneratedFile, D:\robotrace_v2\robotrace_v2\Core\Inc\main.h_save
2023-05-28 16:31:16,320 [INFO] CodeEngine:279 - Generated code: D:\robotrace_v2\robotrace_v2\Core\Inc\main.h
2023-05-28 16:31:16,332 [INFO] CodeEngine:255 - oldGeneratedFile, D:\robotrace_v2\robotrace_v2\Core\Src\main.c_save
2023-05-28 16:31:16,442 [INFO] CodeEngine:279 - Generated code: D:\robotrace_v2\robotrace_v2\Core\Src\main.c
2023-05-28 16:31:16,917 [INFO] ProjectBuilder:2996 - Time for Copy HAL[1] : 127mS.
2023-05-28 16:31:16,920 [INFO] ProjectBuilder:4304 - Project Generator version: 3.19.2
2023-05-28 16:31:17,188 [INFO] ConfigFileManager:1483 - The Die is : DIE421
2023-05-28 16:31:18,293 [INFO] ProjectBuilder:4505 - Time for Generating toolchain IDE Files: 1372mS.
2023-05-28 16:31:18,294 [INFO] ProjectBuilder:2867 - Time for Copy CMSIS : 0mS.
2023-05-28 16:31:18,296 [INFO] ProjectBuilder:2867 - Time for Copy CMSIS : 0mS.
