2023-07-26 19:48:52,070 [INFO] MainUpdater:2868 - connection check result : 10
2023-07-26 19:48:52,072 [INFO] MainUpdater:2868 - connection check result : 10
2023-07-26 19:48:52,128 [INFO] MicroXplorer:468 - Change Database Path : 
2023-07-26 19:48:52,128 [INFO] MicroXplorer:498 - Change Database Version : DB.6.0.90
2023-07-26 19:48:52,171 [WARN] ThirdParty:871 - waiting for thirdparty lock release [close project]
2023-07-26 19:48:52,171 [INFO] ThirdParty:873 - entering critical section [close project]
2023-07-26 19:48:52,171 [INFO] ThirdParty:883 - exiting critical section [close project]
2023-07-26 19:48:52,172 [INFO] PinOutPanel:1499 - setPackage(No Configuration,No Configuration)
2023-07-26 19:48:52,176 [WARN] IpParametersView:151 - Warning: This peripheral hasn't parameters
2023-07-26 19:48:52,179 [WARN] MainPanel:272 - <html><b><center>Warning: This peripheral has no parameters to be configured<br></b></html>
2023-07-26 19:48:52,180 [INFO] UtilMem:75 - Begin LoadConfig() Used Memory: 406709352 Bytes (1073741824)
2023-07-26 19:48:52,182 [INFO] MicroXplorer:468 - Change Database Path : 
2023-07-26 19:48:52,182 [INFO] MicroXplorer:498 - Change Database Version : DB.6.0.90
2023-07-26 19:48:52,182 [INFO] OpenFileManager:308 - Change cursor
2023-07-26 19:48:52,195 [INFO] RulesReader:64 - Compatibility file has been processed (293 Rules)
2023-07-26 19:48:52,203 [INFO] Mcu:1946 - Initializing MCU STM32F446R(C-E)Tx STM32F446RETx STM32F446RET6
2023-07-26 19:48:53,260 [INFO] Context:659 - Trying to add GPIOservice into a context  which must be forbidden
2023-07-26 19:48:53,539 [INFO] RtosManager:555 - Registered RTOS mode: class=CMSIS, group=RTOS, mode=CMSIS_V1, owner=FREERTOS
2023-07-26 19:48:53,539 [INFO] RtosManager:555 - Registered RTOS mode: class=CMSIS, group=RTOS2, mode=CMSIS_V2, owner=FREERTOS
2023-07-26 19:48:53,539 [INFO] RtosManager:555 - Registered RTOS mode: class=RTOS, group=Core, mode=CMSIS_V1, owner=FREERTOS
2023-07-26 19:48:53,539 [INFO] RtosManager:555 - Registered RTOS mode: class=RTOS, group=Core, mode=CMSIS_V2, owner=FREERTOS
2023-07-26 19:48:53,539 [WARN] ModelIntegratedComponent:184 - Missing modes for component STMicroelectronics:FreeRTOS:0.0.1:STMicroelectronics:RTOS:FreeRTOS:Core:::10.2.0:
2023-07-26 19:48:53,542 [WARN] ModelIntegratedComponent:63 - No mode defined for component null
2023-07-26 19:48:53,542 [WARN] ModelIntegratedComponent:63 - No mode defined for component null
2023-07-26 19:48:53,542 [WARN] ModelIntegratedComponent:63 - No mode defined for component null
2023-07-26 19:48:53,542 [WARN] ModelIntegratedComponent:63 - No mode defined for component null
2023-07-26 19:48:53,542 [WARN] ModelIntegratedComponent:63 - No mode defined for component null
2023-07-26 19:48:53,542 [WARN] ModelIntegratedComponent:63 - No mode defined for component null
2023-07-26 19:48:53,542 [WARN] ModelIntegratedComponent:63 - No mode defined for component null
2023-07-26 19:48:53,542 [WARN] ModelIntegratedComponent:63 - No mode defined for component null
2023-07-26 19:48:53,542 [WARN] ModelIntegratedComponent:63 - No mode defined for component null
2023-07-26 19:48:53,542 [WARN] ModelIntegratedComponent:63 - No mode defined for component null
2023-07-26 19:48:53,542 [WARN] ModelIntegratedComponent:63 - No mode defined for component null
2023-07-26 19:48:53,542 [WARN] ModelIntegratedComponent:63 - No mode defined for component null
2023-07-26 19:48:53,542 [WARN] ModelIntegratedComponent:63 - No mode defined for component null
2023-07-26 19:48:53,542 [WARN] ModelIntegratedComponent:63 - No mode defined for component null
2023-07-26 19:48:53,542 [WARN] ModelIntegratedComponent:63 - No mode defined for component null
2023-07-26 19:48:53,542 [WARN] ModelIntegratedComponent:63 - No mode defined for component null
2023-07-26 19:48:53,542 [WARN] ModelIntegratedComponent:63 - No mode defined for component null
2023-07-26 19:48:53,542 [WARN] ModelIntegratedComponent:63 - No mode defined for component null
2023-07-26 19:48:53,542 [WARN] ModelIntegratedComponent:63 - No mode defined for component null
2023-07-26 19:48:53,542 [WARN] ModelIntegratedComponent:63 - No mode defined for component null
2023-07-26 19:48:53,542 [WARN] ModelIntegratedComponent:63 - No mode defined for component null
2023-07-26 19:48:53,542 [WARN] ModelIntegratedComponent:63 - No mode defined for component null
2023-07-26 19:48:53,542 [WARN] ModelIntegratedComponent:63 - No mode defined for component null
2023-07-26 19:48:53,542 [WARN] ModelIntegratedComponent:63 - No mode defined for component null
2023-07-26 19:48:53,542 [WARN] ModelIntegratedComponent:63 - No mode defined for component null
2023-07-26 19:48:53,542 [WARN] ModelIntegratedComponent:63 - No mode defined for component null
2023-07-26 19:48:53,542 [WARN] ModelIntegratedComponent:63 - No mode defined for component null
2023-07-26 19:48:53,542 [WARN] ModelIntegratedComponent:63 - No mode defined for component null
2023-07-26 19:48:53,542 [WARN] ModelIntegratedComponent:63 - No mode defined for component null
2023-07-26 19:48:53,542 [WARN] ModelIntegratedComponent:63 - No mode defined for component null
2023-07-26 19:48:53,542 [WARN] ModelIntegratedComponent:63 - No mode defined for component null
2023-07-26 19:48:53,542 [WARN] ModelIntegratedComponent:63 - No mode defined for component null
2023-07-26 19:48:53,542 [WARN] ModelIntegratedComponent:63 - No mode defined for component null
2023-07-26 19:48:53,810 [INFO] ThirdPartyModel:298 - Start build external matchings
2023-07-26 19:48:55,726 [INFO] ThirdPartyModel:316 - End build external matchings
2023-07-26 19:48:55,751 [INFO] ImportTextPane:194 - (OptionalMessage_ERROR) IP (DMA) : Parameter (Instance) has Id (ADC1) currently not set
2023-07-26 19:48:55,751 [INFO] ImportTextPane:194 - (OptionalMessage_ERROR) IP (DMA) : Parameter (Channel) has Id (ADC1) currently not set
2023-07-26 19:48:55,751 [INFO] ImportTextPane:194 - (OptionalMessage_ERROR) IP (DMA) : Parameter (Direction) has Id (ADC1) currently not set
2023-07-26 19:48:55,751 [INFO] ImportTextPane:194 - (OptionalMessage_ERROR) IP (DMA) : Parameter (PeriphInc) has Id (ADC1) currently not set
2023-07-26 19:48:55,751 [INFO] ImportTextPane:194 - (OptionalMessage_ERROR) IP (DMA) : Parameter (MemInc) has Id (ADC1) currently not set
2023-07-26 19:48:55,751 [INFO] ImportTextPane:194 - (OptionalMessage_ERROR) IP (DMA) : Parameter (PeriphDataAlignment) has Id (ADC1) currently not set
2023-07-26 19:48:55,752 [INFO] ImportTextPane:194 - (OptionalMessage_ERROR) IP (DMA) : Parameter (MemDataAlignment) has Id (ADC1) currently not set
2023-07-26 19:48:55,752 [INFO] ImportTextPane:194 - (OptionalMessage_ERROR) IP (DMA) : Parameter (Mode) has Id (ADC1) currently not set
2023-07-26 19:48:55,752 [INFO] ImportTextPane:194 - (OptionalMessage_ERROR) IP (DMA) : Parameter (Priority) has Id (ADC1) currently not set
2023-07-26 19:48:55,752 [INFO] ImportTextPane:194 - (OptionalMessage_ERROR) IP (DMA) : Parameter (FIFOMode) has Id (ADC1) currently not set
2023-07-26 19:48:55,752 [INFO] ImportTextPane:194 - (OptionalMessage_ERROR) IP (RCC) : Invalid parameter (FamilyName)
2023-07-26 19:48:55,752 [INFO] ImportTextPane:194 - (OptionalMessage_ERROR) IP (RCC) : Parameter (MCO2PinFreq_Value) has invalid value (180000000)
2023-07-26 19:48:55,752 [INFO] ImportTextPane:194 - (OptionalMessage_ERROR) IP (RCC) : Parameter (SDIOFreq_Value) has invalid value (180000000)
2023-07-26 19:48:55,752 [INFO] ImportTextPane:194 - (OptionalMessage_ERROR) IP (RCC) : Parameter (USBFreq_Value) has invalid value (180000000)
2023-07-26 19:48:55,910 [INFO] UtilMem:75 - End LoadConfig() Used Memory: 895641680 Bytes (1073741824)
2023-07-26 19:48:55,932 [WARN] ThirdParty:833 - waiting for thirdparty lock release [change project]
2023-07-26 19:48:55,932 [INFO] ThirdParty:835 - entering critical section [change project]
2023-07-26 19:48:55,932 [INFO] ThirdParty:1030 - CMSIS Pack Vendor :STMicroelectronics USBPD 4.1
2023-07-26 19:48:55,932 [INFO] ThirdParty:1030 - CMSIS Pack Vendor :STMicroelectronics X-CUBE-GNSS1 6.0.0
2023-07-26 19:48:55,932 [INFO] ThirdParty:1030 - CMSIS Pack Vendor :STMicroelectronics USB_HOST 2.0.0
2023-07-26 19:48:55,932 [INFO] ThirdParty:1030 - CMSIS Pack Vendor :STMicroelectronics X-CUBE-AZRTOS-F4 1.1.0
2023-07-26 19:48:55,932 [INFO] ThirdParty:1030 - CMSIS Pack Vendor :STMicroelectronics LIBJPEG 8.0.0
2023-07-26 19:48:55,932 [INFO] ThirdParty:1030 - CMSIS Pack Vendor :STMicroelectronics X-CUBE-SMBUS 2.1.0
2023-07-26 19:48:55,932 [INFO] ThirdParty:1030 - CMSIS Pack Vendor :STMicroelectronics X-CUBE-MEMS1 9.2.0
2023-07-26 19:48:55,932 [INFO] ThirdParty:1030 - CMSIS Pack Vendor :STMicroelectronics X-CUBE-BLEMGR 1.2.0
2023-07-26 19:48:55,932 [INFO] ThirdParty:1030 - CMSIS Pack Vendor :STMicroelectronics X-CUBE-AZRTOS-F7 1.1.0
2023-07-26 19:48:55,932 [INFO] ThirdParty:1030 - CMSIS Pack Vendor :STMicroelectronics USB_DEVICE 2.0.0
2023-07-26 19:48:55,932 [INFO] ThirdParty:1030 - CMSIS Pack Vendor :STMicroelectronics X-CUBE-MEMS1 9.6.0
2023-07-26 19:48:55,932 [INFO] ThirdParty:1030 - CMSIS Pack Vendor :STMicroelectronics X-CUBE-AI 7.1.0
2023-07-26 19:48:55,932 [INFO] ThirdParty:1030 - CMSIS Pack Vendor :STMicroelectronics X-CUBE-TOUCHGFX 4.19.1
2023-07-26 19:48:55,932 [INFO] ThirdParty:1030 - CMSIS Pack Vendor :STMicroelectronics FP-SNS-MOTENV1 4.3.0
2023-07-26 19:48:55,932 [INFO] ThirdParty:1030 - CMSIS Pack Vendor :STMicroelectronics FP-SNS-MOTENV1 4.3.2
2023-07-26 19:48:55,932 [INFO] ThirdParty:1030 - CMSIS Pack Vendor :STMicroelectronics FP-SNS-FLIGHT1 5.0.0
2023-07-26 19:48:55,932 [INFO] ThirdParty:1030 - CMSIS Pack Vendor :STMicroelectronics FP-SNS-MOTENV1 4.3.1
2023-07-26 19:48:55,932 [INFO] ThirdParty:1030 - CMSIS Pack Vendor :STMicroelectronics FP-SNS-FLIGHT1 5.0.1
2023-07-26 19:48:55,932 [INFO] ThirdParty:1030 - CMSIS Pack Vendor :STMicroelectronics X-CUBE-BLE1 6.2.3
2023-07-26 19:48:55,932 [INFO] ThirdParty:1030 - CMSIS Pack Vendor :STMicroelectronics X-CUBE-BLE1 6.2.4
2023-07-26 19:48:55,932 [INFO] ThirdParty:1030 - CMSIS Pack Vendor :STMicroelectronics FreeRTOS 0.0.1
2023-07-26 19:48:55,932 [INFO] ThirdParty:1030 - CMSIS Pack Vendor :STMicroelectronics X-CUBE-BLEMGR 2.0.0
2023-07-26 19:48:55,932 [INFO] ThirdParty:1030 - CMSIS Pack Vendor :STMicroelectronics X-CUBE-NFC4 2.0.5
2023-07-26 19:48:55,932 [INFO] ThirdParty:1030 - CMSIS Pack Vendor :STMicroelectronics FP-SNS-FLIGHT1 5.0.2
2023-07-26 19:48:55,932 [INFO] ThirdParty:1030 - CMSIS Pack Vendor :STMicroelectronics X-CUBE-NFC4 2.0.4
2023-07-26 19:48:55,932 [INFO] ThirdParty:1030 - CMSIS Pack Vendor :STMicroelectronics X-CUBE-BLE2 3.2.2
2023-07-26 19:48:55,932 [INFO] ThirdParty:1030 - CMSIS Pack Vendor :STMicroelectronics X-CUBE-AZRTOS-H7 3.1.0
2023-07-26 19:48:55,932 [INFO] ThirdParty:1030 - CMSIS Pack Vendor :STMicroelectronics PDM2PCM 3.3.0
2023-07-26 19:48:55,932 [INFO] ThirdParty:1030 - CMSIS Pack Vendor :STMicroelectronics X-CUBE-TOF1 3.1.0
2023-07-26 19:48:55,932 [INFO] ThirdParty:1030 - CMSIS Pack Vendor :STMicroelectronics X-CUBE-SFXS2LP1 3.1.0
2023-07-26 19:48:55,932 [INFO] ThirdParty:1030 - CMSIS Pack Vendor :STMicroelectronics X-CUBE-DISPLAY 3.0.0
2023-07-26 19:48:55,932 [INFO] ThirdParty:1030 - CMSIS Pack Vendor :STMicroelectronics X-CUBE-AZRTOS-F4 1.0.0
2023-07-26 19:48:55,932 [INFO] ThirdParty:1030 - CMSIS Pack Vendor :STMicroelectronics HAL Drivers 0.0.0
2023-07-26 19:48:55,932 [INFO] ThirdParty:1030 - CMSIS Pack Vendor :STMicroelectronics X-CUBE-TOUCHGFX 4.22.0
2023-07-26 19:48:55,933 [INFO] ThirdParty:1030 - CMSIS Pack Vendor :STMicroelectronics X-CUBE-NFC7 1.0.1
2023-07-26 19:48:55,933 [INFO] ThirdParty:1030 - CMSIS Pack Vendor :STMicroelectronics MBEDTLS 2.14.1
2023-07-26 19:48:55,933 [INFO] ThirdParty:1030 - CMSIS Pack Vendor :STMicroelectronics X-CUBE-NFC7 1.0.0
2023-07-26 19:48:55,933 [INFO] ThirdParty:1030 - CMSIS Pack Vendor :STMicroelectronics X-CUBE-MEMS1 9.3.0
2023-07-26 19:48:55,933 [INFO] ThirdParty:1030 - CMSIS Pack Vendor :STMicroelectronics X-CUBE-EEPRMA1 4.1.0
2023-07-26 19:48:55,933 [INFO] ThirdParty:1030 - CMSIS Pack Vendor :STMicroelectronics X-CUBE-AI 7.2.0
2023-07-26 19:48:55,933 [INFO] ThirdParty:1030 - CMSIS Pack Vendor :STMicroelectronics X-CUBE-AZRTOS-WL 2.0.0
2023-07-26 19:48:55,933 [INFO] ThirdParty:1030 - CMSIS Pack Vendor :STMicroelectronics USB_DEVICE 1.0.0
2023-07-26 19:48:55,933 [INFO] ThirdParty:1030 - CMSIS Pack Vendor :STMicroelectronics X-CUBE-AZRTOS-G0 1.0.0
2023-07-26 19:48:55,933 [INFO] ThirdParty:1030 - CMSIS Pack Vendor :STMicroelectronics X-CUBE-AZRTOS-L4 2.0.0
2023-07-26 19:48:55,933 [INFO] ThirdParty:1030 - CMSIS Pack Vendor :STMicroelectronics ThreadX 0.0.2
2023-07-26 19:48:55,933 [INFO] ThirdParty:1030 - CMSIS Pack Vendor :WES I-CUBE-Cesium 1.3.0
2023-07-26 19:48:55,933 [INFO] ThirdParty:1030 - CMSIS Pack Vendor :STMicroelectronics lwIP 2.1.2
2023-07-26 19:48:55,933 [INFO] ThirdParty:1030 - CMSIS Pack Vendor :STMicroelectronics X-CUBE-SFXS2LP1 4.0.0
2023-07-26 19:48:55,933 [INFO] ThirdParty:1030 - CMSIS Pack Vendor :STMicroelectronics X-CUBE-BLE2 3.3.0
2023-07-26 19:48:55,933 [INFO] ThirdParty:1030 - CMSIS Pack Vendor :STMicroelectronics X-CUBE-DISPLAY 2.2.0
2023-07-26 19:48:55,933 [INFO] ThirdParty:1030 - CMSIS Pack Vendor :STMicroelectronics X-CUBE-TOF1 3.2.0
2023-07-26 19:48:55,933 [INFO] ThirdParty:1030 - CMSIS Pack Vendor :STMicroelectronics PDM2PCM 3.2.0
2023-07-26 19:48:55,933 [INFO] ThirdParty:1030 - CMSIS Pack Vendor :STMicroelectronics X-CUBE-AZRTOS-H7 3.0.0
2023-07-26 19:48:55,933 [INFO] ThirdParty:1030 - CMSIS Pack Vendor :STMicroelectronics X-CUBE-ISPU 1.0.0
2023-07-26 19:48:55,933 [INFO] ThirdParty:1030 - CMSIS Pack Vendor :STMicroelectronics X-CUBE-ISPU 1.1.0
2023-07-26 19:48:55,933 [INFO] ThirdParty:1030 - CMSIS Pack Vendor :RoweBots I-CUBE-UNISONRTOS 5.5.0-4
2023-07-26 19:48:55,933 [INFO] ThirdParty:1030 - CMSIS Pack Vendor :STMicroelectronics X-CUBE-AZRTOS-H7 2.1.0
2023-07-26 19:48:55,933 [INFO] ThirdParty:1030 - CMSIS Pack Vendor :STMicroelectronics USB_DEVICE 3.0.0
2023-07-26 19:48:55,933 [INFO] ThirdParty:1030 - CMSIS Pack Vendor :STMicroelectronics X-CUBE-AI 8.0.0
2023-07-26 19:48:55,933 [INFO] ThirdParty:1030 - CMSIS Pack Vendor :STMicroelectronics X-CUBE-FREERTOS 1.0.0
2023-07-26 19:48:55,933 [INFO] ThirdParty:1030 - CMSIS Pack Vendor :STMicroelectronics X-CUBE-FREERTOS 1.0.1
2023-07-26 19:48:55,933 [INFO] ThirdParty:1030 - CMSIS Pack Vendor :STMicroelectronics X-CUBE-TOUCHGFX 4.21.1
2023-07-26 19:48:55,933 [INFO] ThirdParty:1030 - CMSIS Pack Vendor :STMicroelectronics X-CUBE-TOUCHGFX 4.21.0
2023-07-26 19:48:55,933 [INFO] ThirdParty:1030 - CMSIS Pack Vendor :STMicroelectronics X-CUBE-TOUCHGFX 4.21.3
2023-07-26 19:48:55,933 [INFO] ThirdParty:1030 - CMSIS Pack Vendor :STMicroelectronics X-CUBE-BLEMGR 1.0.0
2023-07-26 19:48:55,933 [INFO] ThirdParty:1030 - CMSIS Pack Vendor :STMicroelectronics X-CUBE-TOUCHGFX 4.21.4
2023-07-26 19:48:55,933 [INFO] ThirdParty:1030 - CMSIS Pack Vendor :STMicroelectronics X-CUBE-MEMS1 9.4.0
2023-07-26 19:48:55,933 [INFO] ThirdParty:1030 - CMSIS Pack Vendor :STMicroelectronics X-CUBE-AI 7.3.0
2023-07-26 19:48:55,933 [INFO] ThirdParty:1030 - CMSIS Pack Vendor :STMicroelectronics X-CUBE-ALGOBUILD 1.3.0
2023-07-26 19:48:55,933 [INFO] ThirdParty:1030 - CMSIS Pack Vendor :STMicroelectronics X-CUBE-AZRTOS-L5 1.1.0
2023-07-26 19:48:55,933 [INFO] ThirdParty:1030 - CMSIS Pack Vendor :STMicroelectronics X-CUBE-AZRTOS-G0 1.1.0
2023-07-26 19:48:55,933 [INFO] ThirdParty:1030 - CMSIS Pack Vendor :STMicroelectronics X-CUBE-AI 8.0.1
2023-07-26 19:48:55,933 [INFO] ThirdParty:1030 - CMSIS Pack Vendor :STMicroelectronics X-CUBE-SUBG2 5.0.0
2023-07-26 19:48:55,933 [INFO] ThirdParty:1030 - CMSIS Pack Vendor :STMicroelectronics X-CUBE-NFC4 3.0.0
2023-07-26 19:48:55,933 [INFO] ThirdParty:1030 - CMSIS Pack Vendor :SEGGER I-CUBE-embOS 1.2.0
2023-07-26 19:48:55,933 [INFO] ThirdParty:1030 - CMSIS Pack Vendor :STMicroelectronics STM32_WPAN 1.0.0
2023-07-26 19:48:55,933 [INFO] ThirdParty:1030 - CMSIS Pack Vendor :STMicroelectronics lwIP 2.0.3
2023-07-26 19:48:55,933 [INFO] ThirdParty:1030 - CMSIS Pack Vendor :STMicroelectronics USB_HOST 1.0.0
2023-07-26 19:48:55,933 [INFO] ThirdParty:1030 - CMSIS Pack Vendor :STMicroelectronics X-CUBE-TOF1 3.3.1
2023-07-26 19:48:55,933 [INFO] ThirdParty:1030 - CMSIS Pack Vendor :STMicroelectronics X-CUBE-AZRTOS-G4 2.0.0
2023-07-26 19:48:55,934 [INFO] ThirdParty:1030 - CMSIS Pack Vendor :STMicroelectronics PDM2PCM 3.1.0
2023-07-26 19:48:55,934 [INFO] ThirdParty:1030 - CMSIS Pack Vendor :STMicroelectronics X-CUBE-TOF1 3.3.0
2023-07-26 19:48:55,934 [INFO] ThirdParty:1030 - CMSIS Pack Vendor :STMicroelectronics FP-ATR-ASTRA1 1.1.1
2023-07-26 19:48:55,934 [INFO] ThirdParty:1030 - CMSIS Pack Vendor :STMicroelectronics FP-ATR-ASTRA1 1.1.0
2023-07-26 19:48:55,934 [INFO] ThirdParty:1030 - CMSIS Pack Vendor :STMicroelectronics X-CUBE-BLEMGR 1.3.0
2023-07-26 19:48:55,934 [INFO] ThirdParty:1030 - CMSIS Pack Vendor :STMicroelectronics X-CUBE-AZRTOS-G4 1.0.0
2023-07-26 19:48:55,934 [INFO] ThirdParty:1030 - CMSIS Pack Vendor :STMicroelectronics FP-ATR-SIGFOX1 3.2.0
2023-07-26 19:48:55,934 [INFO] ThirdParty:1030 - CMSIS Pack Vendor :wolfSSL I-CUBE-wolfSSL 5.3.0
2023-07-26 19:48:55,934 [INFO] ThirdParty:1030 - CMSIS Pack Vendor :STMicroelectronics X-CUBE-AZRTOS-L4 1.0.0
2023-07-26 19:48:55,934 [INFO] ThirdParty:1030 - CMSIS Pack Vendor :STMicroelectronics MBEDTLS 2.16.2
2023-07-26 19:48:55,934 [INFO] ThirdParty:1030 - CMSIS Pack Vendor :emotas I-CUBE-CANOPEN 1.1.2
2023-07-26 19:48:55,934 [INFO] ThirdParty:1030 - CMSIS Pack Vendor :STMicroelectronics X-CUBE-TOUCHGFX 4.20.0
2023-07-26 19:48:55,934 [INFO] ThirdParty:1030 - CMSIS Pack Vendor :STMicroelectronics X-CUBE-AZRTOS-F7 1.0.0
2023-07-26 19:48:55,934 [INFO] ThirdParty:1030 - CMSIS Pack Vendor :STMicroelectronics X-CUBE-AZRTOS-WL 1.0.0
2023-07-26 19:48:55,934 [INFO] ThirdParty:1030 - CMSIS Pack Vendor :portGmbH I-Cube-SoM-uGOAL 1.1.0
2023-07-26 19:48:55,934 [INFO] ThirdParty:1030 - CMSIS Pack Vendor :STMicroelectronics X-CUBE-ALS 1.0.1
2023-07-26 19:48:55,934 [INFO] ThirdParty:1030 - CMSIS Pack Vendor :STMicroelectronics X-CUBE-MEMS1 9.5.0
2023-07-26 19:48:55,934 [INFO] ThirdParty:1030 - CMSIS Pack Vendor :STMicroelectronics ThreadX 1.0.0
2023-07-26 19:48:55,934 [INFO] ThirdParty:1030 - CMSIS Pack Vendor :STMicroelectronics X-CUBE-AZRTOS-WB 1.1.0
2023-07-26 19:48:55,934 [INFO] ThirdParty:1030 - CMSIS Pack Vendor :SEGGER I-CUBE-embOS 1.3.1
2023-07-26 19:48:55,934 [INFO] ThirdParty:1030 - CMSIS Pack Vendor :STMicroelectronics X-CUBE-AZRTOS-L5 1.0.0
2023-07-26 19:48:55,934 [INFO] ThirdParty:1030 - CMSIS Pack Vendor :STMicroelectronics X-CUBE-EEPRMA1 3.1.1
2023-07-26 19:48:55,934 [INFO] ThirdParty:1030 - CMSIS Pack Vendor :STMicroelectronics X-CUBE-GNSS1 5.2.0
2023-07-26 19:48:55,934 [INFO] ThirdParty:1030 - CMSIS Pack Vendor :STMicroelectronics FP-ATR-ASTRA1 2.0.0
2023-07-26 19:48:55,934 [INFO] ThirdParty:1030 - CMSIS Pack Vendor :STMicroelectronics X-CUBE-TOF1 3.0.0
2023-07-26 19:48:55,934 [INFO] ThirdParty:841 - exiting critical section [change project]
2023-07-26 19:48:56,029 [INFO] PinOutPanel:1499 - setPackage(No Configuration,No Configuration)
2023-07-26 19:48:56,030 [INFO] PinOutPanel:1499 - setPackage(STM32F446RETx,LQFP64)
2023-07-26 19:48:56,246 [INFO] UtilMem:75 - Before build in PCC Used Memory: 473135648 Bytes (1073741824)
2023-07-26 19:48:56,426 [INFO] UtilMem:75 - After build in PCC Used Memory: 529700656 Bytes (1073741824)
2023-07-26 19:48:56,434 [INFO] ApiDbMcu:507 - Load IP Config File for FATFS
2023-07-26 19:48:56,447 [INFO] IPUIPlugin:80 - create IPUIPlugin
2023-07-26 19:48:56,447 [INFO] IPUIPlugin:80 - create IPUIPlugin
2023-07-26 19:48:56,447 [INFO] IPUIPlugin:80 - create IPUIPlugin
2023-07-26 19:48:56,447 [INFO] IPUIPlugin:80 - create IPUIPlugin
2023-07-26 19:48:56,447 [INFO] IPUIPlugin:80 - create IPUIPlugin
2023-07-26 19:48:56,447 [INFO] IPUIPlugin:80 - create IPUIPlugin
2023-07-26 19:48:56,447 [INFO] IPUIPlugin:80 - create IPUIPlugin
2023-07-26 19:48:56,447 [INFO] IPUIPlugin:80 - create IPUIPlugin
2023-07-26 19:48:56,447 [INFO] IPUIPlugin:80 - create IPUIPlugin
2023-07-26 19:48:56,447 [INFO] IPUIPlugin:80 - create IPUIPlugin
2023-07-26 19:48:56,447 [INFO] IPUIPlugin:80 - create IPUIPlugin
2023-07-26 19:48:56,447 [INFO] IPUIPlugin:80 - create IPUIPlugin
2023-07-26 19:48:56,447 [INFO] IPUIPlugin:80 - create IPUIPlugin
2023-07-26 19:48:56,447 [INFO] IPUIPlugin:80 - create IPUIPlugin
2023-07-26 19:48:56,447 [INFO] IPUIPlugin:80 - create IPUIPlugin
2023-07-26 19:48:56,447 [INFO] IPUIPlugin:80 - create IPUIPlugin
2023-07-26 19:48:56,447 [INFO] IPUIPlugin:80 - create IPUIPlugin
2023-07-26 19:48:56,447 [INFO] IPUIPlugin:80 - create IPUIPlugin
2023-07-26 19:48:56,447 [INFO] IPUIPlugin:80 - create IPUIPlugin
2023-07-26 19:48:56,447 [INFO] IPUIPlugin:80 - create IPUIPlugin
2023-07-26 19:48:56,448 [INFO] IPUIPlugin:80 - create IPUIPlugin
2023-07-26 19:48:56,448 [INFO] IPUIPlugin:80 - create IPUIPlugin
2023-07-26 19:48:56,448 [INFO] IPUIPlugin:80 - create IPUIPlugin
2023-07-26 19:48:56,448 [INFO] IPUIPlugin:80 - create IPUIPlugin
2023-07-26 19:48:56,448 [INFO] IPUIPlugin:80 - create IPUIPlugin
2023-07-26 19:48:56,448 [INFO] IPUIPlugin:80 - create IPUIPlugin
2023-07-26 19:48:56,448 [INFO] IPUIPlugin:80 - create IPUIPlugin
2023-07-26 19:48:56,448 [INFO] IPUIPlugin:80 - create IPUIPlugin
2023-07-26 19:48:56,448 [INFO] IPUIPlugin:80 - create IPUIPlugin
2023-07-26 19:48:56,448 [INFO] IPUIPlugin:80 - create IPUIPlugin
2023-07-26 19:48:56,448 [INFO] IPUIPlugin:80 - create IPUIPlugin
2023-07-26 19:48:56,448 [INFO] IPUIPlugin:80 - create IPUIPlugin
2023-07-26 19:48:56,448 [INFO] IPUIPlugin:80 - create IPUIPlugin
2023-07-26 19:48:56,448 [INFO] IPUIPlugin:80 - create IPUIPlugin
2023-07-26 19:48:56,449 [INFO] IPUIPlugin:80 - create IPUIPlugin
2023-07-26 19:48:56,449 [INFO] IPUIPlugin:80 - create IPUIPlugin
2023-07-26 19:48:56,449 [INFO] IPUIPlugin:80 - create IPUIPlugin
2023-07-26 19:48:56,449 [INFO] IPUIPlugin:80 - create IPUIPlugin
2023-07-26 19:48:56,449 [INFO] IPUIPlugin:80 - create IPUIPlugin
2023-07-26 19:48:56,449 [INFO] IPUIPlugin:80 - create IPUIPlugin
2023-07-26 19:48:56,449 [INFO] IPUIPlugin:80 - create IPUIPlugin
2023-07-26 19:48:56,449 [INFO] IPUIPlugin:80 - create IPUIPlugin
2023-07-26 19:48:56,449 [INFO] IPUIPlugin:80 - create IPUIPlugin
2023-07-26 19:48:56,450 [INFO] IPUIPlugin:80 - create IPUIPlugin
2023-07-26 19:48:56,450 [INFO] IPUIPlugin:80 - create IPUIPlugin
2023-07-26 19:48:56,450 [INFO] IPUIPlugin:80 - create IPUIPlugin
2023-07-26 19:48:56,450 [INFO] IPUIPlugin:80 - create IPUIPlugin
2023-07-26 19:48:56,450 [INFO] IPUIPlugin:80 - create IPUIPlugin
2023-07-26 19:48:56,450 [INFO] IPUIPlugin:80 - create IPUIPlugin
2023-07-26 19:48:56,450 [INFO] IPUIPlugin:80 - create IPUIPlugin
2023-07-26 19:48:56,451 [INFO] IPUIPlugin:80 - create IPUIPlugin
2023-07-26 19:48:56,451 [INFO] IPUIPlugin:80 - create IPUIPlugin
2023-07-26 19:48:56,451 [INFO] IPUIPlugin:80 - create IPUIPlugin
2023-07-26 19:48:56,452 [INFO] IPUIPlugin:80 - create IPUIPlugin
2023-07-26 19:48:56,452 [INFO] IPUIPlugin:80 - create IPUIPlugin
2023-07-26 19:48:56,452 [INFO] IPUIPlugin:80 - create IPUIPlugin
2023-07-26 19:48:56,452 [INFO] IPUIPlugin:80 - create IPUIPlugin
2023-07-26 19:48:56,452 [INFO] IPUIPlugin:80 - create IPUIPlugin
2023-07-26 19:48:56,453 [INFO] IPUIPlugin:80 - create IPUIPlugin
2023-07-26 19:48:56,454 [INFO] IPUIPlugin:80 - create IPUIPlugin
2023-07-26 19:48:56,463 [INFO] ApiDbMcu:507 - Load IP Config File for PDM2PCM
2023-07-26 19:48:56,464 [WARN] IP:2114 - I2C_Coeff_DF not found: check if there is a RefParameter without a condition.
2023-07-26 19:48:56,464 [WARN] IP:2114 - Analog_Filter not found: check if there is a RefParameter without a condition.
2023-07-26 19:48:56,496 [INFO] CADModel:165 - CPN selected for project levelSTM32F446RET6
2023-07-26 19:48:56,496 [INFO] CADModel:114 - Register for checkConnection events
2023-07-26 19:48:56,533 [INFO] OpenFileManager:328 - Restore cursor
2023-07-26 19:48:56,915 [WARN] IP:2114 - I2C_Coeff_DF not found: check if there is a RefParameter without a condition.
2023-07-26 19:48:56,915 [WARN] IP:2114 - Analog_Filter not found: check if there is a RefParameter without a condition.
2023-07-26 19:48:56,916 [WARN] IP:2114 - I2C_Coeff_DF not found: check if there is a RefParameter without a condition.
2023-07-26 19:48:56,916 [WARN] IP:2114 - Analog_Filter not found: check if there is a RefParameter without a condition.
2023-07-26 19:50:01,132 [INFO] UtilMem:75 - End SaveConfig() Used Memory: 559786608 Bytes (1073741824)
2023-07-26 19:50:02,292 [INFO] UtilMem:75 - End SaveConfig() Used Memory: 584952432 Bytes (1073741824)
2023-07-26 19:57:44,217 [INFO] UtilMem:75 - End SaveConfig() Used Memory: 642624112 Bytes (1073741824)
2023-07-26 19:57:44,381 [INFO] BlockDiagram:2759 - set Specific Code input for plugin: SPI
2023-07-26 19:57:44,381 [INFO] BlockDiagram:2759 - set Specific Code input for plugin: TIM6_7
2023-07-26 19:57:44,381 [INFO] BlockDiagram:2759 - set Specific Code input for plugin: TIM6_7
2023-07-26 19:57:44,381 [INFO] BlockDiagram:2759 - set Specific Code input for plugin: TIM1_8
2023-07-26 19:57:44,381 [INFO] BlockDiagram:2759 - set Specific Code input for plugin: TIM1_8
2023-07-26 19:57:44,381 [INFO] BlockDiagram:2759 - set Specific Code input for plugin: ADC
2023-07-26 19:57:44,381 [INFO] BlockDiagram:2759 - set Specific Code input for plugin: SYS
2023-07-26 19:57:44,381 [INFO] BlockDiagram:2759 - set Specific Code input for plugin: ADC
2023-07-26 19:57:44,381 [INFO] BlockDiagram:2759 - set Specific Code input for plugin: RCC
2023-07-26 19:57:44,381 [INFO] BlockDiagram:2759 - set Specific Code input for plugin: I2C
2023-07-26 19:57:44,381 [INFO] BlockDiagram:2759 - set Specific Code input for plugin: NVIC
2023-07-26 19:57:44,381 [INFO] BlockDiagram:2759 - set Specific Code input for plugin: TIM1_8
2023-07-26 19:57:44,381 [INFO] BlockDiagram:2759 - set Specific Code input for plugin: TIM1_8
2023-07-26 19:57:44,381 [INFO] BlockDiagram:2759 - set Specific Code input for plugin: DMA
2023-07-26 19:57:44,381 [INFO] BlockDiagram:2759 - set Specific Code input for plugin: TIM1_8
2023-07-26 19:57:44,381 [INFO] BlockDiagram:2759 - set Specific Code input for plugin: GPIO
2023-07-26 19:57:44,381 [INFO] BlockDiagram:2759 - set Specific Code input for plugin: FATFS
2023-07-26 19:57:44,382 [INFO] CodeGenerator:799 - code generatio: config db path: C:\ST\STM32CubeIDE_1.11.0\STM32CubeIDE\plugins\com.st.stm32cube.common.mx_6.9.0.202307051724\\db\
2023-07-26 19:57:44,395 [INFO] Argument:319 - Argument : hdmavalue: null
2023-07-26 19:57:44,395 [INFO] Argument:321 - 	 sub Args: 
2023-07-26 19:57:44,395 [INFO] Argument:319 - Argument : Instancevalue: DMA2_Stream0
2023-07-26 19:57:44,395 [INFO] Argument:329 - Argument : Instancevalue: DMA2_Stream0
2023-07-26 19:57:44,395 [INFO] Argument:319 - Argument : Initvalue: null
2023-07-26 19:57:44,395 [INFO] Argument:321 - 	 sub Args: 
2023-07-26 19:57:44,395 [INFO] Argument:319 - Argument : Channelvalue: DMA_CHANNEL_0
2023-07-26 19:57:44,395 [INFO] Argument:329 - Argument : Channelvalue: DMA_CHANNEL_0
2023-07-26 19:57:44,395 [INFO] Argument:319 - Argument : Directionvalue: DMA_PERIPH_TO_MEMORY
2023-07-26 19:57:44,395 [INFO] Argument:329 - Argument : Directionvalue: DMA_PERIPH_TO_MEMORY
2023-07-26 19:57:44,395 [INFO] Argument:319 - Argument : PeriphIncvalue: DMA_PINC_DISABLE
2023-07-26 19:57:44,395 [INFO] Argument:329 - Argument : PeriphIncvalue: DMA_PINC_DISABLE
2023-07-26 19:57:44,395 [INFO] Argument:319 - Argument : MemIncvalue: DMA_MINC_ENABLE
2023-07-26 19:57:44,395 [INFO] Argument:329 - Argument : MemIncvalue: DMA_MINC_ENABLE
2023-07-26 19:57:44,395 [INFO] Argument:319 - Argument : PeriphDataAlignmentvalue: DMA_PDATAALIGN_HALFWORD
2023-07-26 19:57:44,395 [INFO] Argument:329 - Argument : PeriphDataAlignmentvalue: DMA_PDATAALIGN_HALFWORD
2023-07-26 19:57:44,395 [INFO] Argument:319 - Argument : MemDataAlignmentvalue: DMA_MDATAALIGN_HALFWORD
2023-07-26 19:57:44,395 [INFO] Argument:329 - Argument : MemDataAlignmentvalue: DMA_MDATAALIGN_HALFWORD
2023-07-26 19:57:44,395 [INFO] Argument:319 - Argument : Modevalue: DMA_CIRCULAR
2023-07-26 19:57:44,395 [INFO] Argument:329 - Argument : Modevalue: DMA_CIRCULAR
2023-07-26 19:57:44,395 [INFO] Argument:319 - Argument : Priorityvalue: DMA_PRIORITY_LOW
2023-07-26 19:57:44,395 [INFO] Argument:329 - Argument : Priorityvalue: DMA_PRIORITY_LOW
2023-07-26 19:57:44,395 [INFO] Argument:319 - Argument : FIFOModevalue: DMA_FIFOMODE_DISABLE
2023-07-26 19:57:44,395 [INFO] Argument:329 - Argument : FIFOModevalue: DMA_FIFOMODE_DISABLE
2023-07-26 19:57:44,395 [INFO] Argument:319 - Argument : FIFOThresholdvalue: null
2023-07-26 19:57:44,395 [INFO] Argument:329 - Argument : FIFOThresholdvalue: null
2023-07-26 19:57:44,395 [INFO] Argument:319 - Argument : MemBurstvalue: null
2023-07-26 19:57:44,395 [INFO] Argument:329 - Argument : MemBurstvalue: null
2023-07-26 19:57:44,395 [INFO] Argument:319 - Argument : PeriphBurstvalue: null
2023-07-26 19:57:44,395 [INFO] Argument:329 - Argument : PeriphBurstvalue: null
2023-07-26 19:57:44,395 [INFO] Argument:319 - Argument : Lockvalue: null
2023-07-26 19:57:44,395 [INFO] Argument:329 - Argument : Lockvalue: null
2023-07-26 19:57:44,395 [INFO] Argument:319 - Argument : Statevalue: null
2023-07-26 19:57:44,395 [INFO] Argument:329 - Argument : Statevalue: null
2023-07-26 19:57:44,395 [INFO] Argument:319 - Argument : Parentvalue: null
2023-07-26 19:57:44,395 [INFO] Argument:329 - Argument : Parentvalue: null
2023-07-26 19:57:44,395 [INFO] Argument:319 - Argument : XferCpltCallbackvalue: null
2023-07-26 19:57:44,395 [INFO] Argument:329 - Argument : XferCpltCallbackvalue: null
2023-07-26 19:57:44,395 [INFO] Argument:319 - Argument : XferHalfCpltCallbackvalue: null
2023-07-26 19:57:44,395 [INFO] Argument:329 - Argument : XferHalfCpltCallbackvalue: null
2023-07-26 19:57:44,395 [INFO] Argument:319 - Argument : XferM1CpltCallbackvalue: null
2023-07-26 19:57:44,395 [INFO] Argument:329 - Argument : XferM1CpltCallbackvalue: null
2023-07-26 19:57:44,395 [INFO] Argument:319 - Argument : XferErrorCallbackvalue: null
2023-07-26 19:57:44,395 [INFO] Argument:329 - Argument : XferErrorCallbackvalue: null
2023-07-26 19:57:44,395 [INFO] Argument:319 - Argument : ErrorCodevalue: null
2023-07-26 19:57:44,395 [INFO] Argument:329 - Argument : ErrorCodevalue: null
2023-07-26 19:57:44,404 [WARN] IP:2114 - I2C_Coeff_DF not found: check if there is a RefParameter without a condition.
2023-07-26 19:57:44,404 [WARN] IP:2114 - Analog_Filter not found: check if there is a RefParameter without a condition.
2023-07-26 19:57:44,592 [INFO] CodeEngine:255 - oldGeneratedFile, D:\robotrace_v2\robotrace_v2\MXTmpFiles\license.tmp_save
2023-07-26 19:57:44,651 [INFO] CodeEngine:279 - Generated code: D:\robotrace_v2\robotrace_v2\MXTmpFiles\license.tmp
2023-07-26 19:57:44,696 [INFO] CodeEngine:255 - oldGeneratedFile, D:\robotrace_v2\robotrace_v2\MXTmpFiles\gpio.tmp_save
2023-07-26 19:57:44,764 [INFO] CodeEngine:279 - Generated code: D:\robotrace_v2\robotrace_v2\MXTmpFiles\gpio.tmp
2023-07-26 19:57:45,159 [INFO] Middleware:1439 - No code input for Bsp Dependency
2023-07-26 19:57:45,167 [INFO] CodeEngine:255 - oldGeneratedFile, D:\robotrace_v2\robotrace_v2\MXTmpFiles\fatfs_HalInit.tmp_save
2023-07-26 19:57:45,228 [INFO] CodeEngine:279 - Generated code: D:\robotrace_v2\robotrace_v2\MXTmpFiles\fatfs_HalInit.tmp
2023-07-26 19:57:45,235 [INFO] CodeEngine:255 - oldGeneratedFile, D:\robotrace_v2\robotrace_v2\MXTmpFiles\fatfs_vars.tmp_save
2023-07-26 19:57:45,275 [INFO] CodeEngine:279 - Generated code: D:\robotrace_v2\robotrace_v2\MXTmpFiles\fatfs_vars.tmp
2023-07-26 19:57:45,282 [INFO] CodeEngine:255 - oldGeneratedFile, D:\robotrace_v2\robotrace_v2\MXTmpFiles\fatfs_ext_vars.tmp_save
2023-07-26 19:57:45,323 [INFO] CodeEngine:279 - Generated code: D:\robotrace_v2\robotrace_v2\MXTmpFiles\fatfs_ext_vars.tmp
2023-07-26 19:57:45,329 [INFO] CodeEngine:255 - oldGeneratedFile, D:\robotrace_v2\robotrace_v2\MXTmpFiles\fatfs_inc.tmp_save
2023-07-26 19:57:45,370 [INFO] CodeEngine:279 - Generated code: D:\robotrace_v2\robotrace_v2\MXTmpFiles\fatfs_inc.tmp
2023-07-26 19:57:45,388 [INFO] CodeEngine:255 - oldGeneratedFile, D:\robotrace_v2\robotrace_v2\MXTmpFiles\dma.tmp_save
2023-07-26 19:57:45,446 [INFO] CodeEngine:279 - Generated code: D:\robotrace_v2\robotrace_v2\MXTmpFiles\dma.tmp
2023-07-26 19:57:45,453 [INFO] CodeEngine:255 - oldGeneratedFile, D:\robotrace_v2\robotrace_v2\MXTmpFiles\dma_GV.tmp_save
2023-07-26 19:57:45,485 [INFO] CodeEngine:279 - Generated code: D:\robotrace_v2\robotrace_v2\MXTmpFiles\dma_GV.tmp
2023-07-26 19:57:45,488 [INFO] Middleware:1439 - No code input for Bsp Dependency
2023-07-26 19:57:45,492 [INFO] CodeEngine:255 - oldGeneratedFile, D:\robotrace_v2\robotrace_v2\MXTmpFiles\fatfs_HalInit.tmp_save
2023-07-26 19:57:45,544 [INFO] CodeEngine:279 - Generated code: D:\robotrace_v2\robotrace_v2\MXTmpFiles\fatfs_HalInit.tmp
2023-07-26 19:57:45,547 [INFO] CodeEngine:255 - oldGeneratedFile, D:\robotrace_v2\robotrace_v2\MXTmpFiles\fatfs_vars.tmp_save
2023-07-26 19:57:45,582 [INFO] CodeEngine:279 - Generated code: D:\robotrace_v2\robotrace_v2\MXTmpFiles\fatfs_vars.tmp
2023-07-26 19:57:45,585 [INFO] CodeEngine:255 - oldGeneratedFile, D:\robotrace_v2\robotrace_v2\MXTmpFiles\fatfs_ext_vars.tmp_save
2023-07-26 19:57:45,619 [INFO] CodeEngine:279 - Generated code: D:\robotrace_v2\robotrace_v2\MXTmpFiles\fatfs_ext_vars.tmp
2023-07-26 19:57:45,623 [INFO] CodeEngine:255 - oldGeneratedFile, D:\robotrace_v2\robotrace_v2\MXTmpFiles\fatfs_inc.tmp_save
2023-07-26 19:57:45,663 [INFO] CodeEngine:279 - Generated code: D:\robotrace_v2\robotrace_v2\MXTmpFiles\fatfs_inc.tmp
2023-07-26 19:57:45,680 [INFO] CodeEngine:255 - oldGeneratedFile, D:\robotrace_v2\robotrace_v2\FATFS\Target\ffconf.h_save
2023-07-26 19:57:45,773 [INFO] CodeEngine:279 - Generated code: D:\robotrace_v2\robotrace_v2\FATFS\Target\ffconf.h
2023-07-26 19:57:45,789 [INFO] CodeEngine:255 - oldGeneratedFile, D:\robotrace_v2\robotrace_v2\FATFS\Target\user_diskio.c_save
2023-07-26 19:57:45,844 [INFO] CodeEngine:279 - Generated code: D:\robotrace_v2\robotrace_v2\FATFS\Target\user_diskio.c
2023-07-26 19:57:45,852 [INFO] CodeEngine:255 - oldGeneratedFile, D:\robotrace_v2\robotrace_v2\FATFS\Target\user_diskio.h_save
2023-07-26 19:57:45,924 [INFO] CodeEngine:279 - Generated code: D:\robotrace_v2\robotrace_v2\FATFS\Target\user_diskio.h
2023-07-26 19:57:45,932 [INFO] CodeEngine:255 - oldGeneratedFile, D:\robotrace_v2\robotrace_v2\FATFS\App\fatfs.c_save
2023-07-26 19:57:46,006 [INFO] CodeEngine:279 - Generated code: D:\robotrace_v2\robotrace_v2\FATFS\App\fatfs.c
2023-07-26 19:57:46,013 [INFO] CodeEngine:255 - oldGeneratedFile, D:\robotrace_v2\robotrace_v2\FATFS\App\fatfs.h_save
2023-07-26 19:57:46,069 [INFO] CodeEngine:279 - Generated code: D:\robotrace_v2\robotrace_v2\FATFS\App\fatfs.h
2023-07-26 19:57:46,096 [INFO] CodeEngine:255 - oldGeneratedFile, D:\robotrace_v2\robotrace_v2\Core\Src\stm32f4xx_it.c_save
2023-07-26 19:57:46,208 [INFO] CodeEngine:279 - Generated code: D:\robotrace_v2\robotrace_v2\Core\Src\stm32f4xx_it.c
2023-07-26 19:57:46,215 [INFO] CodeEngine:255 - oldGeneratedFile, D:\robotrace_v2\robotrace_v2\Core\Inc\stm32f4xx_it.h_save
2023-07-26 19:57:46,264 [INFO] CodeEngine:279 - Generated code: D:\robotrace_v2\robotrace_v2\Core\Inc\stm32f4xx_it.h
2023-07-26 19:57:46,284 [INFO] CodeEngine:255 - oldGeneratedFile, D:\robotrace_v2\robotrace_v2\Core\Src\stm32f4xx_hal_msp.c_save
2023-07-26 19:57:46,365 [INFO] CodeEngine:279 - Generated code: D:\robotrace_v2\robotrace_v2\Core\Src\stm32f4xx_hal_msp.c
2023-07-26 19:57:46,372 [INFO] CodeEngine:255 - oldGeneratedFile, D:\robotrace_v2\robotrace_v2\MXTmpFiles\system.tmp_save
2023-07-26 19:57:46,413 [INFO] CodeEngine:279 - Generated code: D:\robotrace_v2\robotrace_v2\MXTmpFiles\system.tmp
2023-07-26 19:57:46,430 [INFO] CodeEngine:311 - oldGeneratedFile, D:\robotrace_v2\robotrace_v2\Core\Inc\stm32f4xx_hal_conf.h_save
2023-07-26 19:57:46,498 [INFO] CodeEngine:335 - Generated code: D:\robotrace_v2\robotrace_v2\Core\Inc\stm32f4xx_hal_conf.h
2023-07-26 19:57:46,518 [WARN] IPConfigManager:2937 - Warning: the RefConfig PLL2P_FOR_MCO is not available in your config.xml file
2023-07-26 19:57:46,522 [WARN] IPConfigManager:3431 - IP not found : TIM
2023-07-26 19:57:46,524 [WARN] CodeGenerator:3760 - IP not found : null
2023-07-26 19:57:46,540 [INFO] CodeEngine:255 - oldGeneratedFile, D:\robotrace_v2\robotrace_v2\Core\Inc\main.h_save
2023-07-26 19:57:46,617 [INFO] CodeEngine:279 - Generated code: D:\robotrace_v2\robotrace_v2\Core\Inc\main.h
2023-07-26 19:57:46,634 [INFO] CodeEngine:255 - oldGeneratedFile, D:\robotrace_v2\robotrace_v2\Core\Src\main.c_save
2023-07-26 19:57:46,743 [INFO] CodeEngine:279 - Generated code: D:\robotrace_v2\robotrace_v2\Core\Src\main.c
2023-07-26 19:57:47,222 [INFO] ProjectBuilder:3064 - Time for Copy HAL[1] : 210mS.
2023-07-26 19:57:47,226 [INFO] ProjectBuilder:4404 - Project Generator version: 4.1.0
2023-07-26 19:57:47,353 [INFO] ConfigFileManager:1457 - The Die is : DIE421
2023-07-26 19:57:47,365 [INFO] ApiDbMcu:507 - Load IP Config File for FREERTOS
2023-07-26 19:57:47,372 [INFO] ApiDbMcu:507 - Load IP Config File for LIBJPEG
2023-07-26 19:57:47,382 [INFO] ApiDbMcu:507 - Load IP Config File for MBEDTLS
2023-07-26 19:57:47,392 [INFO] ApiDbMcu:507 - Load IP Config File for USB_DEVICE
2023-07-26 19:57:47,400 [INFO] ApiDbMcu:507 - Load IP Config File for USB_HOST
2023-07-26 19:57:48,971 [INFO] ProjectBuilder:4626 - Time for Generating toolchain IDE Files: 1745mS.
2023-07-26 19:57:48,972 [INFO] ProjectBuilder:2935 - Time for Copy CMSIS : 0mS.
2023-07-26 19:57:48,975 [INFO] ProjectBuilder:2935 - Time for Copy CMSIS : 0mS.
2023-07-26 19:58:06,976 [INFO] UtilMem:75 - End SaveConfig() Used Memory: 637699928 Bytes (1073741824)
2023-07-26 19:58:08,021 [INFO] UtilMem:75 - End SaveConfig() Used Memory: 661294936 Bytes (1073741824)
2023-07-26 19:58:08,970 [INFO] UtilMem:75 - End SaveConfig() Used Memory: 731549528 Bytes (1073741824)
2023-07-26 19:58:09,151 [INFO] BlockDiagram:2759 - set Specific Code input for plugin: SPI
2023-07-26 19:58:09,151 [INFO] BlockDiagram:2759 - set Specific Code input for plugin: TIM6_7
2023-07-26 19:58:09,151 [INFO] BlockDiagram:2759 - set Specific Code input for plugin: TIM6_7
2023-07-26 19:58:09,151 [INFO] BlockDiagram:2759 - set Specific Code input for plugin: TIM1_8
2023-07-26 19:58:09,151 [INFO] BlockDiagram:2759 - set Specific Code input for plugin: TIM1_8
2023-07-26 19:58:09,151 [INFO] BlockDiagram:2759 - set Specific Code input for plugin: ADC
2023-07-26 19:58:09,151 [INFO] BlockDiagram:2759 - set Specific Code input for plugin: SYS
2023-07-26 19:58:09,151 [INFO] BlockDiagram:2759 - set Specific Code input for plugin: ADC
2023-07-26 19:58:09,151 [INFO] BlockDiagram:2759 - set Specific Code input for plugin: RCC
2023-07-26 19:58:09,151 [INFO] BlockDiagram:2759 - set Specific Code input for plugin: I2C
2023-07-26 19:58:09,151 [INFO] BlockDiagram:2759 - set Specific Code input for plugin: NVIC
2023-07-26 19:58:09,151 [INFO] BlockDiagram:2759 - set Specific Code input for plugin: TIM1_8
2023-07-26 19:58:09,151 [INFO] BlockDiagram:2759 - set Specific Code input for plugin: TIM1_8
2023-07-26 19:58:09,151 [INFO] BlockDiagram:2759 - set Specific Code input for plugin: DMA
2023-07-26 19:58:09,151 [INFO] BlockDiagram:2759 - set Specific Code input for plugin: TIM1_8
2023-07-26 19:58:09,151 [INFO] BlockDiagram:2759 - set Specific Code input for plugin: GPIO
2023-07-26 19:58:09,151 [INFO] BlockDiagram:2759 - set Specific Code input for plugin: FATFS
2023-07-26 19:58:09,151 [INFO] CodeGenerator:799 - code generatio: config db path: C:\ST\STM32CubeIDE_1.11.0\STM32CubeIDE\plugins\com.st.stm32cube.common.mx_6.9.0.202307051724\\db\
2023-07-26 19:58:09,166 [INFO] Argument:319 - Argument : hdmavalue: null
2023-07-26 19:58:09,166 [INFO] Argument:321 - 	 sub Args: 
2023-07-26 19:58:09,166 [INFO] Argument:319 - Argument : Instancevalue: DMA2_Stream0
2023-07-26 19:58:09,166 [INFO] Argument:329 - Argument : Instancevalue: DMA2_Stream0
2023-07-26 19:58:09,166 [INFO] Argument:319 - Argument : Initvalue: null
2023-07-26 19:58:09,166 [INFO] Argument:321 - 	 sub Args: 
2023-07-26 19:58:09,166 [INFO] Argument:319 - Argument : Channelvalue: DMA_CHANNEL_0
2023-07-26 19:58:09,166 [INFO] Argument:329 - Argument : Channelvalue: DMA_CHANNEL_0
2023-07-26 19:58:09,166 [INFO] Argument:319 - Argument : Directionvalue: DMA_PERIPH_TO_MEMORY
2023-07-26 19:58:09,166 [INFO] Argument:329 - Argument : Directionvalue: DMA_PERIPH_TO_MEMORY
2023-07-26 19:58:09,166 [INFO] Argument:319 - Argument : PeriphIncvalue: DMA_PINC_DISABLE
2023-07-26 19:58:09,166 [INFO] Argument:329 - Argument : PeriphIncvalue: DMA_PINC_DISABLE
2023-07-26 19:58:09,166 [INFO] Argument:319 - Argument : MemIncvalue: DMA_MINC_ENABLE
2023-07-26 19:58:09,166 [INFO] Argument:329 - Argument : MemIncvalue: DMA_MINC_ENABLE
2023-07-26 19:58:09,166 [INFO] Argument:319 - Argument : PeriphDataAlignmentvalue: DMA_PDATAALIGN_HALFWORD
2023-07-26 19:58:09,166 [INFO] Argument:329 - Argument : PeriphDataAlignmentvalue: DMA_PDATAALIGN_HALFWORD
2023-07-26 19:58:09,166 [INFO] Argument:319 - Argument : MemDataAlignmentvalue: DMA_MDATAALIGN_HALFWORD
2023-07-26 19:58:09,166 [INFO] Argument:329 - Argument : MemDataAlignmentvalue: DMA_MDATAALIGN_HALFWORD
2023-07-26 19:58:09,167 [INFO] Argument:319 - Argument : Modevalue: DMA_CIRCULAR
2023-07-26 19:58:09,167 [INFO] Argument:329 - Argument : Modevalue: DMA_CIRCULAR
2023-07-26 19:58:09,167 [INFO] Argument:319 - Argument : Priorityvalue: DMA_PRIORITY_LOW
2023-07-26 19:58:09,167 [INFO] Argument:329 - Argument : Priorityvalue: DMA_PRIORITY_LOW
2023-07-26 19:58:09,167 [INFO] Argument:319 - Argument : FIFOModevalue: DMA_FIFOMODE_DISABLE
2023-07-26 19:58:09,167 [INFO] Argument:329 - Argument : FIFOModevalue: DMA_FIFOMODE_DISABLE
2023-07-26 19:58:09,167 [INFO] Argument:319 - Argument : FIFOThresholdvalue: null
2023-07-26 19:58:09,167 [INFO] Argument:329 - Argument : FIFOThresholdvalue: null
2023-07-26 19:58:09,167 [INFO] Argument:319 - Argument : MemBurstvalue: null
2023-07-26 19:58:09,167 [INFO] Argument:329 - Argument : MemBurstvalue: null
2023-07-26 19:58:09,167 [INFO] Argument:319 - Argument : PeriphBurstvalue: null
2023-07-26 19:58:09,167 [INFO] Argument:329 - Argument : PeriphBurstvalue: null
2023-07-26 19:58:09,167 [INFO] Argument:319 - Argument : Lockvalue: null
2023-07-26 19:58:09,167 [INFO] Argument:329 - Argument : Lockvalue: null
2023-07-26 19:58:09,167 [INFO] Argument:319 - Argument : Statevalue: null
2023-07-26 19:58:09,167 [INFO] Argument:329 - Argument : Statevalue: null
2023-07-26 19:58:09,167 [INFO] Argument:319 - Argument : Parentvalue: null
2023-07-26 19:58:09,167 [INFO] Argument:329 - Argument : Parentvalue: null
2023-07-26 19:58:09,167 [INFO] Argument:319 - Argument : XferCpltCallbackvalue: null
2023-07-26 19:58:09,167 [INFO] Argument:329 - Argument : XferCpltCallbackvalue: null
2023-07-26 19:58:09,167 [INFO] Argument:319 - Argument : XferHalfCpltCallbackvalue: null
2023-07-26 19:58:09,167 [INFO] Argument:329 - Argument : XferHalfCpltCallbackvalue: null
2023-07-26 19:58:09,167 [INFO] Argument:319 - Argument : XferM1CpltCallbackvalue: null
2023-07-26 19:58:09,167 [INFO] Argument:329 - Argument : XferM1CpltCallbackvalue: null
2023-07-26 19:58:09,167 [INFO] Argument:319 - Argument : XferErrorCallbackvalue: null
2023-07-26 19:58:09,167 [INFO] Argument:329 - Argument : XferErrorCallbackvalue: null
2023-07-26 19:58:09,167 [INFO] Argument:319 - Argument : ErrorCodevalue: null
2023-07-26 19:58:09,167 [INFO] Argument:329 - Argument : ErrorCodevalue: null
2023-07-26 19:58:09,176 [WARN] IP:2114 - I2C_Coeff_DF not found: check if there is a RefParameter without a condition.
2023-07-26 19:58:09,177 [WARN] IP:2114 - Analog_Filter not found: check if there is a RefParameter without a condition.
2023-07-26 19:58:09,343 [INFO] CodeEngine:255 - oldGeneratedFile, D:\robotrace_v2\robotrace_v2\MXTmpFiles\license.tmp_save
2023-07-26 19:58:09,396 [INFO] CodeEngine:279 - Generated code: D:\robotrace_v2\robotrace_v2\MXTmpFiles\license.tmp
2023-07-26 19:58:09,419 [INFO] CodeEngine:255 - oldGeneratedFile, D:\robotrace_v2\robotrace_v2\MXTmpFiles\gpio.tmp_save
2023-07-26 19:58:09,474 [INFO] CodeEngine:279 - Generated code: D:\robotrace_v2\robotrace_v2\MXTmpFiles\gpio.tmp
2023-07-26 19:58:09,855 [INFO] Middleware:1439 - No code input for Bsp Dependency
2023-07-26 19:58:09,859 [INFO] CodeEngine:255 - oldGeneratedFile, D:\robotrace_v2\robotrace_v2\MXTmpFiles\fatfs_HalInit.tmp_save
2023-07-26 19:58:09,946 [INFO] CodeEngine:279 - Generated code: D:\robotrace_v2\robotrace_v2\MXTmpFiles\fatfs_HalInit.tmp
2023-07-26 19:58:09,948 [INFO] CodeEngine:255 - oldGeneratedFile, D:\robotrace_v2\robotrace_v2\MXTmpFiles\fatfs_vars.tmp_save
2023-07-26 19:58:09,988 [INFO] CodeEngine:279 - Generated code: D:\robotrace_v2\robotrace_v2\MXTmpFiles\fatfs_vars.tmp
2023-07-26 19:58:09,990 [INFO] CodeEngine:255 - oldGeneratedFile, D:\robotrace_v2\robotrace_v2\MXTmpFiles\fatfs_ext_vars.tmp_save
2023-07-26 19:58:10,039 [INFO] CodeEngine:279 - Generated code: D:\robotrace_v2\robotrace_v2\MXTmpFiles\fatfs_ext_vars.tmp
2023-07-26 19:58:10,042 [INFO] CodeEngine:255 - oldGeneratedFile, D:\robotrace_v2\robotrace_v2\MXTmpFiles\fatfs_inc.tmp_save
2023-07-26 19:58:10,075 [INFO] CodeEngine:279 - Generated code: D:\robotrace_v2\robotrace_v2\MXTmpFiles\fatfs_inc.tmp
2023-07-26 19:58:10,089 [INFO] CodeEngine:255 - oldGeneratedFile, D:\robotrace_v2\robotrace_v2\MXTmpFiles\dma.tmp_save
2023-07-26 19:58:10,142 [INFO] CodeEngine:279 - Generated code: D:\robotrace_v2\robotrace_v2\MXTmpFiles\dma.tmp
2023-07-26 19:58:10,144 [INFO] CodeEngine:255 - oldGeneratedFile, D:\robotrace_v2\robotrace_v2\MXTmpFiles\dma_GV.tmp_save
2023-07-26 19:58:10,179 [INFO] CodeEngine:279 - Generated code: D:\robotrace_v2\robotrace_v2\MXTmpFiles\dma_GV.tmp
2023-07-26 19:58:10,182 [INFO] Middleware:1439 - No code input for Bsp Dependency
2023-07-26 19:58:10,187 [INFO] CodeEngine:255 - oldGeneratedFile, D:\robotrace_v2\robotrace_v2\MXTmpFiles\fatfs_HalInit.tmp_save
2023-07-26 19:58:10,240 [INFO] CodeEngine:279 - Generated code: D:\robotrace_v2\robotrace_v2\MXTmpFiles\fatfs_HalInit.tmp
2023-07-26 19:58:10,245 [INFO] CodeEngine:255 - oldGeneratedFile, D:\robotrace_v2\robotrace_v2\MXTmpFiles\fatfs_vars.tmp_save
2023-07-26 19:58:10,280 [INFO] CodeEngine:279 - Generated code: D:\robotrace_v2\robotrace_v2\MXTmpFiles\fatfs_vars.tmp
2023-07-26 19:58:10,283 [INFO] CodeEngine:255 - oldGeneratedFile, D:\robotrace_v2\robotrace_v2\MXTmpFiles\fatfs_ext_vars.tmp_save
2023-07-26 19:58:10,322 [INFO] CodeEngine:279 - Generated code: D:\robotrace_v2\robotrace_v2\MXTmpFiles\fatfs_ext_vars.tmp
2023-07-26 19:58:10,325 [INFO] CodeEngine:255 - oldGeneratedFile, D:\robotrace_v2\robotrace_v2\MXTmpFiles\fatfs_inc.tmp_save
2023-07-26 19:58:10,360 [INFO] CodeEngine:279 - Generated code: D:\robotrace_v2\robotrace_v2\MXTmpFiles\fatfs_inc.tmp
2023-07-26 19:58:10,371 [INFO] CodeEngine:255 - oldGeneratedFile, D:\robotrace_v2\robotrace_v2\FATFS\Target\ffconf.h_save
2023-07-26 19:58:10,442 [INFO] CodeEngine:279 - Generated code: D:\robotrace_v2\robotrace_v2\FATFS\Target\ffconf.h
2023-07-26 19:58:10,453 [INFO] CodeEngine:255 - oldGeneratedFile, D:\robotrace_v2\robotrace_v2\FATFS\Target\user_diskio.c_save
2023-07-26 19:58:10,532 [INFO] CodeEngine:279 - Generated code: D:\robotrace_v2\robotrace_v2\FATFS\Target\user_diskio.c
2023-07-26 19:58:10,535 [INFO] CodeEngine:255 - oldGeneratedFile, D:\robotrace_v2\robotrace_v2\FATFS\Target\user_diskio.h_save
2023-07-26 19:58:10,571 [INFO] CodeEngine:279 - Generated code: D:\robotrace_v2\robotrace_v2\FATFS\Target\user_diskio.h
2023-07-26 19:58:10,574 [INFO] CodeEngine:255 - oldGeneratedFile, D:\robotrace_v2\robotrace_v2\FATFS\App\fatfs.c_save
2023-07-26 19:58:10,611 [INFO] CodeEngine:279 - Generated code: D:\robotrace_v2\robotrace_v2\FATFS\App\fatfs.c
2023-07-26 19:58:10,614 [INFO] CodeEngine:255 - oldGeneratedFile, D:\robotrace_v2\robotrace_v2\FATFS\App\fatfs.h_save
2023-07-26 19:58:10,657 [INFO] CodeEngine:279 - Generated code: D:\robotrace_v2\robotrace_v2\FATFS\App\fatfs.h
2023-07-26 19:58:10,678 [INFO] CodeEngine:255 - oldGeneratedFile, D:\robotrace_v2\robotrace_v2\Core\Src\stm32f4xx_it.c_save
2023-07-26 19:58:10,727 [INFO] CodeEngine:279 - Generated code: D:\robotrace_v2\robotrace_v2\Core\Src\stm32f4xx_it.c
2023-07-26 19:58:10,730 [INFO] CodeEngine:255 - oldGeneratedFile, D:\robotrace_v2\robotrace_v2\Core\Inc\stm32f4xx_it.h_save
2023-07-26 19:58:10,775 [INFO] CodeEngine:279 - Generated code: D:\robotrace_v2\robotrace_v2\Core\Inc\stm32f4xx_it.h
2023-07-26 19:58:10,789 [INFO] CodeEngine:255 - oldGeneratedFile, D:\robotrace_v2\robotrace_v2\Core\Src\stm32f4xx_hal_msp.c_save
2023-07-26 19:58:10,867 [INFO] CodeEngine:279 - Generated code: D:\robotrace_v2\robotrace_v2\Core\Src\stm32f4xx_hal_msp.c
2023-07-26 19:58:10,870 [INFO] CodeEngine:255 - oldGeneratedFile, D:\robotrace_v2\robotrace_v2\MXTmpFiles\system.tmp_save
2023-07-26 19:58:10,912 [INFO] CodeEngine:279 - Generated code: D:\robotrace_v2\robotrace_v2\MXTmpFiles\system.tmp
2023-07-26 19:58:10,923 [INFO] CodeEngine:311 - oldGeneratedFile, D:\robotrace_v2\robotrace_v2\Core\Inc\stm32f4xx_hal_conf.h_save
2023-07-26 19:58:10,998 [INFO] CodeEngine:335 - Generated code: D:\robotrace_v2\robotrace_v2\Core\Inc\stm32f4xx_hal_conf.h
2023-07-26 19:58:11,022 [WARN] IPConfigManager:2937 - Warning: the RefConfig PLL2P_FOR_MCO is not available in your config.xml file
2023-07-26 19:58:11,028 [WARN] IPConfigManager:3431 - IP not found : TIM
2023-07-26 19:58:11,028 [WARN] CodeGenerator:3760 - IP not found : null
2023-07-26 19:58:11,042 [INFO] CodeEngine:255 - oldGeneratedFile, D:\robotrace_v2\robotrace_v2\Core\Inc\main.h_save
2023-07-26 19:58:11,096 [INFO] CodeEngine:279 - Generated code: D:\robotrace_v2\robotrace_v2\Core\Inc\main.h
2023-07-26 19:58:11,107 [INFO] CodeEngine:255 - oldGeneratedFile, D:\robotrace_v2\robotrace_v2\Core\Src\main.c_save
2023-07-26 19:58:11,238 [INFO] CodeEngine:279 - Generated code: D:\robotrace_v2\robotrace_v2\Core\Src\main.c
2023-07-26 19:58:11,610 [INFO] ProjectBuilder:3064 - Time for Copy HAL[1] : 107mS.
2023-07-26 19:58:11,614 [INFO] ProjectBuilder:4404 - Project Generator version: 4.1.0
2023-07-26 19:58:11,736 [INFO] ConfigFileManager:1457 - The Die is : DIE421
2023-07-26 19:58:12,517 [INFO] ProjectBuilder:4626 - Time for Generating toolchain IDE Files: 903mS.
2023-07-26 19:58:12,518 [INFO] ProjectBuilder:2935 - Time for Copy CMSIS : 1mS.
2023-07-26 19:58:12,520 [INFO] ProjectBuilder:2935 - Time for Copy CMSIS : 0mS.
