2023-05-06 01:30:01,448 [ERROR] LogOutputStream:75 - [STDERR_REDIRECT] Exception in thread "AWT-EventQueue-0" java.awt.IllegalComponentStateException: Native resources unavailable
2023-05-06 01:30:01,455 [ERROR] LogOutputStream:75 - [STDERR_REDIRECT] 	at java.desktop/sun.awt.windows.WWindowPeer.getScreenImOn(Native Method)
2023-05-06 01:30:01,456 [ERROR] LogOutputStream:75 - [STDERR_REDIRECT] 	at java.desktop/sun.awt.windows.WWindowPeer.updateGC(WWindowPeer.java:566)
2023-05-06 01:30:01,457 [ERROR] LogOutputStream:75 - [STDERR_REDIRECT] 	at java.desktop/java.awt.event.InvocationEvent.dispatch(InvocationEvent.java:313)
2023-05-06 01:30:01,458 [ERROR] LogOutputStream:75 - [STDERR_REDIRECT] 	at java.desktop/java.awt.EventQueue.dispatchEventImpl(EventQueue.java:770)
2023-05-06 01:30:01,459 [ERROR] LogOutputStream:75 - [STDERR_REDIRECT] 	at java.desktop/java.awt.EventQueue$4.run(EventQueue.java:721)
2023-05-06 01:30:01,459 [ERROR] LogOutputStream:75 - [STDERR_REDIRECT] 	at java.desktop/java.awt.EventQueue$4.run(EventQueue.java:715)
2023-05-06 01:30:01,459 [ERROR] LogOutputStream:75 - [STDERR_REDIRECT] 	at java.base/java.security.AccessController.doPrivileged(Native Method)
2023-05-06 01:30:01,460 [ERROR] LogOutputStream:75 - [STDERR_REDIRECT] 	at java.base/java.security.ProtectionDomain$JavaSecurityAccessImpl.doIntersectionPrivilege(ProtectionDomain.java:85)
2023-05-06 01:30:01,462 [ERROR] LogOutputStream:75 - [STDERR_REDIRECT] 	at java.base/java.security.ProtectionDomain$JavaSecurityAccessImpl.doIntersectionPrivilege(ProtectionDomain.java:95)
2023-05-06 01:30:01,463 [ERROR] LogOutputStream:75 - [STDERR_REDIRECT] 	at java.desktop/java.awt.EventQueue$5.run(EventQueue.java:745)
2023-05-06 01:30:01,464 [ERROR] LogOutputStream:75 - [STDERR_REDIRECT] 	at java.desktop/java.awt.EventQueue$5.run(EventQueue.java:743)
2023-05-06 01:30:01,465 [ERROR] LogOutputStream:75 - [STDERR_REDIRECT] 	at java.base/java.security.AccessController.doPrivileged(Native Method)
2023-05-06 01:30:01,466 [ERROR] LogOutputStream:75 - [STDERR_REDIRECT] 	at java.base/java.security.ProtectionDomain$JavaSecurityAccessImpl.doIntersectionPrivilege(ProtectionDomain.java:85)
2023-05-06 01:30:01,467 [ERROR] LogOutputStream:75 - [STDERR_REDIRECT] 	at java.desktop/java.awt.EventQueue.dispatchEvent(EventQueue.java:742)
2023-05-06 01:30:01,468 [ERROR] LogOutputStream:75 - [STDERR_REDIRECT] 	at java.desktop/java.awt.EventDispatchThread.pumpOneEventForFilters(EventDispatchThread.java:203)
2023-05-06 01:30:01,469 [ERROR] LogOutputStream:75 - [STDERR_REDIRECT] 	at java.desktop/java.awt.EventDispatchThread.pumpEventsForFilter(EventDispatchThread.java:124)
2023-05-06 01:30:01,470 [ERROR] LogOutputStream:75 - [STDERR_REDIRECT] 	at java.desktop/java.awt.EventDispatchThread.pumpEventsForHierarchy(EventDispatchThread.java:113)
2023-05-06 01:30:01,470 [ERROR] LogOutputStream:75 - [STDERR_REDIRECT] 	at java.desktop/java.awt.EventDispatchThread.pumpEvents(EventDispatchThread.java:109)
2023-05-06 01:30:01,472 [ERROR] LogOutputStream:75 - [STDERR_REDIRECT] 	at java.desktop/java.awt.EventDispatchThread.pumpEvents(EventDispatchThread.java:101)
2023-05-06 01:30:01,473 [ERROR] LogOutputStream:75 - [STDERR_REDIRECT] 	at java.desktop/java.awt.EventDispatchThread.run(EventDispatchThread.java:90)
2023-05-06 15:31:39,761 [INFO] Activator:176 - 


2023-05-06 15:31:39,762 [INFO] Activator:177 - !SESSION log4j initialized
2023-05-06 15:31:44,919 [INFO] LogOutputStream:77 - [STDOUT_REDIRECT] 
2023-05-06 15:32:00,423 [INFO] ApplicationProperties:184 - Using Application install path: C:\ST\STM32CubeIDE_1.11.0\STM32CubeIDE\plugins\com.st.stm32cube.common.mx_6.8.0.202302231600
2023-05-06 15:32:00,443 [INFO] DbMcusXml:78 - Set database path to: C:\ST\STM32CubeIDE_1.11.0\STM32CubeIDE\plugins\com.st.stm32cube.common.mx_6.8.0.202302231600\\db\/mcu/
2023-05-06 15:32:00,444 [INFO] ApiDb:274 - Set plugin database path to: C:\ST\STM32CubeIDE_1.11.0\STM32CubeIDE\plugins\com.st.stm32cube.common.mx_6.8.0.202302231600\\db\/plugins/boardmanager/
2023-05-06 15:32:00,445 [WARN] ApiDb:259 - Overriding images path with different value:  => C:\ST\STM32CubeIDE_1.11.0\STM32CubeIDE\plugins\com.st.stm32cube.common.mx_6.8.0.202302231600\\db\/plugins/mcufinder/images/
2023-05-06 15:32:00,461 [INFO] ApiDb:250 - Set database path to: C:\Users\Natsuki\.stmcufinder\plugins\mcufinder//mcu/
2023-05-06 15:32:00,462 [INFO] DbMcusAds:125 - Set database path to: C:\Users\Natsuki\.stmcufinder\plugins\mcufinder//mcu/
2023-05-06 15:32:00,470 [INFO] CrossReferenceDbSqlite:203 - Set database path to: C:\Users\Natsuki\.stmcufinder\plugins\mcufinder//mcu/cs/
2023-05-06 15:32:00,568 [INFO] RulesReader:64 - Compatibility file has been processed (293 Rules)
2023-05-06 15:32:00,663 [INFO] DbMcusXml:78 - Set database path to: C:\ST\STM32CubeIDE_1.11.0\STM32CubeIDE\plugins\com.st.stm32cube.common.mx_6.8.0.202302231600\\db\/mcu/
2023-05-06 15:32:00,663 [INFO] ApiDb:274 - Set plugin database path to: C:\ST\STM32CubeIDE_1.11.0\STM32CubeIDE\plugins\com.st.stm32cube.common.mx_6.8.0.202302231600\\db\/plugins/boardmanager/
2023-05-06 15:32:00,663 [INFO] ApiDb:261 - Set plugin images path to: C:\ST\STM32CubeIDE_1.11.0\STM32CubeIDE\plugins\com.st.stm32cube.common.mx_6.8.0.202302231600\\db\/plugins/mcufinder/images/
2023-05-06 15:32:00,664 [WARN] DbFile:41 - Overriding database path with different value: C:\Users\Natsuki\.stmcufinder\plugins\mcufinder/ => C:\Users\Natsuki\.stmcufinder\plugins\mcufinder
2023-05-06 15:32:00,664 [INFO] ApiDb:250 - Set database path to: C:\Users\Natsuki\.stmcufinder\plugins\mcufinder//mcu/
2023-05-06 15:32:00,664 [WARN] DbFile:41 - Overriding database path with different value: C:\Users\Natsuki\.stmcufinder\plugins\mcufinder/ => C:\Users\Natsuki\.stmcufinder\plugins\mcufinder
2023-05-06 15:32:00,664 [INFO] DbMcusAds:125 - Set database path to: C:\Users\Natsuki\.stmcufinder\plugins\mcufinder//mcu/
2023-05-06 15:32:00,664 [WARN] DbFile:41 - Overriding database path with different value: C:\Users\Natsuki\.stmcufinder\plugins\mcufinder/ => C:\Users\Natsuki\.stmcufinder\plugins\mcufinder
2023-05-06 15:32:00,664 [WARN] DbFile:41 - Overriding database path with different value: C:\Users\Natsuki\.stmcufinder\plugins\mcufinder/ => C:\Users\Natsuki\.stmcufinder\plugins\mcufinder
2023-05-06 15:32:00,664 [INFO] CrossReferenceDbSqlite:203 - Set database path to: C:\Users\Natsuki\.stmcufinder\plugins\mcufinder//mcu/cs/
2023-05-06 15:32:00,741 [INFO] MainPanel:253 - HeapMemory: 268435456
2023-05-06 15:32:00,846 [INFO] DbMcusXml:78 - Set database path to: C:\ST\STM32CubeIDE_1.11.0\STM32CubeIDE\plugins\com.st.stm32cube.common.mx_6.8.0.202302231600\\db\/mcu/
2023-05-06 15:32:00,846 [INFO] ApiDb:274 - Set plugin database path to: C:\ST\STM32CubeIDE_1.11.0\STM32CubeIDE\plugins\com.st.stm32cube.common.mx_6.8.0.202302231600\\db\/plugins/boardmanager/
2023-05-06 15:32:00,846 [INFO] ApiDb:261 - Set plugin images path to: C:\ST\STM32CubeIDE_1.11.0\STM32CubeIDE\plugins\com.st.stm32cube.common.mx_6.8.0.202302231600\\db\/plugins/mcufinder/images/
2023-05-06 15:32:00,847 [WARN] DbFile:41 - Overriding database path with different value: C:\Users\Natsuki\.stmcufinder\plugins\mcufinder/ => C:\Users\Natsuki\.stmcufinder\plugins\mcufinder
2023-05-06 15:32:00,847 [INFO] ApiDb:250 - Set database path to: C:\Users\Natsuki\.stmcufinder\plugins\mcufinder//mcu/
2023-05-06 15:32:00,847 [WARN] DbFile:41 - Overriding database path with different value: C:\Users\Natsuki\.stmcufinder\plugins\mcufinder/ => C:\Users\Natsuki\.stmcufinder\plugins\mcufinder
2023-05-06 15:32:00,848 [INFO] DbMcusAds:125 - Set database path to: C:\Users\Natsuki\.stmcufinder\plugins\mcufinder//mcu/
2023-05-06 15:32:00,848 [WARN] DbFile:41 - Overriding database path with different value: C:\Users\Natsuki\.stmcufinder\plugins\mcufinder/ => C:\Users\Natsuki\.stmcufinder\plugins\mcufinder
2023-05-06 15:32:00,848 [WARN] DbFile:41 - Overriding database path with different value: C:\Users\Natsuki\.stmcufinder\plugins\mcufinder/ => C:\Users\Natsuki\.stmcufinder\plugins\mcufinder
2023-05-06 15:32:00,848 [INFO] CrossReferenceDbSqlite:203 - Set database path to: C:\Users\Natsuki\.stmcufinder\plugins\mcufinder//mcu/cs/
2023-05-06 15:32:00,865 [INFO] ApplicationProperties:184 - Using Application install path: C:\ST\STM32CubeIDE_1.11.0\STM32CubeIDE\plugins\com.st.stm32cube.common.mx_6.8.0.202302231600
2023-05-06 15:32:00,867 [INFO] PluginManage:196 - Search for loadable plugins [exclusion list=, ]
2023-05-06 15:32:00,868 [INFO] PluginManage:310 - Check plugin analytics
2023-05-06 15:32:01,018 [INFO] AnalyticsPlugin:253 - Accepted Software Licenses: 
2023-05-06 15:32:01,018 [INFO] AnalyticsPlugin:255 - Accepted CMSIS Pack Licenses: 
2023-05-06 15:32:01,018 [INFO] AnalyticsPlugin:257 - Accepted Firmware Licenses: FW.F4.1.27.0
2023-05-06 15:32:01,034 [INFO] PluginManage:359 - Loaded plugin analytics (category:tool,tabindex:-1)
2023-05-06 15:32:01,035 [INFO] PluginManage:310 - Check plugin cadmodel
2023-05-06 15:32:01,046 [INFO] CADModel:105 - Init CAD model plugin
2023-05-06 15:32:01,046 [INFO] PluginManage:359 - Loaded plugin cadmodel (category:power,tabindex:5)
2023-05-06 15:32:01,046 [INFO] PluginManage:310 - Check plugin clock
2023-05-06 15:32:01,063 [INFO] PluginManage:359 - Loaded plugin clock (category:base,tabindex:2)
2023-05-06 15:32:01,064 [INFO] PluginManage:310 - Check plugin ddr
2023-05-06 15:32:01,065 [INFO] PluginManage:359 - Loaded plugin ddr (category:tool,tabindex:6)
2023-05-06 15:32:01,065 [INFO] PluginManage:310 - Check plugin filemanager
2023-05-06 15:32:01,198 [INFO] PluginManage:359 - Loaded plugin filemanager (category:base,tabindex:10)
2023-05-06 15:32:01,198 [INFO] PluginManage:310 - Check plugin ipmanager
2023-05-06 15:32:01,204 [INFO] PluginManage:359 - Loaded plugin ipmanager (category:base,tabindex:5)
2023-05-06 15:32:01,204 [INFO] PluginManage:310 - Check plugin lpbam
2023-05-06 15:32:01,221 [INFO] PluginManage:359 - Loaded plugin lpbam (category:base,tabindex:0)
2023-05-06 15:32:01,221 [INFO] PluginManage:310 - Check plugin pinoutandconfiguration
2023-05-06 15:32:01,234 [INFO] PluginManage:359 - Loaded plugin pinoutandconfiguration (category:base,tabindex:1)
2023-05-06 15:32:01,234 [INFO] PluginManage:310 - Check plugin pinoutconfig
2023-05-06 15:32:01,346 [WARN] SupportedApi:132 - Cannot load RTOS API schema: s4s-elt-must-match.1: The content of 'definitions' must match (annotation?, (simpleType | complexType)?, (unique | key | keyref)*)). A problem was found starting at: attribute.
2023-05-06 15:32:01,466 [INFO] PluginManage:359 - Loaded plugin pinoutconfig (category:base,tabindex:0)
2023-05-06 15:32:01,466 [INFO] PluginManage:310 - Check plugin power
2023-05-06 15:32:01,484 [INFO] PluginManage:359 - Loaded plugin power (category:power,tabindex:4)
2023-05-06 15:32:01,484 [INFO] PluginManage:310 - Check plugin projectmanager
2023-05-06 15:32:01,503 [INFO] PluginManage:359 - Loaded plugin projectmanager (category:projectmanager,tabindex:3)
2023-05-06 15:32:01,503 [INFO] PluginManage:310 - Check plugin thirdparty
2023-05-06 15:32:01,693 [INFO] PluginManage:359 - Loaded plugin thirdparty (category:base,tabindex:-1)
2023-05-06 15:32:01,693 [WARN] IntegrityCheckThread:84 - waiting for thirdparty lock release [integrity check]
2023-05-06 15:32:01,693 [INFO] IntegrityCheckThread:86 - entering critical section [integrity check]
2023-05-06 15:32:01,693 [INFO] PluginManage:310 - Check plugin tools
2023-05-06 15:32:01,694 [INFO] ThirdPartyUpdaterWithRetryManager:70 - Updater plugin not ready yet. [1/15]
2023-05-06 15:32:01,713 [INFO] PluginManage:359 - Loaded plugin tools (category:base,tabindex:7)
2023-05-06 15:32:01,714 [INFO] PluginManage:310 - Check plugin tutovideos
2023-05-06 15:32:01,914 [INFO] PluginManage:359 - Loaded plugin tutovideos (category:base,tabindex:-1)
2023-05-06 15:32:01,914 [INFO] PluginManage:310 - Check plugin updater
2023-05-06 15:32:01,928 [INFO] PluginManage:359 - Loaded plugin updater (category:base,tabindex:12)
2023-05-06 15:32:01,929 [INFO] PluginManage:283 - PluginManage : Loaded plugins [15]
2023-05-06 15:32:02,166 [INFO] PinOutPanel:1499 - setPackage(No Configuration,No Configuration)
2023-05-06 15:32:02,224 [INFO] CADModel:165 - CPN selected for project level
2023-05-06 15:32:02,224 [INFO] CADModel:114 - Register for checkConnection events
2023-05-06 15:32:02,250 [INFO] IPUIPlugin:80 - create IPUIPlugin
2023-05-06 15:32:02,250 [INFO] PluginManager:220 - loadIPPluginJar : add adc
2023-05-06 15:32:02,274 [INFO] IPUIPlugin:80 - create IPUIPlugin
2023-05-06 15:32:02,275 [INFO] PluginManager:220 - loadIPPluginJar : add aes
2023-05-06 15:32:02,301 [INFO] IPUIPlugin:80 - create IPUIPlugin
2023-05-06 15:32:02,301 [INFO] PluginManager:220 - loadIPPluginJar : add can
2023-05-06 15:32:02,316 [INFO] IPUIPlugin:80 - create IPUIPlugin
2023-05-06 15:32:02,316 [INFO] PluginManager:220 - loadIPPluginJar : add comp
2023-05-06 15:32:02,338 [INFO] IPUIPlugin:80 - create IPUIPlugin
2023-05-06 15:32:02,338 [INFO] PluginManager:220 - loadIPPluginJar : add cryp
2023-05-06 15:32:02,357 [INFO] IPUIPlugin:80 - create IPUIPlugin
2023-05-06 15:32:02,357 [INFO] PluginManager:220 - loadIPPluginJar : add dfsdm
2023-05-06 15:32:02,368 [INFO] IPUIPlugin:80 - create IPUIPlugin
2023-05-06 15:32:02,370 [INFO] PluginManager:220 - loadIPPluginJar : add dma
2023-05-06 15:32:02,397 [INFO] IPUIPlugin:80 - create IPUIPlugin
2023-05-06 15:32:02,397 [INFO] PluginManager:220 - loadIPPluginJar : add dma3
2023-05-06 15:32:02,410 [INFO] IPUIPlugin:80 - create IPUIPlugin
2023-05-06 15:32:02,410 [INFO] PluginManager:220 - loadIPPluginJar : add fatfs
2023-05-06 15:32:02,441 [INFO] IPUIPlugin:80 - create IPUIPlugin
2023-05-06 15:32:02,441 [INFO] PluginManager:220 - loadIPPluginJar : add fmc
2023-05-06 15:32:02,453 [INFO] IPUIPlugin:80 - create IPUIPlugin
2023-05-06 15:32:02,453 [INFO] PluginManager:220 - loadIPPluginJar : add freertos
2023-05-06 15:32:02,466 [INFO] IPUIPlugin:80 - create IPUIPlugin
2023-05-06 15:32:02,466 [INFO] PluginManager:220 - loadIPPluginJar : add genericplugin
2023-05-06 15:32:02,520 [INFO] IPUIPlugin:80 - create IPUIPlugin
2023-05-06 15:32:02,520 [INFO] PluginManager:220 - loadIPPluginJar : add gfxmmu
2023-05-06 15:32:02,598 [INFO] IPUIPlugin:80 - create IPUIPlugin
2023-05-06 15:32:02,598 [INFO] PluginManager:220 - loadIPPluginJar : add gic
2023-05-06 15:32:02,608 [INFO] IPUIPlugin:80 - create IPUIPlugin
2023-05-06 15:32:02,608 [INFO] PluginManager:220 - loadIPPluginJar : add gpio
2023-05-06 15:32:02,666 [INFO] IPUIPlugin:80 - create IPUIPlugin
2023-05-06 15:32:02,666 [INFO] PluginManager:220 - loadIPPluginJar : add gtzc
2023-05-06 15:32:02,686 [INFO] IPUIPlugin:80 - create IPUIPlugin
2023-05-06 15:32:02,687 [INFO] PluginManager:220 - loadIPPluginJar : add hash
2023-05-06 15:32:02,720 [INFO] IPUIPlugin:80 - create IPUIPlugin
2023-05-06 15:32:02,720 [INFO] PluginManager:220 - loadIPPluginJar : add i2c
2023-05-06 15:32:02,747 [INFO] IPUIPlugin:80 - create IPUIPlugin
2023-05-06 15:32:02,747 [INFO] PluginManager:220 - loadIPPluginJar : add i2s
2023-05-06 15:32:02,774 [INFO] IPUIPlugin:80 - create IPUIPlugin
2023-05-06 15:32:02,774 [INFO] PluginManager:220 - loadIPPluginJar : add i3c
2023-05-06 15:32:02,849 [INFO] IPUIPlugin:80 - create IPUIPlugin
2023-05-06 15:32:02,849 [INFO] PluginManager:220 - loadIPPluginJar : add ipddr
2023-05-06 15:32:02,906 [INFO] IPUIPlugin:80 - create IPUIPlugin
2023-05-06 15:32:02,906 [INFO] PluginManager:220 - loadIPPluginJar : add linkedlist
2023-05-06 15:32:02,928 [INFO] IPUIPlugin:80 - create IPUIPlugin
2023-05-06 15:32:02,929 [INFO] PluginManager:220 - loadIPPluginJar : add lorawan
2023-05-06 15:32:02,951 [INFO] IPUIPlugin:80 - create IPUIPlugin
2023-05-06 15:32:02,951 [INFO] PluginManager:220 - loadIPPluginJar : add ltdc
2023-05-06 15:32:02,962 [INFO] IPUIPlugin:80 - create IPUIPlugin
2023-05-06 15:32:02,962 [INFO] PluginManager:220 - loadIPPluginJar : add mdma
2023-05-06 15:32:02,971 [INFO] IPUIPlugin:80 - create IPUIPlugin
2023-05-06 15:32:02,971 [INFO] PluginManager:220 - loadIPPluginJar : add nvic
2023-05-06 15:32:02,994 [INFO] IPUIPlugin:80 - create IPUIPlugin
2023-05-06 15:32:02,994 [INFO] PluginManager:220 - loadIPPluginJar : add opamp
2023-05-06 15:32:03,031 [INFO] IPUIPlugin:80 - create IPUIPlugin
2023-05-06 15:32:03,032 [INFO] PluginManager:220 - loadIPPluginJar : add openamp
2023-05-06 15:32:03,060 [INFO] IPUIPlugin:80 - create IPUIPlugin
2023-05-06 15:32:03,060 [INFO] PluginManager:220 - loadIPPluginJar : add pdm2pcm
2023-05-06 15:32:03,071 [INFO] IPUIPlugin:80 - create IPUIPlugin
2023-05-06 15:32:03,074 [INFO] PluginManager:220 - loadIPPluginJar : add plateformsettings
2023-05-06 15:32:03,088 [INFO] IPUIPlugin:80 - create IPUIPlugin
2023-05-06 15:32:03,088 [INFO] PluginManager:220 - loadIPPluginJar : add quadspi
2023-05-06 15:32:03,097 [INFO] IPUIPlugin:80 - create IPUIPlugin
2023-05-06 15:32:03,097 [INFO] PluginManager:220 - loadIPPluginJar : add resmgrutility
2023-05-06 15:32:03,127 [INFO] IPUIPlugin:80 - create IPUIPlugin
2023-05-06 15:32:03,127 [INFO] PluginManager:220 - loadIPPluginJar : add sai
2023-05-06 15:32:03,150 [INFO] IPUIPlugin:80 - create IPUIPlugin
2023-05-06 15:32:03,150 [INFO] PluginManager:220 - loadIPPluginJar : add spi
2023-05-06 15:32:03,187 [INFO] IPUIPlugin:80 - create IPUIPlugin
2023-05-06 15:32:03,188 [INFO] PluginManager:220 - loadIPPluginJar : add stm32_wpan
2023-05-06 15:32:03,203 [INFO] IPUIPlugin:80 - create IPUIPlugin
2023-05-06 15:32:03,203 [INFO] PluginManager:220 - loadIPPluginJar : add tim
2023-05-06 15:32:03,240 [INFO] IPUIPlugin:80 - create IPUIPlugin
2023-05-06 15:32:03,240 [INFO] PluginManager:220 - loadIPPluginJar : add touchsensing
2023-05-06 15:32:03,256 [INFO] IPUIPlugin:80 - create IPUIPlugin
2023-05-06 15:32:03,256 [INFO] PluginManager:220 - loadIPPluginJar : add tracer_emb
2023-05-06 15:32:03,273 [INFO] IPUIPlugin:80 - create IPUIPlugin
2023-05-06 15:32:03,273 [INFO] PluginManager:220 - loadIPPluginJar : add ts
2023-05-06 15:32:03,287 [INFO] IPUIPlugin:80 - create IPUIPlugin
2023-05-06 15:32:03,287 [INFO] PluginManager:220 - loadIPPluginJar : add tsc
2023-05-06 15:32:03,301 [INFO] IPUIPlugin:80 - create IPUIPlugin
2023-05-06 15:32:03,301 [INFO] PluginManager:220 - loadIPPluginJar : add ucpd
2023-05-06 15:32:03,329 [INFO] IPUIPlugin:80 - create IPUIPlugin
2023-05-06 15:32:03,329 [INFO] PluginManager:220 - loadIPPluginJar : add usart
2023-05-06 15:32:03,357 [INFO] IPUIPlugin:80 - create IPUIPlugin
2023-05-06 15:32:03,357 [INFO] PluginManager:220 - loadIPPluginJar : add usbx
2023-05-06 15:32:03,472 [INFO] CADModel:165 - CPN selected for project level
2023-05-06 15:32:03,472 [INFO] CADModel:114 - Register for checkConnection events
2023-05-06 15:32:03,472 [FATAL] Updater:308 - Updater called before beeing initialized
2023-05-06 15:32:03,472 [ERROR] CADModel:125 - Updater not yet initialized, retry later 
2023-05-06 15:32:03,606 [INFO] CADModel:165 - CPN selected for project level
2023-05-06 15:32:03,606 [INFO] CADModel:114 - Register for checkConnection events
2023-05-06 15:32:03,606 [FATAL] Updater:308 - Updater called before beeing initialized
2023-05-06 15:32:03,606 [ERROR] CADModel:125 - Updater not yet initialized, retry later 
2023-05-06 15:32:03,606 [FATAL] Updater:308 - Updater called before beeing initialized
2023-05-06 15:32:03,768 [FATAL] Updater:308 - Updater called before beeing initialized
2023-05-06 15:32:03,797 [INFO] DbMcusAds:53 - JSON generation date=Tue Mar 07 17:50:55 JST 2023 (1678179055335)
2023-05-06 15:32:03,797 [FATAL] Updater:308 - Updater called before beeing initialized
2023-05-06 15:32:03,887 [WARN] DetailPanel:346 - Failed to get advertising image, set to default
2023-05-06 15:32:04,008 [FATAL] Updater:308 - Updater called before beeing initialized
2023-05-06 15:32:04,046 [FATAL] Updater:308 - Updater called before beeing initialized
2023-05-06 15:32:04,046 [FATAL] Updater:308 - Updater called before beeing initialized
2023-05-06 15:32:04,048 [WARN] DetailPanel:346 - Failed to get advertising image, set to default
2023-05-06 15:32:04,048 [FATAL] Updater:308 - Updater called before beeing initialized
2023-05-06 15:32:04,120 [ERROR] Updater:1120 - MainUpdater not yet initialized. External WinMGr cannot be set.
2023-05-06 15:32:04,126 [INFO] Updater:1056 - Updater Version found : 6.8.0
2023-05-06 15:32:04,137 [INFO] ApplicationProperties:184 - Using Application install path: C:\ST\STM32CubeIDE_1.11.0\STM32CubeIDE\plugins\com.st.stm32cube.common.mx_6.8.0.202302231600
2023-05-06 15:32:04,227 [ERROR] LogOutputStream:75 - [STDERR_REDIRECT] SLF4J: Failed to load class "org.slf4j.impl.StaticLoggerBinder".
2023-05-06 15:32:04,227 [ERROR] LogOutputStream:75 - [STDERR_REDIRECT] SLF4J: Defaulting to no-operation (NOP) logger implementation
2023-05-06 15:32:04,235 [ERROR] LogOutputStream:75 - [STDERR_REDIRECT] SLF4J: See http://www.slf4j.org/codes.html#StaticLoggerBinder for further details.
2023-05-06 15:32:04,546 [INFO] MainUpdater:2854 - connection check result : 10
2023-05-06 15:32:04,546 [INFO] MainUpdater:283 - Updater Check For Update Now.
2023-05-06 15:32:04,546 [INFO] MicroXplorer:498 - Change Database Version : DB.6.0.80
2023-05-06 15:32:04,697 [WARN] MainUpdater:1187 - Updater busy. Cannot search thirdparties
2023-05-06 15:32:04,697 [INFO] ThirdPartyUpdaterWithRetryManager:96 - Updater plugin is busy. [1/15]
2023-05-06 15:32:04,717 [INFO] CheckServerUpdateThread:120 - End of CheckServer Thread
2023-05-06 15:32:04,775 [INFO] MainUpdater:2854 - connection check result : 10
2023-05-06 15:32:04,777 [INFO] MainUpdater:2854 - connection check result : 10
2023-05-06 15:32:04,887 [INFO] MicroXplorer:468 - Change Database Path : 
2023-05-06 15:32:04,887 [INFO] MicroXplorer:498 - Change Database Version : DB.6.0.80
2023-05-06 15:32:04,887 [WARN] ThirdParty:871 - waiting for thirdparty lock release [close project]
2023-05-06 15:32:07,856 [WARN] PackLoader:240 - Cannot read IP mode file for STMicroelectronics.X-CUBE-GNSS1.6.0.0
2023-05-06 15:32:07,888 [WARN] PackLoader:240 - Cannot read IP mode file for STMicroelectronics.X-CUBE-AZRTOS-F4.1.1.0
2023-05-06 15:32:07,907 [WARN] PackLoader:240 - Cannot read IP mode file for STMicroelectronics.X-CUBE-SMBUS.2.1.0
2023-05-06 15:32:07,948 [WARN] PackLoader:240 - Cannot read IP mode file for STMicroelectronics.X-CUBE-MEMS1.9.2.0
2023-05-06 15:32:08,058 [WARN] PackLoader:240 - Cannot read IP mode file for STMicroelectronics.X-CUBE-BLEMGR.1.2.0
2023-05-06 15:32:08,078 [WARN] PackLoader:240 - Cannot read IP mode file for STMicroelectronics.X-CUBE-AZRTOS-F7.1.1.0
2023-05-06 15:32:08,116 [WARN] PackLoader:240 - Cannot read IP mode file for STMicroelectronics.X-CUBE-MEMS1.9.6.0
2023-05-06 15:32:08,256 [WARN] PackLoader:240 - Cannot read IP mode file for STMicroelectronics.X-CUBE-AI.7.1.0
2023-05-06 15:32:08,268 [WARN] PackLoader:240 - Cannot read IP mode file for STMicroelectronics.X-CUBE-TOUCHGFX.4.19.1
2023-05-06 15:32:08,276 [WARN] PackLoader:240 - Cannot read IP mode file for STMicroelectronics.X-CUBE-BLE1.6.2.3
2023-05-06 15:32:08,286 [WARN] PackLoader:240 - Cannot read IP mode file for STMicroelectronics.X-CUBE-BLE1.6.2.4
2023-05-06 15:32:08,306 [WARN] PackLoader:240 - Cannot read IP mode file for STMicroelectronics.X-CUBE-BLEMGR.2.0.0
2023-05-06 15:32:08,316 [WARN] PackLoader:240 - Cannot read IP mode file for STMicroelectronics.X-CUBE-NFC4.2.0.5
2023-05-06 15:32:08,327 [WARN] PackLoader:240 - Cannot read IP mode file for STMicroelectronics.X-CUBE-NFC4.2.0.4
2023-05-06 15:32:08,336 [WARN] PackLoader:240 - Cannot read IP mode file for STMicroelectronics.X-CUBE-BLE2.3.2.2
2023-05-06 15:32:08,358 [WARN] ConditionMgr:438 - getConditionDescription Invalid condition id : UX DEVICE CLASS RTOS Condition cause : null
2023-05-06 15:32:08,358 [WARN] ConditionMgr:438 - getConditionDescription Invalid condition id : UX DEVICE CLASS RTOS Condition cause : null
2023-05-06 15:32:08,365 [WARN] PackLoader:240 - Cannot read IP mode file for STMicroelectronics.X-CUBE-AZRTOS-H7.3.1.0
2023-05-06 15:32:08,367 [WARN] ConditionMgr:1039 - genDependencies : Invalid condition id : UX DEVICE CLASS RTOS Condition cause : null
2023-05-06 15:32:08,367 [WARN] ConditionMgr:1039 - genDependencies : Invalid condition id : UX DEVICE CLASS RTOS Condition cause : null
2023-05-06 15:32:08,367 [WARN] ConditionMgr:1039 - genDependencies : Invalid condition id : UX DEVICE CLASS RTOS Condition cause : null
2023-05-06 15:32:08,367 [WARN] ConditionMgr:1039 - genDependencies : Invalid condition id : UX DEVICE CLASS RTOS Condition cause : null
2023-05-06 15:32:08,367 [WARN] ConditionMgr:1039 - genDependencies : Invalid condition id : UX DEVICE CLASS RTOS Condition cause : null
2023-05-06 15:32:08,378 [WARN] PackLoader:240 - Cannot read IP mode file for STMicroelectronics.X-CUBE-TOF1.3.1.0
2023-05-06 15:32:08,396 [WARN] PackLoader:240 - Cannot read IP mode file for STMicroelectronics.X-CUBE-SFXS2LP1.3.1.0
2023-05-06 15:32:08,406 [WARN] PackLoader:240 - Cannot read IP mode file for STMicroelectronics.X-CUBE-DISPLAY.3.0.0
2023-05-06 15:32:08,427 [WARN] PackLoader:240 - Cannot read IP mode file for STMicroelectronics.X-CUBE-AZRTOS-F4.1.0.0
2023-05-06 15:32:08,436 [WARN] PackLoader:240 - Cannot read IP mode file for STMicroelectronics.X-CUBE-NFC7.1.0.0
2023-05-06 15:32:08,481 [WARN] PackLoader:240 - Cannot read IP mode file for STMicroelectronics.X-CUBE-MEMS1.9.3.0
2023-05-06 15:32:08,576 [WARN] PackLoader:240 - Cannot read IP mode file for STMicroelectronics.X-CUBE-EEPRMA1.4.1.0
2023-05-06 15:32:08,587 [WARN] PackLoader:240 - Cannot read IP mode file for STMicroelectronics.X-CUBE-AI.7.2.0
2023-05-06 15:32:08,606 [WARN] PackLoader:240 - Cannot read IP mode file for STMicroelectronics.X-CUBE-AZRTOS-G0.1.0.0
2023-05-06 15:32:08,618 [WARN] PackLoader:240 - Cannot read IP mode file for WES.I-CUBE-Cesium.1.3.0
2023-05-06 15:32:08,626 [WARN] PackLoader:240 - Cannot read IP mode file for STMicroelectronics.X-CUBE-SFXS2LP1.4.0.0
2023-05-06 15:32:08,638 [WARN] PackLoader:240 - Cannot read IP mode file for STMicroelectronics.X-CUBE-BLE2.3.3.0
2023-05-06 15:32:08,646 [WARN] PackLoader:240 - Cannot read IP mode file for STMicroelectronics.X-CUBE-DISPLAY.2.2.0
2023-05-06 15:32:08,658 [WARN] PackLoader:240 - Cannot read IP mode file for STMicroelectronics.X-CUBE-TOF1.3.2.0
2023-05-06 15:32:08,678 [WARN] PackLoader:240 - Cannot read IP mode file for STMicroelectronics.X-CUBE-AZRTOS-H7.3.0.0
2023-05-06 15:32:08,687 [WARN] PackLoader:240 - Cannot read IP mode file for STMicroelectronics.X-CUBE-ISPU.1.0.0
2023-05-06 15:32:08,697 [WARN] PackLoader:240 - Cannot read IP mode file for STMicroelectronics.X-CUBE-ISPU.1.1.0
2023-05-06 15:32:08,707 [WARN] PackLoader:240 - Cannot read IP mode file for RoweBots.I-CUBE-UNISONRTOS.5.5.0-4
2023-05-06 15:32:08,738 [WARN] PackLoader:240 - Cannot read IP mode file for STMicroelectronics.X-CUBE-AZRTOS-H7.2.1.0
2023-05-06 15:32:08,747 [WARN] PackLoader:240 - Cannot read IP mode file for STMicroelectronics.X-CUBE-AI.8.0.0
2023-05-06 15:32:08,757 [WARN] PackLoader:240 - Cannot read IP mode file for STMicroelectronics.X-CUBE-FREERTOS.1.0.0
2023-05-06 15:32:08,766 [WARN] PackLoader:240 - Cannot read IP mode file for STMicroelectronics.X-CUBE-FREERTOS.1.0.1
2023-05-06 15:32:08,767 [WARN] PackLoader:240 - Cannot read IP mode file for STMicroelectronics.X-CUBE-TOUCHGFX.4.21.1
2023-05-06 15:32:08,777 [WARN] PackLoader:240 - Cannot read IP mode file for STMicroelectronics.X-CUBE-TOUCHGFX.4.21.0
2023-05-06 15:32:08,788 [WARN] PackLoader:240 - Cannot read IP mode file for STMicroelectronics.X-CUBE-TOUCHGFX.4.21.3
2023-05-06 15:32:08,796 [WARN] PackLoader:240 - Cannot read IP mode file for STMicroelectronics.X-CUBE-BLEMGR.1.0.0
2023-05-06 15:32:08,828 [WARN] PackLoader:240 - Cannot read IP mode file for STMicroelectronics.X-CUBE-MEMS1.9.4.0
2023-05-06 15:32:08,938 [WARN] PackLoader:240 - Cannot read IP mode file for STMicroelectronics.X-CUBE-AI.7.3.0
2023-05-06 15:32:08,947 [WARN] PackLoader:240 - Cannot read IP mode file for STMicroelectronics.X-CUBE-ALGOBUILD.1.3.0
2023-05-06 15:32:08,971 [WARN] PackLoader:240 - Cannot read IP mode file for STMicroelectronics.X-CUBE-AZRTOS-L5.1.1.0
2023-05-06 15:32:08,998 [WARN] PackLoader:240 - Cannot read IP mode file for STMicroelectronics.X-CUBE-AZRTOS-G0.1.1.0
2023-05-06 15:32:09,006 [WARN] PackLoader:240 - Cannot read IP mode file for STMicroelectronics.X-CUBE-SUBG2.5.0.0
2023-05-06 15:32:09,026 [WARN] PackLoader:240 - Cannot read IP mode file for STMicroelectronics.X-CUBE-NFC4.3.0.0
2023-05-06 15:32:09,058 [WARN] PackLoader:240 - Cannot read IP mode file for SEGGER.I-CUBE-embOS.1.2.0
2023-05-06 15:32:09,107 [WARN] PackLoader:240 - Cannot read IP mode file for STMicroelectronics.X-CUBE-AZRTOS-G4.2.0.0
2023-05-06 15:32:09,116 [WARN] PackLoader:240 - Cannot read IP mode file for STMicroelectronics.X-CUBE-TOF1.3.3.0
2023-05-06 15:32:09,128 [WARN] PackLoader:240 - Cannot read IP mode file for STMicroelectronics.FP-ATR-ASTRA1.1.1.1
2023-05-06 15:32:09,136 [WARN] PackLoader:240 - Cannot read IP mode file for STMicroelectronics.FP-ATR-ASTRA1.1.1.0
2023-05-06 15:32:09,148 [WARN] PackLoader:240 - Cannot read IP mode file for STMicroelectronics.X-CUBE-BLEMGR.1.3.0
2023-05-06 15:32:09,165 [WARN] PackLoader:240 - Cannot read IP mode file for STMicroelectronics.X-CUBE-AZRTOS-G4.1.0.0
2023-05-06 15:32:09,167 [WARN] PackLoader:240 - Cannot read IP mode file for STMicroelectronics.FP-ATR-SIGFOX1.3.2.0
2023-05-06 15:32:09,177 [WARN] PackLoader:240 - Cannot read IP mode file for wolfSSL.I-CUBE-wolfSSL.5.3.0
2023-05-06 15:32:09,196 [WARN] PackLoader:240 - Cannot read IP mode file for STMicroelectronics.X-CUBE-AZRTOS-L4.1.0.0
2023-05-06 15:32:09,208 [WARN] PackLoader:240 - Cannot read IP mode file for emotas.I-CUBE-CANOPEN.1.1.2
2023-05-06 15:32:09,217 [WARN] PackLoader:240 - Cannot read IP mode file for STMicroelectronics.X-CUBE-TOUCHGFX.4.20.0
2023-05-06 15:32:09,237 [WARN] PackLoader:240 - Cannot read IP mode file for STMicroelectronics.X-CUBE-AZRTOS-F7.1.0.0
2023-05-06 15:32:09,256 [WARN] PackLoader:240 - Cannot read IP mode file for STMicroelectronics.X-CUBE-AZRTOS-WL.1.0.0
2023-05-06 15:32:09,267 [WARN] PackLoader:240 - Cannot read IP mode file for portGmbH.I-Cube-SoM-uGOAL.1.1.0
2023-05-06 15:32:09,278 [WARN] PackLoader:240 - Cannot read IP mode file for STMicroelectronics.X-CUBE-ALS.1.0.1
2023-05-06 15:32:09,307 [WARN] PackLoader:240 - Cannot read IP mode file for STMicroelectronics.X-CUBE-MEMS1.9.5.0
2023-05-06 15:32:09,417 [WARN] PackLoader:240 - Cannot read IP mode file for STMicroelectronics.X-CUBE-AZRTOS-WB.1.1.0
2023-05-06 15:32:09,437 [WARN] PackLoader:240 - Cannot read IP mode file for SEGGER.I-CUBE-embOS.1.3.1
2023-05-06 15:32:09,476 [WARN] PackLoader:240 - Cannot read IP mode file for STMicroelectronics.X-CUBE-AZRTOS-L5.1.0.0
2023-05-06 15:32:09,487 [WARN] PackLoader:240 - Cannot read IP mode file for STMicroelectronics.X-CUBE-EEPRMA1.3.1.1
2023-05-06 15:32:09,497 [WARN] PackLoader:240 - Cannot read IP mode file for STMicroelectronics.X-CUBE-GNSS1.5.2.0
2023-05-06 15:32:09,508 [WARN] PackLoader:240 - Cannot read IP mode file for STMicroelectronics.FP-ATR-ASTRA1.2.0.0
2023-05-06 15:32:09,517 [WARN] PackLoader:240 - Cannot read IP mode file for STMicroelectronics.X-CUBE-TOF1.3.0.0
2023-05-06 15:32:09,521 [INFO] ThirdParty:978 - Integrity check success = true
2023-05-06 15:32:09,521 [INFO] IntegrityCheckThread:100 - exiting critical section [integrity check]
2023-05-06 15:32:09,521 [INFO] IntegrityCheckThread:103 - End integrity checks thread
2023-05-06 15:32:09,521 [INFO] ThirdParty:873 - entering critical section [close project]
2023-05-06 15:32:09,521 [INFO] ThirdParty:883 - exiting critical section [close project]
2023-05-06 15:32:09,527 [INFO] PinOutPanel:1499 - setPackage(No Configuration,No Configuration)
2023-05-06 15:32:09,528 [INFO] UtilMem:75 - Begin LoadConfig() Used Memory: 181266184 Bytes (277872640)
2023-05-06 15:32:09,537 [INFO] MicroXplorer:468 - Change Database Path : 
2023-05-06 15:32:09,537 [INFO] MicroXplorer:498 - Change Database Version : DB.6.0.80
2023-05-06 15:32:09,537 [INFO] OpenFileManager:308 - Change cursor
2023-05-06 15:32:09,584 [INFO] Mcu:1937 - Initializing MCU STM32F446R(C-E)Tx STM32F446RETx STM32F446RET6
2023-05-06 15:32:11,038 [INFO] Context:659 - Trying to add GPIOservice into a context  which must be forbidden
2023-05-06 15:32:11,716 [INFO] RtosManager:555 - Registered RTOS mode: class=CMSIS, group=RTOS, mode=CMSIS_V1, owner=FREERTOS
2023-05-06 15:32:11,716 [INFO] RtosManager:555 - Registered RTOS mode: class=CMSIS, group=RTOS2, mode=CMSIS_V2, owner=FREERTOS
2023-05-06 15:32:11,716 [INFO] RtosManager:555 - Registered RTOS mode: class=RTOS, group=Core, mode=CMSIS_V1, owner=FREERTOS
2023-05-06 15:32:11,716 [INFO] RtosManager:555 - Registered RTOS mode: class=RTOS, group=Core, mode=CMSIS_V2, owner=FREERTOS
2023-05-06 15:32:11,726 [WARN] ModelIntegratedComponent:184 - Missing modes for component STMicroelectronics:FreeRTOS:0.0.1:STMicroelectronics:RTOS:FreeRTOS:Core:::10.2.0:
2023-05-06 15:32:11,736 [WARN] ModelIntegratedComponent:63 - No mode defined for component null
2023-05-06 15:32:11,736 [WARN] ModelIntegratedComponent:63 - No mode defined for component null
2023-05-06 15:32:11,736 [WARN] ModelIntegratedComponent:63 - No mode defined for component null
2023-05-06 15:32:11,736 [WARN] ModelIntegratedComponent:63 - No mode defined for component null
2023-05-06 15:32:11,736 [WARN] ModelIntegratedComponent:63 - No mode defined for component null
2023-05-06 15:32:11,736 [WARN] ModelIntegratedComponent:63 - No mode defined for component null
2023-05-06 15:32:11,736 [WARN] ModelIntegratedComponent:63 - No mode defined for component null
2023-05-06 15:32:11,736 [WARN] ModelIntegratedComponent:63 - No mode defined for component null
2023-05-06 15:32:11,736 [WARN] ModelIntegratedComponent:63 - No mode defined for component null
2023-05-06 15:32:11,736 [WARN] ModelIntegratedComponent:63 - No mode defined for component null
2023-05-06 15:32:11,736 [WARN] ModelIntegratedComponent:63 - No mode defined for component null
2023-05-06 15:32:11,736 [WARN] ModelIntegratedComponent:63 - No mode defined for component null
2023-05-06 15:32:11,736 [WARN] ModelIntegratedComponent:63 - No mode defined for component null
2023-05-06 15:32:11,736 [WARN] ModelIntegratedComponent:63 - No mode defined for component null
2023-05-06 15:32:11,736 [WARN] ModelIntegratedComponent:63 - No mode defined for component null
2023-05-06 15:32:11,736 [WARN] ModelIntegratedComponent:63 - No mode defined for component null
2023-05-06 15:32:11,736 [WARN] ModelIntegratedComponent:63 - No mode defined for component null
2023-05-06 15:32:11,736 [WARN] ModelIntegratedComponent:63 - No mode defined for component null
2023-05-06 15:32:11,736 [WARN] ModelIntegratedComponent:63 - No mode defined for component null
2023-05-06 15:32:11,736 [WARN] ModelIntegratedComponent:63 - No mode defined for component null
2023-05-06 15:32:11,736 [WARN] ModelIntegratedComponent:63 - No mode defined for component null
2023-05-06 15:32:11,736 [WARN] ModelIntegratedComponent:63 - No mode defined for component null
2023-05-06 15:32:11,736 [WARN] ModelIntegratedComponent:63 - No mode defined for component null
2023-05-06 15:32:11,736 [WARN] ModelIntegratedComponent:63 - No mode defined for component null
2023-05-06 15:32:11,736 [WARN] ModelIntegratedComponent:63 - No mode defined for component null
2023-05-06 15:32:11,736 [WARN] ModelIntegratedComponent:63 - No mode defined for component null
2023-05-06 15:32:11,736 [WARN] ModelIntegratedComponent:63 - No mode defined for component null
2023-05-06 15:32:11,736 [WARN] ModelIntegratedComponent:63 - No mode defined for component null
2023-05-06 15:32:11,736 [WARN] ModelIntegratedComponent:63 - No mode defined for component null
2023-05-06 15:32:11,736 [WARN] ModelIntegratedComponent:63 - No mode defined for component null
2023-05-06 15:32:11,736 [WARN] ModelIntegratedComponent:63 - No mode defined for component null
2023-05-06 15:32:11,736 [WARN] ModelIntegratedComponent:63 - No mode defined for component null
2023-05-06 15:32:11,736 [WARN] ModelIntegratedComponent:63 - No mode defined for component null
2023-05-06 15:32:11,857 [INFO] ThirdPartyModel:298 - Start build external matchings
2023-05-06 15:32:13,138 [INFO] ThirdPartyModel:316 - End build external matchings
2023-05-06 15:32:13,196 [INFO] ImportTextPane:194 - (OptionalMessage_ERROR) IP (DMA) : Parameter (Instance) has Id (ADC1) currently not set
2023-05-06 15:32:13,198 [INFO] ImportTextPane:194 - (OptionalMessage_ERROR) IP (DMA) : Parameter (Channel) has Id (ADC1) currently not set
2023-05-06 15:32:13,198 [INFO] ImportTextPane:194 - (OptionalMessage_ERROR) IP (DMA) : Parameter (Direction) has Id (ADC1) currently not set
2023-05-06 15:32:13,198 [INFO] ImportTextPane:194 - (OptionalMessage_ERROR) IP (DMA) : Parameter (PeriphInc) has Id (ADC1) currently not set
2023-05-06 15:32:13,198 [INFO] ImportTextPane:194 - (OptionalMessage_ERROR) IP (DMA) : Parameter (MemInc) has Id (ADC1) currently not set
2023-05-06 15:32:13,198 [INFO] ImportTextPane:194 - (OptionalMessage_ERROR) IP (DMA) : Parameter (PeriphDataAlignment) has Id (ADC1) currently not set
2023-05-06 15:32:13,198 [INFO] ImportTextPane:194 - (OptionalMessage_ERROR) IP (DMA) : Parameter (MemDataAlignment) has Id (ADC1) currently not set
2023-05-06 15:32:13,198 [INFO] ImportTextPane:194 - (OptionalMessage_ERROR) IP (DMA) : Parameter (Mode) has Id (ADC1) currently not set
2023-05-06 15:32:13,198 [INFO] ImportTextPane:194 - (OptionalMessage_ERROR) IP (DMA) : Parameter (Priority) has Id (ADC1) currently not set
2023-05-06 15:32:13,198 [INFO] ImportTextPane:194 - (OptionalMessage_ERROR) IP (DMA) : Parameter (FIFOMode) has Id (ADC1) currently not set
2023-05-06 15:32:13,206 [INFO] ImportTextPane:194 - (OptionalMessage_ERROR) IP (RCC) : Invalid parameter (FamilyName)
2023-05-06 15:32:13,207 [INFO] ImportTextPane:194 - (OptionalMessage_ERROR) IP (RCC) : Parameter (MCO2PinFreq_Value) has invalid value (180000000)
2023-05-06 15:32:13,207 [INFO] ImportTextPane:194 - (OptionalMessage_ERROR) IP (RCC) : Parameter (SDIOFreq_Value) has invalid value (180000000)
2023-05-06 15:32:13,207 [INFO] ImportTextPane:194 - (OptionalMessage_ERROR) IP (RCC) : Parameter (USBFreq_Value) has invalid value (180000000)
2023-05-06 15:32:13,475 [INFO] UtilMem:75 - End LoadConfig() Used Memory: 222443000 Bytes (277872640)
2023-05-06 15:32:13,551 [INFO] ApiDb:581 - Connected to CubeFinder SQLite database (C:\Users\Natsuki\.stmcufinder\plugins\mcufinder\mcu\cube-finder-db.db)
2023-05-06 15:32:13,623 [INFO] ApiDb:668 - CubeFinder database Data Model version=2.1
2023-05-06 15:32:13,624 [INFO] ApiDb:669 - CubeFinder database Configuration version=3.0.35
2023-05-06 15:32:13,624 [INFO] ApiDb:670 - CubeFinder database generation date=2023-04-03 (1680511692)
2023-05-06 15:32:13,624 [INFO] ApiDb:671 - CubeFinder database FW Pack versions=[FP-ATR-ASTRA1_V2.0.0, STM32Cube_FW_C0_V1.0.1, STM32Cube_FW_F0_V1.11.4, STM32Cube_FW_F3_V1.11.4, STM32Cube_FW_F4_V1.27.1, STM32Cube_FW_F7_V1.17.0, STM32Cube_FW_G0_V1.6.1, STM32Cube_FW_G4_V1.5.1, STM32Cube_FW_H5_V0.5.1, STM32Cube_FW_H5_V1.0.0, STM32Cube_FW_H7_V1.11.0, STM32Cube_FW_L0_V1.12.2, STM32Cube_FW_L5_V1.5.0, STM32Cube_FW_U5_V1.2.0, STM32Cube_FW_WBA_V1.0.0, STM32Cube_FW_WBA_V1.0.0RC1, STM32Cube_FW_WBA_V1.0.0RC3, STM32Cube_FW_WB_V1.15.0RC1, STM32Cube_FW_WB_V1.16.0, STM32Cube_FW_WB_V1.16.0RC2, STM32Cube_FW_WL_V1.3.0, X-CUBE-ALGOBUILD_V1.3.0, X-CUBE-ALS_V1.0.1, X-CUBE-AZRTOS-F4_V1.1.0, X-CUBE-AZRTOS-F7_V1.1.0, X-CUBE-AZRTOS-G0_V1.1.0, X-CUBE-AZRTOS-G4_V1.0.0, X-CUBE-AZRTOS-H7_V3.0.0, X-CUBE-AZRTOS-L4_V1.0.0, X-CUBE-AZRTOS-L5_V1.1.0, X-CUBE-AZRTOS-WB_V1.1.0, X-CUBE-AZRTOS-WL_V1.0.0, X-CUBE-BLE1_V6.2.4, X-CUBE-BLE2_V3.3.0, X-CUBE-BLEMGR_V1.3.0, X-CUBE-EEPRMA1_V4.1.0, X-CUBE-FREERTOS_V1.0.1, X-CUBE-GNSS1_V6.0.0, X-CUBE-MEMS1_V9.1.0, X-CUBE-MEMS1_V9.4.0, X-CUBE-MEMS1_V9.5.0, X-CUBE-NFC4_V3.0.0, X-CUBE-NFC7_V1.0.0, X-CUBE-SFXS2LP1_V4.0.0, X-CUBE-SUBG2_V5.0.0]
2023-05-06 15:32:15,839 [INFO] ApiDb:240 - Found 297 in-development CPN: [B-G473E-ZEST1S, B-WB1M-WPAN1, B-WL5M-SUBG1, NUCLEO-C031C6, NUCLEO-H503RB, NUCLEO-H563ZI, NUCLEO-U545RE-Q, NUCLEO-U5A5ZJ-Q, NUCLEO-WBA52CG, STEVAL-PROTEUS1, STEVAL-STWINBX1, STM320518-EVAL, STM32C0116-DK, STM32C011D6Y3TR, STM32C011D6Y6TR, STM32C011F4P3, STM32C011F4P6, STM32C011F4U3, STM32C011F4U6TR, STM32C011F6P3, STM32C011F6P6, STM32C011F6U3, STM32C011F6U6TR, STM32C011J4M3, STM32C011J4M6, STM32C011J6M3, STM32C011J6M6, STM32C0316-DK, STM32C031C4T3, STM32C031C4T6, STM32C031C4U3, STM32C031C4U6, STM32C031C6T3, STM32C031C6T6, STM32C031C6U3, STM32C031C6U6, STM32C031F4P3, STM32C031F4P6, STM32C031F6P3, STM32C031F6P6, STM32C031G4U3, STM32C031G4U6, STM32C031G6U3, STM32C031G6U6, STM32C031K4T3, STM32C031K4T6, STM32C031K4U3, STM32C031K4U6, STM32C031K6T3, STM32C031K6T6, STM32C031K6U3, STM32C031K6U6, STM32G071K8TXN, STM32G071K8UXN, STM32G081GBU6N, STM32G081KBT6N, STM32G081KBUXN, STM32G0B1CCT6N, STM32G0B1KCT6, STM32G0B1NEY6TR, STM32G0B1RCT6N, STM32G0C1CCT6, STM32G0C1CCT6N, STM32G0C1CCU6N, STM32G0C1CET6N, STM32G0C1CEU6N, STM32G0C1KCT6, STM32G0C1NEY6TR, STM32G0C1RCI6N, STM32G0C1RCT6N, STM32G0C1REI6N, STM32G0C1RET6N, STM32G0C1VCI6, STM32G0C1VEI6, STM32G471CCT6, STM32G471CCU6, STM32G471CET3, STM32G471CET6, STM32G471CEU3, STM32G471CEU6, STM32G471MCT6, STM32G471MET3, STM32G471MET6, STM32G471MEY6TR, STM32G471QCT6, STM32G471QET3, STM32G471RCT6, STM32G471RET3, STM32G471RET6, STM32G471VCH6, STM32G471VCI6, STM32G471VCT6, STM32G471VEH3, STM32G471VEH6, STM32G471VEI3, STM32G471VEI6, STM32G471VET3, STM32G471VET6, STM32G474CCT6, STM32H503CBT6, STM32H503CBU6, STM32H503EBY6TR, STM32H503KBU6, STM32H503RBT6, STM32H562AGI6, STM32H562AII6, STM32H562IGK6, STM32H562IGT6, STM32H562IIK6, STM32H562IIT6, STM32H562RGT6, STM32H562RGV6, STM32H562RIT6, STM32H562RIV6, STM32H562VGT6, STM32H562VIT6, STM32H562ZGT6, STM32H562ZIT6, STM32H563AGI6, STM32H563AII3Q, STM32H563AII6, STM32H563IGK6, STM32H563IGT6, STM32H563IIK3Q, STM32H563IIK6, STM32H563IIT3Q, STM32H563IIT6, STM32H563MIY3QTR, STM32H563RGT6, STM32H563RGV6, STM32H563RIT6, STM32H563RIV6, STM32H563VGT6, STM32H563VIT3Q, STM32H563VIT6, STM32H563ZGT6, STM32H563ZIT3Q, STM32H563ZIT6, STM32H573AII3Q, STM32H573AII6, STM32H573I-DK, STM32H573IIK3Q, STM32H573IIK6, STM32H573IIT3Q, STM32H573IIT6, STM32H573MIY3QTR, STM32H573RIT6, STM32H573RIV6, STM32H573VIT3Q, STM32H573VIT6, STM32H573ZIT3Q, STM32H573ZIT6, STM32L4R5QGI6STR, STM32MP131AAE3, STM32MP131AAF3, STM32MP131AAG3, STM32MP131CAE3, STM32MP131CAF3, STM32MP131CAG3, STM32MP131DAE7, STM32MP131DAF7, STM32MP131DAG7, STM32MP131FAE7, STM32MP131FAF7, STM32MP131FAG7, STM32MP133AAE3, STM32MP133AAF3, STM32MP133AAG3, STM32MP133CAE3, STM32MP133CAF3, STM32MP133CAG3, STM32MP133DAE7, STM32MP133DAF7, STM32MP133DAG7, STM32MP133FAE7, STM32MP133FAF7, STM32MP133FAG7, STM32MP135AAE3, STM32MP135AAF3, STM32MP135AAG3, STM32MP135CAE3, STM32MP135CAF3, STM32MP135CAG3, STM32MP135DAE7, STM32MP135DAF7, STM32MP135DAG7, STM32MP135F-DK, STM32MP135FAE7, STM32MP135FAF7, STM32MP135FAF7T, STM32MP135FAF7U, STM32MP135FAG7, STM32U535CBT6, STM32U535CBT6Q, STM32U535CBU6, STM32U535CBU6Q, STM32U535CCT6, STM32U535CCT6Q, STM32U535CCU6, STM32U535CCU6Q, STM32U535CET6, STM32U535CET6Q, STM32U535CEU6, STM32U535CEU6Q, STM32U535JEY6QTR, STM32U535NCY6QTR, STM32U535NEY6QTR, STM32U535RBI6, STM32U535RBI6Q, STM32U535RBT6, STM32U535RBT6Q, STM32U535RCI6, STM32U535RCI6Q, STM32U535RCT6, STM32U535RCT6Q, STM32U535REI6, STM32U535REI6Q, STM32U535RET6, STM32U535RET6Q, STM32U535VCI6, STM32U535VCI6Q, STM32U535VCT6, STM32U535VCT6Q, STM32U535VEI6, STM32U535VEI6Q, STM32U535VET6, STM32U535VET6Q, STM32U545CET6, STM32U545CET6Q, STM32U545CEU6, STM32U545CEU6Q, STM32U545JEY6QTR, STM32U545NEY6QTR, STM32U545REI6, STM32U545REI6Q, STM32U545RET6, STM32U545RET6Q, STM32U545VEI6, STM32U545VEI6Q, STM32U545VET6, STM32U545VET6Q, STM32U595AIH6, STM32U595AIH6Q, STM32U595AJH6, STM32U595AJH6Q, STM32U595QII6, STM32U595QII6Q, STM32U595QJI6, STM32U595QJI6Q, STM32U595RIT6, STM32U595RIT6Q, STM32U595RJT6, STM32U595RJT6Q, STM32U595VIT6, STM32U595VIT6Q, STM32U595VJT6, STM32U595VJT6Q, STM32U595ZIT6, STM32U595ZIT6Q, STM32U595ZIY6QTR, STM32U595ZJT6, STM32U595ZJT6Q, STM32U595ZJY6QTR, STM32U599BJY6QTR, STM32U599NIH6Q, STM32U599NJH6Q, STM32U599VIT6Q, STM32U599VJT6, STM32U599VJT6Q, STM32U599ZIT6Q, STM32U599ZIY6QTR, STM32U599ZJT6Q, STM32U599ZJY6QTR, STM32U5A5AJH6, STM32U5A5AJH6Q, STM32U5A5QJI6, STM32U5A5QJI6Q, STM32U5A5RJT6, STM32U5A5RJT6Q, STM32U5A5VJT6, STM32U5A5VJT6Q, STM32U5A5ZJT6, STM32U5A5ZJT6Q, STM32U5A5ZJY6QTR, STM32U5A9BJY6QTR, STM32U5A9J-DK, STM32U5A9NJH6Q, STM32U5A9VJT6Q, STM32U5A9ZJT6Q, STM32U5A9ZJY6QTR, STM32WB1MMCH6, STM32WBA52CEU6, STM32WBA52CEU6T, STM32WBA52CGU6, STM32WBA52CGU6T, STM32WL5MOCH6, STM32WL5MOCH6TR]
2023-05-06 15:32:15,839 [INFO] DbMcus:216 - Found 3775 MCUs, 3775 are supported
2023-05-06 15:32:15,848 [INFO] ApiDb:423 - Load user favorites file C:\Users\Natsuki/.stm32cubeide/favorites.mcus.txt: 0 item(s)
2023-05-06 15:32:15,850 [INFO] ApiDb:427 - User favorites MCUs=[]
2023-05-06 15:32:15,850 [INFO] DbMcus:222 - Set 0 / 0 favorites MCUs
2023-05-06 15:32:16,186 [WARN] ThirdParty:833 - waiting for thirdparty lock release [change project]
2023-05-06 15:32:16,186 [INFO] ThirdParty:835 - entering critical section [change project]
2023-05-06 15:32:16,186 [INFO] ThirdParty:1030 - CMSIS Pack Vendor :STMicroelectronics X-CUBE-ISPU 1.1.0
2023-05-06 15:32:16,186 [INFO] ThirdParty:1030 - CMSIS Pack Vendor :RoweBots I-CUBE-UNISONRTOS 5.5.0-4
2023-05-06 15:32:16,186 [INFO] ThirdParty:1030 - CMSIS Pack Vendor :STMicroelectronics X-CUBE-GNSS1 6.0.0
2023-05-06 15:32:16,187 [INFO] ThirdParty:1030 - CMSIS Pack Vendor :STMicroelectronics X-CUBE-AZRTOS-H7 2.1.0
2023-05-06 15:32:16,187 [INFO] ThirdParty:1030 - CMSIS Pack Vendor :STMicroelectronics USB_HOST 2.0.0
2023-05-06 15:32:16,187 [INFO] ThirdParty:1030 - CMSIS Pack Vendor :STMicroelectronics X-CUBE-AZRTOS-F4 1.1.0
2023-05-06 15:32:16,187 [INFO] ThirdParty:1030 - CMSIS Pack Vendor :STMicroelectronics LIBJPEG 8.0.0
2023-05-06 15:32:16,187 [INFO] ThirdParty:1030 - CMSIS Pack Vendor :STMicroelectronics X-CUBE-SMBUS 2.1.0
2023-05-06 15:32:16,187 [INFO] ThirdParty:1030 - CMSIS Pack Vendor :STMicroelectronics USB_DEVICE 3.0.0
2023-05-06 15:32:16,187 [INFO] ThirdParty:1030 - CMSIS Pack Vendor :STMicroelectronics X-CUBE-AI 8.0.0
2023-05-06 15:32:16,187 [INFO] ThirdParty:1030 - CMSIS Pack Vendor :STMicroelectronics X-CUBE-FREERTOS 1.0.0
2023-05-06 15:32:16,187 [INFO] ThirdParty:1030 - CMSIS Pack Vendor :STMicroelectronics X-CUBE-FREERTOS 1.0.1
2023-05-06 15:32:16,187 [INFO] ThirdParty:1030 - CMSIS Pack Vendor :STMicroelectronics X-CUBE-TOUCHGFX 4.21.1
2023-05-06 15:32:16,187 [INFO] ThirdParty:1030 - CMSIS Pack Vendor :STMicroelectronics X-CUBE-TOUCHGFX 4.21.0
2023-05-06 15:32:16,187 [INFO] ThirdParty:1030 - CMSIS Pack Vendor :STMicroelectronics X-CUBE-TOUCHGFX 4.21.3
2023-05-06 15:32:16,187 [INFO] ThirdParty:1030 - CMSIS Pack Vendor :STMicroelectronics X-CUBE-BLEMGR 1.0.0
2023-05-06 15:32:16,187 [INFO] ThirdParty:1030 - CMSIS Pack Vendor :STMicroelectronics X-CUBE-MEMS1 9.2.0
2023-05-06 15:32:16,187 [INFO] ThirdParty:1030 - CMSIS Pack Vendor :STMicroelectronics X-CUBE-BLEMGR 1.2.0
2023-05-06 15:32:16,187 [INFO] ThirdParty:1030 - CMSIS Pack Vendor :STMicroelectronics X-CUBE-AZRTOS-F7 1.1.0
2023-05-06 15:32:16,187 [INFO] ThirdParty:1030 - CMSIS Pack Vendor :STMicroelectronics X-CUBE-MEMS1 9.4.0
2023-05-06 15:32:16,187 [INFO] ThirdParty:1030 - CMSIS Pack Vendor :STMicroelectronics USB_DEVICE 2.0.0
2023-05-06 15:32:16,188 [INFO] ThirdParty:1030 - CMSIS Pack Vendor :STMicroelectronics X-CUBE-MEMS1 9.6.0
2023-05-06 15:32:16,188 [INFO] ThirdParty:1030 - CMSIS Pack Vendor :STMicroelectronics X-CUBE-AI 7.3.0
2023-05-06 15:32:16,188 [INFO] ThirdParty:1030 - CMSIS Pack Vendor :STMicroelectronics X-CUBE-AI 7.1.0
2023-05-06 15:32:16,188 [INFO] ThirdParty:1030 - CMSIS Pack Vendor :STMicroelectronics X-CUBE-TOUCHGFX 4.19.1
2023-05-06 15:32:16,188 [INFO] ThirdParty:1030 - CMSIS Pack Vendor :STMicroelectronics X-CUBE-BLE1 6.2.3
2023-05-06 15:32:16,188 [INFO] ThirdParty:1030 - CMSIS Pack Vendor :STMicroelectronics X-CUBE-ALGOBUILD 1.3.0
2023-05-06 15:32:16,188 [INFO] ThirdParty:1030 - CMSIS Pack Vendor :STMicroelectronics X-CUBE-BLE1 6.2.4
2023-05-06 15:32:16,188 [INFO] ThirdParty:1030 - CMSIS Pack Vendor :STMicroelectronics X-CUBE-AZRTOS-L5 1.1.0
2023-05-06 15:32:16,188 [INFO] ThirdParty:1030 - CMSIS Pack Vendor :STMicroelectronics FreeRTOS 0.0.1
2023-05-06 15:32:16,188 [INFO] ThirdParty:1030 - CMSIS Pack Vendor :STMicroelectronics X-CUBE-AZRTOS-G0 1.1.0
2023-05-06 15:32:16,188 [INFO] ThirdParty:1030 - CMSIS Pack Vendor :STMicroelectronics X-CUBE-BLEMGR 2.0.0
2023-05-06 15:32:16,188 [INFO] ThirdParty:1030 - CMSIS Pack Vendor :STMicroelectronics X-CUBE-SUBG2 5.0.0
2023-05-06 15:32:16,188 [INFO] ThirdParty:1030 - CMSIS Pack Vendor :STMicroelectronics X-CUBE-NFC4 3.0.0
2023-05-06 15:32:16,188 [INFO] ThirdParty:1030 - CMSIS Pack Vendor :SEGGER I-CUBE-embOS 1.2.0
2023-05-06 15:32:16,188 [INFO] ThirdParty:1030 - CMSIS Pack Vendor :STMicroelectronics STM32_WPAN 1.0.0
2023-05-06 15:32:16,188 [INFO] ThirdParty:1030 - CMSIS Pack Vendor :STMicroelectronics lwIP 2.0.3
2023-05-06 15:32:16,188 [INFO] ThirdParty:1030 - CMSIS Pack Vendor :STMicroelectronics X-CUBE-NFC4 2.0.5
2023-05-06 15:32:16,188 [INFO] ThirdParty:1030 - CMSIS Pack Vendor :STMicroelectronics X-CUBE-NFC4 2.0.4
2023-05-06 15:32:16,188 [INFO] ThirdParty:1030 - CMSIS Pack Vendor :STMicroelectronics X-CUBE-BLE2 3.2.2
2023-05-06 15:32:16,188 [INFO] ThirdParty:1030 - CMSIS Pack Vendor :STMicroelectronics USB_HOST 1.0.0
2023-05-06 15:32:16,188 [INFO] ThirdParty:1030 - CMSIS Pack Vendor :STMicroelectronics X-CUBE-AZRTOS-G4 2.0.0
2023-05-06 15:32:16,188 [INFO] ThirdParty:1030 - CMSIS Pack Vendor :STMicroelectronics PDM2PCM 3.1.0
2023-05-06 15:32:16,188 [INFO] ThirdParty:1030 - CMSIS Pack Vendor :STMicroelectronics X-CUBE-AZRTOS-H7 3.1.0
2023-05-06 15:32:16,188 [INFO] ThirdParty:1030 - CMSIS Pack Vendor :STMicroelectronics X-CUBE-TOF1 3.3.0
2023-05-06 15:32:16,188 [INFO] ThirdParty:1030 - CMSIS Pack Vendor :STMicroelectronics FP-ATR-ASTRA1 1.1.1
2023-05-06 15:32:16,188 [INFO] ThirdParty:1030 - CMSIS Pack Vendor :STMicroelectronics PDM2PCM 3.3.0
2023-05-06 15:32:16,188 [INFO] ThirdParty:1030 - CMSIS Pack Vendor :STMicroelectronics X-CUBE-TOF1 3.1.0
2023-05-06 15:32:16,188 [INFO] ThirdParty:1030 - CMSIS Pack Vendor :STMicroelectronics X-CUBE-SFXS2LP1 3.1.0
2023-05-06 15:32:16,188 [INFO] ThirdParty:1030 - CMSIS Pack Vendor :STMicroelectronics FP-ATR-ASTRA1 1.1.0
2023-05-06 15:32:16,188 [INFO] ThirdParty:1030 - CMSIS Pack Vendor :STMicroelectronics X-CUBE-DISPLAY 3.0.0
2023-05-06 15:32:16,188 [INFO] ThirdParty:1030 - CMSIS Pack Vendor :STMicroelectronics X-CUBE-BLEMGR 1.3.0
2023-05-06 15:32:16,188 [INFO] ThirdParty:1030 - CMSIS Pack Vendor :STMicroelectronics X-CUBE-AZRTOS-F4 1.0.0
2023-05-06 15:32:16,188 [INFO] ThirdParty:1030 - CMSIS Pack Vendor :STMicroelectronics X-CUBE-AZRTOS-G4 1.0.0
2023-05-06 15:32:16,188 [INFO] ThirdParty:1030 - CMSIS Pack Vendor :STMicroelectronics FP-ATR-SIGFOX1 3.2.0
2023-05-06 15:32:16,188 [INFO] ThirdParty:1030 - CMSIS Pack Vendor :wolfSSL I-CUBE-wolfSSL 5.3.0
2023-05-06 15:32:16,192 [INFO] ThirdParty:1030 - CMSIS Pack Vendor :STMicroelectronics X-CUBE-AZRTOS-L4 1.0.0
2023-05-06 15:32:16,192 [INFO] ThirdParty:1030 - CMSIS Pack Vendor :STMicroelectronics HAL Drivers 0.0.0
2023-05-06 15:32:16,192 [INFO] ThirdParty:1030 - CMSIS Pack Vendor :STMicroelectronics MBEDTLS 2.16.2
2023-05-06 15:32:16,192 [INFO] ThirdParty:1030 - CMSIS Pack Vendor :emotas I-CUBE-CANOPEN 1.1.2
2023-05-06 15:32:16,192 [INFO] ThirdParty:1030 - CMSIS Pack Vendor :STMicroelectronics X-CUBE-TOUCHGFX 4.20.0
2023-05-06 15:32:16,192 [INFO] ThirdParty:1030 - CMSIS Pack Vendor :STMicroelectronics MBEDTLS 2.14.1
2023-05-06 15:32:16,192 [INFO] ThirdParty:1030 - CMSIS Pack Vendor :STMicroelectronics X-CUBE-NFC7 1.0.0
2023-05-06 15:32:16,192 [INFO] ThirdParty:1030 - CMSIS Pack Vendor :STMicroelectronics X-CUBE-AZRTOS-F7 1.0.0
2023-05-06 15:32:16,192 [INFO] ThirdParty:1030 - CMSIS Pack Vendor :STMicroelectronics X-CUBE-AZRTOS-WL 1.0.0
2023-05-06 15:32:16,192 [INFO] ThirdParty:1030 - CMSIS Pack Vendor :STMicroelectronics X-CUBE-MEMS1 9.3.0
2023-05-06 15:32:16,192 [INFO] ThirdParty:1030 - CMSIS Pack Vendor :STMicroelectronics X-CUBE-EEPRMA1 4.1.0
2023-05-06 15:32:16,192 [INFO] ThirdParty:1030 - CMSIS Pack Vendor :portGmbH I-Cube-SoM-uGOAL 1.1.0
2023-05-06 15:32:16,192 [INFO] ThirdParty:1030 - CMSIS Pack Vendor :STMicroelectronics X-CUBE-ALS 1.0.1
2023-05-06 15:32:16,192 [INFO] ThirdParty:1030 - CMSIS Pack Vendor :STMicroelectronics X-CUBE-AI 7.2.0
2023-05-06 15:32:16,192 [INFO] ThirdParty:1030 - CMSIS Pack Vendor :STMicroelectronics X-CUBE-MEMS1 9.5.0
2023-05-06 15:32:16,192 [INFO] ThirdParty:1030 - CMSIS Pack Vendor :STMicroelectronics ThreadX 1.0.0
2023-05-06 15:32:16,192 [INFO] ThirdParty:1030 - CMSIS Pack Vendor :STMicroelectronics X-CUBE-AZRTOS-WB 1.1.0
2023-05-06 15:32:16,192 [INFO] ThirdParty:1030 - CMSIS Pack Vendor :SEGGER I-CUBE-embOS 1.3.1
2023-05-06 15:32:16,192 [INFO] ThirdParty:1030 - CMSIS Pack Vendor :STMicroelectronics X-CUBE-AZRTOS-L5 1.0.0
2023-05-06 15:32:16,192 [INFO] ThirdParty:1030 - CMSIS Pack Vendor :STMicroelectronics USB_DEVICE 1.0.0
2023-05-06 15:32:16,192 [INFO] ThirdParty:1030 - CMSIS Pack Vendor :STMicroelectronics X-CUBE-AZRTOS-G0 1.0.0
2023-05-06 15:32:16,192 [INFO] ThirdParty:1030 - CMSIS Pack Vendor :STMicroelectronics X-CUBE-EEPRMA1 3.1.1
2023-05-06 15:32:16,192 [INFO] ThirdParty:1030 - CMSIS Pack Vendor :STMicroelectronics X-CUBE-GNSS1 5.2.0
2023-05-06 15:32:16,192 [INFO] ThirdParty:1030 - CMSIS Pack Vendor :STMicroelectronics ThreadX 0.0.2
2023-05-06 15:32:16,192 [INFO] ThirdParty:1030 - CMSIS Pack Vendor :WES I-CUBE-Cesium 1.3.0
2023-05-06 15:32:16,192 [INFO] ThirdParty:1030 - CMSIS Pack Vendor :STMicroelectronics FP-ATR-ASTRA1 2.0.0
2023-05-06 15:32:16,192 [INFO] ThirdParty:1030 - CMSIS Pack Vendor :STMicroelectronics lwIP 2.1.2
2023-05-06 15:32:16,192 [INFO] ThirdParty:1030 - CMSIS Pack Vendor :STMicroelectronics X-CUBE-SFXS2LP1 4.0.0
2023-05-06 15:32:16,192 [INFO] ThirdParty:1030 - CMSIS Pack Vendor :STMicroelectronics X-CUBE-BLE2 3.3.0
2023-05-06 15:32:16,192 [INFO] ThirdParty:1030 - CMSIS Pack Vendor :STMicroelectronics X-CUBE-DISPLAY 2.2.0
2023-05-06 15:32:16,192 [INFO] ThirdParty:1030 - CMSIS Pack Vendor :STMicroelectronics X-CUBE-TOF1 3.2.0
2023-05-06 15:32:16,192 [INFO] ThirdParty:1030 - CMSIS Pack Vendor :STMicroelectronics PDM2PCM 3.2.0
2023-05-06 15:32:16,192 [INFO] ThirdParty:1030 - CMSIS Pack Vendor :STMicroelectronics X-CUBE-AZRTOS-H7 3.0.0
2023-05-06 15:32:16,192 [INFO] ThirdParty:1030 - CMSIS Pack Vendor :STMicroelectronics X-CUBE-TOF1 3.0.0
2023-05-06 15:32:16,192 [INFO] ThirdParty:1030 - CMSIS Pack Vendor :STMicroelectronics X-CUBE-ISPU 1.0.0
2023-05-06 15:32:16,192 [INFO] ThirdParty:841 - exiting critical section [change project]
2023-05-06 15:32:16,627 [INFO] PinOutPanel:1499 - setPackage(No Configuration,No Configuration)
2023-05-06 15:32:16,627 [INFO] PinOutPanel:1499 - setPackage(STM32F446RETx,LQFP64)
2023-05-06 15:32:17,366 [INFO] UtilMem:75 - Before build in PCC Used Memory: 278255104 Bytes (390070272)
2023-05-06 15:32:18,288 [INFO] UtilMem:75 - After build in PCC Used Memory: 329258800 Bytes (390070272)
2023-05-06 15:32:18,318 [INFO] IPUIPlugin:80 - create IPUIPlugin
2023-05-06 15:32:18,318 [INFO] IPUIPlugin:80 - create IPUIPlugin
2023-05-06 15:32:18,318 [INFO] IPUIPlugin:80 - create IPUIPlugin
2023-05-06 15:32:18,318 [INFO] IPUIPlugin:80 - create IPUIPlugin
2023-05-06 15:32:18,318 [INFO] IPUIPlugin:80 - create IPUIPlugin
2023-05-06 15:32:18,318 [INFO] IPUIPlugin:80 - create IPUIPlugin
2023-05-06 15:32:18,318 [INFO] IPUIPlugin:80 - create IPUIPlugin
2023-05-06 15:32:18,318 [INFO] IPUIPlugin:80 - create IPUIPlugin
2023-05-06 15:32:18,318 [INFO] IPUIPlugin:80 - create IPUIPlugin
2023-05-06 15:32:18,318 [INFO] IPUIPlugin:80 - create IPUIPlugin
2023-05-06 15:32:18,318 [INFO] IPUIPlugin:80 - create IPUIPlugin
2023-05-06 15:32:18,318 [INFO] IPUIPlugin:80 - create IPUIPlugin
2023-05-06 15:32:18,318 [INFO] IPUIPlugin:80 - create IPUIPlugin
2023-05-06 15:32:18,318 [INFO] IPUIPlugin:80 - create IPUIPlugin
2023-05-06 15:32:18,318 [INFO] IPUIPlugin:80 - create IPUIPlugin
2023-05-06 15:32:18,318 [INFO] IPUIPlugin:80 - create IPUIPlugin
2023-05-06 15:32:18,318 [INFO] IPUIPlugin:80 - create IPUIPlugin
2023-05-06 15:32:18,318 [INFO] IPUIPlugin:80 - create IPUIPlugin
2023-05-06 15:32:18,326 [INFO] IPUIPlugin:80 - create IPUIPlugin
2023-05-06 15:32:18,326 [INFO] IPUIPlugin:80 - create IPUIPlugin
2023-05-06 15:32:18,327 [INFO] IPUIPlugin:80 - create IPUIPlugin
2023-05-06 15:32:18,328 [INFO] IPUIPlugin:80 - create IPUIPlugin
2023-05-06 15:32:18,328 [INFO] IPUIPlugin:80 - create IPUIPlugin
2023-05-06 15:32:18,328 [INFO] IPUIPlugin:80 - create IPUIPlugin
2023-05-06 15:32:18,328 [INFO] IPUIPlugin:80 - create IPUIPlugin
2023-05-06 15:32:18,328 [INFO] IPUIPlugin:80 - create IPUIPlugin
2023-05-06 15:32:18,328 [INFO] IPUIPlugin:80 - create IPUIPlugin
2023-05-06 15:32:18,328 [INFO] IPUIPlugin:80 - create IPUIPlugin
2023-05-06 15:32:18,328 [INFO] IPUIPlugin:80 - create IPUIPlugin
2023-05-06 15:32:18,328 [INFO] IPUIPlugin:80 - create IPUIPlugin
2023-05-06 15:32:18,328 [INFO] IPUIPlugin:80 - create IPUIPlugin
2023-05-06 15:32:18,328 [INFO] IPUIPlugin:80 - create IPUIPlugin
2023-05-06 15:32:18,328 [INFO] IPUIPlugin:80 - create IPUIPlugin
2023-05-06 15:32:18,328 [INFO] IPUIPlugin:80 - create IPUIPlugin
2023-05-06 15:32:18,328 [INFO] IPUIPlugin:80 - create IPUIPlugin
2023-05-06 15:32:18,328 [INFO] IPUIPlugin:80 - create IPUIPlugin
2023-05-06 15:32:18,338 [INFO] IPUIPlugin:80 - create IPUIPlugin
2023-05-06 15:32:18,338 [INFO] IPUIPlugin:80 - create IPUIPlugin
2023-05-06 15:32:18,345 [INFO] IPUIPlugin:80 - create IPUIPlugin
2023-05-06 15:32:18,346 [INFO] IPUIPlugin:80 - create IPUIPlugin
2023-05-06 15:32:18,346 [INFO] IPUIPlugin:80 - create IPUIPlugin
2023-05-06 15:32:18,348 [INFO] IPUIPlugin:80 - create IPUIPlugin
2023-05-06 15:32:18,348 [INFO] IPUIPlugin:80 - create IPUIPlugin
2023-05-06 15:32:18,348 [INFO] IPUIPlugin:80 - create IPUIPlugin
2023-05-06 15:32:18,348 [INFO] IPUIPlugin:80 - create IPUIPlugin
2023-05-06 15:32:18,348 [INFO] IPUIPlugin:80 - create IPUIPlugin
2023-05-06 15:32:18,348 [INFO] IPUIPlugin:80 - create IPUIPlugin
2023-05-06 15:32:18,348 [INFO] IPUIPlugin:80 - create IPUIPlugin
2023-05-06 15:32:18,348 [INFO] IPUIPlugin:80 - create IPUIPlugin
2023-05-06 15:32:18,348 [INFO] IPUIPlugin:80 - create IPUIPlugin
2023-05-06 15:32:18,355 [INFO] IPUIPlugin:80 - create IPUIPlugin
2023-05-06 15:32:18,356 [INFO] IPUIPlugin:80 - create IPUIPlugin
2023-05-06 15:32:18,358 [INFO] IPUIPlugin:80 - create IPUIPlugin
2023-05-06 15:32:18,358 [INFO] IPUIPlugin:80 - create IPUIPlugin
2023-05-06 15:32:18,358 [INFO] IPUIPlugin:80 - create IPUIPlugin
2023-05-06 15:32:18,358 [INFO] IPUIPlugin:80 - create IPUIPlugin
2023-05-06 15:32:18,368 [INFO] IPUIPlugin:80 - create IPUIPlugin
2023-05-06 15:32:18,368 [INFO] IPUIPlugin:80 - create IPUIPlugin
2023-05-06 15:32:18,368 [INFO] IPUIPlugin:80 - create IPUIPlugin
2023-05-06 15:32:18,368 [INFO] IPUIPlugin:80 - create IPUIPlugin
2023-05-06 15:32:18,438 [INFO] ApiDbMcu:507 - Load IP Config File for PDM2PCM
2023-05-06 15:32:18,637 [INFO] CADModel:165 - CPN selected for project levelSTM32F446RET6
2023-05-06 15:32:18,637 [INFO] CADModel:114 - Register for checkConnection events
2023-05-06 15:32:18,700 [INFO] OpenFileManager:328 - Restore cursor
2023-05-06 16:43:06,840 [INFO] Mcu:1596 - InternalPropertyChange: try BijectiveRequest:Asynchronous
2023-05-06 16:47:14,723 [INFO] UtilMem:75 - End SaveConfig() Used Memory: 514050160 Bytes (601882624)
2023-05-06 16:47:16,592 [INFO] UtilMem:75 - End SaveConfig() Used Memory: 543868624 Bytes (601882624)
2023-05-06 16:47:18,611 [INFO] UtilMem:75 - End SaveConfig() Used Memory: 526738528 Bytes (601882624)
2023-05-06 16:47:19,112 [INFO] BlockDiagram:2759 - set Specific Code input for plugin: SPI
2023-05-06 16:47:19,112 [INFO] BlockDiagram:2759 - set Specific Code input for plugin: SPI
2023-05-06 16:47:19,112 [INFO] BlockDiagram:2759 - set Specific Code input for plugin: TIM6_7
2023-05-06 16:47:19,112 [INFO] BlockDiagram:2759 - set Specific Code input for plugin: TIM1_8
2023-05-06 16:47:19,112 [INFO] BlockDiagram:2759 - set Specific Code input for plugin: TIM1_8
2023-05-06 16:47:19,112 [INFO] BlockDiagram:2759 - set Specific Code input for plugin: TIM1_8
2023-05-06 16:47:19,112 [INFO] BlockDiagram:2759 - set Specific Code input for plugin: TIM1_8
2023-05-06 16:47:19,112 [INFO] BlockDiagram:2759 - set Specific Code input for plugin: SYS
2023-05-06 16:47:19,112 [INFO] BlockDiagram:2759 - set Specific Code input for plugin: ADC
2023-05-06 16:47:19,112 [INFO] BlockDiagram:2759 - set Specific Code input for plugin: RCC
2023-05-06 16:47:19,112 [INFO] BlockDiagram:2759 - set Specific Code input for plugin: NVIC
2023-05-06 16:47:19,112 [INFO] BlockDiagram:2759 - set Specific Code input for plugin: USART
2023-05-06 16:47:19,112 [INFO] BlockDiagram:2759 - set Specific Code input for plugin: DMA
2023-05-06 16:47:19,112 [INFO] BlockDiagram:2759 - set Specific Code input for plugin: GPIO
2023-05-06 16:47:19,112 [INFO] CodeGenerator:793 - code generatio: config db path: C:\ST\STM32CubeIDE_1.11.0\STM32CubeIDE\plugins\com.st.stm32cube.common.mx_6.8.0.202302231600\\db\
2023-05-06 16:47:19,491 [INFO] CodeEngine:255 - oldGeneratedFile, D:\robotrace_v2\robotrace_v2\MXTmpFiles\license.tmp_save
2023-05-06 16:47:19,842 [INFO] CodeEngine:279 - Generated code: D:\robotrace_v2\robotrace_v2\MXTmpFiles\license.tmp
2023-05-06 16:47:19,951 [INFO] CodeEngine:255 - oldGeneratedFile, D:\robotrace_v2\robotrace_v2\MXTmpFiles\gpio.tmp_save
2023-05-06 16:47:20,076 [INFO] CodeEngine:279 - Generated code: D:\robotrace_v2\robotrace_v2\MXTmpFiles\gpio.tmp
2023-05-06 16:47:20,640 [INFO] CodeEngine:255 - oldGeneratedFile, D:\robotrace_v2\robotrace_v2\MXTmpFiles\dma.tmp_save
2023-05-06 16:47:20,732 [INFO] CodeEngine:279 - Generated code: D:\robotrace_v2\robotrace_v2\MXTmpFiles\dma.tmp
2023-05-06 16:47:20,741 [INFO] CodeEngine:255 - oldGeneratedFile, D:\robotrace_v2\robotrace_v2\MXTmpFiles\dma_GV.tmp_save
2023-05-06 16:47:20,795 [INFO] CodeEngine:279 - Generated code: D:\robotrace_v2\robotrace_v2\MXTmpFiles\dma_GV.tmp
2023-05-06 16:47:20,822 [INFO] CodeEngine:255 - oldGeneratedFile, D:\robotrace_v2\robotrace_v2\Core\Src\stm32f4xx_it.c_save
2023-05-06 16:47:20,952 [INFO] CodeEngine:279 - Generated code: D:\robotrace_v2\robotrace_v2\Core\Src\stm32f4xx_it.c
2023-05-06 16:47:20,961 [INFO] CodeEngine:255 - oldGeneratedFile, D:\robotrace_v2\robotrace_v2\Core\Inc\stm32f4xx_it.h_save
2023-05-06 16:47:21,021 [INFO] CodeEngine:279 - Generated code: D:\robotrace_v2\robotrace_v2\Core\Inc\stm32f4xx_it.h
2023-05-06 16:47:21,041 [INFO] CodeEngine:255 - oldGeneratedFile, D:\robotrace_v2\robotrace_v2\Core\Src\stm32f4xx_hal_msp.c_save
2023-05-06 16:47:21,230 [INFO] CodeEngine:279 - Generated code: D:\robotrace_v2\robotrace_v2\Core\Src\stm32f4xx_hal_msp.c
2023-05-06 16:47:21,240 [INFO] CodeEngine:255 - oldGeneratedFile, D:\robotrace_v2\robotrace_v2\MXTmpFiles\system.tmp_save
2023-05-06 16:47:21,290 [INFO] CodeEngine:279 - Generated code: D:\robotrace_v2\robotrace_v2\MXTmpFiles\system.tmp
2023-05-06 16:47:21,301 [INFO] CodeEngine:311 - oldGeneratedFile, D:\robotrace_v2\robotrace_v2\Core\Inc\stm32f4xx_hal_conf.h_save
2023-05-06 16:47:21,411 [INFO] CodeEngine:335 - Generated code: D:\robotrace_v2\robotrace_v2\Core\Inc\stm32f4xx_hal_conf.h
2023-05-06 16:47:21,442 [WARN] IPConfigManager:2937 - Warning: the RefConfig PLL2P_FOR_MCO is not available in your config.xml file
2023-05-06 16:47:21,451 [WARN] IPConfigManager:3431 - IP not found : TIM
2023-05-06 16:47:21,451 [WARN] CodeGenerator:3754 - IP not found : null
2023-05-06 16:47:21,471 [INFO] CodeEngine:255 - oldGeneratedFile, D:\robotrace_v2\robotrace_v2\Core\Inc\main.h_save
2023-05-06 16:47:21,562 [INFO] CodeEngine:279 - Generated code: D:\robotrace_v2\robotrace_v2\Core\Inc\main.h
2023-05-06 16:47:21,577 [INFO] CodeEngine:255 - oldGeneratedFile, D:\robotrace_v2\robotrace_v2\Core\Src\main.c_save
2023-05-06 16:47:21,721 [INFO] CodeEngine:279 - Generated code: D:\robotrace_v2\robotrace_v2\Core\Src\main.c
2023-05-06 16:47:22,312 [INFO] ProjectBuilder:2996 - Time for Copy HAL[1] : 150mS.
2023-05-06 16:47:22,321 [INFO] ProjectBuilder:4304 - Project Generator version: 3.19.2
2023-05-06 16:47:22,581 [INFO] ConfigFileManager:1483 - The Die is : DIE421
2023-05-06 16:47:22,592 [INFO] ApiDbMcu:507 - Load IP Config File for FATFS
2023-05-06 16:47:22,600 [INFO] ApiDbMcu:507 - Load IP Config File for FREERTOS
2023-05-06 16:47:22,605 [INFO] ApiDbMcu:507 - Load IP Config File for LIBJPEG
2023-05-06 16:47:22,612 [INFO] ApiDbMcu:507 - Load IP Config File for MBEDTLS
2023-05-06 16:47:22,630 [INFO] ApiDbMcu:507 - Load IP Config File for USB_DEVICE
2023-05-06 16:47:22,632 [INFO] ApiDbMcu:507 - Load IP Config File for USB_HOST
2023-05-06 16:47:23,581 [INFO] LogOutputStream:77 - [STDOUT_REDIRECT] 
2023-05-06 16:47:25,089 [INFO] ProjectBuilder:4505 - Time for Generating toolchain IDE Files: 2766mS.
2023-05-06 16:47:25,090 [INFO] ProjectBuilder:2867 - Time for Copy CMSIS : 0mS.
2023-05-06 16:47:25,092 [INFO] ProjectBuilder:2867 - Time for Copy CMSIS : 0mS.
2023-05-06 16:51:26,944 [INFO] UtilMem:75 - End SaveConfig() Used Memory: 582679280 Bytes (882900992)
2023-05-06 16:51:28,081 [INFO] UtilMem:75 - End SaveConfig() Used Memory: 546703472 Bytes (882900992)
2023-05-06 16:51:29,871 [INFO] UtilMem:75 - End SaveConfig() Used Memory: 580257904 Bytes (882900992)
2023-05-06 16:51:30,045 [INFO] BlockDiagram:2759 - set Specific Code input for plugin: SPI
2023-05-06 16:51:30,045 [INFO] BlockDiagram:2759 - set Specific Code input for plugin: SPI
2023-05-06 16:51:30,045 [INFO] BlockDiagram:2759 - set Specific Code input for plugin: TIM6_7
2023-05-06 16:51:30,045 [INFO] BlockDiagram:2759 - set Specific Code input for plugin: TIM1_8
2023-05-06 16:51:30,045 [INFO] BlockDiagram:2759 - set Specific Code input for plugin: TIM1_8
2023-05-06 16:51:30,045 [INFO] BlockDiagram:2759 - set Specific Code input for plugin: TIM1_8
2023-05-06 16:51:30,045 [INFO] BlockDiagram:2759 - set Specific Code input for plugin: TIM1_8
2023-05-06 16:51:30,045 [INFO] BlockDiagram:2759 - set Specific Code input for plugin: SYS
2023-05-06 16:51:30,045 [INFO] BlockDiagram:2759 - set Specific Code input for plugin: ADC
2023-05-06 16:51:30,045 [INFO] BlockDiagram:2759 - set Specific Code input for plugin: RCC
2023-05-06 16:51:30,045 [INFO] BlockDiagram:2759 - set Specific Code input for plugin: NVIC
2023-05-06 16:51:30,045 [INFO] BlockDiagram:2759 - set Specific Code input for plugin: USART
2023-05-06 16:51:30,045 [INFO] BlockDiagram:2759 - set Specific Code input for plugin: DMA
2023-05-06 16:51:30,045 [INFO] BlockDiagram:2759 - set Specific Code input for plugin: GPIO
2023-05-06 16:51:30,045 [INFO] CodeGenerator:793 - code generatio: config db path: C:\ST\STM32CubeIDE_1.11.0\STM32CubeIDE\plugins\com.st.stm32cube.common.mx_6.8.0.202302231600\\db\
2023-05-06 16:51:30,058 [INFO] Argument:319 - Argument : hdmavalue: null
2023-05-06 16:51:30,058 [INFO] Argument:321 - 	 sub Args: 
2023-05-06 16:51:30,058 [INFO] Argument:319 - Argument : Instancevalue: DMA2_Stream0
2023-05-06 16:51:30,058 [INFO] Argument:329 - Argument : Instancevalue: DMA2_Stream0
2023-05-06 16:51:30,058 [INFO] Argument:319 - Argument : Initvalue: null
2023-05-06 16:51:30,058 [INFO] Argument:321 - 	 sub Args: 
2023-05-06 16:51:30,058 [INFO] Argument:319 - Argument : Channelvalue: DMA_CHANNEL_0
2023-05-06 16:51:30,058 [INFO] Argument:329 - Argument : Channelvalue: DMA_CHANNEL_0
2023-05-06 16:51:30,058 [INFO] Argument:319 - Argument : Directionvalue: DMA_PERIPH_TO_MEMORY
2023-05-06 16:51:30,058 [INFO] Argument:329 - Argument : Directionvalue: DMA_PERIPH_TO_MEMORY
2023-05-06 16:51:30,060 [INFO] Argument:319 - Argument : PeriphIncvalue: DMA_PINC_DISABLE
2023-05-06 16:51:30,060 [INFO] Argument:329 - Argument : PeriphIncvalue: DMA_PINC_DISABLE
2023-05-06 16:51:30,060 [INFO] Argument:319 - Argument : MemIncvalue: DMA_MINC_ENABLE
2023-05-06 16:51:30,060 [INFO] Argument:329 - Argument : MemIncvalue: DMA_MINC_ENABLE
2023-05-06 16:51:30,060 [INFO] Argument:319 - Argument : PeriphDataAlignmentvalue: DMA_PDATAALIGN_HALFWORD
2023-05-06 16:51:30,060 [INFO] Argument:329 - Argument : PeriphDataAlignmentvalue: DMA_PDATAALIGN_HALFWORD
2023-05-06 16:51:30,060 [INFO] Argument:319 - Argument : MemDataAlignmentvalue: DMA_MDATAALIGN_HALFWORD
2023-05-06 16:51:30,060 [INFO] Argument:329 - Argument : MemDataAlignmentvalue: DMA_MDATAALIGN_HALFWORD
2023-05-06 16:51:30,060 [INFO] Argument:319 - Argument : Modevalue: DMA_NORMAL
2023-05-06 16:51:30,061 [INFO] Argument:329 - Argument : Modevalue: DMA_NORMAL
2023-05-06 16:51:30,061 [INFO] Argument:319 - Argument : Priorityvalue: DMA_PRIORITY_LOW
2023-05-06 16:51:30,061 [INFO] Argument:329 - Argument : Priorityvalue: DMA_PRIORITY_LOW
2023-05-06 16:51:30,061 [INFO] Argument:319 - Argument : FIFOModevalue: DMA_FIFOMODE_DISABLE
2023-05-06 16:51:30,061 [INFO] Argument:329 - Argument : FIFOModevalue: DMA_FIFOMODE_DISABLE
2023-05-06 16:51:30,061 [INFO] Argument:319 - Argument : FIFOThresholdvalue: null
2023-05-06 16:51:30,061 [INFO] Argument:329 - Argument : FIFOThresholdvalue: null
2023-05-06 16:51:30,061 [INFO] Argument:319 - Argument : MemBurstvalue: null
2023-05-06 16:51:30,061 [INFO] Argument:329 - Argument : MemBurstvalue: null
2023-05-06 16:51:30,061 [INFO] Argument:319 - Argument : PeriphBurstvalue: null
2023-05-06 16:51:30,061 [INFO] Argument:329 - Argument : PeriphBurstvalue: null
2023-05-06 16:51:30,061 [INFO] Argument:319 - Argument : Lockvalue: null
2023-05-06 16:51:30,061 [INFO] Argument:329 - Argument : Lockvalue: null
2023-05-06 16:51:30,061 [INFO] Argument:319 - Argument : Statevalue: null
2023-05-06 16:51:30,061 [INFO] Argument:329 - Argument : Statevalue: null
2023-05-06 16:51:30,061 [INFO] Argument:319 - Argument : Parentvalue: null
2023-05-06 16:51:30,061 [INFO] Argument:329 - Argument : Parentvalue: null
2023-05-06 16:51:30,061 [INFO] Argument:319 - Argument : XferCpltCallbackvalue: null
2023-05-06 16:51:30,061 [INFO] Argument:329 - Argument : XferCpltCallbackvalue: null
2023-05-06 16:51:30,061 [INFO] Argument:319 - Argument : XferHalfCpltCallbackvalue: null
2023-05-06 16:51:30,061 [INFO] Argument:329 - Argument : XferHalfCpltCallbackvalue: null
2023-05-06 16:51:30,062 [INFO] Argument:319 - Argument : XferM1CpltCallbackvalue: null
2023-05-06 16:51:30,062 [INFO] Argument:329 - Argument : XferM1CpltCallbackvalue: null
2023-05-06 16:51:30,062 [INFO] Argument:319 - Argument : XferErrorCallbackvalue: null
2023-05-06 16:51:30,062 [INFO] Argument:329 - Argument : XferErrorCallbackvalue: null
2023-05-06 16:51:30,062 [INFO] Argument:319 - Argument : ErrorCodevalue: null
2023-05-06 16:51:30,062 [INFO] Argument:329 - Argument : ErrorCodevalue: null
2023-05-06 16:51:30,202 [INFO] CodeEngine:255 - oldGeneratedFile, D:\robotrace_v2\robotrace_v2\MXTmpFiles\license.tmp_save
2023-05-06 16:51:30,281 [INFO] CodeEngine:279 - Generated code: D:\robotrace_v2\robotrace_v2\MXTmpFiles\license.tmp
2023-05-06 16:51:30,312 [INFO] CodeEngine:255 - oldGeneratedFile, D:\robotrace_v2\robotrace_v2\MXTmpFiles\gpio.tmp_save
2023-05-06 16:51:30,382 [INFO] CodeEngine:279 - Generated code: D:\robotrace_v2\robotrace_v2\MXTmpFiles\gpio.tmp
2023-05-06 16:51:30,742 [INFO] CodeEngine:255 - oldGeneratedFile, D:\robotrace_v2\robotrace_v2\MXTmpFiles\dma.tmp_save
2023-05-06 16:51:30,791 [INFO] CodeEngine:279 - Generated code: D:\robotrace_v2\robotrace_v2\MXTmpFiles\dma.tmp
2023-05-06 16:51:30,801 [INFO] CodeEngine:255 - oldGeneratedFile, D:\robotrace_v2\robotrace_v2\MXTmpFiles\dma_GV.tmp_save
2023-05-06 16:51:30,831 [INFO] CodeEngine:279 - Generated code: D:\robotrace_v2\robotrace_v2\MXTmpFiles\dma_GV.tmp
2023-05-06 16:51:30,842 [INFO] CodeEngine:255 - oldGeneratedFile, D:\robotrace_v2\robotrace_v2\Core\Src\stm32f4xx_it.c_save
2023-05-06 16:51:30,911 [INFO] CodeEngine:279 - Generated code: D:\robotrace_v2\robotrace_v2\Core\Src\stm32f4xx_it.c
2023-05-06 16:51:30,912 [INFO] CodeEngine:255 - oldGeneratedFile, D:\robotrace_v2\robotrace_v2\Core\Inc\stm32f4xx_it.h_save
2023-05-06 16:51:30,952 [INFO] CodeEngine:279 - Generated code: D:\robotrace_v2\robotrace_v2\Core\Inc\stm32f4xx_it.h
2023-05-06 16:51:30,961 [INFO] CodeEngine:255 - oldGeneratedFile, D:\robotrace_v2\robotrace_v2\Core\Src\stm32f4xx_hal_msp.c_save
2023-05-06 16:51:31,031 [INFO] CodeEngine:279 - Generated code: D:\robotrace_v2\robotrace_v2\Core\Src\stm32f4xx_hal_msp.c
2023-05-06 16:51:31,031 [INFO] CodeEngine:255 - oldGeneratedFile, D:\robotrace_v2\robotrace_v2\MXTmpFiles\system.tmp_save
2023-05-06 16:51:31,071 [INFO] CodeEngine:279 - Generated code: D:\robotrace_v2\robotrace_v2\MXTmpFiles\system.tmp
2023-05-06 16:51:31,082 [INFO] CodeEngine:311 - oldGeneratedFile, D:\robotrace_v2\robotrace_v2\Core\Inc\stm32f4xx_hal_conf.h_save
2023-05-06 16:51:31,151 [INFO] CodeEngine:335 - Generated code: D:\robotrace_v2\robotrace_v2\Core\Inc\stm32f4xx_hal_conf.h
2023-05-06 16:51:31,162 [WARN] IPConfigManager:2937 - Warning: the RefConfig PLL2P_FOR_MCO is not available in your config.xml file
2023-05-06 16:51:31,170 [WARN] IPConfigManager:3431 - IP not found : TIM
2023-05-06 16:51:31,170 [WARN] CodeGenerator:3754 - IP not found : null
2023-05-06 16:51:31,175 [INFO] CodeEngine:255 - oldGeneratedFile, D:\robotrace_v2\robotrace_v2\Core\Inc\main.h_save
2023-05-06 16:51:31,232 [INFO] CodeEngine:279 - Generated code: D:\robotrace_v2\robotrace_v2\Core\Inc\main.h
2023-05-06 16:51:31,245 [INFO] CodeEngine:255 - oldGeneratedFile, D:\robotrace_v2\robotrace_v2\Core\Src\main.c_save
2023-05-06 16:51:31,362 [INFO] CodeEngine:279 - Generated code: D:\robotrace_v2\robotrace_v2\Core\Src\main.c
2023-05-06 16:51:31,702 [INFO] ProjectBuilder:2996 - Time for Copy HAL[1] : 90mS.
2023-05-06 16:51:31,702 [INFO] ProjectBuilder:4304 - Project Generator version: 3.19.2
2023-05-06 16:51:31,941 [INFO] ConfigFileManager:1483 - The Die is : DIE421
2023-05-06 16:51:32,950 [INFO] ProjectBuilder:4505 - Time for Generating toolchain IDE Files: 1248mS.
2023-05-06 16:51:32,951 [INFO] ProjectBuilder:2867 - Time for Copy CMSIS : 0mS.
2023-05-06 16:51:32,951 [INFO] ProjectBuilder:2867 - Time for Copy CMSIS : 0mS.
2023-05-06 17:05:22,081 [INFO] UtilMem:75 - End SaveConfig() Used Memory: 539409392 Bytes (923795456)
2023-05-06 17:46:56,567 [INFO] UtilMem:75 - End SaveConfig() Used Memory: 734658840 Bytes (923795456)
2023-05-06 17:46:57,850 [INFO] UtilMem:75 - End SaveConfig() Used Memory: 767164696 Bytes (923795456)
2023-05-06 17:46:58,787 [INFO] UtilMem:75 - End SaveConfig() Used Memory: 802816280 Bytes (923795456)
2023-05-06 17:46:58,971 [INFO] BlockDiagram:2759 - set Specific Code input for plugin: SPI
2023-05-06 17:46:58,971 [INFO] BlockDiagram:2759 - set Specific Code input for plugin: TIM6_7
2023-05-06 17:46:58,971 [INFO] BlockDiagram:2759 - set Specific Code input for plugin: TIM1_8
2023-05-06 17:46:58,971 [INFO] BlockDiagram:2759 - set Specific Code input for plugin: TIM1_8
2023-05-06 17:46:58,971 [INFO] BlockDiagram:2759 - set Specific Code input for plugin: TIM1_8
2023-05-06 17:46:58,971 [INFO] BlockDiagram:2759 - set Specific Code input for plugin: TIM1_8
2023-05-06 17:46:58,971 [INFO] BlockDiagram:2759 - set Specific Code input for plugin: SYS
2023-05-06 17:46:58,971 [INFO] BlockDiagram:2759 - set Specific Code input for plugin: ADC
2023-05-06 17:46:58,971 [INFO] BlockDiagram:2759 - set Specific Code input for plugin: RCC
2023-05-06 17:46:58,971 [INFO] BlockDiagram:2759 - set Specific Code input for plugin: NVIC
2023-05-06 17:46:58,971 [INFO] BlockDiagram:2759 - set Specific Code input for plugin: DMA
2023-05-06 17:46:58,971 [INFO] BlockDiagram:2759 - set Specific Code input for plugin: GPIO
2023-05-06 17:46:58,972 [INFO] CodeGenerator:793 - code generatio: config db path: C:\ST\STM32CubeIDE_1.11.0\STM32CubeIDE\plugins\com.st.stm32cube.common.mx_6.8.0.202302231600\\db\
2023-05-06 17:46:58,982 [INFO] Argument:319 - Argument : hdmavalue: null
2023-05-06 17:46:58,982 [INFO] Argument:321 - 	 sub Args: 
2023-05-06 17:46:58,982 [INFO] Argument:319 - Argument : Instancevalue: DMA2_Stream0
2023-05-06 17:46:58,982 [INFO] Argument:329 - Argument : Instancevalue: DMA2_Stream0
2023-05-06 17:46:58,982 [INFO] Argument:319 - Argument : Initvalue: null
2023-05-06 17:46:58,982 [INFO] Argument:321 - 	 sub Args: 
2023-05-06 17:46:58,982 [INFO] Argument:319 - Argument : Channelvalue: DMA_CHANNEL_0
2023-05-06 17:46:58,982 [INFO] Argument:329 - Argument : Channelvalue: DMA_CHANNEL_0
2023-05-06 17:46:58,982 [INFO] Argument:319 - Argument : Directionvalue: DMA_PERIPH_TO_MEMORY
2023-05-06 17:46:58,982 [INFO] Argument:329 - Argument : Directionvalue: DMA_PERIPH_TO_MEMORY
2023-05-06 17:46:58,982 [INFO] Argument:319 - Argument : PeriphIncvalue: DMA_PINC_DISABLE
2023-05-06 17:46:58,982 [INFO] Argument:329 - Argument : PeriphIncvalue: DMA_PINC_DISABLE
2023-05-06 17:46:58,982 [INFO] Argument:319 - Argument : MemIncvalue: DMA_MINC_ENABLE
2023-05-06 17:46:58,982 [INFO] Argument:329 - Argument : MemIncvalue: DMA_MINC_ENABLE
2023-05-06 17:46:58,982 [INFO] Argument:319 - Argument : PeriphDataAlignmentvalue: DMA_PDATAALIGN_HALFWORD
2023-05-06 17:46:58,982 [INFO] Argument:329 - Argument : PeriphDataAlignmentvalue: DMA_PDATAALIGN_HALFWORD
2023-05-06 17:46:58,982 [INFO] Argument:319 - Argument : MemDataAlignmentvalue: DMA_MDATAALIGN_HALFWORD
2023-05-06 17:46:58,982 [INFO] Argument:329 - Argument : MemDataAlignmentvalue: DMA_MDATAALIGN_HALFWORD
2023-05-06 17:46:58,982 [INFO] Argument:319 - Argument : Modevalue: DMA_NORMAL
2023-05-06 17:46:58,982 [INFO] Argument:329 - Argument : Modevalue: DMA_NORMAL
2023-05-06 17:46:58,982 [INFO] Argument:319 - Argument : Priorityvalue: DMA_PRIORITY_LOW
2023-05-06 17:46:58,982 [INFO] Argument:329 - Argument : Priorityvalue: DMA_PRIORITY_LOW
2023-05-06 17:46:58,982 [INFO] Argument:319 - Argument : FIFOModevalue: DMA_FIFOMODE_DISABLE
2023-05-06 17:46:58,982 [INFO] Argument:329 - Argument : FIFOModevalue: DMA_FIFOMODE_DISABLE
2023-05-06 17:46:58,982 [INFO] Argument:319 - Argument : FIFOThresholdvalue: null
2023-05-06 17:46:58,982 [INFO] Argument:329 - Argument : FIFOThresholdvalue: null
2023-05-06 17:46:58,982 [INFO] Argument:319 - Argument : MemBurstvalue: null
2023-05-06 17:46:58,982 [INFO] Argument:329 - Argument : MemBurstvalue: null
2023-05-06 17:46:58,982 [INFO] Argument:319 - Argument : PeriphBurstvalue: null
2023-05-06 17:46:58,982 [INFO] Argument:329 - Argument : PeriphBurstvalue: null
2023-05-06 17:46:58,982 [INFO] Argument:319 - Argument : Lockvalue: null
2023-05-06 17:46:58,982 [INFO] Argument:329 - Argument : Lockvalue: null
2023-05-06 17:46:58,982 [INFO] Argument:319 - Argument : Statevalue: null
2023-05-06 17:46:58,982 [INFO] Argument:329 - Argument : Statevalue: null
2023-05-06 17:46:58,982 [INFO] Argument:319 - Argument : Parentvalue: null
2023-05-06 17:46:58,982 [INFO] Argument:329 - Argument : Parentvalue: null
2023-05-06 17:46:58,982 [INFO] Argument:319 - Argument : XferCpltCallbackvalue: null
2023-05-06 17:46:58,982 [INFO] Argument:329 - Argument : XferCpltCallbackvalue: null
2023-05-06 17:46:58,982 [INFO] Argument:319 - Argument : XferHalfCpltCallbackvalue: null
2023-05-06 17:46:58,982 [INFO] Argument:329 - Argument : XferHalfCpltCallbackvalue: null
2023-05-06 17:46:58,982 [INFO] Argument:319 - Argument : XferM1CpltCallbackvalue: null
2023-05-06 17:46:58,983 [INFO] Argument:329 - Argument : XferM1CpltCallbackvalue: null
2023-05-06 17:46:58,983 [INFO] Argument:319 - Argument : XferErrorCallbackvalue: null
2023-05-06 17:46:58,983 [INFO] Argument:329 - Argument : XferErrorCallbackvalue: null
2023-05-06 17:46:58,983 [INFO] Argument:319 - Argument : ErrorCodevalue: null
2023-05-06 17:46:58,983 [INFO] Argument:329 - Argument : ErrorCodevalue: null
2023-05-06 17:46:59,099 [INFO] CodeEngine:255 - oldGeneratedFile, D:\robotrace_v2\robotrace_v2\MXTmpFiles\license.tmp_save
2023-05-06 17:46:59,164 [INFO] CodeEngine:279 - Generated code: D:\robotrace_v2\robotrace_v2\MXTmpFiles\license.tmp
2023-05-06 17:46:59,184 [INFO] CodeEngine:255 - oldGeneratedFile, D:\robotrace_v2\robotrace_v2\MXTmpFiles\gpio.tmp_save
2023-05-06 17:46:59,257 [INFO] CodeEngine:279 - Generated code: D:\robotrace_v2\robotrace_v2\MXTmpFiles\gpio.tmp
2023-05-06 17:46:59,491 [INFO] CodeEngine:255 - oldGeneratedFile, D:\robotrace_v2\robotrace_v2\MXTmpFiles\dma.tmp_save
2023-05-06 17:46:59,551 [INFO] CodeEngine:279 - Generated code: D:\robotrace_v2\robotrace_v2\MXTmpFiles\dma.tmp
2023-05-06 17:46:59,553 [INFO] CodeEngine:255 - oldGeneratedFile, D:\robotrace_v2\robotrace_v2\MXTmpFiles\dma_GV.tmp_save
2023-05-06 17:46:59,590 [INFO] CodeEngine:279 - Generated code: D:\robotrace_v2\robotrace_v2\MXTmpFiles\dma_GV.tmp
2023-05-06 17:46:59,601 [INFO] CodeEngine:255 - oldGeneratedFile, D:\robotrace_v2\robotrace_v2\Core\Src\stm32f4xx_it.c_save
2023-05-06 17:46:59,729 [INFO] CodeEngine:279 - Generated code: D:\robotrace_v2\robotrace_v2\Core\Src\stm32f4xx_it.c
2023-05-06 17:46:59,735 [INFO] CodeEngine:255 - oldGeneratedFile, D:\robotrace_v2\robotrace_v2\Core\Inc\stm32f4xx_it.h_save
2023-05-06 17:46:59,781 [INFO] CodeEngine:279 - Generated code: D:\robotrace_v2\robotrace_v2\Core\Inc\stm32f4xx_it.h
2023-05-06 17:46:59,790 [INFO] CodeEngine:255 - oldGeneratedFile, D:\robotrace_v2\robotrace_v2\Core\Src\stm32f4xx_hal_msp.c_save
2023-05-06 17:46:59,935 [INFO] CodeEngine:279 - Generated code: D:\robotrace_v2\robotrace_v2\Core\Src\stm32f4xx_hal_msp.c
2023-05-06 17:46:59,941 [INFO] CodeEngine:255 - oldGeneratedFile, D:\robotrace_v2\robotrace_v2\MXTmpFiles\system.tmp_save
2023-05-06 17:46:59,983 [INFO] CodeEngine:279 - Generated code: D:\robotrace_v2\robotrace_v2\MXTmpFiles\system.tmp
2023-05-06 17:46:59,993 [INFO] CodeEngine:311 - oldGeneratedFile, D:\robotrace_v2\robotrace_v2\Core\Inc\stm32f4xx_hal_conf.h_save
2023-05-06 17:47:00,066 [INFO] CodeEngine:335 - Generated code: D:\robotrace_v2\robotrace_v2\Core\Inc\stm32f4xx_hal_conf.h
2023-05-06 17:47:00,086 [WARN] IPConfigManager:2937 - Warning: the RefConfig PLL2P_FOR_MCO is not available in your config.xml file
2023-05-06 17:47:00,088 [WARN] IPConfigManager:3431 - IP not found : TIM
2023-05-06 17:47:00,089 [WARN] CodeGenerator:3754 - IP not found : null
2023-05-06 17:47:00,134 [INFO] CodeEngine:255 - oldGeneratedFile, D:\robotrace_v2\robotrace_v2\Core\Inc\main.h_save
2023-05-06 17:47:00,201 [INFO] CodeEngine:279 - Generated code: D:\robotrace_v2\robotrace_v2\Core\Inc\main.h
2023-05-06 17:47:00,209 [INFO] CodeEngine:255 - oldGeneratedFile, D:\robotrace_v2\robotrace_v2\Core\Src\main.c_save
2023-05-06 17:47:00,305 [INFO] CodeEngine:279 - Generated code: D:\robotrace_v2\robotrace_v2\Core\Src\main.c
2023-05-06 17:47:00,783 [INFO] ProjectBuilder:2996 - Time for Copy HAL[1] : 124mS.
2023-05-06 17:47:00,785 [INFO] ProjectBuilder:4304 - Project Generator version: 3.19.2
2023-05-06 17:47:00,974 [INFO] ConfigFileManager:1483 - The Die is : DIE421
2023-05-06 17:47:01,921 [INFO] ProjectBuilder:4505 - Time for Generating toolchain IDE Files: 1136mS.
2023-05-06 17:47:01,922 [INFO] ProjectBuilder:2867 - Time for Copy CMSIS : 0mS.
2023-05-06 17:47:01,924 [INFO] ProjectBuilder:2867 - Time for Copy CMSIS : 0mS.
