2023-06-12 21:26:50,861 [INFO] Activator:176 - 


2023-06-12 21:26:50,866 [INFO] Activator:177 - !SESSION log4j initialized
2023-06-12 21:26:57,265 [INFO] LogOutputStream:77 - [STDOUT_REDIRECT] 
2023-06-12 21:27:06,790 [INFO] ApplicationProperties:184 - Using Application install path: C:\ST\STM32CubeIDE_1.11.0\STM32CubeIDE\plugins\com.st.stm32cube.common.mx_6.8.0.202302231600
2023-06-12 21:27:06,811 [INFO] DbMcusXml:78 - Set database path to: C:\ST\STM32CubeIDE_1.11.0\STM32CubeIDE\plugins\com.st.stm32cube.common.mx_6.8.0.202302231600\\db\/mcu/
2023-06-12 21:27:06,811 [INFO] ApiDb:274 - Set plugin database path to: C:\ST\STM32CubeIDE_1.11.0\STM32CubeIDE\plugins\com.st.stm32cube.common.mx_6.8.0.202302231600\\db\/plugins/boardmanager/
2023-06-12 21:27:06,812 [WARN] ApiDb:259 - Overriding images path with different value:  => C:\ST\STM32CubeIDE_1.11.0\STM32CubeIDE\plugins\com.st.stm32cube.common.mx_6.8.0.202302231600\\db\/plugins/mcufinder/images/
2023-06-12 21:27:06,830 [INFO] ApiDb:250 - Set database path to: C:\Users\Natsuki\.stmcufinder\plugins\mcufinder//mcu/
2023-06-12 21:27:06,832 [INFO] DbMcusAds:125 - Set database path to: C:\Users\Natsuki\.stmcufinder\plugins\mcufinder//mcu/
2023-06-12 21:27:06,836 [INFO] CrossReferenceDbSqlite:203 - Set database path to: C:\Users\Natsuki\.stmcufinder\plugins\mcufinder//mcu/cs/
2023-06-12 21:27:06,938 [INFO] RulesReader:64 - Compatibility file has been processed (293 Rules)
2023-06-12 21:27:07,027 [INFO] DbMcusXml:78 - Set database path to: C:\ST\STM32CubeIDE_1.11.0\STM32CubeIDE\plugins\com.st.stm32cube.common.mx_6.8.0.202302231600\\db\/mcu/
2023-06-12 21:27:07,027 [INFO] ApiDb:274 - Set plugin database path to: C:\ST\STM32CubeIDE_1.11.0\STM32CubeIDE\plugins\com.st.stm32cube.common.mx_6.8.0.202302231600\\db\/plugins/boardmanager/
2023-06-12 21:27:07,027 [INFO] ApiDb:261 - Set plugin images path to: C:\ST\STM32CubeIDE_1.11.0\STM32CubeIDE\plugins\com.st.stm32cube.common.mx_6.8.0.202302231600\\db\/plugins/mcufinder/images/
2023-06-12 21:27:07,027 [WARN] DbFile:41 - Overriding database path with different value: C:\Users\Natsuki\.stmcufinder\plugins\mcufinder/ => C:\Users\Natsuki\.stmcufinder\plugins\mcufinder
2023-06-12 21:27:07,027 [INFO] ApiDb:250 - Set database path to: C:\Users\Natsuki\.stmcufinder\plugins\mcufinder//mcu/
2023-06-12 21:27:07,027 [WARN] DbFile:41 - Overriding database path with different value: C:\Users\Natsuki\.stmcufinder\plugins\mcufinder/ => C:\Users\Natsuki\.stmcufinder\plugins\mcufinder
2023-06-12 21:27:07,027 [INFO] DbMcusAds:125 - Set database path to: C:\Users\Natsuki\.stmcufinder\plugins\mcufinder//mcu/
2023-06-12 21:27:07,027 [WARN] DbFile:41 - Overriding database path with different value: C:\Users\Natsuki\.stmcufinder\plugins\mcufinder/ => C:\Users\Natsuki\.stmcufinder\plugins\mcufinder
2023-06-12 21:27:07,027 [WARN] DbFile:41 - Overriding database path with different value: C:\Users\Natsuki\.stmcufinder\plugins\mcufinder/ => C:\Users\Natsuki\.stmcufinder\plugins\mcufinder
2023-06-12 21:27:07,028 [INFO] CrossReferenceDbSqlite:203 - Set database path to: C:\Users\Natsuki\.stmcufinder\plugins\mcufinder//mcu/cs/
2023-06-12 21:27:07,116 [INFO] MainPanel:253 - HeapMemory: 268435456
2023-06-12 21:27:07,220 [INFO] DbMcusXml:78 - Set database path to: C:\ST\STM32CubeIDE_1.11.0\STM32CubeIDE\plugins\com.st.stm32cube.common.mx_6.8.0.202302231600\\db\/mcu/
2023-06-12 21:27:07,220 [INFO] ApiDb:274 - Set plugin database path to: C:\ST\STM32CubeIDE_1.11.0\STM32CubeIDE\plugins\com.st.stm32cube.common.mx_6.8.0.202302231600\\db\/plugins/boardmanager/
2023-06-12 21:27:07,220 [INFO] ApiDb:261 - Set plugin images path to: C:\ST\STM32CubeIDE_1.11.0\STM32CubeIDE\plugins\com.st.stm32cube.common.mx_6.8.0.202302231600\\db\/plugins/mcufinder/images/
2023-06-12 21:27:07,220 [WARN] DbFile:41 - Overriding database path with different value: C:\Users\Natsuki\.stmcufinder\plugins\mcufinder/ => C:\Users\Natsuki\.stmcufinder\plugins\mcufinder
2023-06-12 21:27:07,220 [INFO] ApiDb:250 - Set database path to: C:\Users\Natsuki\.stmcufinder\plugins\mcufinder//mcu/
2023-06-12 21:27:07,220 [WARN] DbFile:41 - Overriding database path with different value: C:\Users\Natsuki\.stmcufinder\plugins\mcufinder/ => C:\Users\Natsuki\.stmcufinder\plugins\mcufinder
2023-06-12 21:27:07,220 [INFO] DbMcusAds:125 - Set database path to: C:\Users\Natsuki\.stmcufinder\plugins\mcufinder//mcu/
2023-06-12 21:27:07,220 [WARN] DbFile:41 - Overriding database path with different value: C:\Users\Natsuki\.stmcufinder\plugins\mcufinder/ => C:\Users\Natsuki\.stmcufinder\plugins\mcufinder
2023-06-12 21:27:07,221 [WARN] DbFile:41 - Overriding database path with different value: C:\Users\Natsuki\.stmcufinder\plugins\mcufinder/ => C:\Users\Natsuki\.stmcufinder\plugins\mcufinder
2023-06-12 21:27:07,221 [INFO] CrossReferenceDbSqlite:203 - Set database path to: C:\Users\Natsuki\.stmcufinder\plugins\mcufinder//mcu/cs/
2023-06-12 21:27:07,239 [INFO] ApplicationProperties:184 - Using Application install path: C:\ST\STM32CubeIDE_1.11.0\STM32CubeIDE\plugins\com.st.stm32cube.common.mx_6.8.0.202302231600
2023-06-12 21:27:07,240 [INFO] PluginManage:196 - Search for loadable plugins [exclusion list=, ]
2023-06-12 21:27:07,242 [INFO] PluginManage:310 - Check plugin analytics
2023-06-12 21:27:07,402 [INFO] AnalyticsPlugin:253 - Accepted Software Licenses: 
2023-06-12 21:27:07,402 [INFO] AnalyticsPlugin:255 - Accepted CMSIS Pack Licenses: 
2023-06-12 21:27:07,402 [INFO] AnalyticsPlugin:257 - Accepted Firmware Licenses: FW.F4.1.27.0
2023-06-12 21:27:07,435 [INFO] PluginManage:359 - Loaded plugin analytics (category:tool,tabindex:-1)
2023-06-12 21:27:07,436 [INFO] PluginManage:310 - Check plugin cadmodel
2023-06-12 21:27:07,447 [INFO] CADModel:105 - Init CAD model plugin
2023-06-12 21:27:07,448 [INFO] PluginManage:359 - Loaded plugin cadmodel (category:power,tabindex:5)
2023-06-12 21:27:07,448 [INFO] PluginManage:310 - Check plugin clock
2023-06-12 21:27:07,465 [INFO] PluginManage:359 - Loaded plugin clock (category:base,tabindex:2)
2023-06-12 21:27:07,465 [INFO] PluginManage:310 - Check plugin ddr
2023-06-12 21:27:07,467 [INFO] PluginManage:359 - Loaded plugin ddr (category:tool,tabindex:6)
2023-06-12 21:27:07,468 [INFO] PluginManage:310 - Check plugin filemanager
2023-06-12 21:27:07,605 [INFO] PluginManage:359 - Loaded plugin filemanager (category:base,tabindex:10)
2023-06-12 21:27:07,605 [INFO] PluginManage:310 - Check plugin ipmanager
2023-06-12 21:27:07,612 [INFO] PluginManage:359 - Loaded plugin ipmanager (category:base,tabindex:5)
2023-06-12 21:27:07,612 [INFO] PluginManage:310 - Check plugin lpbam
2023-06-12 21:27:07,630 [INFO] PluginManage:359 - Loaded plugin lpbam (category:base,tabindex:0)
2023-06-12 21:27:07,630 [INFO] PluginManage:310 - Check plugin pinoutandconfiguration
2023-06-12 21:27:07,645 [INFO] PluginManage:359 - Loaded plugin pinoutandconfiguration (category:base,tabindex:1)
2023-06-12 21:27:07,645 [INFO] PluginManage:310 - Check plugin pinoutconfig
2023-06-12 21:27:07,742 [WARN] SupportedApi:132 - Cannot load RTOS API schema: s4s-elt-must-match.1: The content of 'definitions' must match (annotation?, (simpleType | complexType)?, (unique | key | keyref)*)). A problem was found starting at: attribute.
2023-06-12 21:27:07,896 [INFO] PluginManage:359 - Loaded plugin pinoutconfig (category:base,tabindex:0)
2023-06-12 21:27:07,896 [INFO] PluginManage:310 - Check plugin power
2023-06-12 21:27:07,923 [INFO] PluginManage:359 - Loaded plugin power (category:power,tabindex:4)
2023-06-12 21:27:07,924 [INFO] PluginManage:310 - Check plugin projectmanager
2023-06-12 21:27:07,946 [INFO] PluginManage:359 - Loaded plugin projectmanager (category:projectmanager,tabindex:3)
2023-06-12 21:27:07,947 [INFO] PluginManage:310 - Check plugin thirdparty
2023-06-12 21:27:08,155 [INFO] PluginManage:359 - Loaded plugin thirdparty (category:base,tabindex:-1)
2023-06-12 21:27:08,155 [INFO] PluginManage:310 - Check plugin tools
2023-06-12 21:27:08,155 [WARN] IntegrityCheckThread:84 - waiting for thirdparty lock release [integrity check]
2023-06-12 21:27:08,155 [INFO] IntegrityCheckThread:86 - entering critical section [integrity check]
2023-06-12 21:27:08,157 [INFO] ThirdPartyUpdaterWithRetryManager:70 - Updater plugin not ready yet. [1/15]
2023-06-12 21:27:08,175 [INFO] PluginManage:359 - Loaded plugin tools (category:base,tabindex:7)
2023-06-12 21:27:08,175 [INFO] PluginManage:310 - Check plugin tutovideos
2023-06-12 21:27:08,358 [INFO] PluginManage:359 - Loaded plugin tutovideos (category:base,tabindex:-1)
2023-06-12 21:27:08,358 [INFO] PluginManage:310 - Check plugin updater
2023-06-12 21:27:08,373 [INFO] PluginManage:359 - Loaded plugin updater (category:base,tabindex:12)
2023-06-12 21:27:08,374 [INFO] PluginManage:283 - PluginManage : Loaded plugins [15]
2023-06-12 21:27:08,624 [INFO] PinOutPanel:1499 - setPackage(No Configuration,No Configuration)
2023-06-12 21:27:08,685 [INFO] CADModel:165 - CPN selected for project level
2023-06-12 21:27:08,686 [INFO] CADModel:114 - Register for checkConnection events
2023-06-12 21:27:08,712 [INFO] IPUIPlugin:80 - create IPUIPlugin
2023-06-12 21:27:08,712 [INFO] PluginManager:220 - loadIPPluginJar : add adc
2023-06-12 21:27:08,737 [INFO] IPUIPlugin:80 - create IPUIPlugin
2023-06-12 21:27:08,737 [INFO] PluginManager:220 - loadIPPluginJar : add aes
2023-06-12 21:27:08,764 [INFO] IPUIPlugin:80 - create IPUIPlugin
2023-06-12 21:27:08,764 [INFO] PluginManager:220 - loadIPPluginJar : add can
2023-06-12 21:27:08,778 [INFO] IPUIPlugin:80 - create IPUIPlugin
2023-06-12 21:27:08,778 [INFO] PluginManager:220 - loadIPPluginJar : add comp
2023-06-12 21:27:08,800 [INFO] IPUIPlugin:80 - create IPUIPlugin
2023-06-12 21:27:08,800 [INFO] PluginManager:220 - loadIPPluginJar : add cryp
2023-06-12 21:27:08,819 [INFO] IPUIPlugin:80 - create IPUIPlugin
2023-06-12 21:27:08,819 [INFO] PluginManager:220 - loadIPPluginJar : add dfsdm
2023-06-12 21:27:08,829 [INFO] IPUIPlugin:80 - create IPUIPlugin
2023-06-12 21:27:08,830 [INFO] PluginManager:220 - loadIPPluginJar : add dma
2023-06-12 21:27:08,857 [INFO] IPUIPlugin:80 - create IPUIPlugin
2023-06-12 21:27:08,857 [INFO] PluginManager:220 - loadIPPluginJar : add dma3
2023-06-12 21:27:08,871 [INFO] IPUIPlugin:80 - create IPUIPlugin
2023-06-12 21:27:08,871 [INFO] PluginManager:220 - loadIPPluginJar : add fatfs
2023-06-12 21:27:08,903 [INFO] IPUIPlugin:80 - create IPUIPlugin
2023-06-12 21:27:08,903 [INFO] PluginManager:220 - loadIPPluginJar : add fmc
2023-06-12 21:27:08,915 [INFO] IPUIPlugin:80 - create IPUIPlugin
2023-06-12 21:27:08,916 [INFO] PluginManager:220 - loadIPPluginJar : add freertos
2023-06-12 21:27:08,929 [INFO] IPUIPlugin:80 - create IPUIPlugin
2023-06-12 21:27:08,929 [INFO] PluginManager:220 - loadIPPluginJar : add genericplugin
2023-06-12 21:27:08,987 [INFO] IPUIPlugin:80 - create IPUIPlugin
2023-06-12 21:27:08,987 [INFO] PluginManager:220 - loadIPPluginJar : add gfxmmu
2023-06-12 21:27:09,075 [INFO] IPUIPlugin:80 - create IPUIPlugin
2023-06-12 21:27:09,075 [INFO] PluginManager:220 - loadIPPluginJar : add gic
2023-06-12 21:27:09,084 [INFO] IPUIPlugin:80 - create IPUIPlugin
2023-06-12 21:27:09,085 [INFO] PluginManager:220 - loadIPPluginJar : add gpio
2023-06-12 21:27:09,147 [INFO] IPUIPlugin:80 - create IPUIPlugin
2023-06-12 21:27:09,147 [INFO] PluginManager:220 - loadIPPluginJar : add gtzc
2023-06-12 21:27:09,168 [INFO] IPUIPlugin:80 - create IPUIPlugin
2023-06-12 21:27:09,168 [INFO] PluginManager:220 - loadIPPluginJar : add hash
2023-06-12 21:27:09,201 [INFO] IPUIPlugin:80 - create IPUIPlugin
2023-06-12 21:27:09,201 [INFO] PluginManager:220 - loadIPPluginJar : add i2c
2023-06-12 21:27:09,227 [INFO] IPUIPlugin:80 - create IPUIPlugin
2023-06-12 21:27:09,228 [INFO] PluginManager:220 - loadIPPluginJar : add i2s
2023-06-12 21:27:09,256 [INFO] IPUIPlugin:80 - create IPUIPlugin
2023-06-12 21:27:09,257 [INFO] PluginManager:220 - loadIPPluginJar : add i3c
2023-06-12 21:27:09,330 [INFO] IPUIPlugin:80 - create IPUIPlugin
2023-06-12 21:27:09,330 [INFO] PluginManager:220 - loadIPPluginJar : add ipddr
2023-06-12 21:27:09,388 [INFO] IPUIPlugin:80 - create IPUIPlugin
2023-06-12 21:27:09,388 [INFO] PluginManager:220 - loadIPPluginJar : add linkedlist
2023-06-12 21:27:09,410 [INFO] IPUIPlugin:80 - create IPUIPlugin
2023-06-12 21:27:09,410 [INFO] PluginManager:220 - loadIPPluginJar : add lorawan
2023-06-12 21:27:09,435 [INFO] IPUIPlugin:80 - create IPUIPlugin
2023-06-12 21:27:09,435 [INFO] PluginManager:220 - loadIPPluginJar : add ltdc
2023-06-12 21:27:09,446 [INFO] IPUIPlugin:80 - create IPUIPlugin
2023-06-12 21:27:09,446 [INFO] PluginManager:220 - loadIPPluginJar : add mdma
2023-06-12 21:27:09,455 [INFO] IPUIPlugin:80 - create IPUIPlugin
2023-06-12 21:27:09,455 [INFO] PluginManager:220 - loadIPPluginJar : add nvic
2023-06-12 21:27:09,477 [INFO] IPUIPlugin:80 - create IPUIPlugin
2023-06-12 21:27:09,478 [INFO] PluginManager:220 - loadIPPluginJar : add opamp
2023-06-12 21:27:09,517 [INFO] IPUIPlugin:80 - create IPUIPlugin
2023-06-12 21:27:09,518 [INFO] PluginManager:220 - loadIPPluginJar : add openamp
2023-06-12 21:27:09,545 [INFO] IPUIPlugin:80 - create IPUIPlugin
2023-06-12 21:27:09,545 [INFO] PluginManager:220 - loadIPPluginJar : add pdm2pcm
2023-06-12 21:27:09,556 [INFO] IPUIPlugin:80 - create IPUIPlugin
2023-06-12 21:27:09,559 [INFO] PluginManager:220 - loadIPPluginJar : add plateformsettings
2023-06-12 21:27:09,573 [INFO] IPUIPlugin:80 - create IPUIPlugin
2023-06-12 21:27:09,573 [INFO] PluginManager:220 - loadIPPluginJar : add quadspi
2023-06-12 21:27:09,582 [INFO] IPUIPlugin:80 - create IPUIPlugin
2023-06-12 21:27:09,582 [INFO] PluginManager:220 - loadIPPluginJar : add resmgrutility
2023-06-12 21:27:09,614 [INFO] IPUIPlugin:80 - create IPUIPlugin
2023-06-12 21:27:09,615 [INFO] PluginManager:220 - loadIPPluginJar : add sai
2023-06-12 21:27:09,638 [INFO] IPUIPlugin:80 - create IPUIPlugin
2023-06-12 21:27:09,638 [INFO] PluginManager:220 - loadIPPluginJar : add spi
2023-06-12 21:27:09,678 [INFO] IPUIPlugin:80 - create IPUIPlugin
2023-06-12 21:27:09,680 [INFO] PluginManager:220 - loadIPPluginJar : add stm32_wpan
2023-06-12 21:27:09,694 [INFO] IPUIPlugin:80 - create IPUIPlugin
2023-06-12 21:27:09,695 [INFO] PluginManager:220 - loadIPPluginJar : add tim
2023-06-12 21:27:09,731 [INFO] IPUIPlugin:80 - create IPUIPlugin
2023-06-12 21:27:09,731 [INFO] PluginManager:220 - loadIPPluginJar : add touchsensing
2023-06-12 21:27:09,746 [INFO] IPUIPlugin:80 - create IPUIPlugin
2023-06-12 21:27:09,746 [INFO] PluginManager:220 - loadIPPluginJar : add tracer_emb
2023-06-12 21:27:09,761 [INFO] IPUIPlugin:80 - create IPUIPlugin
2023-06-12 21:27:09,761 [INFO] PluginManager:220 - loadIPPluginJar : add ts
2023-06-12 21:27:09,775 [INFO] IPUIPlugin:80 - create IPUIPlugin
2023-06-12 21:27:09,776 [INFO] PluginManager:220 - loadIPPluginJar : add tsc
2023-06-12 21:27:09,789 [INFO] IPUIPlugin:80 - create IPUIPlugin
2023-06-12 21:27:09,789 [INFO] PluginManager:220 - loadIPPluginJar : add ucpd
2023-06-12 21:27:09,817 [INFO] IPUIPlugin:80 - create IPUIPlugin
2023-06-12 21:27:09,817 [INFO] PluginManager:220 - loadIPPluginJar : add usart
2023-06-12 21:27:09,845 [INFO] IPUIPlugin:80 - create IPUIPlugin
2023-06-12 21:27:09,845 [INFO] PluginManager:220 - loadIPPluginJar : add usbx
2023-06-12 21:27:09,967 [INFO] CADModel:165 - CPN selected for project level
2023-06-12 21:27:09,968 [INFO] CADModel:114 - Register for checkConnection events
2023-06-12 21:27:09,968 [FATAL] Updater:308 - Updater called before beeing initialized
2023-06-12 21:27:09,968 [ERROR] CADModel:125 - Updater not yet initialized, retry later 
2023-06-12 21:27:10,109 [INFO] CADModel:165 - CPN selected for project level
2023-06-12 21:27:10,109 [INFO] CADModel:114 - Register for checkConnection events
2023-06-12 21:27:10,109 [FATAL] Updater:308 - Updater called before beeing initialized
2023-06-12 21:27:10,109 [ERROR] CADModel:125 - Updater not yet initialized, retry later 
2023-06-12 21:27:10,112 [FATAL] Updater:308 - Updater called before beeing initialized
2023-06-12 21:27:10,239 [FATAL] Updater:308 - Updater called before beeing initialized
2023-06-12 21:27:10,250 [INFO] DbMcusAds:53 - JSON generation date=Tue Mar 07 17:50:55 JST 2023 (1678179055335)
2023-06-12 21:27:10,250 [FATAL] Updater:308 - Updater called before beeing initialized
2023-06-12 21:27:10,307 [WARN] DetailPanel:346 - Failed to get advertising image, set to default
2023-06-12 21:27:10,408 [FATAL] Updater:308 - Updater called before beeing initialized
2023-06-12 21:27:10,410 [FATAL] Updater:308 - Updater called before beeing initialized
2023-06-12 21:27:10,410 [FATAL] Updater:308 - Updater called before beeing initialized
2023-06-12 21:27:10,410 [WARN] DetailPanel:346 - Failed to get advertising image, set to default
2023-06-12 21:27:10,410 [FATAL] Updater:308 - Updater called before beeing initialized
2023-06-12 21:27:10,465 [ERROR] Updater:1120 - MainUpdater not yet initialized. External WinMGr cannot be set.
2023-06-12 21:27:10,472 [INFO] Updater:1056 - Updater Version found : 6.8.0
2023-06-12 21:27:10,490 [INFO] ApplicationProperties:184 - Using Application install path: C:\ST\STM32CubeIDE_1.11.0\STM32CubeIDE\plugins\com.st.stm32cube.common.mx_6.8.0.202302231600
2023-06-12 21:27:10,824 [INFO] MainUpdater:2854 - connection check result : 10
2023-06-12 21:27:10,824 [INFO] MainUpdater:3548 - Updater definition file requires update
2023-06-12 21:27:10,825 [INFO] MainUpdater:283 - Updater Check For Update Now.
2023-06-12 21:27:10,825 [INFO] MicroXplorer:498 - Change Database Version : DB.6.0.80
2023-06-12 21:27:10,977 [INFO] ServerAccessManage:473 - Download File updaters.zip
2023-06-12 21:27:11,086 [INFO] FileExtend:240 - Unzip File : updaters.zip
2023-06-12 21:27:11,086 [INFO] FileExtend:255 - Standard Zip Deflate
2023-06-12 21:27:11,160 [WARN] MainUpdater:1187 - Updater busy. Cannot search thirdparties
2023-06-12 21:27:11,160 [INFO] ThirdPartyUpdaterWithRetryManager:96 - Updater plugin is busy. [1/15]
2023-06-12 21:27:11,453 [INFO] ServerAccessManage:473 - Download File PacksControlFlags.xml
2023-06-12 21:27:11,526 [INFO] ServerAccessManage:473 - Download File cubemx.pidx
2023-06-12 21:27:12,386 [INFO] ServerAccessManage:473 - Download File STMicroelectronics.X-CUBE-AZRTOS-WL.pdsc
2023-06-12 21:27:13,266 [INFO] LogOutputStream:77 - [STDOUT_REDIRECT] 1 : Invalid condition id : UX_CORESTACK_Condition cause : null
2023-06-12 21:27:13,266 [INFO] LogOutputStream:77 - [STDOUT_REDIRECT] 1 : Invalid condition id : UX_CORESTACK_Condition cause : null
2023-06-12 21:27:13,268 [INFO] LogOutputStream:77 - [STDOUT_REDIRECT] 1 : Invalid condition id : UX_CORESTACK_Condition cause : null
2023-06-12 21:27:13,270 [INFO] LogOutputStream:77 - [STDOUT_REDIRECT] 1 : Invalid condition id : UX_CORESTACK_Condition cause : null
2023-06-12 21:27:13,271 [INFO] LogOutputStream:77 - [STDOUT_REDIRECT] 1 : Invalid condition id : UX_CORESTACK_Condition cause : null
2023-06-12 21:27:13,277 [WARN] PackLoader:240 - Cannot read IP mode file for STMicroelectronics.X-CUBE-AZRTOS-WL.2.0.0
2023-06-12 21:27:13,279 [INFO] PopulateThirdPartyThread:66 - Ending populate Thread
2023-06-12 21:27:13,283 [INFO] ThirdParty:1030 - CMSIS Pack Vendor :STMicroelectronics X-CUBE-AZRTOS-WL 2.0.0
2023-06-12 21:27:13,283 [INFO] LoadServerUpdatesThread:373 - End of LoadServerUpdate Thread
2023-06-12 21:27:13,361 [INFO] CheckServerUpdateThread:120 - End of CheckServer Thread
2023-06-12 21:27:13,387 [INFO] MainUpdater:2854 - connection check result : 10
2023-06-12 21:27:13,392 [INFO] MainUpdater:2854 - connection check result : 10
2023-06-12 21:27:13,513 [INFO] MicroXplorer:468 - Change Database Path : 
2023-06-12 21:27:13,513 [INFO] MicroXplorer:498 - Change Database Version : DB.6.0.80
2023-06-12 21:27:13,513 [WARN] ThirdParty:871 - waiting for thirdparty lock release [close project]
2023-06-12 21:27:14,292 [WARN] PackLoader:240 - Cannot read IP mode file for STMicroelectronics.X-CUBE-GNSS1.6.0.0
2023-06-12 21:27:14,313 [WARN] PackLoader:240 - Cannot read IP mode file for STMicroelectronics.X-CUBE-AZRTOS-F4.1.1.0
2023-06-12 21:27:14,329 [WARN] PackLoader:240 - Cannot read IP mode file for STMicroelectronics.X-CUBE-SMBUS.2.1.0
2023-06-12 21:27:14,375 [WARN] PackLoader:240 - Cannot read IP mode file for STMicroelectronics.X-CUBE-MEMS1.9.2.0
2023-06-12 21:27:14,503 [WARN] PackLoader:240 - Cannot read IP mode file for STMicroelectronics.X-CUBE-BLEMGR.1.2.0
2023-06-12 21:27:14,532 [WARN] PackLoader:240 - Cannot read IP mode file for STMicroelectronics.X-CUBE-AZRTOS-F7.1.1.0
2023-06-12 21:27:14,580 [WARN] PackLoader:240 - Cannot read IP mode file for STMicroelectronics.X-CUBE-MEMS1.9.6.0
2023-06-12 21:27:14,702 [WARN] PackLoader:240 - Cannot read IP mode file for STMicroelectronics.X-CUBE-AI.7.1.0
2023-06-12 21:27:14,714 [WARN] PackLoader:240 - Cannot read IP mode file for STMicroelectronics.X-CUBE-TOUCHGFX.4.19.1
2023-06-12 21:27:14,724 [ERROR] RealEvaluatedCondition:428 - Found unsupported composite condition: CLASS='Data Exchange' GROUP='STM32_MetaDataManager'
2023-06-12 21:27:14,724 [ERROR] RealEvaluatedCondition:428 - Found unsupported composite condition: CLASS='Data Exchange' GROUP='STM32_MetaDataManager'
2023-06-12 21:27:14,725 [WARN] PackLoader:240 - Cannot read IP mode file for STMicroelectronics.FP-SNS-MOTENV1.4.3.0
2023-06-12 21:27:14,737 [WARN] PackLoader:240 - Cannot read IP mode file for STMicroelectronics.FP-SNS-FLIGHT1.5.0.0
2023-06-12 21:27:14,748 [ERROR] RealEvaluatedCondition:428 - Found unsupported composite condition: GROUP='STM32_MetaDataManager' CLASS='Data Exchange'
2023-06-12 21:27:14,748 [ERROR] RealEvaluatedCondition:428 - Found unsupported composite condition: CLASS='Data Exchange' GROUP='STM32_MetaDataManager'
2023-06-12 21:27:14,749 [WARN] PackLoader:240 - Cannot read IP mode file for STMicroelectronics.FP-SNS-MOTENV1.4.3.1
2023-06-12 21:27:14,754 [WARN] PackLoader:240 - Cannot read IP mode file for STMicroelectronics.FP-SNS-FLIGHT1.5.0.1
2023-06-12 21:27:14,765 [WARN] PackLoader:240 - Cannot read IP mode file for STMicroelectronics.X-CUBE-BLE1.6.2.3
2023-06-12 21:27:14,777 [WARN] PackLoader:240 - Cannot read IP mode file for STMicroelectronics.X-CUBE-BLE1.6.2.4
2023-06-12 21:27:14,790 [WARN] PackLoader:240 - Cannot read IP mode file for STMicroelectronics.X-CUBE-BLEMGR.2.0.0
2023-06-12 21:27:14,806 [WARN] PackLoader:240 - Cannot read IP mode file for STMicroelectronics.X-CUBE-NFC4.2.0.5
2023-06-12 21:27:14,819 [WARN] PackLoader:240 - Cannot read IP mode file for STMicroelectronics.X-CUBE-NFC4.2.0.4
2023-06-12 21:27:14,829 [WARN] PackLoader:240 - Cannot read IP mode file for STMicroelectronics.X-CUBE-BLE2.3.2.2
2023-06-12 21:27:14,852 [WARN] ConditionMgr:438 - getConditionDescription Invalid condition id : UX DEVICE CLASS RTOS Condition cause : null
2023-06-12 21:27:14,852 [WARN] ConditionMgr:438 - getConditionDescription Invalid condition id : UX DEVICE CLASS RTOS Condition cause : null
2023-06-12 21:27:14,854 [WARN] PackLoader:240 - Cannot read IP mode file for STMicroelectronics.X-CUBE-AZRTOS-H7.3.1.0
2023-06-12 21:27:14,855 [WARN] ConditionMgr:1039 - genDependencies : Invalid condition id : UX DEVICE CLASS RTOS Condition cause : null
2023-06-12 21:27:14,855 [WARN] ConditionMgr:1039 - genDependencies : Invalid condition id : UX DEVICE CLASS RTOS Condition cause : null
2023-06-12 21:27:14,855 [WARN] ConditionMgr:1039 - genDependencies : Invalid condition id : UX DEVICE CLASS RTOS Condition cause : null
2023-06-12 21:27:14,856 [WARN] ConditionMgr:1039 - genDependencies : Invalid condition id : UX DEVICE CLASS RTOS Condition cause : null
2023-06-12 21:27:14,856 [WARN] ConditionMgr:1039 - genDependencies : Invalid condition id : UX DEVICE CLASS RTOS Condition cause : null
2023-06-12 21:27:14,869 [WARN] PackLoader:240 - Cannot read IP mode file for STMicroelectronics.X-CUBE-TOF1.3.1.0
2023-06-12 21:27:14,884 [WARN] PackLoader:240 - Cannot read IP mode file for STMicroelectronics.X-CUBE-SFXS2LP1.3.1.0
2023-06-12 21:27:14,897 [WARN] PackLoader:240 - Cannot read IP mode file for STMicroelectronics.X-CUBE-DISPLAY.3.0.0
2023-06-12 21:27:14,920 [WARN] PackLoader:240 - Cannot read IP mode file for STMicroelectronics.X-CUBE-AZRTOS-F4.1.0.0
2023-06-12 21:27:14,933 [WARN] PackLoader:240 - Cannot read IP mode file for STMicroelectronics.X-CUBE-NFC7.1.0.0
2023-06-12 21:27:14,971 [WARN] PackLoader:240 - Cannot read IP mode file for STMicroelectronics.X-CUBE-MEMS1.9.3.0
2023-06-12 21:27:15,077 [WARN] PackLoader:240 - Cannot read IP mode file for STMicroelectronics.X-CUBE-EEPRMA1.4.1.0
2023-06-12 21:27:15,085 [WARN] PackLoader:240 - Cannot read IP mode file for STMicroelectronics.X-CUBE-AI.7.2.0
2023-06-12 21:27:15,093 [INFO] LogOutputStream:77 - [STDOUT_REDIRECT] 1 : Invalid condition id : UX_CORESTACK_Condition cause : null
2023-06-12 21:27:15,094 [INFO] LogOutputStream:77 - [STDOUT_REDIRECT] 1 : Invalid condition id : UX_CORESTACK_Condition cause : null
2023-06-12 21:27:15,095 [INFO] LogOutputStream:77 - [STDOUT_REDIRECT] 1 : Invalid condition id : UX_CORESTACK_Condition cause : null
2023-06-12 21:27:15,097 [INFO] LogOutputStream:77 - [STDOUT_REDIRECT] 1 : Invalid condition id : UX_CORESTACK_Condition cause : null
2023-06-12 21:27:15,098 [INFO] LogOutputStream:77 - [STDOUT_REDIRECT] 1 : Invalid condition id : UX_CORESTACK_Condition cause : null
2023-06-12 21:27:15,099 [WARN] PackLoader:240 - Cannot read IP mode file for STMicroelectronics.X-CUBE-AZRTOS-WL.2.0.0
2023-06-12 21:27:15,120 [WARN] PackLoader:240 - Cannot read IP mode file for STMicroelectronics.X-CUBE-AZRTOS-G0.1.0.0
2023-06-12 21:27:15,140 [WARN] ConditionMgr:438 - getConditionDescription Invalid condition id : LAN8742 Phy interface Condition cause : null
2023-06-12 21:27:15,140 [WARN] PackLoader:240 - Cannot read IP mode file for STMicroelectronics.X-CUBE-AZRTOS-L4.2.0.0
2023-06-12 21:27:15,142 [WARN] ConditionMgr:1039 - genDependencies : Invalid condition id : LAN8742 Phy interface Condition cause : null
2023-06-12 21:27:15,142 [WARN] ConditionMgr:1039 - genDependencies : Invalid condition id : LAN8742 Phy interface Condition cause : null
2023-06-12 21:27:15,142 [WARN] ConditionMgr:1039 - genDependencies : Invalid condition id : LAN8742 Phy interface Condition cause : null
2023-06-12 21:27:15,154 [WARN] PackLoader:240 - Cannot read IP mode file for WES.I-CUBE-Cesium.1.3.0
2023-06-12 21:27:15,164 [WARN] PackLoader:240 - Cannot read IP mode file for STMicroelectronics.X-CUBE-SFXS2LP1.4.0.0
2023-06-12 21:27:15,174 [WARN] PackLoader:240 - Cannot read IP mode file for STMicroelectronics.X-CUBE-BLE2.3.3.0
2023-06-12 21:27:15,187 [WARN] PackLoader:240 - Cannot read IP mode file for STMicroelectronics.X-CUBE-DISPLAY.2.2.0
2023-06-12 21:27:15,203 [WARN] PackLoader:240 - Cannot read IP mode file for STMicroelectronics.X-CUBE-TOF1.3.2.0
2023-06-12 21:27:15,237 [WARN] PackLoader:240 - Cannot read IP mode file for STMicroelectronics.X-CUBE-AZRTOS-H7.3.0.0
2023-06-12 21:27:15,256 [WARN] PackLoader:240 - Cannot read IP mode file for STMicroelectronics.X-CUBE-ISPU.1.0.0
2023-06-12 21:27:15,268 [WARN] PackLoader:240 - Cannot read IP mode file for STMicroelectronics.X-CUBE-ISPU.1.1.0
2023-06-12 21:27:15,284 [WARN] PackLoader:240 - Cannot read IP mode file for RoweBots.I-CUBE-UNISONRTOS.5.5.0-4
2023-06-12 21:27:15,335 [WARN] PackLoader:240 - Cannot read IP mode file for STMicroelectronics.X-CUBE-AZRTOS-H7.2.1.0
2023-06-12 21:27:15,347 [WARN] PackLoader:240 - Cannot read IP mode file for STMicroelectronics.X-CUBE-AI.8.0.0
2023-06-12 21:27:15,359 [WARN] PackLoader:240 - Cannot read IP mode file for STMicroelectronics.X-CUBE-FREERTOS.1.0.0
2023-06-12 21:27:15,371 [WARN] PackLoader:240 - Cannot read IP mode file for STMicroelectronics.X-CUBE-FREERTOS.1.0.1
2023-06-12 21:27:15,379 [WARN] PackLoader:240 - Cannot read IP mode file for STMicroelectronics.X-CUBE-TOUCHGFX.4.21.1
2023-06-12 21:27:15,388 [WARN] PackLoader:240 - Cannot read IP mode file for STMicroelectronics.X-CUBE-TOUCHGFX.4.21.0
2023-06-12 21:27:15,395 [WARN] PackLoader:240 - Cannot read IP mode file for STMicroelectronics.X-CUBE-TOUCHGFX.4.21.3
2023-06-12 21:27:15,405 [WARN] PackLoader:240 - Cannot read IP mode file for STMicroelectronics.X-CUBE-BLEMGR.1.0.0
2023-06-12 21:27:15,416 [WARN] PackLoader:240 - Cannot read IP mode file for STMicroelectronics.X-CUBE-TOUCHGFX.4.21.4
2023-06-12 21:27:15,452 [WARN] PackLoader:240 - Cannot read IP mode file for STMicroelectronics.X-CUBE-MEMS1.9.4.0
2023-06-12 21:27:15,560 [WARN] PackLoader:240 - Cannot read IP mode file for STMicroelectronics.X-CUBE-AI.7.3.0
2023-06-12 21:27:15,572 [WARN] PackLoader:240 - Cannot read IP mode file for STMicroelectronics.X-CUBE-ALGOBUILD.1.3.0
2023-06-12 21:27:15,596 [WARN] PackLoader:240 - Cannot read IP mode file for STMicroelectronics.X-CUBE-AZRTOS-L5.1.1.0
2023-06-12 21:27:15,619 [WARN] PackLoader:240 - Cannot read IP mode file for STMicroelectronics.X-CUBE-AZRTOS-G0.1.1.0
2023-06-12 21:27:15,628 [WARN] PackLoader:240 - Cannot read IP mode file for STMicroelectronics.X-CUBE-AI.8.0.1
2023-06-12 21:27:15,643 [WARN] PackLoader:240 - Cannot read IP mode file for STMicroelectronics.X-CUBE-SUBG2.5.0.0
2023-06-12 21:27:15,654 [WARN] PackLoader:240 - Cannot read IP mode file for STMicroelectronics.X-CUBE-NFC4.3.0.0
2023-06-12 21:27:15,684 [WARN] PackLoader:240 - Cannot read IP mode file for SEGGER.I-CUBE-embOS.1.2.0
2023-06-12 21:27:15,732 [WARN] PackLoader:240 - Cannot read IP mode file for STMicroelectronics.X-CUBE-AZRTOS-G4.2.0.0
2023-06-12 21:27:15,747 [WARN] PackLoader:240 - Cannot read IP mode file for STMicroelectronics.X-CUBE-TOF1.3.3.0
2023-06-12 21:27:15,761 [WARN] PackLoader:240 - Cannot read IP mode file for STMicroelectronics.FP-ATR-ASTRA1.1.1.1
2023-06-12 21:27:15,770 [WARN] PackLoader:240 - Cannot read IP mode file for STMicroelectronics.FP-ATR-ASTRA1.1.1.0
2023-06-12 21:27:15,781 [WARN] PackLoader:240 - Cannot read IP mode file for STMicroelectronics.X-CUBE-BLEMGR.1.3.0
2023-06-12 21:27:15,800 [WARN] PackLoader:240 - Cannot read IP mode file for STMicroelectronics.X-CUBE-AZRTOS-G4.1.0.0
2023-06-12 21:27:15,804 [WARN] PackLoader:240 - Cannot read IP mode file for STMicroelectronics.FP-ATR-SIGFOX1.3.2.0
2023-06-12 21:27:15,817 [WARN] PackLoader:240 - Cannot read IP mode file for wolfSSL.I-CUBE-wolfSSL.5.3.0
2023-06-12 21:27:15,840 [WARN] PackLoader:240 - Cannot read IP mode file for STMicroelectronics.X-CUBE-AZRTOS-L4.1.0.0
2023-06-12 21:27:15,855 [WARN] PackLoader:240 - Cannot read IP mode file for emotas.I-CUBE-CANOPEN.1.1.2
2023-06-12 21:27:15,865 [WARN] PackLoader:240 - Cannot read IP mode file for STMicroelectronics.X-CUBE-TOUCHGFX.4.20.0
2023-06-12 21:27:15,886 [WARN] PackLoader:240 - Cannot read IP mode file for STMicroelectronics.X-CUBE-AZRTOS-F7.1.0.0
2023-06-12 21:27:15,902 [WARN] PackLoader:240 - Cannot read IP mode file for STMicroelectronics.X-CUBE-AZRTOS-WL.1.0.0
2023-06-12 21:27:15,912 [WARN] PackLoader:240 - Cannot read IP mode file for portGmbH.I-Cube-SoM-uGOAL.1.1.0
2023-06-12 21:27:15,922 [WARN] PackLoader:240 - Cannot read IP mode file for STMicroelectronics.X-CUBE-ALS.1.0.1
2023-06-12 21:27:15,952 [WARN] PackLoader:240 - Cannot read IP mode file for STMicroelectronics.X-CUBE-MEMS1.9.5.0
2023-06-12 21:27:16,038 [WARN] PackLoader:240 - Cannot read IP mode file for STMicroelectronics.X-CUBE-AZRTOS-WB.1.1.0
2023-06-12 21:27:16,066 [WARN] PackLoader:240 - Cannot read IP mode file for SEGGER.I-CUBE-embOS.1.3.1
2023-06-12 21:27:16,103 [WARN] PackLoader:240 - Cannot read IP mode file for STMicroelectronics.X-CUBE-AZRTOS-L5.1.0.0
2023-06-12 21:27:16,119 [WARN] PackLoader:240 - Cannot read IP mode file for STMicroelectronics.X-CUBE-EEPRMA1.3.1.1
2023-06-12 21:27:16,130 [WARN] PackLoader:240 - Cannot read IP mode file for STMicroelectronics.X-CUBE-GNSS1.5.2.0
2023-06-12 21:27:16,135 [WARN] PackLoader:240 - Cannot read IP mode file for STMicroelectronics.FP-ATR-ASTRA1.2.0.0
2023-06-12 21:27:16,146 [WARN] PackLoader:240 - Cannot read IP mode file for STMicroelectronics.X-CUBE-TOF1.3.0.0
2023-06-12 21:27:16,152 [INFO] ThirdParty:978 - Integrity check success = true
2023-06-12 21:27:16,152 [INFO] IntegrityCheckThread:100 - exiting critical section [integrity check]
2023-06-12 21:27:16,152 [INFO] IntegrityCheckThread:103 - End integrity checks thread
2023-06-12 21:27:16,153 [INFO] ThirdParty:873 - entering critical section [close project]
2023-06-12 21:27:16,156 [INFO] ThirdParty:883 - exiting critical section [close project]
2023-06-12 21:27:16,161 [INFO] PinOutPanel:1499 - setPackage(No Configuration,No Configuration)
2023-06-12 21:27:16,168 [INFO] UtilMem:75 - Begin LoadConfig() Used Memory: 152668880 Bytes (317718528)
2023-06-12 21:27:16,170 [INFO] MicroXplorer:468 - Change Database Path : 
2023-06-12 21:27:16,170 [INFO] MicroXplorer:498 - Change Database Version : DB.6.0.80
2023-06-12 21:27:16,170 [INFO] OpenFileManager:308 - Change cursor
2023-06-12 21:27:16,252 [INFO] Mcu:1937 - Initializing MCU STM32F446R(C-E)Tx STM32F446RETx STM32F446RET6
2023-06-12 21:27:16,697 [ERROR] LogOutputStream:75 - [STDERR_REDIRECT] SLF4J: Failed to load class "org.slf4j.impl.StaticLoggerBinder".
2023-06-12 21:27:16,697 [ERROR] LogOutputStream:75 - [STDERR_REDIRECT] SLF4J: Defaulting to no-operation (NOP) logger implementation
2023-06-12 21:27:16,699 [ERROR] LogOutputStream:75 - [STDERR_REDIRECT] SLF4J: See http://www.slf4j.org/codes.html#StaticLoggerBinder for further details.
2023-06-12 21:27:17,804 [INFO] Context:659 - Trying to add GPIOservice into a context  which must be forbidden
2023-06-12 21:27:18,515 [INFO] RtosManager:555 - Registered RTOS mode: class=CMSIS, group=RTOS, mode=CMSIS_V1, owner=FREERTOS
2023-06-12 21:27:18,515 [INFO] RtosManager:555 - Registered RTOS mode: class=CMSIS, group=RTOS2, mode=CMSIS_V2, owner=FREERTOS
2023-06-12 21:27:18,516 [INFO] RtosManager:555 - Registered RTOS mode: class=RTOS, group=Core, mode=CMSIS_V1, owner=FREERTOS
2023-06-12 21:27:18,516 [INFO] RtosManager:555 - Registered RTOS mode: class=RTOS, group=Core, mode=CMSIS_V2, owner=FREERTOS
2023-06-12 21:27:18,516 [WARN] ModelIntegratedComponent:184 - Missing modes for component STMicroelectronics:FreeRTOS:0.0.1:STMicroelectronics:RTOS:FreeRTOS:Core:::10.2.0:
2023-06-12 21:27:18,524 [WARN] ModelIntegratedComponent:63 - No mode defined for component null
2023-06-12 21:27:18,524 [WARN] ModelIntegratedComponent:63 - No mode defined for component null
2023-06-12 21:27:18,524 [WARN] ModelIntegratedComponent:63 - No mode defined for component null
2023-06-12 21:27:18,524 [WARN] ModelIntegratedComponent:63 - No mode defined for component null
2023-06-12 21:27:18,524 [WARN] ModelIntegratedComponent:63 - No mode defined for component null
2023-06-12 21:27:18,524 [WARN] ModelIntegratedComponent:63 - No mode defined for component null
2023-06-12 21:27:18,525 [WARN] ModelIntegratedComponent:63 - No mode defined for component null
2023-06-12 21:27:18,525 [WARN] ModelIntegratedComponent:63 - No mode defined for component null
2023-06-12 21:27:18,525 [WARN] ModelIntegratedComponent:63 - No mode defined for component null
2023-06-12 21:27:18,525 [WARN] ModelIntegratedComponent:63 - No mode defined for component null
2023-06-12 21:27:18,525 [WARN] ModelIntegratedComponent:63 - No mode defined for component null
2023-06-12 21:27:18,525 [WARN] ModelIntegratedComponent:63 - No mode defined for component null
2023-06-12 21:27:18,525 [WARN] ModelIntegratedComponent:63 - No mode defined for component null
2023-06-12 21:27:18,526 [WARN] ModelIntegratedComponent:63 - No mode defined for component null
2023-06-12 21:27:18,526 [WARN] ModelIntegratedComponent:63 - No mode defined for component null
2023-06-12 21:27:18,526 [WARN] ModelIntegratedComponent:63 - No mode defined for component null
2023-06-12 21:27:18,526 [WARN] ModelIntegratedComponent:63 - No mode defined for component null
2023-06-12 21:27:18,526 [WARN] ModelIntegratedComponent:63 - No mode defined for component null
2023-06-12 21:27:18,526 [WARN] ModelIntegratedComponent:63 - No mode defined for component null
2023-06-12 21:27:18,526 [WARN] ModelIntegratedComponent:63 - No mode defined for component null
2023-06-12 21:27:18,527 [WARN] ModelIntegratedComponent:63 - No mode defined for component null
2023-06-12 21:27:18,527 [WARN] ModelIntegratedComponent:63 - No mode defined for component null
2023-06-12 21:27:18,527 [WARN] ModelIntegratedComponent:63 - No mode defined for component null
2023-06-12 21:27:18,527 [WARN] ModelIntegratedComponent:63 - No mode defined for component null
2023-06-12 21:27:18,527 [WARN] ModelIntegratedComponent:63 - No mode defined for component null
2023-06-12 21:27:18,527 [WARN] ModelIntegratedComponent:63 - No mode defined for component null
2023-06-12 21:27:18,527 [WARN] ModelIntegratedComponent:63 - No mode defined for component null
2023-06-12 21:27:18,527 [WARN] ModelIntegratedComponent:63 - No mode defined for component null
2023-06-12 21:27:18,528 [WARN] ModelIntegratedComponent:63 - No mode defined for component null
2023-06-12 21:27:18,528 [WARN] ModelIntegratedComponent:63 - No mode defined for component null
2023-06-12 21:27:18,528 [WARN] ModelIntegratedComponent:63 - No mode defined for component null
2023-06-12 21:27:18,528 [WARN] ModelIntegratedComponent:63 - No mode defined for component null
2023-06-12 21:27:18,528 [WARN] ModelIntegratedComponent:63 - No mode defined for component null
2023-06-12 21:27:18,748 [INFO] ThirdPartyModel:298 - Start build external matchings
2023-06-12 21:27:20,107 [INFO] ThirdPartyModel:316 - End build external matchings
2023-06-12 21:27:20,154 [INFO] ImportTextPane:194 - (OptionalMessage_ERROR) IP (DMA) : Parameter (Instance) has Id (ADC1) currently not set
2023-06-12 21:27:20,155 [INFO] ImportTextPane:194 - (OptionalMessage_ERROR) IP (DMA) : Parameter (Channel) has Id (ADC1) currently not set
2023-06-12 21:27:20,155 [INFO] ImportTextPane:194 - (OptionalMessage_ERROR) IP (DMA) : Parameter (Direction) has Id (ADC1) currently not set
2023-06-12 21:27:20,155 [INFO] ImportTextPane:194 - (OptionalMessage_ERROR) IP (DMA) : Parameter (PeriphInc) has Id (ADC1) currently not set
2023-06-12 21:27:20,156 [INFO] ImportTextPane:194 - (OptionalMessage_ERROR) IP (DMA) : Parameter (MemInc) has Id (ADC1) currently not set
2023-06-12 21:27:20,156 [INFO] ImportTextPane:194 - (OptionalMessage_ERROR) IP (DMA) : Parameter (PeriphDataAlignment) has Id (ADC1) currently not set
2023-06-12 21:27:20,156 [INFO] ImportTextPane:194 - (OptionalMessage_ERROR) IP (DMA) : Parameter (MemDataAlignment) has Id (ADC1) currently not set
2023-06-12 21:27:20,157 [INFO] ImportTextPane:194 - (OptionalMessage_ERROR) IP (DMA) : Parameter (Mode) has Id (ADC1) currently not set
2023-06-12 21:27:20,157 [INFO] ImportTextPane:194 - (OptionalMessage_ERROR) IP (DMA) : Parameter (Priority) has Id (ADC1) currently not set
2023-06-12 21:27:20,157 [INFO] ImportTextPane:194 - (OptionalMessage_ERROR) IP (DMA) : Parameter (FIFOMode) has Id (ADC1) currently not set
2023-06-12 21:27:20,165 [INFO] ImportTextPane:194 - (OptionalMessage_ERROR) IP (RCC) : Invalid parameter (FamilyName)
2023-06-12 21:27:20,165 [INFO] ImportTextPane:194 - (OptionalMessage_ERROR) IP (RCC) : Parameter (MCO2PinFreq_Value) has invalid value (180000000)
2023-06-12 21:27:20,165 [INFO] ImportTextPane:194 - (OptionalMessage_ERROR) IP (RCC) : Parameter (SDIOFreq_Value) has invalid value (180000000)
2023-06-12 21:27:20,165 [INFO] ImportTextPane:194 - (OptionalMessage_ERROR) IP (RCC) : Parameter (USBFreq_Value) has invalid value (180000000)
2023-06-12 21:27:20,453 [INFO] UtilMem:75 - End LoadConfig() Used Memory: 213531056 Bytes (333447168)
2023-06-12 21:27:20,539 [INFO] ApiDb:581 - Connected to CubeFinder SQLite database (C:\Users\Natsuki\.stmcufinder\plugins\mcufinder\mcu\cube-finder-db.db)
2023-06-12 21:27:20,611 [INFO] ApiDb:668 - CubeFinder database Data Model version=2.1
2023-06-12 21:27:20,612 [INFO] ApiDb:669 - CubeFinder database Configuration version=3.0.35
2023-06-12 21:27:20,612 [INFO] ApiDb:670 - CubeFinder database generation date=2023-04-03 (1680511692)
2023-06-12 21:27:20,612 [INFO] ApiDb:671 - CubeFinder database FW Pack versions=[FP-ATR-ASTRA1_V2.0.0, STM32Cube_FW_C0_V1.0.1, STM32Cube_FW_F0_V1.11.4, STM32Cube_FW_F3_V1.11.4, STM32Cube_FW_F4_V1.27.1, STM32Cube_FW_F7_V1.17.0, STM32Cube_FW_G0_V1.6.1, STM32Cube_FW_G4_V1.5.1, STM32Cube_FW_H5_V0.5.1, STM32Cube_FW_H5_V1.0.0, STM32Cube_FW_H7_V1.11.0, STM32Cube_FW_L0_V1.12.2, STM32Cube_FW_L5_V1.5.0, STM32Cube_FW_U5_V1.2.0, STM32Cube_FW_WBA_V1.0.0, STM32Cube_FW_WBA_V1.0.0RC1, STM32Cube_FW_WBA_V1.0.0RC3, STM32Cube_FW_WB_V1.15.0RC1, STM32Cube_FW_WB_V1.16.0, STM32Cube_FW_WB_V1.16.0RC2, STM32Cube_FW_WL_V1.3.0, X-CUBE-ALGOBUILD_V1.3.0, X-CUBE-ALS_V1.0.1, X-CUBE-AZRTOS-F4_V1.1.0, X-CUBE-AZRTOS-F7_V1.1.0, X-CUBE-AZRTOS-G0_V1.1.0, X-CUBE-AZRTOS-G4_V1.0.0, X-CUBE-AZRTOS-H7_V3.0.0, X-CUBE-AZRTOS-L4_V1.0.0, X-CUBE-AZRTOS-L5_V1.1.0, X-CUBE-AZRTOS-WB_V1.1.0, X-CUBE-AZRTOS-WL_V1.0.0, X-CUBE-BLE1_V6.2.4, X-CUBE-BLE2_V3.3.0, X-CUBE-BLEMGR_V1.3.0, X-CUBE-EEPRMA1_V4.1.0, X-CUBE-FREERTOS_V1.0.1, X-CUBE-GNSS1_V6.0.0, X-CUBE-MEMS1_V9.1.0, X-CUBE-MEMS1_V9.4.0, X-CUBE-MEMS1_V9.5.0, X-CUBE-NFC4_V3.0.0, X-CUBE-NFC7_V1.0.0, X-CUBE-SFXS2LP1_V4.0.0, X-CUBE-SUBG2_V5.0.0]
2023-06-12 21:27:22,728 [INFO] ApiDb:240 - Found 297 in-development CPN: [B-G473E-ZEST1S, B-WB1M-WPAN1, B-WL5M-SUBG1, NUCLEO-C031C6, NUCLEO-H503RB, NUCLEO-H563ZI, NUCLEO-U545RE-Q, NUCLEO-U5A5ZJ-Q, NUCLEO-WBA52CG, STEVAL-PROTEUS1, STEVAL-STWINBX1, STM320518-EVAL, STM32C0116-DK, STM32C011D6Y3TR, STM32C011D6Y6TR, STM32C011F4P3, STM32C011F4P6, STM32C011F4U3, STM32C011F4U6TR, STM32C011F6P3, STM32C011F6P6, STM32C011F6U3, STM32C011F6U6TR, STM32C011J4M3, STM32C011J4M6, STM32C011J6M3, STM32C011J6M6, STM32C0316-DK, STM32C031C4T3, STM32C031C4T6, STM32C031C4U3, STM32C031C4U6, STM32C031C6T3, STM32C031C6T6, STM32C031C6U3, STM32C031C6U6, STM32C031F4P3, STM32C031F4P6, STM32C031F6P3, STM32C031F6P6, STM32C031G4U3, STM32C031G4U6, STM32C031G6U3, STM32C031G6U6, STM32C031K4T3, STM32C031K4T6, STM32C031K4U3, STM32C031K4U6, STM32C031K6T3, STM32C031K6T6, STM32C031K6U3, STM32C031K6U6, STM32G071K8TXN, STM32G071K8UXN, STM32G081GBU6N, STM32G081KBT6N, STM32G081KBUXN, STM32G0B1CCT6N, STM32G0B1KCT6, STM32G0B1NEY6TR, STM32G0B1RCT6N, STM32G0C1CCT6, STM32G0C1CCT6N, STM32G0C1CCU6N, STM32G0C1CET6N, STM32G0C1CEU6N, STM32G0C1KCT6, STM32G0C1NEY6TR, STM32G0C1RCI6N, STM32G0C1RCT6N, STM32G0C1REI6N, STM32G0C1RET6N, STM32G0C1VCI6, STM32G0C1VEI6, STM32G471CCT6, STM32G471CCU6, STM32G471CET3, STM32G471CET6, STM32G471CEU3, STM32G471CEU6, STM32G471MCT6, STM32G471MET3, STM32G471MET6, STM32G471MEY6TR, STM32G471QCT6, STM32G471QET3, STM32G471RCT6, STM32G471RET3, STM32G471RET6, STM32G471VCH6, STM32G471VCI6, STM32G471VCT6, STM32G471VEH3, STM32G471VEH6, STM32G471VEI3, STM32G471VEI6, STM32G471VET3, STM32G471VET6, STM32G474CCT6, STM32H503CBT6, STM32H503CBU6, STM32H503EBY6TR, STM32H503KBU6, STM32H503RBT6, STM32H562AGI6, STM32H562AII6, STM32H562IGK6, STM32H562IGT6, STM32H562IIK6, STM32H562IIT6, STM32H562RGT6, STM32H562RGV6, STM32H562RIT6, STM32H562RIV6, STM32H562VGT6, STM32H562VIT6, STM32H562ZGT6, STM32H562ZIT6, STM32H563AGI6, STM32H563AII3Q, STM32H563AII6, STM32H563IGK6, STM32H563IGT6, STM32H563IIK3Q, STM32H563IIK6, STM32H563IIT3Q, STM32H563IIT6, STM32H563MIY3QTR, STM32H563RGT6, STM32H563RGV6, STM32H563RIT6, STM32H563RIV6, STM32H563VGT6, STM32H563VIT3Q, STM32H563VIT6, STM32H563ZGT6, STM32H563ZIT3Q, STM32H563ZIT6, STM32H573AII3Q, STM32H573AII6, STM32H573I-DK, STM32H573IIK3Q, STM32H573IIK6, STM32H573IIT3Q, STM32H573IIT6, STM32H573MIY3QTR, STM32H573RIT6, STM32H573RIV6, STM32H573VIT3Q, STM32H573VIT6, STM32H573ZIT3Q, STM32H573ZIT6, STM32L4R5QGI6STR, STM32MP131AAE3, STM32MP131AAF3, STM32MP131AAG3, STM32MP131CAE3, STM32MP131CAF3, STM32MP131CAG3, STM32MP131DAE7, STM32MP131DAF7, STM32MP131DAG7, STM32MP131FAE7, STM32MP131FAF7, STM32MP131FAG7, STM32MP133AAE3, STM32MP133AAF3, STM32MP133AAG3, STM32MP133CAE3, STM32MP133CAF3, STM32MP133CAG3, STM32MP133DAE7, STM32MP133DAF7, STM32MP133DAG7, STM32MP133FAE7, STM32MP133FAF7, STM32MP133FAG7, STM32MP135AAE3, STM32MP135AAF3, STM32MP135AAG3, STM32MP135CAE3, STM32MP135CAF3, STM32MP135CAG3, STM32MP135DAE7, STM32MP135DAF7, STM32MP135DAG7, STM32MP135F-DK, STM32MP135FAE7, STM32MP135FAF7, STM32MP135FAF7T, STM32MP135FAF7U, STM32MP135FAG7, STM32U535CBT6, STM32U535CBT6Q, STM32U535CBU6, STM32U535CBU6Q, STM32U535CCT6, STM32U535CCT6Q, STM32U535CCU6, STM32U535CCU6Q, STM32U535CET6, STM32U535CET6Q, STM32U535CEU6, STM32U535CEU6Q, STM32U535JEY6QTR, STM32U535NCY6QTR, STM32U535NEY6QTR, STM32U535RBI6, STM32U535RBI6Q, STM32U535RBT6, STM32U535RBT6Q, STM32U535RCI6, STM32U535RCI6Q, STM32U535RCT6, STM32U535RCT6Q, STM32U535REI6, STM32U535REI6Q, STM32U535RET6, STM32U535RET6Q, STM32U535VCI6, STM32U535VCI6Q, STM32U535VCT6, STM32U535VCT6Q, STM32U535VEI6, STM32U535VEI6Q, STM32U535VET6, STM32U535VET6Q, STM32U545CET6, STM32U545CET6Q, STM32U545CEU6, STM32U545CEU6Q, STM32U545JEY6QTR, STM32U545NEY6QTR, STM32U545REI6, STM32U545REI6Q, STM32U545RET6, STM32U545RET6Q, STM32U545VEI6, STM32U545VEI6Q, STM32U545VET6, STM32U545VET6Q, STM32U595AIH6, STM32U595AIH6Q, STM32U595AJH6, STM32U595AJH6Q, STM32U595QII6, STM32U595QII6Q, STM32U595QJI6, STM32U595QJI6Q, STM32U595RIT6, STM32U595RIT6Q, STM32U595RJT6, STM32U595RJT6Q, STM32U595VIT6, STM32U595VIT6Q, STM32U595VJT6, STM32U595VJT6Q, STM32U595ZIT6, STM32U595ZIT6Q, STM32U595ZIY6QTR, STM32U595ZJT6, STM32U595ZJT6Q, STM32U595ZJY6QTR, STM32U599BJY6QTR, STM32U599NIH6Q, STM32U599NJH6Q, STM32U599VIT6Q, STM32U599VJT6, STM32U599VJT6Q, STM32U599ZIT6Q, STM32U599ZIY6QTR, STM32U599ZJT6Q, STM32U599ZJY6QTR, STM32U5A5AJH6, STM32U5A5AJH6Q, STM32U5A5QJI6, STM32U5A5QJI6Q, STM32U5A5RJT6, STM32U5A5RJT6Q, STM32U5A5VJT6, STM32U5A5VJT6Q, STM32U5A5ZJT6, STM32U5A5ZJT6Q, STM32U5A5ZJY6QTR, STM32U5A9BJY6QTR, STM32U5A9J-DK, STM32U5A9NJH6Q, STM32U5A9VJT6Q, STM32U5A9ZJT6Q, STM32U5A9ZJY6QTR, STM32WB1MMCH6, STM32WBA52CEU6, STM32WBA52CEU6T, STM32WBA52CGU6, STM32WBA52CGU6T, STM32WL5MOCH6, STM32WL5MOCH6TR]
2023-06-12 21:27:22,732 [INFO] DbMcus:216 - Found 3775 MCUs, 3775 are supported
2023-06-12 21:27:22,734 [INFO] ApiDb:423 - Load user favorites file C:\Users\Natsuki/.stm32cubeide/favorites.mcus.txt: 0 item(s)
2023-06-12 21:27:22,734 [INFO] ApiDb:427 - User favorites MCUs=[]
2023-06-12 21:27:22,735 [INFO] DbMcus:222 - Set 0 / 0 favorites MCUs
2023-06-12 21:27:22,994 [WARN] ThirdParty:833 - waiting for thirdparty lock release [change project]
2023-06-12 21:27:22,994 [INFO] ThirdParty:835 - entering critical section [change project]
2023-06-12 21:27:22,994 [INFO] ThirdParty:1030 - CMSIS Pack Vendor :STMicroelectronics X-CUBE-GNSS1 6.0.0
2023-06-12 21:27:22,995 [INFO] ThirdParty:1030 - CMSIS Pack Vendor :STMicroelectronics USB_HOST 2.0.0
2023-06-12 21:27:22,995 [INFO] ThirdParty:1030 - CMSIS Pack Vendor :STMicroelectronics X-CUBE-AZRTOS-F4 1.1.0
2023-06-12 21:27:22,995 [INFO] ThirdParty:1030 - CMSIS Pack Vendor :STMicroelectronics LIBJPEG 8.0.0
2023-06-12 21:27:22,995 [INFO] ThirdParty:1030 - CMSIS Pack Vendor :STMicroelectronics X-CUBE-SMBUS 2.1.0
2023-06-12 21:27:22,995 [INFO] ThirdParty:1030 - CMSIS Pack Vendor :STMicroelectronics X-CUBE-MEMS1 9.2.0
2023-06-12 21:27:22,995 [INFO] ThirdParty:1030 - CMSIS Pack Vendor :STMicroelectronics X-CUBE-BLEMGR 1.2.0
2023-06-12 21:27:22,996 [INFO] ThirdParty:1030 - CMSIS Pack Vendor :STMicroelectronics X-CUBE-AZRTOS-F7 1.1.0
2023-06-12 21:27:22,996 [INFO] ThirdParty:1030 - CMSIS Pack Vendor :STMicroelectronics USB_DEVICE 2.0.0
2023-06-12 21:27:22,996 [INFO] ThirdParty:1030 - CMSIS Pack Vendor :STMicroelectronics X-CUBE-MEMS1 9.6.0
2023-06-12 21:27:22,997 [INFO] ThirdParty:1030 - CMSIS Pack Vendor :STMicroelectronics X-CUBE-AI 7.1.0
2023-06-12 21:27:22,997 [INFO] ThirdParty:1030 - CMSIS Pack Vendor :STMicroelectronics X-CUBE-TOUCHGFX 4.19.1
2023-06-12 21:27:22,997 [INFO] ThirdParty:1030 - CMSIS Pack Vendor :STMicroelectronics FP-SNS-MOTENV1 4.3.0
2023-06-12 21:27:22,997 [INFO] ThirdParty:1030 - CMSIS Pack Vendor :STMicroelectronics FP-SNS-FLIGHT1 5.0.0
2023-06-12 21:27:22,997 [INFO] ThirdParty:1030 - CMSIS Pack Vendor :STMicroelectronics FP-SNS-MOTENV1 4.3.1
2023-06-12 21:27:22,997 [INFO] ThirdParty:1030 - CMSIS Pack Vendor :STMicroelectronics FP-SNS-FLIGHT1 5.0.1
2023-06-12 21:27:22,997 [INFO] ThirdParty:1030 - CMSIS Pack Vendor :STMicroelectronics X-CUBE-BLE1 6.2.3
2023-06-12 21:27:22,997 [INFO] ThirdParty:1030 - CMSIS Pack Vendor :STMicroelectronics X-CUBE-BLE1 6.2.4
2023-06-12 21:27:22,998 [INFO] ThirdParty:1030 - CMSIS Pack Vendor :STMicroelectronics FreeRTOS 0.0.1
2023-06-12 21:27:22,998 [INFO] ThirdParty:1030 - CMSIS Pack Vendor :STMicroelectronics X-CUBE-BLEMGR 2.0.0
2023-06-12 21:27:22,998 [INFO] ThirdParty:1030 - CMSIS Pack Vendor :STMicroelectronics X-CUBE-NFC4 2.0.5
2023-06-12 21:27:22,998 [INFO] ThirdParty:1030 - CMSIS Pack Vendor :STMicroelectronics X-CUBE-NFC4 2.0.4
2023-06-12 21:27:22,998 [INFO] ThirdParty:1030 - CMSIS Pack Vendor :STMicroelectronics X-CUBE-BLE2 3.2.2
2023-06-12 21:27:22,998 [INFO] ThirdParty:1030 - CMSIS Pack Vendor :STMicroelectronics X-CUBE-AZRTOS-H7 3.1.0
2023-06-12 21:27:22,999 [INFO] ThirdParty:1030 - CMSIS Pack Vendor :STMicroelectronics PDM2PCM 3.3.0
2023-06-12 21:27:22,999 [INFO] ThirdParty:1030 - CMSIS Pack Vendor :STMicroelectronics X-CUBE-TOF1 3.1.0
2023-06-12 21:27:22,999 [INFO] ThirdParty:1030 - CMSIS Pack Vendor :STMicroelectronics X-CUBE-SFXS2LP1 3.1.0
2023-06-12 21:27:22,999 [INFO] ThirdParty:1030 - CMSIS Pack Vendor :STMicroelectronics X-CUBE-DISPLAY 3.0.0
2023-06-12 21:27:22,999 [INFO] ThirdParty:1030 - CMSIS Pack Vendor :STMicroelectronics X-CUBE-AZRTOS-F4 1.0.0
2023-06-12 21:27:22,999 [INFO] ThirdParty:1030 - CMSIS Pack Vendor :STMicroelectronics HAL Drivers 0.0.0
2023-06-12 21:27:22,999 [INFO] ThirdParty:1030 - CMSIS Pack Vendor :STMicroelectronics MBEDTLS 2.14.1
2023-06-12 21:27:23,000 [INFO] ThirdParty:1030 - CMSIS Pack Vendor :STMicroelectronics X-CUBE-NFC7 1.0.0
2023-06-12 21:27:23,000 [INFO] ThirdParty:1030 - CMSIS Pack Vendor :STMicroelectronics X-CUBE-MEMS1 9.3.0
2023-06-12 21:27:23,000 [INFO] ThirdParty:1030 - CMSIS Pack Vendor :STMicroelectronics X-CUBE-EEPRMA1 4.1.0
2023-06-12 21:27:23,000 [INFO] ThirdParty:1030 - CMSIS Pack Vendor :STMicroelectronics X-CUBE-AI 7.2.0
2023-06-12 21:27:23,000 [INFO] ThirdParty:1030 - CMSIS Pack Vendor :STMicroelectronics X-CUBE-AZRTOS-WL 2.0.0
2023-06-12 21:27:23,000 [INFO] ThirdParty:1030 - CMSIS Pack Vendor :STMicroelectronics USB_DEVICE 1.0.0
2023-06-12 21:27:23,000 [INFO] ThirdParty:1030 - CMSIS Pack Vendor :STMicroelectronics X-CUBE-AZRTOS-G0 1.0.0
2023-06-12 21:27:23,000 [INFO] ThirdParty:1030 - CMSIS Pack Vendor :STMicroelectronics X-CUBE-AZRTOS-L4 2.0.0
2023-06-12 21:27:23,000 [INFO] ThirdParty:1030 - CMSIS Pack Vendor :STMicroelectronics ThreadX 0.0.2
2023-06-12 21:27:23,000 [INFO] ThirdParty:1030 - CMSIS Pack Vendor :WES I-CUBE-Cesium 1.3.0
2023-06-12 21:27:23,000 [INFO] ThirdParty:1030 - CMSIS Pack Vendor :STMicroelectronics lwIP 2.1.2
2023-06-12 21:27:23,000 [INFO] ThirdParty:1030 - CMSIS Pack Vendor :STMicroelectronics X-CUBE-SFXS2LP1 4.0.0
2023-06-12 21:27:23,000 [INFO] ThirdParty:1030 - CMSIS Pack Vendor :STMicroelectronics X-CUBE-BLE2 3.3.0
2023-06-12 21:27:23,000 [INFO] ThirdParty:1030 - CMSIS Pack Vendor :STMicroelectronics X-CUBE-DISPLAY 2.2.0
2023-06-12 21:27:23,000 [INFO] ThirdParty:1030 - CMSIS Pack Vendor :STMicroelectronics X-CUBE-TOF1 3.2.0
2023-06-12 21:27:23,000 [INFO] ThirdParty:1030 - CMSIS Pack Vendor :STMicroelectronics PDM2PCM 3.2.0
2023-06-12 21:27:23,000 [INFO] ThirdParty:1030 - CMSIS Pack Vendor :STMicroelectronics X-CUBE-AZRTOS-H7 3.0.0
2023-06-12 21:27:23,000 [INFO] ThirdParty:1030 - CMSIS Pack Vendor :STMicroelectronics X-CUBE-ISPU 1.0.0
2023-06-12 21:27:23,000 [INFO] ThirdParty:1030 - CMSIS Pack Vendor :STMicroelectronics X-CUBE-ISPU 1.1.0
2023-06-12 21:27:23,001 [INFO] ThirdParty:1030 - CMSIS Pack Vendor :RoweBots I-CUBE-UNISONRTOS 5.5.0-4
2023-06-12 21:27:23,001 [INFO] ThirdParty:1030 - CMSIS Pack Vendor :STMicroelectronics X-CUBE-AZRTOS-H7 2.1.0
2023-06-12 21:27:23,001 [INFO] ThirdParty:1030 - CMSIS Pack Vendor :STMicroelectronics USB_DEVICE 3.0.0
2023-06-12 21:27:23,001 [INFO] ThirdParty:1030 - CMSIS Pack Vendor :STMicroelectronics X-CUBE-AI 8.0.0
2023-06-12 21:27:23,001 [INFO] ThirdParty:1030 - CMSIS Pack Vendor :STMicroelectronics X-CUBE-FREERTOS 1.0.0
2023-06-12 21:27:23,001 [INFO] ThirdParty:1030 - CMSIS Pack Vendor :STMicroelectronics X-CUBE-FREERTOS 1.0.1
2023-06-12 21:27:23,001 [INFO] ThirdParty:1030 - CMSIS Pack Vendor :STMicroelectronics X-CUBE-TOUCHGFX 4.21.1
2023-06-12 21:27:23,001 [INFO] ThirdParty:1030 - CMSIS Pack Vendor :STMicroelectronics X-CUBE-TOUCHGFX 4.21.0
2023-06-12 21:27:23,001 [INFO] ThirdParty:1030 - CMSIS Pack Vendor :STMicroelectronics X-CUBE-TOUCHGFX 4.21.3
2023-06-12 21:27:23,001 [INFO] ThirdParty:1030 - CMSIS Pack Vendor :STMicroelectronics X-CUBE-BLEMGR 1.0.0
2023-06-12 21:27:23,001 [INFO] ThirdParty:1030 - CMSIS Pack Vendor :STMicroelectronics X-CUBE-TOUCHGFX 4.21.4
2023-06-12 21:27:23,001 [INFO] ThirdParty:1030 - CMSIS Pack Vendor :STMicroelectronics X-CUBE-MEMS1 9.4.0
2023-06-12 21:27:23,001 [INFO] ThirdParty:1030 - CMSIS Pack Vendor :STMicroelectronics X-CUBE-AI 7.3.0
2023-06-12 21:27:23,002 [INFO] ThirdParty:1030 - CMSIS Pack Vendor :STMicroelectronics X-CUBE-ALGOBUILD 1.3.0
2023-06-12 21:27:23,002 [INFO] ThirdParty:1030 - CMSIS Pack Vendor :STMicroelectronics X-CUBE-AZRTOS-L5 1.1.0
2023-06-12 21:27:23,002 [INFO] ThirdParty:1030 - CMSIS Pack Vendor :STMicroelectronics X-CUBE-AZRTOS-G0 1.1.0
2023-06-12 21:27:23,002 [INFO] ThirdParty:1030 - CMSIS Pack Vendor :STMicroelectronics X-CUBE-AI 8.0.1
2023-06-12 21:27:23,002 [INFO] ThirdParty:1030 - CMSIS Pack Vendor :STMicroelectronics X-CUBE-SUBG2 5.0.0
2023-06-12 21:27:23,002 [INFO] ThirdParty:1030 - CMSIS Pack Vendor :STMicroelectronics X-CUBE-NFC4 3.0.0
2023-06-12 21:27:23,002 [INFO] ThirdParty:1030 - CMSIS Pack Vendor :SEGGER I-CUBE-embOS 1.2.0
2023-06-12 21:27:23,002 [INFO] ThirdParty:1030 - CMSIS Pack Vendor :STMicroelectronics STM32_WPAN 1.0.0
2023-06-12 21:27:23,002 [INFO] ThirdParty:1030 - CMSIS Pack Vendor :STMicroelectronics lwIP 2.0.3
2023-06-12 21:27:23,002 [INFO] ThirdParty:1030 - CMSIS Pack Vendor :STMicroelectronics USB_HOST 1.0.0
2023-06-12 21:27:23,002 [INFO] ThirdParty:1030 - CMSIS Pack Vendor :STMicroelectronics X-CUBE-AZRTOS-G4 2.0.0
2023-06-12 21:27:23,002 [INFO] ThirdParty:1030 - CMSIS Pack Vendor :STMicroelectronics PDM2PCM 3.1.0
2023-06-12 21:27:23,002 [INFO] ThirdParty:1030 - CMSIS Pack Vendor :STMicroelectronics X-CUBE-TOF1 3.3.0
2023-06-12 21:27:23,002 [INFO] ThirdParty:1030 - CMSIS Pack Vendor :STMicroelectronics FP-ATR-ASTRA1 1.1.1
2023-06-12 21:27:23,002 [INFO] ThirdParty:1030 - CMSIS Pack Vendor :STMicroelectronics FP-ATR-ASTRA1 1.1.0
2023-06-12 21:27:23,002 [INFO] ThirdParty:1030 - CMSIS Pack Vendor :STMicroelectronics X-CUBE-BLEMGR 1.3.0
2023-06-12 21:27:23,002 [INFO] ThirdParty:1030 - CMSIS Pack Vendor :STMicroelectronics X-CUBE-AZRTOS-G4 1.0.0
2023-06-12 21:27:23,002 [INFO] ThirdParty:1030 - CMSIS Pack Vendor :STMicroelectronics FP-ATR-SIGFOX1 3.2.0
2023-06-12 21:27:23,002 [INFO] ThirdParty:1030 - CMSIS Pack Vendor :wolfSSL I-CUBE-wolfSSL 5.3.0
2023-06-12 21:27:23,002 [INFO] ThirdParty:1030 - CMSIS Pack Vendor :STMicroelectronics X-CUBE-AZRTOS-L4 1.0.0
2023-06-12 21:27:23,002 [INFO] ThirdParty:1030 - CMSIS Pack Vendor :STMicroelectronics MBEDTLS 2.16.2
2023-06-12 21:27:23,002 [INFO] ThirdParty:1030 - CMSIS Pack Vendor :emotas I-CUBE-CANOPEN 1.1.2
2023-06-12 21:27:23,002 [INFO] ThirdParty:1030 - CMSIS Pack Vendor :STMicroelectronics X-CUBE-TOUCHGFX 4.20.0
2023-06-12 21:27:23,002 [INFO] ThirdParty:1030 - CMSIS Pack Vendor :STMicroelectronics X-CUBE-AZRTOS-F7 1.0.0
2023-06-12 21:27:23,002 [INFO] ThirdParty:1030 - CMSIS Pack Vendor :STMicroelectronics X-CUBE-AZRTOS-WL 1.0.0
2023-06-12 21:27:23,002 [INFO] ThirdParty:1030 - CMSIS Pack Vendor :portGmbH I-Cube-SoM-uGOAL 1.1.0
2023-06-12 21:27:23,002 [INFO] ThirdParty:1030 - CMSIS Pack Vendor :STMicroelectronics X-CUBE-ALS 1.0.1
2023-06-12 21:27:23,002 [INFO] ThirdParty:1030 - CMSIS Pack Vendor :STMicroelectronics X-CUBE-MEMS1 9.5.0
2023-06-12 21:27:23,002 [INFO] ThirdParty:1030 - CMSIS Pack Vendor :STMicroelectronics ThreadX 1.0.0
2023-06-12 21:27:23,002 [INFO] ThirdParty:1030 - CMSIS Pack Vendor :STMicroelectronics X-CUBE-AZRTOS-WB 1.1.0
2023-06-12 21:27:23,002 [INFO] ThirdParty:1030 - CMSIS Pack Vendor :SEGGER I-CUBE-embOS 1.3.1
2023-06-12 21:27:23,002 [INFO] ThirdParty:1030 - CMSIS Pack Vendor :STMicroelectronics X-CUBE-AZRTOS-L5 1.0.0
2023-06-12 21:27:23,002 [INFO] ThirdParty:1030 - CMSIS Pack Vendor :STMicroelectronics X-CUBE-EEPRMA1 3.1.1
2023-06-12 21:27:23,002 [INFO] ThirdParty:1030 - CMSIS Pack Vendor :STMicroelectronics X-CUBE-GNSS1 5.2.0
2023-06-12 21:27:23,002 [INFO] ThirdParty:1030 - CMSIS Pack Vendor :STMicroelectronics FP-ATR-ASTRA1 2.0.0
2023-06-12 21:27:23,002 [INFO] ThirdParty:1030 - CMSIS Pack Vendor :STMicroelectronics X-CUBE-TOF1 3.0.0
2023-06-12 21:27:23,002 [INFO] ThirdParty:841 - exiting critical section [change project]
2023-06-12 21:27:23,358 [INFO] PinOutPanel:1499 - setPackage(No Configuration,No Configuration)
2023-06-12 21:27:23,359 [INFO] PinOutPanel:1499 - setPackage(STM32F446RETx,LQFP64)
2023-06-12 21:27:24,080 [INFO] UtilMem:75 - Before build in PCC Used Memory: 245427256 Bytes (333447168)
2023-06-12 21:27:24,864 [INFO] UtilMem:75 - After build in PCC Used Memory: 274271448 Bytes (333447168)
2023-06-12 21:27:24,893 [INFO] IPUIPlugin:80 - create IPUIPlugin
2023-06-12 21:27:24,893 [INFO] IPUIPlugin:80 - create IPUIPlugin
2023-06-12 21:27:24,893 [INFO] IPUIPlugin:80 - create IPUIPlugin
2023-06-12 21:27:24,893 [INFO] IPUIPlugin:80 - create IPUIPlugin
2023-06-12 21:27:24,894 [INFO] IPUIPlugin:80 - create IPUIPlugin
2023-06-12 21:27:24,894 [INFO] IPUIPlugin:80 - create IPUIPlugin
2023-06-12 21:27:24,894 [INFO] IPUIPlugin:80 - create IPUIPlugin
2023-06-12 21:27:24,894 [INFO] IPUIPlugin:80 - create IPUIPlugin
2023-06-12 21:27:24,895 [INFO] IPUIPlugin:80 - create IPUIPlugin
2023-06-12 21:27:24,895 [INFO] IPUIPlugin:80 - create IPUIPlugin
2023-06-12 21:27:24,895 [INFO] IPUIPlugin:80 - create IPUIPlugin
2023-06-12 21:27:24,895 [INFO] IPUIPlugin:80 - create IPUIPlugin
2023-06-12 21:27:24,895 [INFO] IPUIPlugin:80 - create IPUIPlugin
2023-06-12 21:27:24,896 [INFO] IPUIPlugin:80 - create IPUIPlugin
2023-06-12 21:27:24,896 [INFO] IPUIPlugin:80 - create IPUIPlugin
2023-06-12 21:27:24,896 [INFO] IPUIPlugin:80 - create IPUIPlugin
2023-06-12 21:27:24,896 [INFO] IPUIPlugin:80 - create IPUIPlugin
2023-06-12 21:27:24,897 [INFO] IPUIPlugin:80 - create IPUIPlugin
2023-06-12 21:27:24,897 [INFO] IPUIPlugin:80 - create IPUIPlugin
2023-06-12 21:27:24,897 [INFO] IPUIPlugin:80 - create IPUIPlugin
2023-06-12 21:27:24,897 [INFO] IPUIPlugin:80 - create IPUIPlugin
2023-06-12 21:27:24,898 [INFO] IPUIPlugin:80 - create IPUIPlugin
2023-06-12 21:27:24,898 [INFO] IPUIPlugin:80 - create IPUIPlugin
2023-06-12 21:27:24,898 [INFO] IPUIPlugin:80 - create IPUIPlugin
2023-06-12 21:27:24,898 [INFO] IPUIPlugin:80 - create IPUIPlugin
2023-06-12 21:27:24,899 [INFO] IPUIPlugin:80 - create IPUIPlugin
2023-06-12 21:27:24,899 [INFO] IPUIPlugin:80 - create IPUIPlugin
2023-06-12 21:27:24,899 [INFO] IPUIPlugin:80 - create IPUIPlugin
2023-06-12 21:27:24,900 [INFO] IPUIPlugin:80 - create IPUIPlugin
2023-06-12 21:27:24,900 [INFO] IPUIPlugin:80 - create IPUIPlugin
2023-06-12 21:27:24,900 [INFO] IPUIPlugin:80 - create IPUIPlugin
2023-06-12 21:27:24,901 [INFO] IPUIPlugin:80 - create IPUIPlugin
2023-06-12 21:27:24,901 [INFO] IPUIPlugin:80 - create IPUIPlugin
2023-06-12 21:27:24,901 [INFO] IPUIPlugin:80 - create IPUIPlugin
2023-06-12 21:27:24,902 [INFO] IPUIPlugin:80 - create IPUIPlugin
2023-06-12 21:27:24,902 [INFO] IPUIPlugin:80 - create IPUIPlugin
2023-06-12 21:27:24,902 [INFO] IPUIPlugin:80 - create IPUIPlugin
2023-06-12 21:27:24,903 [INFO] IPUIPlugin:80 - create IPUIPlugin
2023-06-12 21:27:24,903 [INFO] IPUIPlugin:80 - create IPUIPlugin
2023-06-12 21:27:24,903 [INFO] IPUIPlugin:80 - create IPUIPlugin
2023-06-12 21:27:24,904 [INFO] IPUIPlugin:80 - create IPUIPlugin
2023-06-12 21:27:24,904 [INFO] IPUIPlugin:80 - create IPUIPlugin
2023-06-12 21:27:24,904 [INFO] IPUIPlugin:80 - create IPUIPlugin
2023-06-12 21:27:24,905 [INFO] IPUIPlugin:80 - create IPUIPlugin
2023-06-12 21:27:24,905 [INFO] IPUIPlugin:80 - create IPUIPlugin
2023-06-12 21:27:24,905 [INFO] IPUIPlugin:80 - create IPUIPlugin
2023-06-12 21:27:24,906 [INFO] IPUIPlugin:80 - create IPUIPlugin
2023-06-12 21:27:24,906 [INFO] IPUIPlugin:80 - create IPUIPlugin
2023-06-12 21:27:24,906 [INFO] IPUIPlugin:80 - create IPUIPlugin
2023-06-12 21:27:24,907 [INFO] IPUIPlugin:80 - create IPUIPlugin
2023-06-12 21:27:24,907 [INFO] IPUIPlugin:80 - create IPUIPlugin
2023-06-12 21:27:24,907 [INFO] IPUIPlugin:80 - create IPUIPlugin
2023-06-12 21:27:24,908 [INFO] IPUIPlugin:80 - create IPUIPlugin
2023-06-12 21:27:24,908 [INFO] IPUIPlugin:80 - create IPUIPlugin
2023-06-12 21:27:24,908 [INFO] IPUIPlugin:80 - create IPUIPlugin
2023-06-12 21:27:24,909 [INFO] IPUIPlugin:80 - create IPUIPlugin
2023-06-12 21:27:24,909 [INFO] IPUIPlugin:80 - create IPUIPlugin
2023-06-12 21:27:24,910 [INFO] IPUIPlugin:80 - create IPUIPlugin
2023-06-12 21:27:24,911 [INFO] IPUIPlugin:80 - create IPUIPlugin
2023-06-12 21:27:24,911 [INFO] IPUIPlugin:80 - create IPUIPlugin
2023-06-12 21:27:25,001 [INFO] ApiDbMcu:507 - Load IP Config File for PDM2PCM
2023-06-12 21:27:25,200 [INFO] CADModel:165 - CPN selected for project levelSTM32F446RET6
2023-06-12 21:27:25,200 [INFO] CADModel:114 - Register for checkConnection events
2023-06-12 21:27:25,254 [INFO] OpenFileManager:328 - Restore cursor
