2023-07-23 00:01:05,527 [INFO] MainUpdater:2868 - connection check result : 10
2023-07-23 00:01:05,539 [INFO] MainUpdater:2868 - connection check result : 10
2023-07-23 00:01:05,571 [INFO] MicroXplorer:468 - Change Database Path : 
2023-07-23 00:01:05,571 [INFO] MicroXplorer:498 - Change Database Version : DB.6.0.90
2023-07-23 00:01:05,588 [WARN] ThirdParty:871 - waiting for thirdparty lock release [close project]
2023-07-23 00:01:05,588 [INFO] ThirdParty:873 - entering critical section [close project]
2023-07-23 00:01:05,588 [INFO] ThirdParty:883 - exiting critical section [close project]
2023-07-23 00:01:05,588 [INFO] PinOutPanel:1499 - setPackage(No Configuration,No Configuration)
2023-07-23 00:01:05,591 [WARN] IpParametersView:151 - Warning: This peripheral hasn't parameters
2023-07-23 00:01:05,594 [WARN] MainPanel:272 - <html><b><center>Warning: This peripheral has no parameters to be configured<br></b></html>
2023-07-23 00:01:05,596 [INFO] UtilMem:75 - Begin LoadConfig() Used Memory: 565206016 Bytes (1073741824)
2023-07-23 00:01:05,621 [INFO] MicroXplorer:468 - Change Database Path : C:/Users/Natsuki/.stm32cubemx/databases/DB.6.0.80/db/
2023-07-23 00:01:05,621 [INFO] MicroXplorer:498 - Change Database Version : DB.6.0.80
2023-07-23 00:01:07,514 [INFO] MicroXplorer:468 - Change Database Path : 
2023-07-23 00:01:07,514 [INFO] MicroXplorer:498 - Change Database Version : DB.6.0.90
2023-07-23 00:01:07,514 [INFO] OpenFileManager:308 - Change cursor
2023-07-23 00:01:07,527 [INFO] RulesReader:64 - Compatibility file has been processed (293 Rules)
2023-07-23 00:01:07,532 [INFO] Mcu:1946 - Initializing MCU STM32F446R(C-E)Tx STM32F446RETx STM32F446RET6
2023-07-23 00:01:08,588 [INFO] Context:659 - Trying to add GPIOservice into a context  which must be forbidden
2023-07-23 00:01:08,901 [INFO] RtosManager:555 - Registered RTOS mode: class=CMSIS, group=RTOS, mode=CMSIS_V1, owner=FREERTOS
2023-07-23 00:01:08,901 [INFO] RtosManager:555 - Registered RTOS mode: class=CMSIS, group=RTOS2, mode=CMSIS_V2, owner=FREERTOS
2023-07-23 00:01:08,901 [INFO] RtosManager:555 - Registered RTOS mode: class=RTOS, group=Core, mode=CMSIS_V1, owner=FREERTOS
2023-07-23 00:01:08,901 [INFO] RtosManager:555 - Registered RTOS mode: class=RTOS, group=Core, mode=CMSIS_V2, owner=FREERTOS
2023-07-23 00:01:08,901 [WARN] ModelIntegratedComponent:184 - Missing modes for component STMicroelectronics:FreeRTOS:0.0.1:STMicroelectronics:RTOS:FreeRTOS:Core:::10.2.0:
2023-07-23 00:01:08,905 [WARN] ModelIntegratedComponent:63 - No mode defined for component null
2023-07-23 00:01:08,905 [WARN] ModelIntegratedComponent:63 - No mode defined for component null
2023-07-23 00:01:08,905 [WARN] ModelIntegratedComponent:63 - No mode defined for component null
2023-07-23 00:01:08,905 [WARN] ModelIntegratedComponent:63 - No mode defined for component null
2023-07-23 00:01:08,905 [WARN] ModelIntegratedComponent:63 - No mode defined for component null
2023-07-23 00:01:08,905 [WARN] ModelIntegratedComponent:63 - No mode defined for component null
2023-07-23 00:01:08,905 [WARN] ModelIntegratedComponent:63 - No mode defined for component null
2023-07-23 00:01:08,905 [WARN] ModelIntegratedComponent:63 - No mode defined for component null
2023-07-23 00:01:08,905 [WARN] ModelIntegratedComponent:63 - No mode defined for component null
2023-07-23 00:01:08,905 [WARN] ModelIntegratedComponent:63 - No mode defined for component null
2023-07-23 00:01:08,905 [WARN] ModelIntegratedComponent:63 - No mode defined for component null
2023-07-23 00:01:08,905 [WARN] ModelIntegratedComponent:63 - No mode defined for component null
2023-07-23 00:01:08,905 [WARN] ModelIntegratedComponent:63 - No mode defined for component null
2023-07-23 00:01:08,905 [WARN] ModelIntegratedComponent:63 - No mode defined for component null
2023-07-23 00:01:08,906 [WARN] ModelIntegratedComponent:63 - No mode defined for component null
2023-07-23 00:01:08,906 [WARN] ModelIntegratedComponent:63 - No mode defined for component null
2023-07-23 00:01:08,906 [WARN] ModelIntegratedComponent:63 - No mode defined for component null
2023-07-23 00:01:08,906 [WARN] ModelIntegratedComponent:63 - No mode defined for component null
2023-07-23 00:01:08,906 [WARN] ModelIntegratedComponent:63 - No mode defined for component null
2023-07-23 00:01:08,906 [WARN] ModelIntegratedComponent:63 - No mode defined for component null
2023-07-23 00:01:08,906 [WARN] ModelIntegratedComponent:63 - No mode defined for component null
2023-07-23 00:01:08,906 [WARN] ModelIntegratedComponent:63 - No mode defined for component null
2023-07-23 00:01:08,906 [WARN] ModelIntegratedComponent:63 - No mode defined for component null
2023-07-23 00:01:08,906 [WARN] ModelIntegratedComponent:63 - No mode defined for component null
2023-07-23 00:01:08,906 [WARN] ModelIntegratedComponent:63 - No mode defined for component null
2023-07-23 00:01:08,906 [WARN] ModelIntegratedComponent:63 - No mode defined for component null
2023-07-23 00:01:08,906 [WARN] ModelIntegratedComponent:63 - No mode defined for component null
2023-07-23 00:01:08,906 [WARN] ModelIntegratedComponent:63 - No mode defined for component null
2023-07-23 00:01:08,906 [WARN] ModelIntegratedComponent:63 - No mode defined for component null
2023-07-23 00:01:08,906 [WARN] ModelIntegratedComponent:63 - No mode defined for component null
2023-07-23 00:01:08,906 [WARN] ModelIntegratedComponent:63 - No mode defined for component null
2023-07-23 00:01:08,906 [WARN] ModelIntegratedComponent:63 - No mode defined for component null
2023-07-23 00:01:08,906 [WARN] ModelIntegratedComponent:63 - No mode defined for component null
2023-07-23 00:01:09,186 [INFO] ThirdPartyModel:298 - Start build external matchings
2023-07-23 00:01:11,052 [INFO] ThirdPartyModel:316 - End build external matchings
2023-07-23 00:01:11,076 [INFO] ImportTextPane:194 - (OptionalMessage_ERROR) IP (DMA) : Parameter (Instance) has Id (ADC1) currently not set
2023-07-23 00:01:11,076 [INFO] ImportTextPane:194 - (OptionalMessage_ERROR) IP (DMA) : Parameter (Channel) has Id (ADC1) currently not set
2023-07-23 00:01:11,076 [INFO] ImportTextPane:194 - (OptionalMessage_ERROR) IP (DMA) : Parameter (Direction) has Id (ADC1) currently not set
2023-07-23 00:01:11,076 [INFO] ImportTextPane:194 - (OptionalMessage_ERROR) IP (DMA) : Parameter (PeriphInc) has Id (ADC1) currently not set
2023-07-23 00:01:11,076 [INFO] ImportTextPane:194 - (OptionalMessage_ERROR) IP (DMA) : Parameter (MemInc) has Id (ADC1) currently not set
2023-07-23 00:01:11,076 [INFO] ImportTextPane:194 - (OptionalMessage_ERROR) IP (DMA) : Parameter (PeriphDataAlignment) has Id (ADC1) currently not set
2023-07-23 00:01:11,076 [INFO] ImportTextPane:194 - (OptionalMessage_ERROR) IP (DMA) : Parameter (MemDataAlignment) has Id (ADC1) currently not set
2023-07-23 00:01:11,076 [INFO] ImportTextPane:194 - (OptionalMessage_ERROR) IP (DMA) : Parameter (Mode) has Id (ADC1) currently not set
2023-07-23 00:01:11,076 [INFO] ImportTextPane:194 - (OptionalMessage_ERROR) IP (DMA) : Parameter (Priority) has Id (ADC1) currently not set
2023-07-23 00:01:11,076 [INFO] ImportTextPane:194 - (OptionalMessage_ERROR) IP (DMA) : Parameter (FIFOMode) has Id (ADC1) currently not set
2023-07-23 00:01:11,077 [WARN] IP:2114 - I2C_Coeff_DF not found: check if there is a RefParameter without a condition.
2023-07-23 00:01:11,077 [WARN] IP:2114 - Analog_Filter not found: check if there is a RefParameter without a condition.
2023-07-23 00:01:11,077 [INFO] ImportTextPane:194 - (OptionalMessage_ERROR) IP (RCC) : Invalid parameter (48MHZClocksFreq_Value)
2023-07-23 00:01:11,077 [INFO] ImportTextPane:194 - (OptionalMessage_ERROR) IP (RCC) : Invalid parameter (EthernetFreq_Value)
2023-07-23 00:01:11,078 [INFO] ImportTextPane:194 - (OptionalMessage_ERROR) IP (RCC) : Parameter (FLatency) has Id (AdvancedSettings) currently not set
2023-07-23 00:01:11,078 [INFO] ImportTextPane:194 - (OptionalMessage_ERROR) IP (RCC) : Invalid parameter (FamilyName)
2023-07-23 00:01:11,078 [INFO] ImportTextPane:194 - (OptionalMessage_ERROR) IP (RCC) : Invalid parameter (I2SClocksFreq_Value)
2023-07-23 00:01:11,078 [INFO] ImportTextPane:194 - (OptionalMessage_ERROR) IP (RCC) : Parameter (MCO2PinFreq_Value) has invalid value (180000000)
2023-07-23 00:01:11,078 [INFO] ImportTextPane:194 - (OptionalMessage_ERROR) IP (RCC) : Parameter (SDIOFreq_Value) has invalid value (180000000)
2023-07-23 00:01:11,078 [INFO] ImportTextPane:194 - (OptionalMessage_ERROR) IP (RCC) : Parameter (USBFreq_Value) has invalid value (180000000)
2023-07-23 00:01:11,078 [INFO] ImportTextPane:194 - (OptionalMessage_ERROR) IP (RCC) : Invalid parameter (VCOInputMFreq_Value)
2023-07-23 00:01:11,078 [INFO] ImportTextPane:194 - (OptionalMessage_ERROR) IP (RCC) : Invalid parameter (VcooutputI2S)
2023-07-23 00:01:11,227 [INFO] UtilMem:75 - End LoadConfig() Used Memory: 787835632 Bytes (1073741824)
2023-07-23 00:01:11,273 [WARN] ThirdParty:833 - waiting for thirdparty lock release [change project]
2023-07-23 00:01:11,273 [INFO] ThirdParty:835 - entering critical section [change project]
2023-07-23 00:01:11,273 [INFO] ThirdParty:1030 - CMSIS Pack Vendor :STMicroelectronics USBPD 4.1
2023-07-23 00:01:11,273 [INFO] ThirdParty:1030 - CMSIS Pack Vendor :STMicroelectronics X-CUBE-GNSS1 6.0.0
2023-07-23 00:01:11,273 [INFO] ThirdParty:1030 - CMSIS Pack Vendor :STMicroelectronics USB_HOST 2.0.0
2023-07-23 00:01:11,273 [INFO] ThirdParty:1030 - CMSIS Pack Vendor :STMicroelectronics X-CUBE-AZRTOS-F4 1.1.0
2023-07-23 00:01:11,273 [INFO] ThirdParty:1030 - CMSIS Pack Vendor :STMicroelectronics LIBJPEG 8.0.0
2023-07-23 00:01:11,273 [INFO] ThirdParty:1030 - CMSIS Pack Vendor :STMicroelectronics X-CUBE-SMBUS 2.1.0
2023-07-23 00:01:11,273 [INFO] ThirdParty:1030 - CMSIS Pack Vendor :STMicroelectronics X-CUBE-MEMS1 9.2.0
2023-07-23 00:01:11,273 [INFO] ThirdParty:1030 - CMSIS Pack Vendor :STMicroelectronics X-CUBE-BLEMGR 1.2.0
2023-07-23 00:01:11,273 [INFO] ThirdParty:1030 - CMSIS Pack Vendor :STMicroelectronics X-CUBE-AZRTOS-F7 1.1.0
2023-07-23 00:01:11,273 [INFO] ThirdParty:1030 - CMSIS Pack Vendor :STMicroelectronics USB_DEVICE 2.0.0
2023-07-23 00:01:11,273 [INFO] ThirdParty:1030 - CMSIS Pack Vendor :STMicroelectronics X-CUBE-MEMS1 9.6.0
2023-07-23 00:01:11,273 [INFO] ThirdParty:1030 - CMSIS Pack Vendor :STMicroelectronics X-CUBE-AI 7.1.0
2023-07-23 00:01:11,273 [INFO] ThirdParty:1030 - CMSIS Pack Vendor :STMicroelectronics X-CUBE-TOUCHGFX 4.19.1
2023-07-23 00:01:11,273 [INFO] ThirdParty:1030 - CMSIS Pack Vendor :STMicroelectronics FP-SNS-MOTENV1 4.3.0
2023-07-23 00:01:11,273 [INFO] ThirdParty:1030 - CMSIS Pack Vendor :STMicroelectronics FP-SNS-MOTENV1 4.3.2
2023-07-23 00:01:11,273 [INFO] ThirdParty:1030 - CMSIS Pack Vendor :STMicroelectronics FP-SNS-FLIGHT1 5.0.0
2023-07-23 00:01:11,273 [INFO] ThirdParty:1030 - CMSIS Pack Vendor :STMicroelectronics FP-SNS-MOTENV1 4.3.1
2023-07-23 00:01:11,273 [INFO] ThirdParty:1030 - CMSIS Pack Vendor :STMicroelectronics FP-SNS-FLIGHT1 5.0.1
2023-07-23 00:01:11,273 [INFO] ThirdParty:1030 - CMSIS Pack Vendor :STMicroelectronics X-CUBE-BLE1 6.2.3
2023-07-23 00:01:11,273 [INFO] ThirdParty:1030 - CMSIS Pack Vendor :STMicroelectronics X-CUBE-BLE1 6.2.4
2023-07-23 00:01:11,273 [INFO] ThirdParty:1030 - CMSIS Pack Vendor :STMicroelectronics FreeRTOS 0.0.1
2023-07-23 00:01:11,273 [INFO] ThirdParty:1030 - CMSIS Pack Vendor :STMicroelectronics X-CUBE-BLEMGR 2.0.0
2023-07-23 00:01:11,274 [INFO] ThirdParty:1030 - CMSIS Pack Vendor :STMicroelectronics X-CUBE-NFC4 2.0.5
2023-07-23 00:01:11,274 [INFO] ThirdParty:1030 - CMSIS Pack Vendor :STMicroelectronics FP-SNS-FLIGHT1 5.0.2
2023-07-23 00:01:11,274 [INFO] ThirdParty:1030 - CMSIS Pack Vendor :STMicroelectronics X-CUBE-NFC4 2.0.4
2023-07-23 00:01:11,274 [INFO] ThirdParty:1030 - CMSIS Pack Vendor :STMicroelectronics X-CUBE-BLE2 3.2.2
2023-07-23 00:01:11,274 [INFO] ThirdParty:1030 - CMSIS Pack Vendor :STMicroelectronics X-CUBE-AZRTOS-H7 3.1.0
2023-07-23 00:01:11,274 [INFO] ThirdParty:1030 - CMSIS Pack Vendor :STMicroelectronics PDM2PCM 3.3.0
2023-07-23 00:01:11,274 [INFO] ThirdParty:1030 - CMSIS Pack Vendor :STMicroelectronics X-CUBE-TOF1 3.1.0
2023-07-23 00:01:11,274 [INFO] ThirdParty:1030 - CMSIS Pack Vendor :STMicroelectronics X-CUBE-SFXS2LP1 3.1.0
2023-07-23 00:01:11,274 [INFO] ThirdParty:1030 - CMSIS Pack Vendor :STMicroelectronics X-CUBE-DISPLAY 3.0.0
2023-07-23 00:01:11,274 [INFO] ThirdParty:1030 - CMSIS Pack Vendor :STMicroelectronics X-CUBE-AZRTOS-F4 1.0.0
2023-07-23 00:01:11,274 [INFO] ThirdParty:1030 - CMSIS Pack Vendor :STMicroelectronics HAL Drivers 0.0.0
2023-07-23 00:01:11,274 [INFO] ThirdParty:1030 - CMSIS Pack Vendor :STMicroelectronics X-CUBE-TOUCHGFX 4.22.0
2023-07-23 00:01:11,274 [INFO] ThirdParty:1030 - CMSIS Pack Vendor :STMicroelectronics X-CUBE-NFC7 1.0.1
2023-07-23 00:01:11,274 [INFO] ThirdParty:1030 - CMSIS Pack Vendor :STMicroelectronics MBEDTLS 2.14.1
2023-07-23 00:01:11,274 [INFO] ThirdParty:1030 - CMSIS Pack Vendor :STMicroelectronics X-CUBE-NFC7 1.0.0
2023-07-23 00:01:11,274 [INFO] ThirdParty:1030 - CMSIS Pack Vendor :STMicroelectronics X-CUBE-MEMS1 9.3.0
2023-07-23 00:01:11,274 [INFO] ThirdParty:1030 - CMSIS Pack Vendor :STMicroelectronics X-CUBE-EEPRMA1 4.1.0
2023-07-23 00:01:11,274 [INFO] ThirdParty:1030 - CMSIS Pack Vendor :STMicroelectronics X-CUBE-AI 7.2.0
2023-07-23 00:01:11,274 [INFO] ThirdParty:1030 - CMSIS Pack Vendor :STMicroelectronics X-CUBE-AZRTOS-WL 2.0.0
2023-07-23 00:01:11,274 [INFO] ThirdParty:1030 - CMSIS Pack Vendor :STMicroelectronics USB_DEVICE 1.0.0
2023-07-23 00:01:11,274 [INFO] ThirdParty:1030 - CMSIS Pack Vendor :STMicroelectronics X-CUBE-AZRTOS-G0 1.0.0
2023-07-23 00:01:11,274 [INFO] ThirdParty:1030 - CMSIS Pack Vendor :STMicroelectronics X-CUBE-AZRTOS-L4 2.0.0
2023-07-23 00:01:11,274 [INFO] ThirdParty:1030 - CMSIS Pack Vendor :STMicroelectronics ThreadX 0.0.2
2023-07-23 00:01:11,274 [INFO] ThirdParty:1030 - CMSIS Pack Vendor :WES I-CUBE-Cesium 1.3.0
2023-07-23 00:01:11,274 [INFO] ThirdParty:1030 - CMSIS Pack Vendor :STMicroelectronics lwIP 2.1.2
2023-07-23 00:01:11,274 [INFO] ThirdParty:1030 - CMSIS Pack Vendor :STMicroelectronics X-CUBE-SFXS2LP1 4.0.0
2023-07-23 00:01:11,274 [INFO] ThirdParty:1030 - CMSIS Pack Vendor :STMicroelectronics X-CUBE-BLE2 3.3.0
2023-07-23 00:01:11,274 [INFO] ThirdParty:1030 - CMSIS Pack Vendor :STMicroelectronics X-CUBE-DISPLAY 2.2.0
2023-07-23 00:01:11,274 [INFO] ThirdParty:1030 - CMSIS Pack Vendor :STMicroelectronics X-CUBE-TOF1 3.2.0
2023-07-23 00:01:11,274 [INFO] ThirdParty:1030 - CMSIS Pack Vendor :STMicroelectronics PDM2PCM 3.2.0
2023-07-23 00:01:11,274 [INFO] ThirdParty:1030 - CMSIS Pack Vendor :STMicroelectronics X-CUBE-AZRTOS-H7 3.0.0
2023-07-23 00:01:11,274 [INFO] ThirdParty:1030 - CMSIS Pack Vendor :STMicroelectronics X-CUBE-ISPU 1.0.0
2023-07-23 00:01:11,274 [INFO] ThirdParty:1030 - CMSIS Pack Vendor :STMicroelectronics X-CUBE-ISPU 1.1.0
2023-07-23 00:01:11,274 [INFO] ThirdParty:1030 - CMSIS Pack Vendor :RoweBots I-CUBE-UNISONRTOS 5.5.0-4
2023-07-23 00:01:11,274 [INFO] ThirdParty:1030 - CMSIS Pack Vendor :STMicroelectronics X-CUBE-AZRTOS-H7 2.1.0
2023-07-23 00:01:11,274 [INFO] ThirdParty:1030 - CMSIS Pack Vendor :STMicroelectronics USB_DEVICE 3.0.0
2023-07-23 00:01:11,274 [INFO] ThirdParty:1030 - CMSIS Pack Vendor :STMicroelectronics X-CUBE-AI 8.0.0
2023-07-23 00:01:11,274 [INFO] ThirdParty:1030 - CMSIS Pack Vendor :STMicroelectronics X-CUBE-FREERTOS 1.0.0
2023-07-23 00:01:11,274 [INFO] ThirdParty:1030 - CMSIS Pack Vendor :STMicroelectronics X-CUBE-FREERTOS 1.0.1
2023-07-23 00:01:11,274 [INFO] ThirdParty:1030 - CMSIS Pack Vendor :STMicroelectronics X-CUBE-TOUCHGFX 4.21.1
2023-07-23 00:01:11,274 [INFO] ThirdParty:1030 - CMSIS Pack Vendor :STMicroelectronics X-CUBE-TOUCHGFX 4.21.0
2023-07-23 00:01:11,274 [INFO] ThirdParty:1030 - CMSIS Pack Vendor :STMicroelectronics X-CUBE-TOUCHGFX 4.21.3
2023-07-23 00:01:11,274 [INFO] ThirdParty:1030 - CMSIS Pack Vendor :STMicroelectronics X-CUBE-BLEMGR 1.0.0
2023-07-23 00:01:11,274 [INFO] ThirdParty:1030 - CMSIS Pack Vendor :STMicroelectronics X-CUBE-TOUCHGFX 4.21.4
2023-07-23 00:01:11,274 [INFO] ThirdParty:1030 - CMSIS Pack Vendor :STMicroelectronics X-CUBE-MEMS1 9.4.0
2023-07-23 00:01:11,274 [INFO] ThirdParty:1030 - CMSIS Pack Vendor :STMicroelectronics X-CUBE-AI 7.3.0
2023-07-23 00:01:11,274 [INFO] ThirdParty:1030 - CMSIS Pack Vendor :STMicroelectronics X-CUBE-ALGOBUILD 1.3.0
2023-07-23 00:01:11,274 [INFO] ThirdParty:1030 - CMSIS Pack Vendor :STMicroelectronics X-CUBE-AZRTOS-L5 1.1.0
2023-07-23 00:01:11,274 [INFO] ThirdParty:1030 - CMSIS Pack Vendor :STMicroelectronics X-CUBE-AZRTOS-G0 1.1.0
2023-07-23 00:01:11,274 [INFO] ThirdParty:1030 - CMSIS Pack Vendor :STMicroelectronics X-CUBE-AI 8.0.1
2023-07-23 00:01:11,274 [INFO] ThirdParty:1030 - CMSIS Pack Vendor :STMicroelectronics X-CUBE-SUBG2 5.0.0
2023-07-23 00:01:11,274 [INFO] ThirdParty:1030 - CMSIS Pack Vendor :STMicroelectronics X-CUBE-NFC4 3.0.0
2023-07-23 00:01:11,274 [INFO] ThirdParty:1030 - CMSIS Pack Vendor :SEGGER I-CUBE-embOS 1.2.0
2023-07-23 00:01:11,274 [INFO] ThirdParty:1030 - CMSIS Pack Vendor :STMicroelectronics STM32_WPAN 1.0.0
2023-07-23 00:01:11,274 [INFO] ThirdParty:1030 - CMSIS Pack Vendor :STMicroelectronics lwIP 2.0.3
2023-07-23 00:01:11,274 [INFO] ThirdParty:1030 - CMSIS Pack Vendor :STMicroelectronics USB_HOST 1.0.0
2023-07-23 00:01:11,274 [INFO] ThirdParty:1030 - CMSIS Pack Vendor :STMicroelectronics X-CUBE-TOF1 3.3.1
2023-07-23 00:01:11,275 [INFO] ThirdParty:1030 - CMSIS Pack Vendor :STMicroelectronics X-CUBE-AZRTOS-G4 2.0.0
2023-07-23 00:01:11,275 [INFO] ThirdParty:1030 - CMSIS Pack Vendor :STMicroelectronics PDM2PCM 3.1.0
2023-07-23 00:01:11,275 [INFO] ThirdParty:1030 - CMSIS Pack Vendor :STMicroelectronics X-CUBE-TOF1 3.3.0
2023-07-23 00:01:11,275 [INFO] ThirdParty:1030 - CMSIS Pack Vendor :STMicroelectronics FP-ATR-ASTRA1 1.1.1
2023-07-23 00:01:11,275 [INFO] ThirdParty:1030 - CMSIS Pack Vendor :STMicroelectronics FP-ATR-ASTRA1 1.1.0
2023-07-23 00:01:11,275 [INFO] ThirdParty:1030 - CMSIS Pack Vendor :STMicroelectronics X-CUBE-BLEMGR 1.3.0
2023-07-23 00:01:11,275 [INFO] ThirdParty:1030 - CMSIS Pack Vendor :STMicroelectronics X-CUBE-AZRTOS-G4 1.0.0
2023-07-23 00:01:11,275 [INFO] ThirdParty:1030 - CMSIS Pack Vendor :STMicroelectronics FP-ATR-SIGFOX1 3.2.0
2023-07-23 00:01:11,275 [INFO] ThirdParty:1030 - CMSIS Pack Vendor :wolfSSL I-CUBE-wolfSSL 5.3.0
2023-07-23 00:01:11,275 [INFO] ThirdParty:1030 - CMSIS Pack Vendor :STMicroelectronics X-CUBE-AZRTOS-L4 1.0.0
2023-07-23 00:01:11,275 [INFO] ThirdParty:1030 - CMSIS Pack Vendor :STMicroelectronics MBEDTLS 2.16.2
2023-07-23 00:01:11,275 [INFO] ThirdParty:1030 - CMSIS Pack Vendor :emotas I-CUBE-CANOPEN 1.1.2
2023-07-23 00:01:11,275 [INFO] ThirdParty:1030 - CMSIS Pack Vendor :STMicroelectronics X-CUBE-TOUCHGFX 4.20.0
2023-07-23 00:01:11,275 [INFO] ThirdParty:1030 - CMSIS Pack Vendor :STMicroelectronics X-CUBE-AZRTOS-F7 1.0.0
2023-07-23 00:01:11,275 [INFO] ThirdParty:1030 - CMSIS Pack Vendor :STMicroelectronics X-CUBE-AZRTOS-WL 1.0.0
2023-07-23 00:01:11,275 [INFO] ThirdParty:1030 - CMSIS Pack Vendor :portGmbH I-Cube-SoM-uGOAL 1.1.0
2023-07-23 00:01:11,275 [INFO] ThirdParty:1030 - CMSIS Pack Vendor :STMicroelectronics X-CUBE-ALS 1.0.1
2023-07-23 00:01:11,275 [INFO] ThirdParty:1030 - CMSIS Pack Vendor :STMicroelectronics X-CUBE-MEMS1 9.5.0
2023-07-23 00:01:11,275 [INFO] ThirdParty:1030 - CMSIS Pack Vendor :STMicroelectronics ThreadX 1.0.0
2023-07-23 00:01:11,275 [INFO] ThirdParty:1030 - CMSIS Pack Vendor :STMicroelectronics X-CUBE-AZRTOS-WB 1.1.0
2023-07-23 00:01:11,275 [INFO] ThirdParty:1030 - CMSIS Pack Vendor :SEGGER I-CUBE-embOS 1.3.1
2023-07-23 00:01:11,275 [INFO] ThirdParty:1030 - CMSIS Pack Vendor :STMicroelectronics X-CUBE-AZRTOS-L5 1.0.0
2023-07-23 00:01:11,275 [INFO] ThirdParty:1030 - CMSIS Pack Vendor :STMicroelectronics X-CUBE-EEPRMA1 3.1.1
2023-07-23 00:01:11,275 [INFO] ThirdParty:1030 - CMSIS Pack Vendor :STMicroelectronics X-CUBE-GNSS1 5.2.0
2023-07-23 00:01:11,275 [INFO] ThirdParty:1030 - CMSIS Pack Vendor :STMicroelectronics FP-ATR-ASTRA1 2.0.0
2023-07-23 00:01:11,275 [INFO] ThirdParty:1030 - CMSIS Pack Vendor :STMicroelectronics X-CUBE-TOF1 3.0.0
2023-07-23 00:01:11,275 [INFO] ThirdParty:841 - exiting critical section [change project]
2023-07-23 00:01:11,348 [INFO] PinOutPanel:1499 - setPackage(No Configuration,No Configuration)
2023-07-23 00:01:11,348 [INFO] PinOutPanel:1499 - setPackage(STM32F446RETx,LQFP64)
2023-07-23 00:01:11,556 [INFO] UtilMem:75 - Before build in PCC Used Memory: 405009152 Bytes (1073741824)
2023-07-23 00:01:11,677 [INFO] UtilMem:75 - After build in PCC Used Memory: 453243664 Bytes (1073741824)
2023-07-23 00:01:11,679 [INFO] ApiDbMcu:507 - Load IP Config File for FATFS
2023-07-23 00:01:11,691 [INFO] IPUIPlugin:80 - create IPUIPlugin
2023-07-23 00:01:11,691 [INFO] IPUIPlugin:80 - create IPUIPlugin
2023-07-23 00:01:11,691 [INFO] IPUIPlugin:80 - create IPUIPlugin
2023-07-23 00:01:11,691 [INFO] IPUIPlugin:80 - create IPUIPlugin
2023-07-23 00:01:11,691 [INFO] IPUIPlugin:80 - create IPUIPlugin
2023-07-23 00:01:11,691 [INFO] IPUIPlugin:80 - create IPUIPlugin
2023-07-23 00:01:11,691 [INFO] IPUIPlugin:80 - create IPUIPlugin
2023-07-23 00:01:11,691 [INFO] IPUIPlugin:80 - create IPUIPlugin
2023-07-23 00:01:11,691 [INFO] IPUIPlugin:80 - create IPUIPlugin
2023-07-23 00:01:11,691 [INFO] IPUIPlugin:80 - create IPUIPlugin
2023-07-23 00:01:11,691 [INFO] IPUIPlugin:80 - create IPUIPlugin
2023-07-23 00:01:11,691 [INFO] IPUIPlugin:80 - create IPUIPlugin
2023-07-23 00:01:11,691 [INFO] IPUIPlugin:80 - create IPUIPlugin
2023-07-23 00:01:11,691 [INFO] IPUIPlugin:80 - create IPUIPlugin
2023-07-23 00:01:11,691 [INFO] IPUIPlugin:80 - create IPUIPlugin
2023-07-23 00:01:11,691 [INFO] IPUIPlugin:80 - create IPUIPlugin
2023-07-23 00:01:11,691 [INFO] IPUIPlugin:80 - create IPUIPlugin
2023-07-23 00:01:11,691 [INFO] IPUIPlugin:80 - create IPUIPlugin
2023-07-23 00:01:11,691 [INFO] IPUIPlugin:80 - create IPUIPlugin
2023-07-23 00:01:11,691 [INFO] IPUIPlugin:80 - create IPUIPlugin
2023-07-23 00:01:11,692 [INFO] IPUIPlugin:80 - create IPUIPlugin
2023-07-23 00:01:11,692 [INFO] IPUIPlugin:80 - create IPUIPlugin
2023-07-23 00:01:11,692 [INFO] IPUIPlugin:80 - create IPUIPlugin
2023-07-23 00:01:11,692 [INFO] IPUIPlugin:80 - create IPUIPlugin
2023-07-23 00:01:11,692 [INFO] IPUIPlugin:80 - create IPUIPlugin
2023-07-23 00:01:11,692 [INFO] IPUIPlugin:80 - create IPUIPlugin
2023-07-23 00:01:11,692 [INFO] IPUIPlugin:80 - create IPUIPlugin
2023-07-23 00:01:11,692 [INFO] IPUIPlugin:80 - create IPUIPlugin
2023-07-23 00:01:11,692 [INFO] IPUIPlugin:80 - create IPUIPlugin
2023-07-23 00:01:11,692 [INFO] IPUIPlugin:80 - create IPUIPlugin
2023-07-23 00:01:11,693 [INFO] IPUIPlugin:80 - create IPUIPlugin
2023-07-23 00:01:11,693 [INFO] IPUIPlugin:80 - create IPUIPlugin
2023-07-23 00:01:11,693 [INFO] IPUIPlugin:80 - create IPUIPlugin
2023-07-23 00:01:11,693 [INFO] IPUIPlugin:80 - create IPUIPlugin
2023-07-23 00:01:11,693 [INFO] IPUIPlugin:80 - create IPUIPlugin
2023-07-23 00:01:11,693 [INFO] IPUIPlugin:80 - create IPUIPlugin
2023-07-23 00:01:11,693 [INFO] IPUIPlugin:80 - create IPUIPlugin
2023-07-23 00:01:11,693 [INFO] IPUIPlugin:80 - create IPUIPlugin
2023-07-23 00:01:11,694 [INFO] IPUIPlugin:80 - create IPUIPlugin
2023-07-23 00:01:11,694 [INFO] IPUIPlugin:80 - create IPUIPlugin
2023-07-23 00:01:11,694 [INFO] IPUIPlugin:80 - create IPUIPlugin
2023-07-23 00:01:11,694 [INFO] IPUIPlugin:80 - create IPUIPlugin
2023-07-23 00:01:11,694 [INFO] IPUIPlugin:80 - create IPUIPlugin
2023-07-23 00:01:11,694 [INFO] IPUIPlugin:80 - create IPUIPlugin
2023-07-23 00:01:11,694 [INFO] IPUIPlugin:80 - create IPUIPlugin
2023-07-23 00:01:11,695 [INFO] IPUIPlugin:80 - create IPUIPlugin
2023-07-23 00:01:11,695 [INFO] IPUIPlugin:80 - create IPUIPlugin
2023-07-23 00:01:11,695 [INFO] IPUIPlugin:80 - create IPUIPlugin
2023-07-23 00:01:11,695 [INFO] IPUIPlugin:80 - create IPUIPlugin
2023-07-23 00:01:11,696 [INFO] IPUIPlugin:80 - create IPUIPlugin
2023-07-23 00:01:11,696 [INFO] IPUIPlugin:80 - create IPUIPlugin
2023-07-23 00:01:11,696 [INFO] IPUIPlugin:80 - create IPUIPlugin
2023-07-23 00:01:11,696 [INFO] IPUIPlugin:80 - create IPUIPlugin
2023-07-23 00:01:11,697 [INFO] IPUIPlugin:80 - create IPUIPlugin
2023-07-23 00:01:11,697 [INFO] IPUIPlugin:80 - create IPUIPlugin
2023-07-23 00:01:11,697 [INFO] IPUIPlugin:80 - create IPUIPlugin
2023-07-23 00:01:11,697 [INFO] IPUIPlugin:80 - create IPUIPlugin
2023-07-23 00:01:11,697 [INFO] IPUIPlugin:80 - create IPUIPlugin
2023-07-23 00:01:11,698 [INFO] IPUIPlugin:80 - create IPUIPlugin
2023-07-23 00:01:11,698 [INFO] IPUIPlugin:80 - create IPUIPlugin
2023-07-23 00:01:11,709 [INFO] ApiDbMcu:507 - Load IP Config File for PDM2PCM
2023-07-23 00:01:11,710 [WARN] IP:2114 - I2C_Coeff_DF not found: check if there is a RefParameter without a condition.
2023-07-23 00:01:11,710 [WARN] IP:2114 - Analog_Filter not found: check if there is a RefParameter without a condition.
2023-07-23 00:01:11,749 [INFO] CADModel:165 - CPN selected for project levelSTM32F446RET6
2023-07-23 00:01:11,749 [INFO] CADModel:114 - Register for checkConnection events
2023-07-23 00:01:11,807 [INFO] OpenFileManager:328 - Restore cursor
2023-07-23 00:01:12,055 [WARN] IP:2114 - I2C_Coeff_DF not found: check if there is a RefParameter without a condition.
2023-07-23 00:01:12,055 [WARN] IP:2114 - Analog_Filter not found: check if there is a RefParameter without a condition.
2023-07-23 00:01:12,055 [WARN] IP:2114 - I2C_Coeff_DF not found: check if there is a RefParameter without a condition.
2023-07-23 00:01:12,055 [WARN] IP:2114 - Analog_Filter not found: check if there is a RefParameter without a condition.
