2023-07-20 06:52:01,100 [INFO] Gpio:273 - dependency for GPIO [ADC1, ADC2, I2C1, RCC, SPI3, SYS, TIM2, TIM3, TIM8, TIM13]
2023-07-20 06:55:06,451 [INFO] Gpio:273 - dependency for GPIO [ADC1, ADC2, I2C1, RCC, SPI3, SYS, TIM2, TIM3, TIM8, TIM13]
2023-07-20 06:55:06,519 [INFO] Gpio:273 - dependency for GPIO [ADC1, ADC2, I2C1, RCC, SPI3, SYS, TIM2, TIM3, TIM8, TIM13]
2023-07-20 06:55:06,695 [WARN] IP:2113 - I2C_Coeff_DF not found: check if there is a RefParameter without a condition.
2023-07-20 06:55:06,695 [WARN] IP:2113 - Analog_Filter not found: check if there is a RefParameter without a condition.
2023-07-20 06:55:06,695 [WARN] IP:2113 - I2C_Coeff_DF not found: check if there is a RefParameter without a condition.
2023-07-20 06:55:06,695 [WARN] IP:2113 - Analog_Filter not found: check if there is a RefParameter without a condition.
2023-07-20 06:55:06,834 [WARN] IP:2113 - I2C_Coeff_DF not found: check if there is a RefParameter without a condition.
2023-07-20 06:55:06,834 [WARN] IP:2113 - Analog_Filter not found: check if there is a RefParameter without a condition.
2023-07-20 06:55:06,966 [WARN] IP:2113 - I2C_Coeff_DF not found: check if there is a RefParameter without a condition.
2023-07-20 06:55:06,966 [WARN] IP:2113 - Analog_Filter not found: check if there is a RefParameter without a condition.
2023-07-20 06:55:06,998 [INFO] Gpio:273 - dependency for GPIO [ADC1, ADC2, I2C1, RCC, SPI3, SYS, TIM2, TIM3, TIM8, TIM13]
2023-07-20 06:55:59,732 [INFO] Gpio:273 - dependency for GPIO [ADC1, ADC2, I2C1, RCC, SPI3, SYS, TIM2, TIM3, TIM8, TIM13]
2023-07-20 06:55:59,803 [INFO] Gpio:273 - dependency for GPIO [ADC1, ADC2, I2C1, RCC, SPI3, SYS, TIM2, TIM3, TIM8, TIM13]
2023-07-20 06:56:00,037 [WARN] IP:2113 - I2C_Coeff_DF not found: check if there is a RefParameter without a condition.
2023-07-20 06:56:00,037 [WARN] IP:2113 - Analog_Filter not found: check if there is a RefParameter without a condition.
2023-07-20 06:56:00,037 [WARN] IP:2113 - I2C_Coeff_DF not found: check if there is a RefParameter without a condition.
2023-07-20 06:56:00,037 [WARN] IP:2113 - Analog_Filter not found: check if there is a RefParameter without a condition.
2023-07-20 06:56:00,164 [WARN] IP:2113 - I2C_Coeff_DF not found: check if there is a RefParameter without a condition.
2023-07-20 06:56:00,164 [WARN] IP:2113 - Analog_Filter not found: check if there is a RefParameter without a condition.
2023-07-20 06:56:00,287 [WARN] IP:2113 - I2C_Coeff_DF not found: check if there is a RefParameter without a condition.
2023-07-20 06:56:00,287 [WARN] IP:2113 - Analog_Filter not found: check if there is a RefParameter without a condition.
2023-07-20 06:56:00,311 [INFO] Gpio:273 - dependency for GPIO [ADC1, ADC2, I2C1, RCC, SPI3, SYS, TIM2, TIM3, TIM8, TIM13]
2023-07-20 06:56:05,927 [INFO] UtilMem:75 - End SaveConfig() Used Memory: 735048888 Bytes (1073741824)
2023-07-20 06:56:07,488 [INFO] UtilMem:75 - End SaveConfig() Used Memory: 694345328 Bytes (1073741824)
2023-07-20 06:56:09,076 [INFO] UtilMem:75 - End SaveConfig() Used Memory: 763025008 Bytes (1073741824)
2023-07-20 06:56:09,291 [INFO] BlockDiagram:2759 - set Specific Code input for plugin: SPI
2023-07-20 06:56:09,291 [INFO] BlockDiagram:2759 - set Specific Code input for plugin: TIM6_7
2023-07-20 06:56:09,291 [INFO] BlockDiagram:2759 - set Specific Code input for plugin: TIM6_7
2023-07-20 06:56:09,291 [INFO] BlockDiagram:2759 - set Specific Code input for plugin: TIM1_8
2023-07-20 06:56:09,291 [INFO] BlockDiagram:2759 - set Specific Code input for plugin: TIM1_8
2023-07-20 06:56:09,291 [INFO] BlockDiagram:2759 - set Specific Code input for plugin: ADC
2023-07-20 06:56:09,291 [INFO] BlockDiagram:2759 - set Specific Code input for plugin: SYS
2023-07-20 06:56:09,291 [INFO] BlockDiagram:2759 - set Specific Code input for plugin: ADC
2023-07-20 06:56:09,291 [INFO] BlockDiagram:2759 - set Specific Code input for plugin: RCC
2023-07-20 06:56:09,291 [INFO] BlockDiagram:2759 - set Specific Code input for plugin: I2C
2023-07-20 06:56:09,291 [INFO] BlockDiagram:2759 - set Specific Code input for plugin: NVIC
2023-07-20 06:56:09,291 [INFO] BlockDiagram:2759 - set Specific Code input for plugin: TIM1_8
2023-07-20 06:56:09,291 [INFO] BlockDiagram:2759 - set Specific Code input for plugin: TIM1_8
2023-07-20 06:56:09,291 [INFO] BlockDiagram:2759 - set Specific Code input for plugin: DMA
2023-07-20 06:56:09,291 [INFO] BlockDiagram:2759 - set Specific Code input for plugin: TIM1_8
2023-07-20 06:56:09,291 [INFO] BlockDiagram:2759 - set Specific Code input for plugin: GPIO
2023-07-20 06:56:09,291 [INFO] BlockDiagram:2759 - set Specific Code input for plugin: FATFS
2023-07-20 06:56:09,292 [INFO] CodeGenerator:793 - code generatio: config db path: C:\ST\STM32CubeIDE_1.11.0\STM32CubeIDE\plugins\com.st.stm32cube.common.mx_6.8.0.202302231600\\db\
2023-07-20 06:56:09,305 [INFO] Argument:319 - Argument : hdmavalue: null
2023-07-20 06:56:09,305 [INFO] Argument:321 - 	 sub Args: 
2023-07-20 06:56:09,305 [INFO] Argument:319 - Argument : Instancevalue: DMA2_Stream0
2023-07-20 06:56:09,305 [INFO] Argument:329 - Argument : Instancevalue: DMA2_Stream0
2023-07-20 06:56:09,305 [INFO] Argument:319 - Argument : Initvalue: null
2023-07-20 06:56:09,305 [INFO] Argument:321 - 	 sub Args: 
2023-07-20 06:56:09,305 [INFO] Argument:319 - Argument : Channelvalue: DMA_CHANNEL_0
2023-07-20 06:56:09,305 [INFO] Argument:329 - Argument : Channelvalue: DMA_CHANNEL_0
2023-07-20 06:56:09,305 [INFO] Argument:319 - Argument : Directionvalue: DMA_PERIPH_TO_MEMORY
2023-07-20 06:56:09,305 [INFO] Argument:329 - Argument : Directionvalue: DMA_PERIPH_TO_MEMORY
2023-07-20 06:56:09,305 [INFO] Argument:319 - Argument : PeriphIncvalue: DMA_PINC_DISABLE
2023-07-20 06:56:09,305 [INFO] Argument:329 - Argument : PeriphIncvalue: DMA_PINC_DISABLE
2023-07-20 06:56:09,305 [INFO] Argument:319 - Argument : MemIncvalue: DMA_MINC_ENABLE
2023-07-20 06:56:09,305 [INFO] Argument:329 - Argument : MemIncvalue: DMA_MINC_ENABLE
2023-07-20 06:56:09,305 [INFO] Argument:319 - Argument : PeriphDataAlignmentvalue: DMA_PDATAALIGN_HALFWORD
2023-07-20 06:56:09,305 [INFO] Argument:329 - Argument : PeriphDataAlignmentvalue: DMA_PDATAALIGN_HALFWORD
2023-07-20 06:56:09,305 [INFO] Argument:319 - Argument : MemDataAlignmentvalue: DMA_MDATAALIGN_HALFWORD
2023-07-20 06:56:09,305 [INFO] Argument:329 - Argument : MemDataAlignmentvalue: DMA_MDATAALIGN_HALFWORD
2023-07-20 06:56:09,305 [INFO] Argument:319 - Argument : Modevalue: DMA_CIRCULAR
2023-07-20 06:56:09,305 [INFO] Argument:329 - Argument : Modevalue: DMA_CIRCULAR
2023-07-20 06:56:09,305 [INFO] Argument:319 - Argument : Priorityvalue: DMA_PRIORITY_LOW
2023-07-20 06:56:09,305 [INFO] Argument:329 - Argument : Priorityvalue: DMA_PRIORITY_LOW
2023-07-20 06:56:09,305 [INFO] Argument:319 - Argument : FIFOModevalue: DMA_FIFOMODE_DISABLE
2023-07-20 06:56:09,305 [INFO] Argument:329 - Argument : FIFOModevalue: DMA_FIFOMODE_DISABLE
2023-07-20 06:56:09,305 [INFO] Argument:319 - Argument : FIFOThresholdvalue: null
2023-07-20 06:56:09,305 [INFO] Argument:329 - Argument : FIFOThresholdvalue: null
2023-07-20 06:56:09,305 [INFO] Argument:319 - Argument : MemBurstvalue: null
2023-07-20 06:56:09,305 [INFO] Argument:329 - Argument : MemBurstvalue: null
2023-07-20 06:56:09,305 [INFO] Argument:319 - Argument : PeriphBurstvalue: null
2023-07-20 06:56:09,305 [INFO] Argument:329 - Argument : PeriphBurstvalue: null
2023-07-20 06:56:09,305 [INFO] Argument:319 - Argument : Lockvalue: null
2023-07-20 06:56:09,305 [INFO] Argument:329 - Argument : Lockvalue: null
2023-07-20 06:56:09,305 [INFO] Argument:319 - Argument : Statevalue: null
2023-07-20 06:56:09,305 [INFO] Argument:329 - Argument : Statevalue: null
2023-07-20 06:56:09,305 [INFO] Argument:319 - Argument : Parentvalue: null
2023-07-20 06:56:09,305 [INFO] Argument:329 - Argument : Parentvalue: null
2023-07-20 06:56:09,305 [INFO] Argument:319 - Argument : XferCpltCallbackvalue: null
2023-07-20 06:56:09,305 [INFO] Argument:329 - Argument : XferCpltCallbackvalue: null
2023-07-20 06:56:09,305 [INFO] Argument:319 - Argument : XferHalfCpltCallbackvalue: null
2023-07-20 06:56:09,305 [INFO] Argument:329 - Argument : XferHalfCpltCallbackvalue: null
2023-07-20 06:56:09,305 [INFO] Argument:319 - Argument : XferM1CpltCallbackvalue: null
2023-07-20 06:56:09,305 [INFO] Argument:329 - Argument : XferM1CpltCallbackvalue: null
2023-07-20 06:56:09,305 [INFO] Argument:319 - Argument : XferErrorCallbackvalue: null
2023-07-20 06:56:09,305 [INFO] Argument:329 - Argument : XferErrorCallbackvalue: null
2023-07-20 06:56:09,305 [INFO] Argument:319 - Argument : ErrorCodevalue: null
2023-07-20 06:56:09,305 [INFO] Argument:329 - Argument : ErrorCodevalue: null
2023-07-20 06:56:09,317 [WARN] IP:2113 - I2C_Coeff_DF not found: check if there is a RefParameter without a condition.
2023-07-20 06:56:09,317 [WARN] IP:2113 - Analog_Filter not found: check if there is a RefParameter without a condition.
2023-07-20 06:56:09,501 [INFO] CodeEngine:255 - oldGeneratedFile, D:\robotrace_v2\robotrace_v2\MXTmpFiles\license.tmp_save
2023-07-20 06:56:09,644 [INFO] CodeEngine:279 - Generated code: D:\robotrace_v2\robotrace_v2\MXTmpFiles\license.tmp
2023-07-20 06:56:09,693 [INFO] CodeEngine:255 - oldGeneratedFile, D:\robotrace_v2\robotrace_v2\MXTmpFiles\gpio.tmp_save
2023-07-20 06:56:09,763 [INFO] CodeEngine:279 - Generated code: D:\robotrace_v2\robotrace_v2\MXTmpFiles\gpio.tmp
2023-07-20 06:56:10,225 [INFO] Middleware:1439 - No code input for Bsp Dependency
2023-07-20 06:56:10,235 [INFO] CodeEngine:255 - oldGeneratedFile, D:\robotrace_v2\robotrace_v2\MXTmpFiles\fatfs_HalInit.tmp_save
2023-07-20 06:56:10,315 [INFO] CodeEngine:279 - Generated code: D:\robotrace_v2\robotrace_v2\MXTmpFiles\fatfs_HalInit.tmp
2023-07-20 06:56:10,321 [INFO] CodeEngine:255 - oldGeneratedFile, D:\robotrace_v2\robotrace_v2\MXTmpFiles\fatfs_vars.tmp_save
2023-07-20 06:56:10,435 [INFO] CodeEngine:279 - Generated code: D:\robotrace_v2\robotrace_v2\MXTmpFiles\fatfs_vars.tmp
2023-07-20 06:56:10,443 [INFO] CodeEngine:255 - oldGeneratedFile, D:\robotrace_v2\robotrace_v2\MXTmpFiles\fatfs_ext_vars.tmp_save
2023-07-20 06:56:10,491 [INFO] CodeEngine:279 - Generated code: D:\robotrace_v2\robotrace_v2\MXTmpFiles\fatfs_ext_vars.tmp
2023-07-20 06:56:10,497 [INFO] CodeEngine:255 - oldGeneratedFile, D:\robotrace_v2\robotrace_v2\MXTmpFiles\fatfs_inc.tmp_save
2023-07-20 06:56:10,540 [INFO] CodeEngine:279 - Generated code: D:\robotrace_v2\robotrace_v2\MXTmpFiles\fatfs_inc.tmp
2023-07-20 06:56:10,559 [INFO] CodeEngine:255 - oldGeneratedFile, D:\robotrace_v2\robotrace_v2\MXTmpFiles\dma.tmp_save
2023-07-20 06:56:10,623 [INFO] CodeEngine:279 - Generated code: D:\robotrace_v2\robotrace_v2\MXTmpFiles\dma.tmp
2023-07-20 06:56:10,630 [INFO] CodeEngine:255 - oldGeneratedFile, D:\robotrace_v2\robotrace_v2\MXTmpFiles\dma_GV.tmp_save
2023-07-20 06:56:10,670 [INFO] CodeEngine:279 - Generated code: D:\robotrace_v2\robotrace_v2\MXTmpFiles\dma_GV.tmp
2023-07-20 06:56:10,672 [INFO] Middleware:1439 - No code input for Bsp Dependency
2023-07-20 06:56:10,675 [INFO] CodeEngine:255 - oldGeneratedFile, D:\robotrace_v2\robotrace_v2\MXTmpFiles\fatfs_HalInit.tmp_save
2023-07-20 06:56:10,727 [INFO] CodeEngine:279 - Generated code: D:\robotrace_v2\robotrace_v2\MXTmpFiles\fatfs_HalInit.tmp
2023-07-20 06:56:10,731 [INFO] CodeEngine:255 - oldGeneratedFile, D:\robotrace_v2\robotrace_v2\MXTmpFiles\fatfs_vars.tmp_save
2023-07-20 06:56:10,767 [INFO] CodeEngine:279 - Generated code: D:\robotrace_v2\robotrace_v2\MXTmpFiles\fatfs_vars.tmp
2023-07-20 06:56:10,769 [INFO] CodeEngine:255 - oldGeneratedFile, D:\robotrace_v2\robotrace_v2\MXTmpFiles\fatfs_ext_vars.tmp_save
2023-07-20 06:56:10,804 [INFO] CodeEngine:279 - Generated code: D:\robotrace_v2\robotrace_v2\MXTmpFiles\fatfs_ext_vars.tmp
2023-07-20 06:56:10,807 [INFO] CodeEngine:255 - oldGeneratedFile, D:\robotrace_v2\robotrace_v2\MXTmpFiles\fatfs_inc.tmp_save
2023-07-20 06:56:10,842 [INFO] CodeEngine:279 - Generated code: D:\robotrace_v2\robotrace_v2\MXTmpFiles\fatfs_inc.tmp
2023-07-20 06:56:10,857 [INFO] CodeEngine:255 - oldGeneratedFile, D:\robotrace_v2\robotrace_v2\FATFS\Target\ffconf.h_save
2023-07-20 06:56:10,925 [INFO] CodeEngine:279 - Generated code: D:\robotrace_v2\robotrace_v2\FATFS\Target\ffconf.h
2023-07-20 06:56:10,934 [INFO] CodeEngine:255 - oldGeneratedFile, D:\robotrace_v2\robotrace_v2\FATFS\Target\user_diskio.c_save
2023-07-20 06:56:10,986 [INFO] CodeEngine:279 - Generated code: D:\robotrace_v2\robotrace_v2\FATFS\Target\user_diskio.c
2023-07-20 06:56:10,994 [INFO] CodeEngine:255 - oldGeneratedFile, D:\robotrace_v2\robotrace_v2\FATFS\Target\user_diskio.h_save
2023-07-20 06:56:11,037 [INFO] CodeEngine:279 - Generated code: D:\robotrace_v2\robotrace_v2\FATFS\Target\user_diskio.h
2023-07-20 06:56:11,044 [INFO] CodeEngine:255 - oldGeneratedFile, D:\robotrace_v2\robotrace_v2\FATFS\App\fatfs.c_save
2023-07-20 06:56:11,101 [INFO] CodeEngine:279 - Generated code: D:\robotrace_v2\robotrace_v2\FATFS\App\fatfs.c
2023-07-20 06:56:11,107 [INFO] CodeEngine:255 - oldGeneratedFile, D:\robotrace_v2\robotrace_v2\FATFS\App\fatfs.h_save
2023-07-20 06:56:11,157 [INFO] CodeEngine:279 - Generated code: D:\robotrace_v2\robotrace_v2\FATFS\App\fatfs.h
2023-07-20 06:56:11,180 [INFO] CodeEngine:255 - oldGeneratedFile, D:\robotrace_v2\robotrace_v2\Core\Src\stm32f4xx_it.c_save
2023-07-20 06:56:11,292 [INFO] CodeEngine:279 - Generated code: D:\robotrace_v2\robotrace_v2\Core\Src\stm32f4xx_it.c
2023-07-20 06:56:11,300 [INFO] CodeEngine:255 - oldGeneratedFile, D:\robotrace_v2\robotrace_v2\Core\Inc\stm32f4xx_it.h_save
2023-07-20 06:56:11,348 [INFO] CodeEngine:279 - Generated code: D:\robotrace_v2\robotrace_v2\Core\Inc\stm32f4xx_it.h
2023-07-20 06:56:11,369 [INFO] CodeEngine:255 - oldGeneratedFile, D:\robotrace_v2\robotrace_v2\Core\Src\stm32f4xx_hal_msp.c_save
2023-07-20 06:56:11,454 [INFO] CodeEngine:279 - Generated code: D:\robotrace_v2\robotrace_v2\Core\Src\stm32f4xx_hal_msp.c
2023-07-20 06:56:11,461 [INFO] CodeEngine:255 - oldGeneratedFile, D:\robotrace_v2\robotrace_v2\MXTmpFiles\system.tmp_save
2023-07-20 06:56:11,505 [INFO] CodeEngine:279 - Generated code: D:\robotrace_v2\robotrace_v2\MXTmpFiles\system.tmp
2023-07-20 06:56:11,526 [INFO] CodeEngine:311 - oldGeneratedFile, D:\robotrace_v2\robotrace_v2\Core\Inc\stm32f4xx_hal_conf.h_save
2023-07-20 06:56:11,594 [INFO] CodeEngine:335 - Generated code: D:\robotrace_v2\robotrace_v2\Core\Inc\stm32f4xx_hal_conf.h
2023-07-20 06:56:11,613 [WARN] IPConfigManager:2937 - Warning: the RefConfig PLL2P_FOR_MCO is not available in your config.xml file
2023-07-20 06:56:11,616 [WARN] IPConfigManager:3431 - IP not found : TIM
2023-07-20 06:56:11,617 [WARN] CodeGenerator:3754 - IP not found : null
2023-07-20 06:56:11,634 [INFO] CodeEngine:255 - oldGeneratedFile, D:\robotrace_v2\robotrace_v2\Core\Inc\main.h_save
2023-07-20 06:56:11,717 [INFO] CodeEngine:279 - Generated code: D:\robotrace_v2\robotrace_v2\Core\Inc\main.h
2023-07-20 06:56:11,734 [INFO] CodeEngine:255 - oldGeneratedFile, D:\robotrace_v2\robotrace_v2\Core\Src\main.c_save
2023-07-20 06:56:11,871 [INFO] CodeEngine:279 - Generated code: D:\robotrace_v2\robotrace_v2\Core\Src\main.c
2023-07-20 06:56:12,373 [INFO] ProjectBuilder:2996 - Time for Copy HAL[1] : 141mS.
2023-07-20 06:56:12,377 [INFO] ProjectBuilder:4304 - Project Generator version: 3.19.2
2023-07-20 06:56:12,671 [INFO] ConfigFileManager:1483 - The Die is : DIE421
2023-07-20 06:56:12,680 [INFO] ApiDbMcu:507 - Load IP Config File for FREERTOS
2023-07-20 06:56:12,687 [INFO] ApiDbMcu:507 - Load IP Config File for LIBJPEG
2023-07-20 06:56:12,697 [INFO] ApiDbMcu:507 - Load IP Config File for MBEDTLS
2023-07-20 06:56:12,708 [INFO] ApiDbMcu:507 - Load IP Config File for USB_DEVICE
2023-07-20 06:56:12,715 [INFO] ApiDbMcu:507 - Load IP Config File for USB_HOST
2023-07-20 06:56:13,612 [INFO] ProjectBuilder:4505 - Time for Generating toolchain IDE Files: 1234mS.
2023-07-20 06:56:13,612 [INFO] ProjectBuilder:2867 - Time for Copy CMSIS : 0mS.
2023-07-20 06:56:13,616 [INFO] ProjectBuilder:2867 - Time for Copy CMSIS : 0mS.
