2023-05-04 00:12:24,095 [WARN] IP:2113 - I2C_Coeff_DF not found: check if there is a RefParameter without a condition.
2023-05-04 00:12:24,104 [WARN] IP:2113 - Analog_Filter not found: check if there is a RefParameter without a condition.
2023-05-04 00:12:24,104 [WARN] IP:2113 - I2C_Coeff_DF not found: check if there is a RefParameter without a condition.
2023-05-04 00:12:24,104 [WARN] IP:2113 - Analog_Filter not found: check if there is a RefParameter without a condition.
2023-05-04 00:12:24,143 [WARN] IP:2113 - I2C_Coeff_DF not found: check if there is a RefParameter without a condition.
2023-05-04 00:12:24,143 [WARN] IP:2113 - Analog_Filter not found: check if there is a RefParameter without a condition.
2023-05-04 00:12:29,834 [WARN] IP:2113 - I2C_Coeff_DF not found: check if there is a RefParameter without a condition.
2023-05-04 00:12:29,834 [WARN] IP:2113 - Analog_Filter not found: check if there is a RefParameter without a condition.
2023-05-04 00:12:29,835 [WARN] IP:2113 - I2C_Coeff_DF not found: check if there is a RefParameter without a condition.
2023-05-04 00:12:29,835 [WARN] IP:2113 - Analog_Filter not found: check if there is a RefParameter without a condition.
2023-05-04 00:12:35,554 [WARN] IP:2113 - I2C_Coeff_DF not found: check if there is a RefParameter without a condition.
2023-05-04 00:12:35,554 [WARN] IP:2113 - Analog_Filter not found: check if there is a RefParameter without a condition.
2023-05-04 00:12:35,554 [WARN] IP:2113 - I2C_Coeff_DF not found: check if there is a RefParameter without a condition.
2023-05-04 00:12:35,554 [WARN] IP:2113 - Analog_Filter not found: check if there is a RefParameter without a condition.
2023-05-04 00:12:35,644 [WARN] IP:2113 - I2C_Coeff_DF not found: check if there is a RefParameter without a condition.
2023-05-04 00:12:35,644 [WARN] IP:2113 - Analog_Filter not found: check if there is a RefParameter without a condition.
2023-05-04 00:12:35,754 [WARN] IP:2113 - I2C_Coeff_DF not found: check if there is a RefParameter without a condition.
2023-05-04 00:12:35,754 [WARN] IP:2113 - Analog_Filter not found: check if there is a RefParameter without a condition.
2023-05-04 00:13:02,904 [WARN] IP:2113 - I2C_Coeff_DF not found: check if there is a RefParameter without a condition.
2023-05-04 00:13:02,904 [WARN] IP:2113 - Analog_Filter not found: check if there is a RefParameter without a condition.
2023-05-04 00:14:30,385 [WARN] IP:2113 - I2C_Coeff_DF not found: check if there is a RefParameter without a condition.
2023-05-04 00:14:30,385 [WARN] IP:2113 - Analog_Filter not found: check if there is a RefParameter without a condition.
2023-05-04 00:14:30,385 [WARN] IP:2113 - I2C_Coeff_DF not found: check if there is a RefParameter without a condition.
2023-05-04 00:14:30,385 [WARN] IP:2113 - Analog_Filter not found: check if there is a RefParameter without a condition.
2023-05-04 00:14:30,418 [WARN] IP:2113 - I2C_Coeff_DF not found: check if there is a RefParameter without a condition.
2023-05-04 00:14:30,418 [WARN] IP:2113 - Analog_Filter not found: check if there is a RefParameter without a condition.
2023-05-04 00:15:48,655 [WARN] IP:2113 - I2C_Coeff_DF not found: check if there is a RefParameter without a condition.
2023-05-04 00:15:48,655 [WARN] IP:2113 - Analog_Filter not found: check if there is a RefParameter without a condition.
2023-05-04 00:15:48,655 [WARN] IP:2113 - I2C_Coeff_DF not found: check if there is a RefParameter without a condition.
2023-05-04 00:15:48,655 [WARN] IP:2113 - Analog_Filter not found: check if there is a RefParameter without a condition.
2023-05-04 00:15:48,693 [WARN] IP:2113 - I2C_Coeff_DF not found: check if there is a RefParameter without a condition.
2023-05-04 00:15:48,693 [WARN] IP:2113 - Analog_Filter not found: check if there is a RefParameter without a condition.
2023-05-04 00:21:09,974 [WARN] MainPanel:257 - <html><b><center>Warning: This peripheral has no parameters to be configured<br></b></html>
2023-05-04 00:38:41,412 [WARN] IP:2113 - I2C_Coeff_DF not found: check if there is a RefParameter without a condition.
2023-05-04 00:38:41,412 [WARN] IP:2113 - Analog_Filter not found: check if there is a RefParameter without a condition.
2023-05-04 00:38:41,412 [WARN] IP:2113 - I2C_Coeff_DF not found: check if there is a RefParameter without a condition.
2023-05-04 00:38:41,412 [WARN] IP:2113 - Analog_Filter not found: check if there is a RefParameter without a condition.
2023-05-04 00:38:41,502 [WARN] IP:2113 - I2C_Coeff_DF not found: check if there is a RefParameter without a condition.
2023-05-04 00:38:41,503 [WARN] IP:2113 - Analog_Filter not found: check if there is a RefParameter without a condition.
2023-05-04 00:38:41,592 [WARN] IP:2113 - I2C_Coeff_DF not found: check if there is a RefParameter without a condition.
2023-05-04 00:38:41,592 [WARN] IP:2113 - Analog_Filter not found: check if there is a RefParameter without a condition.
2023-05-04 00:39:04,740 [WARN] IP:2113 - I2C_Coeff_DF not found: check if there is a RefParameter without a condition.
2023-05-04 00:39:04,740 [WARN] IP:2113 - Analog_Filter not found: check if there is a RefParameter without a condition.
2023-05-04 00:40:18,880 [INFO] UtilMem:75 - End SaveConfig() Used Memory: 864137424 Bytes (1073741824)
2023-05-04 00:40:20,133 [INFO] UtilMem:75 - End SaveConfig() Used Memory: 889303248 Bytes (1073741824)
2023-05-04 00:40:21,162 [INFO] UtilMem:75 - End SaveConfig() Used Memory: 929673424 Bytes (1073741824)
2023-05-04 00:40:21,335 [INFO] BlockDiagram:2759 - set Specific Code input for plugin: SPI
2023-05-04 00:40:21,336 [INFO] BlockDiagram:2759 - set Specific Code input for plugin: TIM6_7
2023-05-04 00:40:21,336 [INFO] BlockDiagram:2759 - set Specific Code input for plugin: TIM1_8
2023-05-04 00:40:21,336 [INFO] BlockDiagram:2759 - set Specific Code input for plugin: TIM1_8
2023-05-04 00:40:21,336 [INFO] BlockDiagram:2759 - set Specific Code input for plugin: TIM1_8
2023-05-04 00:40:21,336 [INFO] BlockDiagram:2759 - set Specific Code input for plugin: TIM1_8
2023-05-04 00:40:21,336 [INFO] BlockDiagram:2759 - set Specific Code input for plugin: SYS
2023-05-04 00:40:21,336 [INFO] BlockDiagram:2759 - set Specific Code input for plugin: ADC
2023-05-04 00:40:21,336 [INFO] BlockDiagram:2759 - set Specific Code input for plugin: RCC
2023-05-04 00:40:21,336 [INFO] BlockDiagram:2759 - set Specific Code input for plugin: NVIC
2023-05-04 00:40:21,336 [INFO] BlockDiagram:2759 - set Specific Code input for plugin: DMA
2023-05-04 00:40:21,336 [INFO] BlockDiagram:2759 - set Specific Code input for plugin: GPIO
2023-05-04 00:40:21,336 [INFO] CodeGenerator:793 - code generatio: config db path: C:\ST\STM32CubeIDE_1.11.0\STM32CubeIDE\plugins\com.st.stm32cube.common.mx_6.8.0.202302231600\\db\
2023-05-04 00:40:21,348 [INFO] Argument:319 - Argument : hdmavalue: null
2023-05-04 00:40:21,348 [INFO] Argument:321 - 	 sub Args: 
2023-05-04 00:40:21,348 [INFO] Argument:319 - Argument : Instancevalue: DMA2_Stream0
2023-05-04 00:40:21,348 [INFO] Argument:329 - Argument : Instancevalue: DMA2_Stream0
2023-05-04 00:40:21,348 [INFO] Argument:319 - Argument : Initvalue: null
2023-05-04 00:40:21,348 [INFO] Argument:321 - 	 sub Args: 
2023-05-04 00:40:21,348 [INFO] Argument:319 - Argument : Channelvalue: DMA_CHANNEL_0
2023-05-04 00:40:21,348 [INFO] Argument:329 - Argument : Channelvalue: DMA_CHANNEL_0
2023-05-04 00:40:21,348 [INFO] Argument:319 - Argument : Directionvalue: DMA_PERIPH_TO_MEMORY
2023-05-04 00:40:21,348 [INFO] Argument:329 - Argument : Directionvalue: DMA_PERIPH_TO_MEMORY
2023-05-04 00:40:21,348 [INFO] Argument:319 - Argument : PeriphIncvalue: DMA_PINC_DISABLE
2023-05-04 00:40:21,348 [INFO] Argument:329 - Argument : PeriphIncvalue: DMA_PINC_DISABLE
2023-05-04 00:40:21,348 [INFO] Argument:319 - Argument : MemIncvalue: DMA_MINC_ENABLE
2023-05-04 00:40:21,348 [INFO] Argument:329 - Argument : MemIncvalue: DMA_MINC_ENABLE
2023-05-04 00:40:21,348 [INFO] Argument:319 - Argument : PeriphDataAlignmentvalue: DMA_PDATAALIGN_HALFWORD
2023-05-04 00:40:21,348 [INFO] Argument:329 - Argument : PeriphDataAlignmentvalue: DMA_PDATAALIGN_HALFWORD
2023-05-04 00:40:21,348 [INFO] Argument:319 - Argument : MemDataAlignmentvalue: DMA_MDATAALIGN_HALFWORD
2023-05-04 00:40:21,348 [INFO] Argument:329 - Argument : MemDataAlignmentvalue: DMA_MDATAALIGN_HALFWORD
2023-05-04 00:40:21,348 [INFO] Argument:319 - Argument : Modevalue: DMA_NORMAL
2023-05-04 00:40:21,348 [INFO] Argument:329 - Argument : Modevalue: DMA_NORMAL
2023-05-04 00:40:21,348 [INFO] Argument:319 - Argument : Priorityvalue: DMA_PRIORITY_LOW
2023-05-04 00:40:21,348 [INFO] Argument:329 - Argument : Priorityvalue: DMA_PRIORITY_LOW
2023-05-04 00:40:21,348 [INFO] Argument:319 - Argument : FIFOModevalue: DMA_FIFOMODE_DISABLE
2023-05-04 00:40:21,348 [INFO] Argument:329 - Argument : FIFOModevalue: DMA_FIFOMODE_DISABLE
2023-05-04 00:40:21,348 [INFO] Argument:319 - Argument : FIFOThresholdvalue: null
2023-05-04 00:40:21,348 [INFO] Argument:329 - Argument : FIFOThresholdvalue: null
2023-05-04 00:40:21,348 [INFO] Argument:319 - Argument : MemBurstvalue: null
2023-05-04 00:40:21,348 [INFO] Argument:329 - Argument : MemBurstvalue: null
2023-05-04 00:40:21,348 [INFO] Argument:319 - Argument : PeriphBurstvalue: null
2023-05-04 00:40:21,348 [INFO] Argument:329 - Argument : PeriphBurstvalue: null
2023-05-04 00:40:21,348 [INFO] Argument:319 - Argument : Lockvalue: null
2023-05-04 00:40:21,348 [INFO] Argument:329 - Argument : Lockvalue: null
2023-05-04 00:40:21,348 [INFO] Argument:319 - Argument : Statevalue: null
2023-05-04 00:40:21,348 [INFO] Argument:329 - Argument : Statevalue: null
2023-05-04 00:40:21,348 [INFO] Argument:319 - Argument : Parentvalue: null
2023-05-04 00:40:21,348 [INFO] Argument:329 - Argument : Parentvalue: null
2023-05-04 00:40:21,349 [INFO] Argument:319 - Argument : XferCpltCallbackvalue: null
2023-05-04 00:40:21,349 [INFO] Argument:329 - Argument : XferCpltCallbackvalue: null
2023-05-04 00:40:21,349 [INFO] Argument:319 - Argument : XferHalfCpltCallbackvalue: null
2023-05-04 00:40:21,349 [INFO] Argument:329 - Argument : XferHalfCpltCallbackvalue: null
2023-05-04 00:40:21,349 [INFO] Argument:319 - Argument : XferM1CpltCallbackvalue: null
2023-05-04 00:40:21,349 [INFO] Argument:329 - Argument : XferM1CpltCallbackvalue: null
2023-05-04 00:40:21,349 [INFO] Argument:319 - Argument : XferErrorCallbackvalue: null
2023-05-04 00:40:21,349 [INFO] Argument:329 - Argument : XferErrorCallbackvalue: null
2023-05-04 00:40:21,349 [INFO] Argument:319 - Argument : ErrorCodevalue: null
2023-05-04 00:40:21,349 [INFO] Argument:329 - Argument : ErrorCodevalue: null
2023-05-04 00:40:21,551 [INFO] CodeEngine:255 - oldGeneratedFile, D:\robotrace_v2\robotrace_v2\MXTmpFiles\license.tmp_save
2023-05-04 00:40:21,611 [INFO] CodeEngine:279 - Generated code: D:\robotrace_v2\robotrace_v2\MXTmpFiles\license.tmp
2023-05-04 00:40:21,669 [INFO] CodeEngine:255 - oldGeneratedFile, D:\robotrace_v2\robotrace_v2\MXTmpFiles\gpio.tmp_save
2023-05-04 00:40:21,731 [INFO] CodeEngine:279 - Generated code: D:\robotrace_v2\robotrace_v2\MXTmpFiles\gpio.tmp
2023-05-04 00:40:21,992 [INFO] CodeEngine:255 - oldGeneratedFile, D:\robotrace_v2\robotrace_v2\MXTmpFiles\dma.tmp_save
2023-05-04 00:40:22,046 [INFO] CodeEngine:279 - Generated code: D:\robotrace_v2\robotrace_v2\MXTmpFiles\dma.tmp
2023-05-04 00:40:22,051 [INFO] CodeEngine:255 - oldGeneratedFile, D:\robotrace_v2\robotrace_v2\MXTmpFiles\dma_GV.tmp_save
2023-05-04 00:40:22,085 [INFO] CodeEngine:279 - Generated code: D:\robotrace_v2\robotrace_v2\MXTmpFiles\dma_GV.tmp
2023-05-04 00:40:22,101 [INFO] CodeEngine:255 - oldGeneratedFile, D:\robotrace_v2\robotrace_v2\Core\Src\stm32f4xx_it.c_save
2023-05-04 00:40:22,210 [INFO] CodeEngine:279 - Generated code: D:\robotrace_v2\robotrace_v2\Core\Src\stm32f4xx_it.c
2023-05-04 00:40:22,216 [INFO] CodeEngine:255 - oldGeneratedFile, D:\robotrace_v2\robotrace_v2\Core\Inc\stm32f4xx_it.h_save
2023-05-04 00:40:22,260 [INFO] CodeEngine:279 - Generated code: D:\robotrace_v2\robotrace_v2\Core\Inc\stm32f4xx_it.h
2023-05-04 00:40:22,274 [INFO] CodeEngine:255 - oldGeneratedFile, D:\robotrace_v2\robotrace_v2\Core\Src\stm32f4xx_hal_msp.c_save
2023-05-04 00:40:22,398 [INFO] CodeEngine:279 - Generated code: D:\robotrace_v2\robotrace_v2\Core\Src\stm32f4xx_hal_msp.c
2023-05-04 00:40:22,407 [INFO] CodeEngine:255 - oldGeneratedFile, D:\robotrace_v2\robotrace_v2\MXTmpFiles\system.tmp_save
2023-05-04 00:40:22,466 [INFO] CodeEngine:279 - Generated code: D:\robotrace_v2\robotrace_v2\MXTmpFiles\system.tmp
2023-05-04 00:40:22,480 [INFO] CodeEngine:311 - oldGeneratedFile, D:\robotrace_v2\robotrace_v2\Core\Inc\stm32f4xx_hal_conf.h_save
2023-05-04 00:40:22,544 [INFO] CodeEngine:335 - Generated code: D:\robotrace_v2\robotrace_v2\Core\Inc\stm32f4xx_hal_conf.h
2023-05-04 00:40:22,563 [WARN] IPConfigManager:2937 - Warning: the RefConfig PLL2P_FOR_MCO is not available in your config.xml file
2023-05-04 00:40:22,566 [WARN] IPConfigManager:3431 - IP not found : TIM
2023-05-04 00:40:22,567 [WARN] CodeGenerator:3754 - IP not found : null
2023-05-04 00:40:22,580 [INFO] CodeEngine:255 - oldGeneratedFile, D:\robotrace_v2\robotrace_v2\Core\Inc\main.h_save
2023-05-04 00:40:22,684 [INFO] CodeEngine:279 - Generated code: D:\robotrace_v2\robotrace_v2\Core\Inc\main.h
2023-05-04 00:40:22,697 [INFO] CodeEngine:255 - oldGeneratedFile, D:\robotrace_v2\robotrace_v2\Core\Src\main.c_save
2023-05-04 00:40:22,812 [INFO] CodeEngine:279 - Generated code: D:\robotrace_v2\robotrace_v2\Core\Src\main.c
2023-05-04 00:40:23,233 [INFO] ProjectBuilder:2996 - Time for Copy HAL[1] : 91mS.
2023-05-04 00:40:23,236 [INFO] ProjectBuilder:4304 - Project Generator version: 3.19.2
2023-05-04 00:40:23,505 [INFO] ConfigFileManager:1483 - The Die is : DIE421
2023-05-04 00:40:24,777 [INFO] ProjectBuilder:4505 - Time for Generating toolchain IDE Files: 1541mS.
2023-05-04 00:40:24,777 [INFO] ProjectBuilder:2867 - Time for Copy CMSIS : 0mS.
2023-05-04 00:40:24,779 [INFO] ProjectBuilder:2867 - Time for Copy CMSIS : 1mS.
2023-05-04 02:26:43,463 [INFO] MainUpdater:2854 - connection check result : 10
2023-05-04 02:26:43,463 [INFO] MainUpdater:2854 - connection check result : 10
2023-05-04 02:26:43,485 [INFO] MicroXplorer:468 - Change Database Path : 
2023-05-04 02:26:43,485 [INFO] MicroXplorer:498 - Change Database Version : DB.6.0.80
2023-05-04 02:26:43,498 [WARN] ThirdParty:871 - waiting for thirdparty lock release [close project]
2023-05-04 02:26:43,498 [INFO] ThirdParty:873 - entering critical section [close project]
2023-05-04 02:26:43,498 [INFO] ThirdParty:883 - exiting critical section [close project]
2023-05-04 02:26:43,499 [INFO] PinOutPanel:1499 - setPackage(No Configuration,No Configuration)
2023-05-04 02:26:43,502 [WARN] IpParametersView:150 - Warning: This peripheral hasn't parameters
2023-05-04 02:26:43,505 [WARN] MainPanel:257 - <html><b><center>Warning: This peripheral has no parameters to be configured<br></b></html>
2023-05-04 02:26:43,506 [INFO] UtilMem:75 - Begin LoadConfig() Used Memory: 880373808 Bytes (1073741824)
2023-05-04 02:26:43,506 [INFO] MicroXplorer:468 - Change Database Path : 
2023-05-04 02:26:43,506 [INFO] MicroXplorer:498 - Change Database Version : DB.6.0.80
2023-05-04 02:26:43,506 [INFO] OpenFileManager:308 - Change cursor
2023-05-04 02:26:43,519 [INFO] RulesReader:64 - Compatibility file has been processed (293 Rules)
2023-05-04 02:26:43,526 [INFO] Mcu:1937 - Initializing MCU STM32F446R(C-E)Tx STM32F446RETx STM32F446RET6
2023-05-04 02:26:44,859 [INFO] Context:659 - Trying to add GPIOservice into a context  which must be forbidden
2023-05-04 02:26:45,280 [INFO] RtosManager:555 - Registered RTOS mode: class=CMSIS, group=RTOS, mode=CMSIS_V1, owner=FREERTOS
2023-05-04 02:26:45,280 [INFO] RtosManager:555 - Registered RTOS mode: class=CMSIS, group=RTOS2, mode=CMSIS_V2, owner=FREERTOS
2023-05-04 02:26:45,280 [INFO] RtosManager:555 - Registered RTOS mode: class=RTOS, group=Core, mode=CMSIS_V1, owner=FREERTOS
2023-05-04 02:26:45,280 [INFO] RtosManager:555 - Registered RTOS mode: class=RTOS, group=Core, mode=CMSIS_V2, owner=FREERTOS
2023-05-04 02:26:45,280 [WARN] ModelIntegratedComponent:184 - Missing modes for component STMicroelectronics:FreeRTOS:0.0.1:STMicroelectronics:RTOS:FreeRTOS:Core:::10.2.0:
2023-05-04 02:26:45,289 [WARN] ModelIntegratedComponent:63 - No mode defined for component null
2023-05-04 02:26:45,289 [WARN] ModelIntegratedComponent:63 - No mode defined for component null
2023-05-04 02:26:45,289 [WARN] ModelIntegratedComponent:63 - No mode defined for component null
2023-05-04 02:26:45,289 [WARN] ModelIntegratedComponent:63 - No mode defined for component null
2023-05-04 02:26:45,289 [WARN] ModelIntegratedComponent:63 - No mode defined for component null
2023-05-04 02:26:45,289 [WARN] ModelIntegratedComponent:63 - No mode defined for component null
2023-05-04 02:26:45,289 [WARN] ModelIntegratedComponent:63 - No mode defined for component null
2023-05-04 02:26:45,289 [WARN] ModelIntegratedComponent:63 - No mode defined for component null
2023-05-04 02:26:45,289 [WARN] ModelIntegratedComponent:63 - No mode defined for component null
2023-05-04 02:26:45,289 [WARN] ModelIntegratedComponent:63 - No mode defined for component null
2023-05-04 02:26:45,289 [WARN] ModelIntegratedComponent:63 - No mode defined for component null
2023-05-04 02:26:45,289 [WARN] ModelIntegratedComponent:63 - No mode defined for component null
2023-05-04 02:26:45,289 [WARN] ModelIntegratedComponent:63 - No mode defined for component null
2023-05-04 02:26:45,289 [WARN] ModelIntegratedComponent:63 - No mode defined for component null
2023-05-04 02:26:45,289 [WARN] ModelIntegratedComponent:63 - No mode defined for component null
2023-05-04 02:26:45,289 [WARN] ModelIntegratedComponent:63 - No mode defined for component null
2023-05-04 02:26:45,289 [WARN] ModelIntegratedComponent:63 - No mode defined for component null
2023-05-04 02:26:45,289 [WARN] ModelIntegratedComponent:63 - No mode defined for component null
2023-05-04 02:26:45,289 [WARN] ModelIntegratedComponent:63 - No mode defined for component null
2023-05-04 02:26:45,289 [WARN] ModelIntegratedComponent:63 - No mode defined for component null
2023-05-04 02:26:45,289 [WARN] ModelIntegratedComponent:63 - No mode defined for component null
2023-05-04 02:26:45,289 [WARN] ModelIntegratedComponent:63 - No mode defined for component null
2023-05-04 02:26:45,289 [WARN] ModelIntegratedComponent:63 - No mode defined for component null
2023-05-04 02:26:45,289 [WARN] ModelIntegratedComponent:63 - No mode defined for component null
2023-05-04 02:26:45,289 [WARN] ModelIntegratedComponent:63 - No mode defined for component null
2023-05-04 02:26:45,289 [WARN] ModelIntegratedComponent:63 - No mode defined for component null
2023-05-04 02:26:45,289 [WARN] ModelIntegratedComponent:63 - No mode defined for component null
2023-05-04 02:26:45,289 [WARN] ModelIntegratedComponent:63 - No mode defined for component null
2023-05-04 02:26:45,289 [WARN] ModelIntegratedComponent:63 - No mode defined for component null
2023-05-04 02:26:45,289 [WARN] ModelIntegratedComponent:63 - No mode defined for component null
2023-05-04 02:26:45,289 [WARN] ModelIntegratedComponent:63 - No mode defined for component null
2023-05-04 02:26:45,289 [WARN] ModelIntegratedComponent:63 - No mode defined for component null
2023-05-04 02:26:45,289 [WARN] ModelIntegratedComponent:63 - No mode defined for component null
2023-05-04 02:26:45,464 [INFO] ThirdPartyModel:298 - Start build external matchings
2023-05-04 02:26:47,272 [INFO] ThirdPartyModel:316 - End build external matchings
2023-05-04 02:26:47,293 [INFO] ImportTextPane:194 - (OptionalMessage_ERROR) IP (DMA) : Parameter (Instance) has Id (ADC1) currently not set
2023-05-04 02:26:47,293 [INFO] ImportTextPane:194 - (OptionalMessage_ERROR) IP (DMA) : Parameter (Channel) has Id (ADC1) currently not set
2023-05-04 02:26:47,293 [INFO] ImportTextPane:194 - (OptionalMessage_ERROR) IP (DMA) : Parameter (Direction) has Id (ADC1) currently not set
2023-05-04 02:26:47,294 [INFO] ImportTextPane:194 - (OptionalMessage_ERROR) IP (DMA) : Parameter (PeriphInc) has Id (ADC1) currently not set
2023-05-04 02:26:47,294 [INFO] ImportTextPane:194 - (OptionalMessage_ERROR) IP (DMA) : Parameter (MemInc) has Id (ADC1) currently not set
2023-05-04 02:26:47,294 [INFO] ImportTextPane:194 - (OptionalMessage_ERROR) IP (DMA) : Parameter (PeriphDataAlignment) has Id (ADC1) currently not set
2023-05-04 02:26:47,294 [INFO] ImportTextPane:194 - (OptionalMessage_ERROR) IP (DMA) : Parameter (MemDataAlignment) has Id (ADC1) currently not set
2023-05-04 02:26:47,294 [INFO] ImportTextPane:194 - (OptionalMessage_ERROR) IP (DMA) : Parameter (Mode) has Id (ADC1) currently not set
2023-05-04 02:26:47,294 [INFO] ImportTextPane:194 - (OptionalMessage_ERROR) IP (DMA) : Parameter (Priority) has Id (ADC1) currently not set
2023-05-04 02:26:47,294 [INFO] ImportTextPane:194 - (OptionalMessage_ERROR) IP (DMA) : Parameter (FIFOMode) has Id (ADC1) currently not set
2023-05-04 02:26:47,294 [WARN] IP:2113 - I2C_Coeff_DF not found: check if there is a RefParameter without a condition.
2023-05-04 02:26:47,294 [WARN] IP:2113 - Analog_Filter not found: check if there is a RefParameter without a condition.
2023-05-04 02:26:47,294 [INFO] ImportTextPane:194 - (OptionalMessage_ERROR) IP (RCC) : Invalid parameter (48MHZClocksFreq_Value)
2023-05-04 02:26:47,294 [INFO] ImportTextPane:194 - (OptionalMessage_ERROR) IP (RCC) : Invalid parameter (EthernetFreq_Value)
2023-05-04 02:26:47,295 [INFO] ImportTextPane:194 - (OptionalMessage_ERROR) IP (RCC) : Parameter (FLatency) has Id (AdvancedSettings) currently not set
2023-05-04 02:26:47,295 [INFO] ImportTextPane:194 - (OptionalMessage_ERROR) IP (RCC) : Invalid parameter (FamilyName)
2023-05-04 02:26:47,295 [INFO] ImportTextPane:194 - (OptionalMessage_ERROR) IP (RCC) : Invalid parameter (I2SClocksFreq_Value)
2023-05-04 02:26:47,295 [INFO] ImportTextPane:194 - (OptionalMessage_ERROR) IP (RCC) : Parameter (MCO2PinFreq_Value) has invalid value (180000000)
2023-05-04 02:26:47,295 [INFO] ImportTextPane:194 - (OptionalMessage_ERROR) IP (RCC) : Parameter (SDIOFreq_Value) has invalid value (180000000)
2023-05-04 02:26:47,295 [INFO] ImportTextPane:194 - (OptionalMessage_ERROR) IP (RCC) : Parameter (USBFreq_Value) has invalid value (180000000)
2023-05-04 02:26:47,295 [INFO] ImportTextPane:194 - (OptionalMessage_ERROR) IP (RCC) : Invalid parameter (VCOInputMFreq_Value)
2023-05-04 02:26:47,296 [INFO] ImportTextPane:194 - (OptionalMessage_ERROR) IP (RCC) : Invalid parameter (VcooutputI2S)
2023-05-04 02:26:47,447 [INFO] UtilMem:75 - End LoadConfig() Used Memory: 799604240 Bytes (1073741824)
2023-05-04 02:26:47,460 [WARN] ThirdParty:833 - waiting for thirdparty lock release [change project]
2023-05-04 02:26:47,460 [INFO] ThirdParty:835 - entering critical section [change project]
2023-05-04 02:26:47,460 [INFO] ThirdParty:1030 - CMSIS Pack Vendor :STMicroelectronics X-CUBE-ISPU 1.1.0
2023-05-04 02:26:47,460 [INFO] ThirdParty:1030 - CMSIS Pack Vendor :RoweBots I-CUBE-UNISONRTOS 5.5.0-4
2023-05-04 02:26:47,460 [INFO] ThirdParty:1030 - CMSIS Pack Vendor :STMicroelectronics X-CUBE-GNSS1 6.0.0
2023-05-04 02:26:47,460 [INFO] ThirdParty:1030 - CMSIS Pack Vendor :STMicroelectronics X-CUBE-AZRTOS-H7 2.1.0
2023-05-04 02:26:47,460 [INFO] ThirdParty:1030 - CMSIS Pack Vendor :STMicroelectronics USB_HOST 2.0.0
2023-05-04 02:26:47,460 [INFO] ThirdParty:1030 - CMSIS Pack Vendor :STMicroelectronics X-CUBE-AZRTOS-F4 1.1.0
2023-05-04 02:26:47,460 [INFO] ThirdParty:1030 - CMSIS Pack Vendor :STMicroelectronics LIBJPEG 8.0.0
2023-05-04 02:26:47,460 [INFO] ThirdParty:1030 - CMSIS Pack Vendor :STMicroelectronics X-CUBE-SMBUS 2.1.0
2023-05-04 02:26:47,460 [INFO] ThirdParty:1030 - CMSIS Pack Vendor :STMicroelectronics USB_DEVICE 3.0.0
2023-05-04 02:26:47,460 [INFO] ThirdParty:1030 - CMSIS Pack Vendor :STMicroelectronics X-CUBE-AI 8.0.0
2023-05-04 02:26:47,461 [INFO] ThirdParty:1030 - CMSIS Pack Vendor :STMicroelectronics X-CUBE-FREERTOS 1.0.0
2023-05-04 02:26:47,461 [INFO] ThirdParty:1030 - CMSIS Pack Vendor :STMicroelectronics X-CUBE-FREERTOS 1.0.1
2023-05-04 02:26:47,461 [INFO] ThirdParty:1030 - CMSIS Pack Vendor :STMicroelectronics X-CUBE-TOUCHGFX 4.21.1
2023-05-04 02:26:47,461 [INFO] ThirdParty:1030 - CMSIS Pack Vendor :STMicroelectronics X-CUBE-TOUCHGFX 4.21.0
2023-05-04 02:26:47,461 [INFO] ThirdParty:1030 - CMSIS Pack Vendor :STMicroelectronics X-CUBE-TOUCHGFX 4.21.3
2023-05-04 02:26:47,461 [INFO] ThirdParty:1030 - CMSIS Pack Vendor :STMicroelectronics X-CUBE-BLEMGR 1.0.0
2023-05-04 02:26:47,461 [INFO] ThirdParty:1030 - CMSIS Pack Vendor :STMicroelectronics X-CUBE-MEMS1 9.2.0
2023-05-04 02:26:47,461 [INFO] ThirdParty:1030 - CMSIS Pack Vendor :STMicroelectronics X-CUBE-BLEMGR 1.2.0
2023-05-04 02:26:47,461 [INFO] ThirdParty:1030 - CMSIS Pack Vendor :STMicroelectronics X-CUBE-AZRTOS-F7 1.1.0
2023-05-04 02:26:47,461 [INFO] ThirdParty:1030 - CMSIS Pack Vendor :STMicroelectronics X-CUBE-MEMS1 9.4.0
2023-05-04 02:26:47,461 [INFO] ThirdParty:1030 - CMSIS Pack Vendor :STMicroelectronics USB_DEVICE 2.0.0
2023-05-04 02:26:47,461 [INFO] ThirdParty:1030 - CMSIS Pack Vendor :STMicroelectronics X-CUBE-MEMS1 9.6.0
2023-05-04 02:26:47,461 [INFO] ThirdParty:1030 - CMSIS Pack Vendor :STMicroelectronics X-CUBE-AI 7.3.0
2023-05-04 02:26:47,461 [INFO] ThirdParty:1030 - CMSIS Pack Vendor :STMicroelectronics X-CUBE-AI 7.1.0
2023-05-04 02:26:47,461 [INFO] ThirdParty:1030 - CMSIS Pack Vendor :STMicroelectronics X-CUBE-TOUCHGFX 4.19.1
2023-05-04 02:26:47,461 [INFO] ThirdParty:1030 - CMSIS Pack Vendor :STMicroelectronics X-CUBE-BLE1 6.2.3
2023-05-04 02:26:47,461 [INFO] ThirdParty:1030 - CMSIS Pack Vendor :STMicroelectronics X-CUBE-ALGOBUILD 1.3.0
2023-05-04 02:26:47,461 [INFO] ThirdParty:1030 - CMSIS Pack Vendor :STMicroelectronics X-CUBE-BLE1 6.2.4
2023-05-04 02:26:47,461 [INFO] ThirdParty:1030 - CMSIS Pack Vendor :STMicroelectronics X-CUBE-AZRTOS-L5 1.1.0
2023-05-04 02:26:47,461 [INFO] ThirdParty:1030 - CMSIS Pack Vendor :STMicroelectronics FreeRTOS 0.0.1
2023-05-04 02:26:47,461 [INFO] ThirdParty:1030 - CMSIS Pack Vendor :STMicroelectronics X-CUBE-AZRTOS-G0 1.1.0
2023-05-04 02:26:47,461 [INFO] ThirdParty:1030 - CMSIS Pack Vendor :STMicroelectronics X-CUBE-BLEMGR 2.0.0
2023-05-04 02:26:47,461 [INFO] ThirdParty:1030 - CMSIS Pack Vendor :STMicroelectronics X-CUBE-SUBG2 5.0.0
2023-05-04 02:26:47,461 [INFO] ThirdParty:1030 - CMSIS Pack Vendor :STMicroelectronics X-CUBE-NFC4 3.0.0
2023-05-04 02:26:47,461 [INFO] ThirdParty:1030 - CMSIS Pack Vendor :SEGGER I-CUBE-embOS 1.2.0
2023-05-04 02:26:47,461 [INFO] ThirdParty:1030 - CMSIS Pack Vendor :STMicroelectronics STM32_WPAN 1.0.0
2023-05-04 02:26:47,461 [INFO] ThirdParty:1030 - CMSIS Pack Vendor :STMicroelectronics lwIP 2.0.3
2023-05-04 02:26:47,461 [INFO] ThirdParty:1030 - CMSIS Pack Vendor :STMicroelectronics X-CUBE-NFC4 2.0.5
2023-05-04 02:26:47,461 [INFO] ThirdParty:1030 - CMSIS Pack Vendor :STMicroelectronics X-CUBE-NFC4 2.0.4
2023-05-04 02:26:47,461 [INFO] ThirdParty:1030 - CMSIS Pack Vendor :STMicroelectronics X-CUBE-BLE2 3.2.2
2023-05-04 02:26:47,461 [INFO] ThirdParty:1030 - CMSIS Pack Vendor :STMicroelectronics USB_HOST 1.0.0
2023-05-04 02:26:47,461 [INFO] ThirdParty:1030 - CMSIS Pack Vendor :STMicroelectronics X-CUBE-AZRTOS-G4 2.0.0
2023-05-04 02:26:47,461 [INFO] ThirdParty:1030 - CMSIS Pack Vendor :STMicroelectronics PDM2PCM 3.1.0
2023-05-04 02:26:47,461 [INFO] ThirdParty:1030 - CMSIS Pack Vendor :STMicroelectronics X-CUBE-AZRTOS-H7 3.1.0
2023-05-04 02:26:47,461 [INFO] ThirdParty:1030 - CMSIS Pack Vendor :STMicroelectronics X-CUBE-TOF1 3.3.0
2023-05-04 02:26:47,461 [INFO] ThirdParty:1030 - CMSIS Pack Vendor :STMicroelectronics FP-ATR-ASTRA1 1.1.1
2023-05-04 02:26:47,461 [INFO] ThirdParty:1030 - CMSIS Pack Vendor :STMicroelectronics PDM2PCM 3.3.0
2023-05-04 02:26:47,461 [INFO] ThirdParty:1030 - CMSIS Pack Vendor :STMicroelectronics X-CUBE-TOF1 3.1.0
2023-05-04 02:26:47,461 [INFO] ThirdParty:1030 - CMSIS Pack Vendor :STMicroelectronics X-CUBE-SFXS2LP1 3.1.0
2023-05-04 02:26:47,461 [INFO] ThirdParty:1030 - CMSIS Pack Vendor :STMicroelectronics FP-ATR-ASTRA1 1.1.0
2023-05-04 02:26:47,461 [INFO] ThirdParty:1030 - CMSIS Pack Vendor :STMicroelectronics X-CUBE-DISPLAY 3.0.0
2023-05-04 02:26:47,461 [INFO] ThirdParty:1030 - CMSIS Pack Vendor :STMicroelectronics X-CUBE-BLEMGR 1.3.0
2023-05-04 02:26:47,461 [INFO] ThirdParty:1030 - CMSIS Pack Vendor :STMicroelectronics X-CUBE-AZRTOS-F4 1.0.0
2023-05-04 02:26:47,461 [INFO] ThirdParty:1030 - CMSIS Pack Vendor :STMicroelectronics X-CUBE-AZRTOS-G4 1.0.0
2023-05-04 02:26:47,461 [INFO] ThirdParty:1030 - CMSIS Pack Vendor :STMicroelectronics FP-ATR-SIGFOX1 3.2.0
2023-05-04 02:26:47,461 [INFO] ThirdParty:1030 - CMSIS Pack Vendor :wolfSSL I-CUBE-wolfSSL 5.3.0
2023-05-04 02:26:47,461 [INFO] ThirdParty:1030 - CMSIS Pack Vendor :STMicroelectronics X-CUBE-AZRTOS-L4 1.0.0
2023-05-04 02:26:47,461 [INFO] ThirdParty:1030 - CMSIS Pack Vendor :STMicroelectronics HAL Drivers 0.0.0
2023-05-04 02:26:47,461 [INFO] ThirdParty:1030 - CMSIS Pack Vendor :STMicroelectronics MBEDTLS 2.16.2
2023-05-04 02:26:47,461 [INFO] ThirdParty:1030 - CMSIS Pack Vendor :emotas I-CUBE-CANOPEN 1.1.2
2023-05-04 02:26:47,461 [INFO] ThirdParty:1030 - CMSIS Pack Vendor :STMicroelectronics X-CUBE-TOUCHGFX 4.20.0
2023-05-04 02:26:47,461 [INFO] ThirdParty:1030 - CMSIS Pack Vendor :STMicroelectronics MBEDTLS 2.14.1
2023-05-04 02:26:47,461 [INFO] ThirdParty:1030 - CMSIS Pack Vendor :STMicroelectronics X-CUBE-NFC7 1.0.0
2023-05-04 02:26:47,461 [INFO] ThirdParty:1030 - CMSIS Pack Vendor :STMicroelectronics X-CUBE-AZRTOS-F7 1.0.0
2023-05-04 02:26:47,461 [INFO] ThirdParty:1030 - CMSIS Pack Vendor :STMicroelectronics X-CUBE-AZRTOS-WL 1.0.0
2023-05-04 02:26:47,461 [INFO] ThirdParty:1030 - CMSIS Pack Vendor :STMicroelectronics X-CUBE-MEMS1 9.3.0
2023-05-04 02:26:47,461 [INFO] ThirdParty:1030 - CMSIS Pack Vendor :STMicroelectronics X-CUBE-EEPRMA1 4.1.0
2023-05-04 02:26:47,462 [INFO] ThirdParty:1030 - CMSIS Pack Vendor :portGmbH I-Cube-SoM-uGOAL 1.1.0
2023-05-04 02:26:47,462 [INFO] ThirdParty:1030 - CMSIS Pack Vendor :STMicroelectronics X-CUBE-ALS 1.0.1
2023-05-04 02:26:47,462 [INFO] ThirdParty:1030 - CMSIS Pack Vendor :STMicroelectronics X-CUBE-AI 7.2.0
2023-05-04 02:26:47,462 [INFO] ThirdParty:1030 - CMSIS Pack Vendor :STMicroelectronics X-CUBE-MEMS1 9.5.0
2023-05-04 02:26:47,462 [INFO] ThirdParty:1030 - CMSIS Pack Vendor :STMicroelectronics ThreadX 1.0.0
2023-05-04 02:26:47,462 [INFO] ThirdParty:1030 - CMSIS Pack Vendor :STMicroelectronics X-CUBE-AZRTOS-WB 1.1.0
2023-05-04 02:26:47,462 [INFO] ThirdParty:1030 - CMSIS Pack Vendor :SEGGER I-CUBE-embOS 1.3.1
2023-05-04 02:26:47,462 [INFO] ThirdParty:1030 - CMSIS Pack Vendor :STMicroelectronics X-CUBE-AZRTOS-L5 1.0.0
2023-05-04 02:26:47,462 [INFO] ThirdParty:1030 - CMSIS Pack Vendor :STMicroelectronics USB_DEVICE 1.0.0
2023-05-04 02:26:47,462 [INFO] ThirdParty:1030 - CMSIS Pack Vendor :STMicroelectronics X-CUBE-AZRTOS-G0 1.0.0
2023-05-04 02:26:47,462 [INFO] ThirdParty:1030 - CMSIS Pack Vendor :STMicroelectronics X-CUBE-EEPRMA1 3.1.1
2023-05-04 02:26:47,462 [INFO] ThirdParty:1030 - CMSIS Pack Vendor :STMicroelectronics X-CUBE-GNSS1 5.2.0
2023-05-04 02:26:47,462 [INFO] ThirdParty:1030 - CMSIS Pack Vendor :STMicroelectronics ThreadX 0.0.2
2023-05-04 02:26:47,462 [INFO] ThirdParty:1030 - CMSIS Pack Vendor :WES I-CUBE-Cesium 1.3.0
2023-05-04 02:26:47,462 [INFO] ThirdParty:1030 - CMSIS Pack Vendor :STMicroelectronics FP-ATR-ASTRA1 2.0.0
2023-05-04 02:26:47,462 [INFO] ThirdParty:1030 - CMSIS Pack Vendor :STMicroelectronics lwIP 2.1.2
2023-05-04 02:26:47,462 [INFO] ThirdParty:1030 - CMSIS Pack Vendor :STMicroelectronics X-CUBE-SFXS2LP1 4.0.0
2023-05-04 02:26:47,462 [INFO] ThirdParty:1030 - CMSIS Pack Vendor :STMicroelectronics X-CUBE-BLE2 3.3.0
2023-05-04 02:26:47,462 [INFO] ThirdParty:1030 - CMSIS Pack Vendor :STMicroelectronics X-CUBE-DISPLAY 2.2.0
2023-05-04 02:26:47,462 [INFO] ThirdParty:1030 - CMSIS Pack Vendor :STMicroelectronics X-CUBE-TOF1 3.2.0
2023-05-04 02:26:47,462 [INFO] ThirdParty:1030 - CMSIS Pack Vendor :STMicroelectronics PDM2PCM 3.2.0
2023-05-04 02:26:47,462 [INFO] ThirdParty:1030 - CMSIS Pack Vendor :STMicroelectronics X-CUBE-AZRTOS-H7 3.0.0
2023-05-04 02:26:47,462 [INFO] ThirdParty:1030 - CMSIS Pack Vendor :STMicroelectronics X-CUBE-TOF1 3.0.0
2023-05-04 02:26:47,462 [INFO] ThirdParty:1030 - CMSIS Pack Vendor :STMicroelectronics X-CUBE-ISPU 1.0.0
2023-05-04 02:26:47,462 [INFO] ThirdParty:841 - exiting critical section [change project]
2023-05-04 02:26:47,542 [INFO] PinOutPanel:1499 - setPackage(No Configuration,No Configuration)
2023-05-04 02:26:47,542 [INFO] PinOutPanel:1499 - setPackage(STM32F446RETx,LQFP64)
2023-05-04 02:26:47,760 [INFO] UtilMem:75 - Before build in PCC Used Memory: 856769792 Bytes (1073741824)
2023-05-04 02:26:47,900 [INFO] UtilMem:75 - After build in PCC Used Memory: 906052864 Bytes (1073741824)
2023-05-04 02:26:47,906 [INFO] ApiDbMcu:507 - Load IP Config File for FATFS
2023-05-04 02:26:47,919 [INFO] IPUIPlugin:80 - create IPUIPlugin
2023-05-04 02:26:47,919 [INFO] IPUIPlugin:80 - create IPUIPlugin
2023-05-04 02:26:47,919 [INFO] IPUIPlugin:80 - create IPUIPlugin
2023-05-04 02:26:47,919 [INFO] IPUIPlugin:80 - create IPUIPlugin
2023-05-04 02:26:47,919 [INFO] IPUIPlugin:80 - create IPUIPlugin
2023-05-04 02:26:47,919 [INFO] IPUIPlugin:80 - create IPUIPlugin
2023-05-04 02:26:47,919 [INFO] IPUIPlugin:80 - create IPUIPlugin
2023-05-04 02:26:47,919 [INFO] IPUIPlugin:80 - create IPUIPlugin
2023-05-04 02:26:47,919 [INFO] IPUIPlugin:80 - create IPUIPlugin
2023-05-04 02:26:47,919 [INFO] IPUIPlugin:80 - create IPUIPlugin
2023-05-04 02:26:47,919 [INFO] IPUIPlugin:80 - create IPUIPlugin
2023-05-04 02:26:47,919 [INFO] IPUIPlugin:80 - create IPUIPlugin
2023-05-04 02:26:47,919 [INFO] IPUIPlugin:80 - create IPUIPlugin
2023-05-04 02:26:47,919 [INFO] IPUIPlugin:80 - create IPUIPlugin
2023-05-04 02:26:47,919 [INFO] IPUIPlugin:80 - create IPUIPlugin
2023-05-04 02:26:47,919 [INFO] IPUIPlugin:80 - create IPUIPlugin
2023-05-04 02:26:47,919 [INFO] IPUIPlugin:80 - create IPUIPlugin
2023-05-04 02:26:47,919 [INFO] IPUIPlugin:80 - create IPUIPlugin
2023-05-04 02:26:47,920 [INFO] IPUIPlugin:80 - create IPUIPlugin
2023-05-04 02:26:47,920 [INFO] IPUIPlugin:80 - create IPUIPlugin
2023-05-04 02:26:47,920 [INFO] IPUIPlugin:80 - create IPUIPlugin
2023-05-04 02:26:47,920 [INFO] IPUIPlugin:80 - create IPUIPlugin
2023-05-04 02:26:47,920 [INFO] IPUIPlugin:80 - create IPUIPlugin
2023-05-04 02:26:47,920 [INFO] IPUIPlugin:80 - create IPUIPlugin
2023-05-04 02:26:47,920 [INFO] IPUIPlugin:80 - create IPUIPlugin
2023-05-04 02:26:47,921 [INFO] IPUIPlugin:80 - create IPUIPlugin
2023-05-04 02:26:47,921 [INFO] IPUIPlugin:80 - create IPUIPlugin
2023-05-04 02:26:47,921 [INFO] IPUIPlugin:80 - create IPUIPlugin
2023-05-04 02:26:47,921 [INFO] IPUIPlugin:80 - create IPUIPlugin
2023-05-04 02:26:47,921 [INFO] IPUIPlugin:80 - create IPUIPlugin
2023-05-04 02:26:47,921 [INFO] IPUIPlugin:80 - create IPUIPlugin
2023-05-04 02:26:47,922 [INFO] IPUIPlugin:80 - create IPUIPlugin
2023-05-04 02:26:47,922 [INFO] IPUIPlugin:80 - create IPUIPlugin
2023-05-04 02:26:47,922 [INFO] IPUIPlugin:80 - create IPUIPlugin
2023-05-04 02:26:47,922 [INFO] IPUIPlugin:80 - create IPUIPlugin
2023-05-04 02:26:47,922 [INFO] IPUIPlugin:80 - create IPUIPlugin
2023-05-04 02:26:47,922 [INFO] IPUIPlugin:80 - create IPUIPlugin
2023-05-04 02:26:47,923 [INFO] IPUIPlugin:80 - create IPUIPlugin
2023-05-04 02:26:47,923 [INFO] IPUIPlugin:80 - create IPUIPlugin
2023-05-04 02:26:47,923 [INFO] IPUIPlugin:80 - create IPUIPlugin
2023-05-04 02:26:47,923 [INFO] IPUIPlugin:80 - create IPUIPlugin
2023-05-04 02:26:47,923 [INFO] IPUIPlugin:80 - create IPUIPlugin
2023-05-04 02:26:47,924 [INFO] IPUIPlugin:80 - create IPUIPlugin
2023-05-04 02:26:47,924 [INFO] IPUIPlugin:80 - create IPUIPlugin
2023-05-04 02:26:47,924 [INFO] IPUIPlugin:80 - create IPUIPlugin
2023-05-04 02:26:47,924 [INFO] IPUIPlugin:80 - create IPUIPlugin
2023-05-04 02:26:47,925 [INFO] IPUIPlugin:80 - create IPUIPlugin
2023-05-04 02:26:47,925 [INFO] IPUIPlugin:80 - create IPUIPlugin
2023-05-04 02:26:47,925 [INFO] IPUIPlugin:80 - create IPUIPlugin
2023-05-04 02:26:47,925 [INFO] IPUIPlugin:80 - create IPUIPlugin
2023-05-04 02:26:47,925 [INFO] IPUIPlugin:80 - create IPUIPlugin
2023-05-04 02:26:47,926 [INFO] IPUIPlugin:80 - create IPUIPlugin
2023-05-04 02:26:47,926 [INFO] IPUIPlugin:80 - create IPUIPlugin
2023-05-04 02:26:47,926 [INFO] IPUIPlugin:80 - create IPUIPlugin
2023-05-04 02:26:47,926 [INFO] IPUIPlugin:80 - create IPUIPlugin
2023-05-04 02:26:47,926 [INFO] IPUIPlugin:80 - create IPUIPlugin
2023-05-04 02:26:47,926 [INFO] IPUIPlugin:80 - create IPUIPlugin
2023-05-04 02:26:47,928 [INFO] IPUIPlugin:80 - create IPUIPlugin
2023-05-04 02:26:47,928 [INFO] IPUIPlugin:80 - create IPUIPlugin
2023-05-04 02:26:47,928 [INFO] IPUIPlugin:80 - create IPUIPlugin
2023-05-04 02:26:47,936 [INFO] ApiDbMcu:507 - Load IP Config File for PDM2PCM
2023-05-04 02:26:47,936 [WARN] IP:2113 - I2C_Coeff_DF not found: check if there is a RefParameter without a condition.
2023-05-04 02:26:47,938 [WARN] IP:2113 - Analog_Filter not found: check if there is a RefParameter without a condition.
2023-05-04 02:26:47,980 [INFO] CADModel:165 - CPN selected for project levelSTM32F446RET6
2023-05-04 02:26:47,980 [INFO] CADModel:114 - Register for checkConnection events
2023-05-04 02:26:48,031 [INFO] OpenFileManager:328 - Restore cursor
2023-05-04 02:26:48,290 [WARN] IP:2113 - I2C_Coeff_DF not found: check if there is a RefParameter without a condition.
2023-05-04 02:26:48,290 [WARN] IP:2113 - Analog_Filter not found: check if there is a RefParameter without a condition.
2023-05-04 02:26:48,290 [WARN] IP:2113 - I2C_Coeff_DF not found: check if there is a RefParameter without a condition.
2023-05-04 02:26:48,290 [WARN] IP:2113 - Analog_Filter not found: check if there is a RefParameter without a condition.
