2023-06-17 16:43:23,697 [INFO] LogOutputStream:77 - [STDOUT_REDIRECT] 
2023-06-17 16:43:25,134 [INFO] ProjectBuilder:4505 - Time for Generating toolchain IDE Files: 2745mS.
2023-06-17 16:43:25,135 [INFO] ProjectBuilder:2867 - Time for Copy CMSIS : 0mS.
2023-06-17 16:43:25,137 [INFO] ProjectBuilder:2867 - Time for Copy CMSIS : 0mS.
2023-06-17 16:43:50,821 [INFO] UtilMem:75 - End SaveConfig() Used Memory: 665693072 Bytes (854589440)
2023-06-17 16:43:51,875 [INFO] UtilMem:75 - End SaveConfig() Used Memory: 541520368 Bytes (854589440)
2023-06-17 16:43:52,981 [INFO] UtilMem:75 - End SaveConfig() Used Memory: 607580656 Bytes (854589440)
2023-06-17 16:43:53,172 [INFO] BlockDiagram:2759 - set Specific Code input for plugin: SPI
2023-06-17 16:43:53,172 [INFO] BlockDiagram:2759 - set Specific Code input for plugin: SPI
2023-06-17 16:43:53,172 [INFO] BlockDiagram:2759 - set Specific Code input for plugin: TIM6_7
2023-06-17 16:43:53,172 [INFO] BlockDiagram:2759 - set Specific Code input for plugin: TIM1_8
2023-06-17 16:43:53,172 [INFO] BlockDiagram:2759 - set Specific Code input for plugin: TIM1_8
2023-06-17 16:43:53,172 [INFO] BlockDiagram:2759 - set Specific Code input for plugin: SYS
2023-06-17 16:43:53,172 [INFO] BlockDiagram:2759 - set Specific Code input for plugin: ADC
2023-06-17 16:43:53,172 [INFO] BlockDiagram:2759 - set Specific Code input for plugin: RCC
2023-06-17 16:43:53,172 [INFO] BlockDiagram:2759 - set Specific Code input for plugin: NVIC
2023-06-17 16:43:53,172 [INFO] BlockDiagram:2759 - set Specific Code input for plugin: TIM1_8
2023-06-17 16:43:53,172 [INFO] BlockDiagram:2759 - set Specific Code input for plugin: DMA
2023-06-17 16:43:53,172 [INFO] BlockDiagram:2759 - set Specific Code input for plugin: TIM1_8
2023-06-17 16:43:53,172 [INFO] BlockDiagram:2759 - set Specific Code input for plugin: GPIO
2023-06-17 16:43:53,173 [INFO] CodeGenerator:793 - code generatio: config db path: C:\ST\STM32CubeIDE_1.11.0\STM32CubeIDE\plugins\com.st.stm32cube.common.mx_6.8.0.202302231600\\db\
2023-06-17 16:43:53,185 [INFO] Argument:319 - Argument : hdmavalue: null
2023-06-17 16:43:53,185 [INFO] Argument:321 - 	 sub Args: 
2023-06-17 16:43:53,185 [INFO] Argument:319 - Argument : Instancevalue: DMA2_Stream0
2023-06-17 16:43:53,185 [INFO] Argument:329 - Argument : Instancevalue: DMA2_Stream0
2023-06-17 16:43:53,185 [INFO] Argument:319 - Argument : Initvalue: null
2023-06-17 16:43:53,185 [INFO] Argument:321 - 	 sub Args: 
2023-06-17 16:43:53,185 [INFO] Argument:319 - Argument : Channelvalue: DMA_CHANNEL_0
2023-06-17 16:43:53,185 [INFO] Argument:329 - Argument : Channelvalue: DMA_CHANNEL_0
2023-06-17 16:43:53,185 [INFO] Argument:319 - Argument : Directionvalue: DMA_PERIPH_TO_MEMORY
2023-06-17 16:43:53,185 [INFO] Argument:329 - Argument : Directionvalue: DMA_PERIPH_TO_MEMORY
2023-06-17 16:43:53,185 [INFO] Argument:319 - Argument : PeriphIncvalue: DMA_PINC_DISABLE
2023-06-17 16:43:53,185 [INFO] Argument:329 - Argument : PeriphIncvalue: DMA_PINC_DISABLE
2023-06-17 16:43:53,185 [INFO] Argument:319 - Argument : MemIncvalue: DMA_MINC_ENABLE
2023-06-17 16:43:53,185 [INFO] Argument:329 - Argument : MemIncvalue: DMA_MINC_ENABLE
2023-06-17 16:43:53,185 [INFO] Argument:319 - Argument : PeriphDataAlignmentvalue: DMA_PDATAALIGN_HALFWORD
2023-06-17 16:43:53,185 [INFO] Argument:329 - Argument : PeriphDataAlignmentvalue: DMA_PDATAALIGN_HALFWORD
2023-06-17 16:43:53,185 [INFO] Argument:319 - Argument : MemDataAlignmentvalue: DMA_MDATAALIGN_HALFWORD
2023-06-17 16:43:53,185 [INFO] Argument:329 - Argument : MemDataAlignmentvalue: DMA_MDATAALIGN_HALFWORD
2023-06-17 16:43:53,185 [INFO] Argument:319 - Argument : Modevalue: DMA_NORMAL
2023-06-17 16:43:53,185 [INFO] Argument:329 - Argument : Modevalue: DMA_NORMAL
2023-06-17 16:43:53,185 [INFO] Argument:319 - Argument : Priorityvalue: DMA_PRIORITY_LOW
2023-06-17 16:43:53,185 [INFO] Argument:329 - Argument : Priorityvalue: DMA_PRIORITY_LOW
2023-06-17 16:43:53,186 [INFO] Argument:319 - Argument : FIFOModevalue: DMA_FIFOMODE_DISABLE
2023-06-17 16:43:53,186 [INFO] Argument:329 - Argument : FIFOModevalue: DMA_FIFOMODE_DISABLE
2023-06-17 16:43:53,186 [INFO] Argument:319 - Argument : FIFOThresholdvalue: null
2023-06-17 16:43:53,186 [INFO] Argument:329 - Argument : FIFOThresholdvalue: null
2023-06-17 16:43:53,186 [INFO] Argument:319 - Argument : MemBurstvalue: null
2023-06-17 16:43:53,186 [INFO] Argument:329 - Argument : MemBurstvalue: null
2023-06-17 16:43:53,186 [INFO] Argument:319 - Argument : PeriphBurstvalue: null
2023-06-17 16:43:53,186 [INFO] Argument:329 - Argument : PeriphBurstvalue: null
2023-06-17 16:43:53,186 [INFO] Argument:319 - Argument : Lockvalue: null
2023-06-17 16:43:53,186 [INFO] Argument:329 - Argument : Lockvalue: null
2023-06-17 16:43:53,186 [INFO] Argument:319 - Argument : Statevalue: null
2023-06-17 16:43:53,186 [INFO] Argument:329 - Argument : Statevalue: null
2023-06-17 16:43:53,186 [INFO] Argument:319 - Argument : Parentvalue: null
2023-06-17 16:43:53,186 [INFO] Argument:329 - Argument : Parentvalue: null
2023-06-17 16:43:53,186 [INFO] Argument:319 - Argument : XferCpltCallbackvalue: null
2023-06-17 16:43:53,186 [INFO] Argument:329 - Argument : XferCpltCallbackvalue: null
2023-06-17 16:43:53,186 [INFO] Argument:319 - Argument : XferHalfCpltCallbackvalue: null
2023-06-17 16:43:53,186 [INFO] Argument:329 - Argument : XferHalfCpltCallbackvalue: null
2023-06-17 16:43:53,186 [INFO] Argument:319 - Argument : XferM1CpltCallbackvalue: null
2023-06-17 16:43:53,186 [INFO] Argument:329 - Argument : XferM1CpltCallbackvalue: null
2023-06-17 16:43:53,186 [INFO] Argument:319 - Argument : XferErrorCallbackvalue: null
2023-06-17 16:43:53,186 [INFO] Argument:329 - Argument : XferErrorCallbackvalue: null
2023-06-17 16:43:53,186 [INFO] Argument:319 - Argument : ErrorCodevalue: null
2023-06-17 16:43:53,186 [INFO] Argument:329 - Argument : ErrorCodevalue: null
2023-06-17 16:43:53,344 [INFO] CodeEngine:255 - oldGeneratedFile, D:\robotrace_v2\robotrace_v2\MXTmpFiles\license.tmp_save
2023-06-17 16:43:53,412 [INFO] CodeEngine:279 - Generated code: D:\robotrace_v2\robotrace_v2\MXTmpFiles\license.tmp
2023-06-17 16:43:53,434 [INFO] CodeEngine:255 - oldGeneratedFile, D:\robotrace_v2\robotrace_v2\MXTmpFiles\gpio.tmp_save
2023-06-17 16:43:53,497 [INFO] CodeEngine:279 - Generated code: D:\robotrace_v2\robotrace_v2\MXTmpFiles\gpio.tmp
2023-06-17 16:43:53,835 [INFO] CodeEngine:255 - oldGeneratedFile, D:\robotrace_v2\robotrace_v2\MXTmpFiles\dma.tmp_save
2023-06-17 16:43:53,942 [INFO] CodeEngine:279 - Generated code: D:\robotrace_v2\robotrace_v2\MXTmpFiles\dma.tmp
2023-06-17 16:43:53,945 [INFO] CodeEngine:255 - oldGeneratedFile, D:\robotrace_v2\robotrace_v2\MXTmpFiles\dma_GV.tmp_save
2023-06-17 16:43:54,010 [INFO] CodeEngine:279 - Generated code: D:\robotrace_v2\robotrace_v2\MXTmpFiles\dma_GV.tmp
2023-06-17 16:43:54,027 [INFO] CodeEngine:255 - oldGeneratedFile, D:\robotrace_v2\robotrace_v2\Core\Src\stm32f4xx_it.c_save
2023-06-17 16:43:54,090 [INFO] CodeEngine:279 - Generated code: D:\robotrace_v2\robotrace_v2\Core\Src\stm32f4xx_it.c
2023-06-17 16:43:54,102 [INFO] CodeEngine:255 - oldGeneratedFile, D:\robotrace_v2\robotrace_v2\Core\Inc\stm32f4xx_it.h_save
2023-06-17 16:43:54,143 [INFO] CodeEngine:279 - Generated code: D:\robotrace_v2\robotrace_v2\Core\Inc\stm32f4xx_it.h
2023-06-17 16:43:54,154 [INFO] CodeEngine:255 - oldGeneratedFile, D:\robotrace_v2\robotrace_v2\Core\Src\stm32f4xx_hal_msp.c_save
2023-06-17 16:43:54,258 [INFO] CodeEngine:279 - Generated code: D:\robotrace_v2\robotrace_v2\Core\Src\stm32f4xx_hal_msp.c
2023-06-17 16:43:54,267 [INFO] CodeEngine:255 - oldGeneratedFile, D:\robotrace_v2\robotrace_v2\MXTmpFiles\system.tmp_save
2023-06-17 16:43:54,308 [INFO] CodeEngine:279 - Generated code: D:\robotrace_v2\robotrace_v2\MXTmpFiles\system.tmp
2023-06-17 16:43:54,317 [INFO] CodeEngine:311 - oldGeneratedFile, D:\robotrace_v2\robotrace_v2\Core\Inc\stm32f4xx_hal_conf.h_save
2023-06-17 16:43:54,382 [INFO] CodeEngine:335 - Generated code: D:\robotrace_v2\robotrace_v2\Core\Inc\stm32f4xx_hal_conf.h
2023-06-17 16:43:54,403 [WARN] IPConfigManager:2937 - Warning: the RefConfig PLL2P_FOR_MCO is not available in your config.xml file
2023-06-17 16:43:54,405 [WARN] IPConfigManager:3431 - IP not found : TIM
2023-06-17 16:43:54,406 [WARN] CodeGenerator:3754 - IP not found : null
2023-06-17 16:43:54,414 [INFO] CodeEngine:255 - oldGeneratedFile, D:\robotrace_v2\robotrace_v2\Core\Inc\main.h_save
2023-06-17 16:43:54,469 [INFO] CodeEngine:279 - Generated code: D:\robotrace_v2\robotrace_v2\Core\Inc\main.h
2023-06-17 16:43:54,477 [INFO] CodeEngine:255 - oldGeneratedFile, D:\robotrace_v2\robotrace_v2\Core\Src\main.c_save
2023-06-17 16:43:54,585 [INFO] CodeEngine:279 - Generated code: D:\robotrace_v2\robotrace_v2\Core\Src\main.c
2023-06-17 16:43:55,040 [INFO] ProjectBuilder:2996 - Time for Copy HAL[1] : 89mS.
2023-06-17 16:43:55,042 [INFO] ProjectBuilder:4304 - Project Generator version: 3.19.2
2023-06-17 16:43:55,238 [INFO] ConfigFileManager:1483 - The Die is : DIE421
2023-06-17 16:43:56,324 [INFO] ProjectBuilder:4505 - Time for Generating toolchain IDE Files: 1282mS.
2023-06-17 16:43:56,325 [INFO] ProjectBuilder:2867 - Time for Copy CMSIS : 1mS.
2023-06-17 16:43:56,327 [INFO] ProjectBuilder:2867 - Time for Copy CMSIS : 0mS.
2023-06-17 16:45:05,490 [WARN] IP:2113 - I2C_Coeff_DF not found: check if there is a RefParameter without a condition.
2023-06-17 16:45:05,490 [WARN] IP:2113 - Analog_Filter not found: check if there is a RefParameter without a condition.
2023-06-17 16:45:05,490 [WARN] IP:2113 - I2C_Coeff_DF not found: check if there is a RefParameter without a condition.
2023-06-17 16:45:05,490 [WARN] IP:2113 - Analog_Filter not found: check if there is a RefParameter without a condition.
2023-06-17 16:45:05,540 [WARN] IP:2113 - I2C_Coeff_DF not found: check if there is a RefParameter without a condition.
2023-06-17 16:45:05,540 [WARN] IP:2113 - Analog_Filter not found: check if there is a RefParameter without a condition.
